 eh             -200   200
NTG01A0001_001 0.000 0.000
NTG+1A0001_002 0.000 0.000
ASP01A0002_001 0.839 0.835
ASP01A0002_002 0.839 0.835
ASP01A0002_003 0.839 0.835
ASP01A0002_004 0.839 0.835
ASP02A0002_005 0.839 0.835
ASP02A0002_006 0.839 0.835
ASP02A0002_007 0.839 0.835
ASP-1A0002_008 0.408 0.408
ASP-1A0002_009 0.408 0.408
VAL01A0003_001 0.316 0.313
VAL01A0003_002 0.316 0.313
GLU01A0004_001 0.739 0.729
GLU01A0004_002 0.739 0.729
GLU02A0004_003 0.739 0.729
GLU02A0004_004 0.739 0.729
GLU-1A0004_005 0.000 0.000
LYS01A0005_001 0.000 0.000
LYS+1A0005_002 0.000 0.000
LYS01A0007_001 0.000 0.000
LYS+1A0007_002 0.000 0.000
LYS01A0008_001 0.000 0.000
LYS+1A0008_002 0.000 0.000
ILE01A0009_001 0.558 0.560
ILE01A0009_002 0.558 0.560
ILE01A0009_003 0.558 0.560
ILE01A0009_004 0.558 0.560
PHE01A0010_001 0.061 0.066
PHE01A0010_002 0.061 0.066
ILE01A0011_001 0.000 0.000
MET01A0012_001 0.387 0.390
MET01A0012_002 0.387 0.390
LYS01A0013_001 0.000 0.000
LYS+1A0013_002 0.000 0.000
CYS01A0014_001 0.545 0.573
CYS01A0014_002 0.545 0.573
CYS01A0014_003 0.545 0.573
CYS-1A0014_004 0.000 0.000
SER01A0015_001 0.411 0.402
SER01A0015_002 0.411 0.402
GLN01A0016_001 0.409 0.410
GLN01A0016_002 0.409 0.410
CYS01A0017_001 0.494 0.382
CYS01A0017_002 0.494 0.382
CYS01A0017_003 0.494 0.382
CYS-1A0017_004 0.000 0.000
HIS01A0018_001 0.000 0.000
HIS01A0018_002 0.000 0.000
HIS02A0018_003 0.000 0.000
HIS+1A0018_004 0.000 0.000
HIS+1A0018_005 0.000 0.000
HIS+1A0018_006 0.000 0.000
THR01A0019_001 0.380 0.383
THR01A0019_002 0.380 0.383
THR01A0019_003 0.380 0.383
THR01A0019_004 0.380 0.383
THR01A0019_005 0.380 0.383
THR01A0019_006 0.380 0.383
VAL01A0020_001 0.603 0.600
VAL01A0020_002 0.603 0.600
VAL01A0020_003 0.603 0.600
GLU01A0021_001 0.800 0.804
GLU01A0021_002 0.800 0.804
GLU02A0021_003 0.800 0.804
GLU02A0021_004 0.800 0.804
GLU-1A0021_005 0.000 0.000
LYS01A0022_001 0.000 0.000
LYS+1A0022_002 0.000 0.000
LYS01A0025_001 0.000 0.000
LYS01A0025_002 0.000 0.000
LYS+1A0025_003 0.000 0.000
HIS01A0026_001 0.000 0.000
HIS01A0026_002 0.000 0.000
HIS01A0026_003 0.000 0.000
HIS02A0026_004 0.000 0.000
HIS02A0026_005 0.000 0.000
HIS02A0026_006 0.000 0.000
HIS+1A0026_007 0.150 0.151
HIS+1A0026_008 0.150 0.151
HIS+1A0026_009 0.150 0.151
LYS01A0027_001 0.000 0.000
LYS+1A0027_002 0.000 0.000
THR01A0028_001 0.228 0.218
THR01A0028_002 0.228 0.218
PRO01A0030_001 0.000 0.000
ASN01A0031_001 0.000 0.000
LEU01A0032_001 0.581 0.575
LEU01A0032_002 0.581 0.575
LEU01A0032_003 0.581 0.575
HIS01A0033_001 0.000 0.000
HIS01A0033_002 0.000 0.000
HIS02A0033_003 0.000 0.000
HIS02A0033_004 0.000 0.000
HIS+1A0033_005 0.223 0.224
HIS+1A0033_006 0.223 0.224
LEU01A0035_001 0.450 0.450
LEU01A0035_002 0.450 0.450
LEU01A0035_003 0.450 0.450
LEU01A0035_004 0.450 0.450
PHE01A0036_001 0.000 0.000
ARG01A0038_001 0.000 0.000
ARG01A0038_002 0.000 0.000
ARG02A0038_003 0.000 0.000
ARG03A0038_004 0.000 0.000
ARG03A0038_005 0.000 0.000
ARG+1A0038_006 0.000 0.000
LYS01A0039_001 0.000 0.000
LYS01A0039_002 0.000 0.000
LYS+1A0039_003 0.391 0.393
LYS+1A0039_004 0.391 0.393
THR01A0040_001 0.193 0.204
THR01A0040_002 0.193 0.204
THR01A0040_003 0.193 0.204
THR01A0040_004 0.193 0.204
GLN01A0042_001 0.485 0.478
GLN01A0042_002 0.485 0.478
GLN01A0042_003 0.485 0.478
ALA01A0043_001 0.000 0.000
PRO01A0044_001 0.000 0.000
TYR01A0046_001 0.000 0.000
TYR-1A0046_002 0.000 0.000
SER01A0047_001 0.000 0.000
TYR01A0048_001 0.402 0.406
TYR01A0048_002 0.402 0.406
TYR-1A0048_003 0.000 0.000
THR01A0049_001 0.300 0.033
THR01A0049_002 0.300 0.033
ALA01A0050_001 0.000 0.000
ALA01A0051_001 0.000 0.000
ASN01A0052_001 0.000 0.000
LYS01A0053_001 0.000 0.000
LYS+1A0053_002 0.000 0.000
ASN01A0054_001 0.399 0.397
ASN01A0054_002 0.399 0.397
LYS01A0055_001 0.000 0.000
LYS01A0055_002 0.000 0.000
LYS+1A0055_003 0.407 0.407
LYS+1A0055_004 0.407 0.407
ILE01A0057_001 0.476 0.481
ILE01A0057_002 0.476 0.481
ILE01A0057_003 0.476 0.481
ILE01A0058_001 0.589 0.588
ILE01A0058_002 0.589 0.588
ILE01A0058_003 0.589 0.588
TRP01A0059_001 0.000 0.000
GLU01A0061_001 0.424 0.407
GLU01A0061_002 0.424 0.407
GLU02A0061_003 0.424 0.407
GLU02A0061_004 0.424 0.407
GLU-1A0061_005 0.000 0.000
ASP01A0062_001 0.776 0.775
ASP01A0062_002 0.776 0.775
ASP02A0062_003 0.776 0.775
ASP02A0062_004 0.776 0.775
ASP-1A0062_005 0.000 0.000
THR01A0063_001 0.015 0.000
THR01A0063_002 0.015 0.000
THR01A0063_003 0.015 0.000
THR01A0063_004 0.015 0.000
THR01A0063_005 0.015 0.000
LEU01A0064_001 0.573 0.583
LEU01A0064_002 0.573 0.583
LEU01A0064_003 0.573 0.583
LEU01A0064_004 0.573 0.583
MET01A0065_001 0.000 0.000
GLU01A0066_001 0.731 0.735
GLU01A0066_002 0.731 0.735
GLU02A0066_003 0.731 0.735
GLU02A0066_004 0.731 0.735
GLU-1A0066_005 0.000 0.000
TYR01A0067_001 0.649 0.343
TYR01A0067_002 0.649 0.343
TYR01A0067_003 0.649 0.343
TYR01A0067_004 0.649 0.343
TYR-1A0067_005 0.000 0.000
TYR-1A0067_006 0.000 0.000
LEU01A0068_001 0.000 0.000
GLU01A0069_001 0.767 0.771
GLU01A0069_002 0.767 0.771
GLU02A0069_003 0.767 0.771
GLU02A0069_004 0.767 0.771
GLU-1A0069_005 0.000 0.000
ASN01A0070_001 0.298 0.302
ASN01A0070_002 0.298 0.302
PRO01A0071_001 0.000 0.000
LYS01A0072_001 0.000 0.000
LYS01A0072_002 0.000 0.000
LYS+1A0072_003 0.177 0.179
LYS+1A0072_004 0.177 0.179
LYS01A0073_001 0.000 0.000
LYS+1A0073_002 0.000 0.000
TYR01A0074_001 0.073 0.084
TYR01A0074_002 0.073 0.084
TYR-1A0074_003 0.000 0.000
TYR-1A0074_004 0.000 0.000
ILE01A0075_001 0.484 0.503
ILE01A0075_002 0.484 0.503
ILE01A0075_003 0.484 0.503
ILE01A0075_004 0.484 0.503
PRO01A0076_001 0.000 0.000
THR01A0078_001 0.333 0.464
THR01A0078_002 0.333 0.464
THR01A0078_003 0.333 0.464
THR01A0078_004 0.333 0.464
THR01A0078_005 0.333 0.464
THR01A0078_006 0.333 0.464
LYS01A0079_001 0.000 0.000
LYS+1A0079_002 0.000 0.000
MET01A0080_001 0.299 0.227
MET01A0080_002 0.299 0.227
ILE01A0081_001 0.000 0.000
PHE01A0082_001 0.000 0.000
VAL01A0083_001 0.373 0.369
VAL01A0083_002 0.373 0.369
ILE01A0085_001 0.607 0.606
ILE01A0085_002 0.607 0.606
ILE01A0085_003 0.607 0.606
LYS01A0086_001 0.000 0.000
LYS+1A0086_002 0.000 0.000
LYS01A0087_001 0.000 0.000
LYS01A0087_002 0.000 0.000
LYS+1A0087_003 0.284 0.285
LYS+1A0087_004 0.284 0.285
LYS01A0088_001 0.000 0.000
LYS+1A0088_002 0.000 0.000
GLU01A0089_001 0.609 0.619
GLU01A0089_002 0.609 0.619
GLU02A0089_003 0.609 0.619
GLU02A0089_004 0.609 0.619
GLU-1A0089_005 0.000 0.000
GLU01A0090_001 0.859 0.875
GLU01A0090_002 0.859 0.875
GLU01A0090_003 0.859 0.875
GLU01A0090_004 0.859 0.875
GLU02A0090_005 0.859 0.875
GLU02A0090_006 0.859 0.875
GLU02A0090_007 0.859 0.875
GLU02A0090_008 0.859 0.875
GLU-1A0090_009 0.000 0.000
ARG01A0091_001 0.000 0.000
ARG02A0091_002 0.000 0.000
ARG02A0091_003 0.000 0.000
ARG03A0091_004 0.000 0.000
ARG+1A0091_005 0.000 0.000
ALA01A0092_001 0.000 0.000
ASP01A0093_001 0.939 0.938
ASP01A0093_002 0.939 0.938
ASP01A0093_003 0.939 0.938
ASP01A0093_004 0.939 0.938
ASP02A0093_005 0.939 0.938
ASP02A0093_006 0.939 0.938
ASP02A0093_007 0.939 0.938
ASP02A0093_008 0.939 0.938
ASP-1A0093_009 0.398 0.401
ASP-1A0093_010 0.398 0.401
LEU01A0094_001 0.485 0.491
LEU01A0094_002 0.485 0.491
LEU01A0094_003 0.485 0.491
LEU01A0094_004 0.485 0.491
ILE01A0095_001 0.000 0.000
ALA01A0096_001 0.000 0.000
TYR01A0097_001 0.000 0.000
TYR-1A0097_002 0.000 0.000
LEU01A0098_001 0.591 0.597
LEU01A0098_002 0.591 0.597
LEU01A0098_003 0.591 0.597
LYS01A0099_001 0.000 0.000
LYS01A0099_002 0.000 0.000
LYS+1A0099_003 0.000 0.000
LYS01A0100_001 0.000 0.000
LYS+1A0100_002 0.000 0.000
ALA01A0101_001 0.000 0.000
THR01A0102_001 0.012 0.008
THR01A0102_002 0.012 0.008
THR01A0102_003 0.012 0.008
THR01A0102_004 0.012 0.008
ASN01A0103_001 0.401 0.402
ASN01A0103_002 0.401 0.402
ASN01A0103_003 0.401 0.402
GLU01A0104_001 0.615 0.619
GLU01A0104_002 0.615 0.619
GLU02A0104_003 0.615 0.619
GLU02A0104_004 0.615 0.619
GLU-1A0104_005 0.000 0.000
CTR01A0104_001 0.793 0.796
CTR01A0104_002 0.793 0.796
CTR02A0104_003 0.793 0.796
CTR02A0104_004 0.793 0.796
CTR-1A0104_005 0.000 0.000
HEM01A0500_001 0.000 0.000
HEM+1A0500_002 0.000 0.000
PAA01A0500_001 0.716 0.744
PAA01A0500_002 0.716 0.744
PAA02A0500_003 0.716 0.744
PAA02A0500_004 0.716 0.744
PAA-1A0500_005 0.000 0.000
PDD01A0500_001 0.632 0.000
PDD01A0500_002 0.632 0.000
PDD01A0500_003 0.632 0.000
PDD01A0500_004 0.632 0.000
PDD02A0500_005 0.632 0.000
PDD02A0500_006 0.632 0.000
PDD02A0500_007 0.632 0.000
PDD02A0500_008 0.632 0.000
PDD-1A0500_009 0.273 0.166
PDD-1A0500_010 0.273 0.166
