CONFORMER         crg  vdw0  vdw1  tors  epol  self   occ  Hb     history    ASA
NTG01A0001_001  0.000 -3.43 -0.70  0.00  0.00 -4.12 1.000  00  01O000M000  0.338
NTG+1A0001_002  1.000 -3.43 -0.77  0.00  0.00 -4.20 1.000  00  +1O000M000  0.338
ASP01A0002_001  0.000 -1.86  5.52  3.25  0.00  6.92 1.000  00  01O000M000  0.427
ASP01A0002_002  0.000 -1.86  5.52  0.53  0.00  4.20 1.000  00  01O000M000  0.427
ASP01A0002_003  0.000 -2.04  1.60  2.84  0.00  2.39 1.000  00  01T000M000  0.470
ASP01A0002_004  0.000 -2.02  1.51  0.15  0.00 -0.35 1.000  00  01T000M000  0.472
ASP02A0002_005  0.000 -1.83  3.94  3.25  0.00  5.36 1.000  00  02O000M000  0.453
ASP02A0002_006  0.000 -1.83  3.94  0.53  0.00  2.64 1.000  00  02O000M000  0.453
ASP02A0002_007  0.000 -1.84  1.18  0.17  0.00 -0.49 1.000  00  02T000M000  0.452
ASP-1A0002_008 -1.000 -1.87  3.99  0.53  0.00  2.65 1.000  00  -1O000M000  0.439
ASP-1A0002_009 -1.000 -1.98  0.96  0.14  0.00 -0.88 1.000  00  -1X000M000  0.466
VAL01A0003_001  0.000 -2.23  0.58  0.52  0.00 -1.12 1.000  00  01O000M000  0.271
VAL01A0003_002  0.000 -2.23  0.28  0.48  0.00 -1.46 1.000  00  01T000M000  0.273
GLU01A0004_001  0.000 -3.20 -0.92  4.31  0.00  0.19 1.000  00  01O000M000  0.792
GLU01A0004_002  0.000 -3.20 -0.92  1.59  0.00 -2.53 1.000  00  01O000M000  0.792
GLU02A0004_003  0.000 -3.28 -0.92  4.31  0.00  0.10 1.000  00  02O000M000  0.822
GLU02A0004_004  0.000 -3.28 -0.92  1.59  0.00 -2.62 1.000  00  02O000M000  0.822
GLU-1A0004_005 -1.000 -3.26 -0.90  1.59  0.00 -2.57 1.000  00  -1O000M000  0.806
LYS01A0005_001  0.000 -6.54  4.55  2.07  0.00  0.08 1.000  00  01O000M000  0.539
LYS+1A0005_002  1.000 -6.59  4.54  2.07  0.00  0.02 1.000  00  +1O000M000  0.539
LYS01A0007_001  0.000 -3.51 -0.68  1.77  0.00 -2.42 1.000  00  01O000M000  0.454
LYS+1A0007_002  1.000 -3.59 -0.70  1.77  0.00 -2.51 1.000  00  +1O000M000  0.454
LYS01A0008_001  0.000 -7.37 -1.55  3.60  0.00 -5.32 1.000  00  01O000M000  0.719
LYS+1A0008_002  1.000 -7.42 -1.56  3.60  0.00 -5.37 1.000  00  +1O000M000  0.719
ILE01A0009_001  0.000 -0.17  8.40  0.96  0.00  9.20 1.000  00  01O000M000  0.169
ILE01A0009_002  0.000  0.06  0.67  0.62  0.00  1.35 1.000  00  01X000M000  0.169
ILE01A0009_003  0.000 -0.42 52.85  0.81  0.00 53.25 1.000  00  01T000M000  0.162
ILE01A0009_004  0.000 -0.36  2.62  0.58  0.00  2.84 1.000  00  01T000M000  0.176
PHE01A0010_001  0.000  4.81 -3.98  1.74  0.00  2.57 1.000  00  01O000M000  0.000
PHE01A0010_002  0.000  4.80 -5.66  1.31  0.00  0.45 1.000  00  01X000M000  0.000
ILE01A0011_001  0.000 -2.50  9.94  1.18  0.00  8.62 1.000  00  01O000M000  0.388
MET01A0012_001  0.000 -2.85  0.13  1.53  0.00 -1.19 1.000  00  01O000M000  0.727
MET01A0012_002  0.000 -6.21  1.13  0.93  0.00 -4.14 1.000  00  01T000M000  0.737
LYS01A0013_001  0.000 -2.06  4.06  1.73  0.00  3.73 1.000  00  01O000M000  0.302
LYS+1A0013_002  1.000 -2.11  4.05  1.73  0.00  3.67 1.000  00  +1O000M000  0.302
CYS01A0014_001  0.000 -0.00 -0.98  1.39  0.00  0.41 1.000  00  01O000M000  0.000
CYS01A0014_002  0.000 -0.00 -1.02  1.39  0.00  0.37 1.000  00  01O000M000  0.000
CYS01A0014_003  0.000 -0.00 -0.94  1.39  0.00  0.44 1.000  00  01O000M000  0.000
CYS-1A0014_004 -1.000  0.00 -0.92  1.39  0.00  0.46 1.000  00  -1O000M000  0.000
SER01A0015_001  0.000 -1.00 23.05  1.65  0.00 23.70 0.664  00  01O000M000  0.160
SER01A0015_002  0.000 -1.00 23.05  1.29  0.00 23.34 0.664  00  01O000M000  0.160
GLN01A0016_001  0.000 -2.11 -3.21  2.59  0.00 -2.74 0.747  00  01O000M000  0.626
GLN01A0016_002  0.000 -2.14 -3.32  2.59  0.00 -2.88 0.753  00  01R001M000  0.653
CYS01A0017_001  0.000 -0.14 -1.85  1.43  0.00 -0.56 1.000  00  01O000M000  0.020
CYS01A0017_002  0.000 -0.14 -1.88  1.43  0.00 -0.59 1.000  00  01O000M000  0.020
CYS01A0017_003  0.000 -0.15 -1.82  1.43  0.00 -0.54 1.000  00  01O000M000  0.020
CYS-1A0017_004 -1.000 -0.14 -1.80  1.43  0.00 -0.51 1.000  00  -1O000M000  0.020
HIS01A0018_001  0.000 -0.20 -4.71  0.12  0.00 -4.80 1.000  00  01O000M000  0.000
HIS01A0018_002  0.000 -0.19 -5.48  0.08  0.00 -5.59 1.000  00  01T000M000  0.000
HIS02A0018_003  0.000 -0.22 -4.60  0.12  0.00 -4.70 1.000  00  02O000M000  0.000
HIS+1A0018_004  1.000 -0.24 -4.61  0.12  0.00 -4.74 1.000  00  +1O000M000  0.000
HIS+1A0018_005  1.000 -0.24 -5.66  0.08  0.00 -5.82 1.000  00  +1X000M000  0.000
HIS+1A0018_006  1.000 -0.24 -5.68  0.08  0.00 -5.84 1.000  00  +1T000M000  0.000
THR01A0019_001  0.000 -0.25 11.42  1.22  0.00 12.39 0.673  00  01O000M000  0.128
THR01A0019_002  0.000 -0.25 11.42  1.22  0.00 12.39 0.673  00  01O000M000  0.128
THR01A0019_003  0.000 -0.24 14.78  0.83  0.00 15.38 0.673  00  01X000M000  0.117
THR01A0019_004  0.000 -0.24 14.96  0.83  0.00 15.55 0.673  00  01X000M000  0.117
THR01A0019_005  0.000 -0.69 35.32  1.16  0.00 35.79 0.673  00  01T000M000  0.134
THR01A0019_006  0.000 -0.62 32.76  0.78  0.00 32.92 0.673  00  01T000M000  0.128
VAL01A0020_001  0.000 -0.23  0.70  0.38  0.00  0.84 1.000  00  01O000M000  0.082
VAL01A0020_002  0.000 -0.08  0.66  0.45  0.00  1.04 1.000  00  01X000M000  0.071
VAL01A0020_003  0.000 -0.29  0.94  0.35  0.00  1.00 1.000  00  01T000M000  0.083
GLU01A0021_001  0.000 -1.51  0.71  4.19  0.00  3.39 1.000  00  01O000M000  0.623
GLU01A0021_002  0.000 -1.51  0.71  1.47  0.00  0.67 1.000  00  01O000M000  0.623
GLU02A0021_003  0.000 -1.62  0.72  4.19  0.00  3.29 1.000  00  02O000M000  0.614
GLU02A0021_004  0.000 -1.62  0.72  1.47  0.00  0.57 1.000  00  02O000M000  0.614
GLU-1A0021_005 -1.000 -1.66  0.77  1.47  0.00  0.58 1.000  00  -1O000M000  0.616
LYS01A0022_001  0.000 -7.58  1.93  1.63  0.00 -4.02 1.000  00  01O000M000  0.719
LYS+1A0022_002  1.000 -7.67  1.90  1.63  0.00 -4.14 1.000  00  +1O000M000  0.719
LYS01A0025_001  0.000 -7.78  1.74  2.97  0.00 -3.07 1.000  00  01O000M000  0.729
LYS01A0025_002  0.000 -7.98  0.75  2.05  0.00 -5.18 1.000  00  01X000M000  0.732
LYS+1A0025_003  1.000 -7.83  1.73  2.97  0.00 -3.13 1.000  00  +1O000M000  0.729
HIS01A0026_001  0.000 -3.20 -1.49  0.99  0.00 -3.70 0.750  00  01O000M000  0.257
HIS01A0026_002  0.000 -3.23 -2.78  0.54  0.00 -5.47 0.750  00  01R001M000  0.246
HIS01A0026_003  0.000 -3.26 -2.03  0.56  0.00 -4.74 0.750  00  01X000M000  0.251
HIS02A0026_004  0.000 -3.21 -1.56  0.99  0.00 -3.78 0.750  00  02O000M000  0.257
HIS02A0026_005  0.000 -3.17 -2.07  0.59  0.00 -4.66 0.750  00  02X000M000  0.244
HIS02A0026_006  0.000 -3.44 -2.98  0.49  0.00 -5.94 0.750  00  02T001M000  0.268
HIS+1A0026_007  1.000 -3.24 -1.66  0.99  0.00 -3.91 0.750  00  +1O000M000  0.258
HIS+1A0026_008  1.000 -3.21 -2.95  0.58  0.00 -5.58 0.750  00  +1R001M000  0.241
HIS+1A0026_009  1.000 -3.25 -2.18  0.59  0.00 -4.84 0.750  00  +1X000M000  0.248
LYS01A0027_001  0.000 -2.14 -0.36  3.42  0.00  0.93 1.000  00  01O000M000  0.584
LYS+1A0027_002  1.000 -2.15 -0.37  3.42  0.00  0.91 1.000  00  +1O000M000  0.584
THR01A0028_001  0.000 -3.59 -0.23  0.47  0.00 -3.35 0.663  00  01O000M000  0.465
THR01A0028_002  0.000 -3.59 -0.23  0.47  0.00 -3.35 0.663  00  01O000M000  0.465
PRO01A0030_001  0.000  0.26 -0.50  0.00  0.00 -0.25 1.000  00  01O000M000  0.000
ASN01A0031_001  0.000 -0.10  7.88  1.37  0.00  9.15 1.000  00  01O000M000  0.102
LEU01A0032_001  0.000  1.49  2.29  0.61  0.00  4.39 1.000  00  01O000M000  0.000
LEU01A0032_002  0.000  1.56  3.48  0.53  0.00  5.57 1.000  00  01X000M000  0.000
LEU01A0032_003  0.000  1.28  3.02  0.56  0.00  4.87 1.000  00  01T000M000  0.000
HIS01A0033_001  0.000 -3.57 -6.78  0.20  0.00-10.15 0.752  00  01O000M000  0.292
HIS01A0033_002  0.000 -3.69 -6.42  0.19  0.00 -9.92 0.748  00  01T001M000  0.317
HIS02A0033_003  0.000 -3.59 -6.84  0.20  0.00-10.24 0.752  00  02O000M000  0.292
HIS02A0033_004  0.000 -3.70 -6.51  0.19  0.00-10.02 0.748  00  02R001M000  0.313
HIS+1A0033_005  1.000 -3.62 -6.87  0.20  0.00-10.29 0.752  00  +1O000M000  0.292
HIS+1A0033_006  1.000 -3.73 -6.53  0.19  0.00-10.07 0.748  00  +1T001M000  0.316
LEU01A0035_001  0.000  2.54  1.21  1.39  0.00  5.13 1.000  00  01O000M000  0.004
LEU01A0035_002  0.000  2.67  0.50  1.19  0.00  4.36 1.000  00  01X000M000  0.004
LEU01A0035_003  0.000  2.08  1.22  1.34  0.00  4.64 1.000  00  01T000M000  0.004
LEU01A0035_004  0.000  2.11  0.51  1.11  0.00  3.73 1.000  00  01T000M000  0.004
PHE01A0036_001  0.000  4.40 -4.67  0.05  0.00 -0.22 1.000  00  01O000M000  0.030
ARG01A0038_001  0.000 -1.75  4.66  1.30  0.00  4.20 1.000  00  01O000M000  0.246
ARG01A0038_002  0.000 -1.38  0.73  1.10  0.00  0.44 1.000  00  01X000M000  0.247
ARG02A0038_003  0.000 -1.76  4.56  1.30  0.00  4.10 1.000  00  02O000M000  0.246
ARG03A0038_004  0.000 -1.82  4.63  1.30  0.00  4.11 1.000  00  03O000M000  0.246
ARG03A0038_005  0.000 -1.80  2.79  0.99  0.00  1.98 1.000  00  03T000M000  0.245
ARG+1A0038_006  1.000 -1.86  4.53  1.30  0.00  3.97 1.000  00  +1O000M000  0.246
LYS01A0039_001  0.000 -6.37  5.69  2.05  0.00  1.37 1.000  00  01O000M000  0.540
LYS01A0039_002  0.000 -6.81  3.54  1.29  0.00 -1.98 1.000  00  01T000M000  0.566
LYS+1A0039_003  1.000 -6.41  5.67  2.05  0.00  1.30 1.000  00  +1O000M000  0.540
LYS+1A0039_004  1.000 -6.86  3.67  1.28  0.00 -1.92 1.000  00  +1T000M000  0.563
THR01A0040_001  0.000  1.16  5.21  0.56  0.00  6.93 0.668  00  01O000M000  0.000
THR01A0040_002  0.000  1.14  5.89  0.72  0.00  7.75 0.668  00  01X000M000  0.000
THR01A0040_003  0.000  0.46  8.49  0.41  0.00  9.36 0.668  00  01T000M000  0.000
THR01A0040_004  0.000  0.46 11.73  0.20  0.00 12.39 0.668  00  01T000M000  0.000
GLN01A0042_001  0.000 -2.56  5.97  1.48  0.00  4.88 0.000  00  01O000M000  0.602
GLN01A0042_002  0.000 -2.70  2.36  1.34  0.00  1.00 1.000  00  01R001M000  0.616
GLN01A0042_003  0.000 -2.43  2.92  1.21  0.00  1.70 0.000  00  01T000M000  0.599
ALA01A0043_001  0.000 -0.05 -0.38  0.01  0.00 -0.42 1.000  00  01O000M000  0.010
PRO01A0044_001  0.000 -6.96  4.90  0.00  0.00 -2.07 1.000  00  01O000M000  0.751
TYR01A0046_001  0.000  3.63 -6.98  0.19  0.00 -3.16 1.000  00  01O000M000  0.024
TYR-1A0046_002 -1.000  3.63 -6.98  0.19  0.00 -3.16 1.000  00  -1O000M000  0.024
SER01A0047_001  0.000 -4.86  1.39  2.28  0.00 -1.19 0.665  00  01O000M000  0.837
TYR01A0048_001  0.000  3.82 -2.25  2.02  0.00  3.59 1.000  00  01O000M000  0.017
TYR01A0048_002  0.000  3.82 -2.24  2.02  0.00  3.59 1.000  00  01O000M000  0.017
TYR-1A0048_003 -1.000  3.82 -2.24  2.02  0.00  3.59 1.000  00  -1O000M000  0.017
THR01A0049_001  0.000  0.22  0.30  0.41  0.00  0.93 0.666  00  01O000M000  0.024
THR01A0049_002  0.000  0.22  0.30  0.41  0.00  0.93 0.666  00  01O000M000  0.024
ALA01A0050_001  0.000 -4.84 -0.51  0.00  0.00 -5.35 1.000  00  01O000M000  0.904
ALA01A0051_001  0.000 -0.10 -0.40  0.03  0.00 -0.48 1.000  00  01O000M000  0.018
ASN01A0052_001  0.000  0.26 -0.57  0.95  0.00  0.64 1.000  00  01O000M000  0.000
LYS01A0053_001  0.000 -4.29 -2.40  2.57  0.00 -4.12 1.000  00  01O000M000  0.521
LYS+1A0053_002  1.000 -4.37 -2.42  2.57  0.00 -4.22 1.000  00  +1O000M000  0.521
ASN01A0054_001  0.000 -2.50  1.83  2.06  0.00  1.39 0.743  00  01O000M000  0.680
ASN01A0054_002  0.000 -2.66  1.98  1.61  0.00  0.94 0.757  00  01R001M000  0.659
LYS01A0055_001  0.000  3.76  9.32  3.08  0.00 16.16 1.000  00  01O000M000  0.214
LYS01A0055_002  0.000  3.34  7.61  2.83  0.00 13.77 1.000  00  01X000M000  0.202
LYS+1A0055_003  1.000  3.73 10.40  3.08  0.00 17.21 1.000  00  +1O000M000  0.214
LYS+1A0055_004  1.000  2.92  7.94  2.88  0.00 13.74 1.000  00  +1T000M000  0.207
ILE01A0057_001  0.000 -1.50  3.72  1.67  0.00  3.89 1.000  00  01O000M000  0.206
ILE01A0057_002  0.000 -1.25  2.07  1.06  0.00  1.88 1.000  00  01X000M000  0.202
ILE01A0057_003  0.000 -1.43  7.42  0.97  0.00  6.96 1.000  00  01T000M000  0.191
ILE01A0058_001  0.000 -4.15  4.45  0.56  0.00  0.87 1.000  00  01O000M000  0.440
ILE01A0058_002  0.000 -3.87  1.69  0.66  0.00 -1.52 1.000  00  01X000M000  0.447
ILE01A0058_003  0.000 -4.46  6.94  0.53  0.00  3.01 1.000  00  01T000M000  0.445
TRP01A0059_001  0.000  2.91 -7.47  0.01  0.00 -4.55 1.000  00  01O000M000  0.000
GLU01A0061_001  0.000 -1.74 -1.27  5.29  0.00  2.28 1.000  00  01O000M000  0.540
GLU01A0061_002  0.000 -1.74 -1.27  2.57  0.00 -0.44 1.000  00  01O000M000  0.540
GLU02A0061_003  0.000 -1.75 -1.07  5.29  0.00  2.47 1.000  00  02O000M000  0.531
GLU02A0061_004  0.000 -1.75 -1.07  2.57  0.00 -0.25 1.000  00  02O000M000  0.531
GLU-1A0061_005 -1.000 -1.85 -1.24  2.57  0.00 -0.52 1.000  00  -1O000M000  0.552
ASP01A0062_001  0.000 -3.19 -0.32  4.34  0.00  0.83 1.000  00  01O000M000  0.795
ASP01A0062_002  0.000 -3.19 -0.32  1.62  0.00 -1.89 1.000  00  01O000M000  0.795
ASP02A0062_003  0.000 -3.05 -0.35  4.34  0.00  0.93 1.000  00  02O000M000  0.774
ASP02A0062_004  0.000 -3.05 -0.35  1.62  0.00 -1.79 1.000  00  02O000M000  0.774
ASP-1A0062_005 -1.000 -3.12 -0.32  1.62  0.00 -1.83 1.000  00  -1O000M000  0.780
THR01A0063_001  0.000 -0.97 11.22  1.23  0.00 11.48 0.668  00  01O000M000  0.214
THR01A0063_002  0.000 -0.89 15.17  0.85  0.00 15.12 0.668  00  01X000M000  0.208
THR01A0063_003  0.000 -1.30 33.45  1.16  0.00 33.31 0.668  00  01T000M000  0.199
THR01A0063_004  0.000 -1.30 61.11  0.36  0.00 60.16 0.668  00  01T000M000  0.199
THR01A0063_005  0.000 -1.24 57.85  0.39  0.00 57.00 0.668  00  01T000M000  0.194
LEU01A0064_001  0.000  1.72  9.54  0.97  0.00 12.23 1.000  00  01O000M000  0.000
LEU01A0064_002  0.000  1.35  7.11  0.94  0.00  9.39 1.000  00  01X000M000  0.004
LEU01A0064_003  0.000  1.30 37.03  0.82  0.00 39.16 1.000  00  01T000M000  0.000
LEU01A0064_004  0.000  1.28 12.78  0.88  0.00 14.94 1.000  00  01T000M000  0.000
MET01A0065_001  0.000 -2.52 -1.90  4.10  0.00 -0.32 1.000  00  01O000M000  0.246
GLU01A0066_001  0.000 -2.24 -1.17  4.90  0.00  1.49 1.000  00  01O000M000  0.568
GLU01A0066_002  0.000 -2.24 -1.17  2.18  0.00 -1.23 1.000  00  01O000M000  0.568
GLU02A0066_003  0.000 -2.26 -0.90  4.90  0.00  1.75 1.000  00  02O000M000  0.579
GLU02A0066_004  0.000 -2.26 -0.90  2.18  0.00 -0.97 1.000  00  02O000M000  0.579
GLU-1A0066_005 -1.000 -2.25 -1.13  2.18  0.00 -1.20 1.000  00  -1O000M000  0.563
TYR01A0067_001  0.000  4.19  1.63  0.61  0.00  6.43 1.000  00  01O000M000  0.000
TYR01A0067_002  0.000  4.19  1.63  0.61  0.00  6.43 1.000  00  01O000M000  0.000
TYR01A0067_003  0.000  4.19  1.18  0.53  0.00  5.89 1.000  00  01T000M000  0.000
TYR01A0067_004  0.000  4.19  1.20  0.53  0.00  5.91 1.000  00  01T000M000  0.000
TYR-1A0067_005 -1.000  4.19  1.63  0.61  0.00  6.43 1.000  00  -1O000M000  0.000
TYR-1A0067_006 -1.000  4.19  1.18  0.53  0.00  5.90 1.000  00  -1T000M000  0.000
LEU01A0068_001  0.000  1.29 -2.52  0.43  0.00 -0.80 1.000  00  01O000M000  0.000
GLU01A0069_001  0.000 -1.62  0.55  5.51  0.00  4.45 1.000  00  01O000M000  0.504
GLU01A0069_002  0.000 -1.62  0.55  2.79  0.00  1.73 1.000  00  01O000M000  0.504
GLU02A0069_003  0.000 -1.56  0.54  5.51  0.00  4.49 1.000  00  02O000M000  0.483
GLU02A0069_004  0.000 -1.56  0.54  2.79  0.00  1.77 1.000  00  02O000M000  0.483
GLU-1A0069_005 -1.000 -1.61  0.60  2.79  0.00  1.78 1.000  00  -1O000M000  0.491
ASN01A0070_001  0.000 -1.38  6.28  0.49  0.00  5.39 1.000  00  01O000M000  0.408
ASN01A0070_002  0.000 -1.30  0.87  0.63  0.00  0.19 1.000  00  01X000M000  0.393
PRO01A0071_001  0.000  0.26 -2.94  0.00  0.00 -2.68 1.000  00  01O000M000  0.000
LYS01A0072_001  0.000 -1.43  5.74  2.92  0.00  7.23 1.000  00  01O000M000  0.542
LYS01A0072_002  0.000 -4.13  5.22  2.38  0.00  3.47 1.000  00  01X000M000  0.539
LYS+1A0072_003  1.000 -1.38  5.71  2.92  0.00  7.25 1.000  00  +1O000M000  0.542
LYS+1A0072_004  1.000 -4.00  5.11  2.41  0.00  3.52 1.000  00  +1X000M000  0.531
LYS01A0073_001  0.000 -5.38  0.78  3.27  0.00 -1.33 1.000  00  01O000M000  0.601
LYS+1A0073_002  1.000 -5.45  0.79  3.27  0.00 -1.39 1.000  00  +1O000M000  0.601
TYR01A0074_001  0.000  2.75 -3.83  1.31  0.00  0.22 1.000  00  01O000M000  0.105
TYR01A0074_002  0.000  2.64 -4.06  1.29  0.00 -0.14 1.000  00  01T000M000  0.109
TYR-1A0074_003 -1.000  2.75 -3.83  1.31  0.00  0.23 1.000  00  -1O000M000  0.104
TYR-1A0074_004 -1.000  2.63 -4.10  1.28  0.00 -0.20 1.000  00  -1X000M000  0.109
ILE01A0075_001  0.000  5.30  0.34  1.14  0.00  6.77 1.000  00  01O000M000  0.000
ILE01A0075_002  0.000  5.11 -0.41  1.02  0.00  5.72 1.000  00  01X000M000  0.000
ILE01A0075_003  0.000  5.64  0.06  1.09  0.00  6.80 1.000  00  01T000M000  0.000
ILE01A0075_004  0.000  5.14 -0.76  0.96  0.00  5.34 1.000  00  01T000M000  0.000
PRO01A0076_001  0.000 -4.43  1.25  0.00  0.00 -3.18 1.000  00  01O000M000  0.482
THR01A0078_001  0.000  0.45 -1.32  1.61  0.00  0.74 0.665  00  01O000M000  0.006
THR01A0078_002  0.000  0.45 -1.32  1.61  0.00  0.74 0.665  00  01O000M000  0.006
THR01A0078_003  0.000  0.45 -1.31  1.25  0.00  0.39 0.665  00  01O000M000  0.006
THR01A0078_004  0.000  0.41 -2.22  0.43  0.00 -1.37 0.665  00  01T000M000  0.006
THR01A0078_005  0.000  0.41 -2.07  0.42  0.00 -1.23 0.665  00  01T000M000  0.006
THR01A0078_006  0.000  0.41 -2.07  0.05  0.00 -1.61 0.665  00  01T000M000  0.006
LYS01A0079_001  0.000 -3.26 -2.41  2.33  0.00 -3.34 1.000  00  01O000M000  0.366
LYS+1A0079_002  1.000 -3.31 -2.45  2.33  0.00 -3.43 1.000  00  +1O000M000  0.366
MET01A0080_001  0.000  0.22  1.77  1.45  0.00  3.43 1.000  00  01O000M000  0.000
MET01A0080_002  0.000  0.13  2.16  0.83  0.00  3.12 1.000  00  01X000M000  0.000
ILE01A0081_001  0.000 -7.53  7.50  0.37  0.00  0.34 1.000  00  01O000M000  0.732
PHE01A0082_001  0.000  4.62 -2.51  0.64  0.00  2.75 1.000  00  01O000M000  0.014
VAL01A0083_001  0.000 -6.86  5.37  0.09  0.00 -1.41 1.000  00  01O000M000  0.727
VAL01A0083_002  0.000 -6.85  9.05  0.02  0.00  2.22 1.000  00  01T000M000  0.735
ILE01A0085_001  0.000  1.15  3.09  0.67  0.00  4.91 1.000  00  01O000M000  0.047
ILE01A0085_002  0.000  1.05  6.01  0.65  0.00  7.71 1.000  00  01T000M000  0.047
ILE01A0085_003  0.000  1.26  5.79  0.53  0.00  7.58 1.000  00  01T000M000  0.057
LYS01A0086_001  0.000 -7.45  1.94  1.57  0.00 -3.95 1.000  00  01O000M000  0.693
LYS+1A0086_002  1.000 -7.50  1.93  1.57  0.00 -4.00 1.000  00  +1O000M000  0.693
LYS01A0087_001  0.000 -3.78 -0.99  3.91  0.00 -0.86 1.000  00  01O000M000  0.528
LYS01A0087_002  0.000 -3.99  0.81  2.44  0.00 -0.73 1.000  00  01T000M000  0.510
LYS+1A0087_003  1.000 -3.84 -1.00  3.91  0.00 -0.93 1.000  00  +1O000M000  0.528
LYS+1A0087_004  1.000 -4.40  0.92  2.54  0.00 -0.94 1.000  00  +1X000M000  0.526
LYS01A0088_001  0.000 -7.60 -1.35  1.60  0.00 -7.34 1.000  00  01O000M000  0.702
LYS+1A0088_002  1.000 -7.64 -1.35  1.60  0.00 -7.39 1.000  00  +1O000M000  0.702
GLU01A0089_001  0.000 -1.94  0.31  4.93  0.00  3.31 1.000  00  01O000M000  0.668
GLU01A0089_002  0.000 -1.93  0.31  2.21  0.00  0.59 1.000  00  01O000M000  0.668
GLU02A0089_003  0.000 -2.22  0.33  4.93  0.00  3.04 1.000  00  02O000M000  0.693
GLU02A0089_004  0.000 -2.22  0.33  2.21  0.00  0.32 1.000  00  02O000M000  0.693
GLU-1A0089_005 -1.000 -2.14  0.35  2.21  0.00  0.42 1.000  00  -1O000M000  0.673
GLU01A0090_001  0.000 -0.84  4.26  5.68  0.00  9.09 1.000  00  01O000M000  0.262
GLU01A0090_002  0.000 -0.84  4.26  2.96  0.00  6.37 1.000  00  01O000M000  0.262
GLU01A0090_003  0.000 -0.89  1.46  5.63  0.00  6.20 1.000  00  01T000M000  0.283
GLU01A0090_004  0.000 -0.89  1.46  2.91  0.00  3.48 1.000  00  01T000M000  0.283
GLU02A0090_005  0.000 -0.80  2.98  5.68  0.00  7.85 1.000  00  02O000M000  0.257
GLU02A0090_006  0.000 -0.80  2.98  2.96  0.00  5.13 1.000  00  02O000M000  0.257
GLU02A0090_007  0.000 -0.99  2.25  5.55  0.00  6.81 1.000  00  02X000M000  0.310
GLU02A0090_008  0.000 -0.90  2.74  2.75  0.00  4.60 1.000  00  02T000M000  0.295
GLU-1A0090_009 -1.000 -0.89  3.05  2.96  0.00  5.12 1.000  00  -1O000M000  0.254
ARG01A0091_001  0.000  2.16 -4.31  0.82  0.00 -1.33 1.000  00  01O000M000  0.065
ARG02A0091_002  0.000  2.13 -4.66  0.82  0.00 -1.71 1.000  00  02O000M000  0.065
ARG02A0091_003  0.000  2.24 -4.22  0.82  0.00 -1.17 1.000  00  02O000M000  0.065
ARG03A0091_004  0.000  2.12 -4.38  0.82  0.00 -1.44 1.000  00  03O000M000  0.065
ARG+1A0091_005  1.000  2.08 -4.41  0.82  0.00 -1.51 1.000  00  +1O000M000  0.065
ALA01A0092_001  0.000 -1.82 -1.01  0.00  0.00 -2.82 1.000  00  01O000M000  0.324
ASP01A0093_001  0.000 -0.35  3.01  3.03  0.00  5.69 1.000  00  01O000M000  0.128
ASP01A0093_002  0.000 -0.35  3.01  0.31  0.00  2.97 1.000  00  01O000M000  0.128
ASP01A0093_003  0.000 -0.34 -0.07  2.90  0.00  2.48 1.000  00  01T000M000  0.117
ASP01A0093_004  0.000 -0.32 -0.19  0.18  0.00 -0.33 1.000  00  01T000M000  0.110
ASP02A0093_005  0.000 -0.20  1.74  3.03  0.00  4.57 1.000  00  02O000M000  0.115
ASP02A0093_006  0.000 -0.20  1.74  0.31  0.00  1.85 1.000  00  02O000M000  0.115
ASP02A0093_007  0.000 -0.33 -0.98  2.87  0.00  1.56 1.000  00  02T000M000  0.126
ASP02A0093_008  0.000 -0.33 -0.98  0.15  0.00 -1.16 1.000  00  02T000M000  0.126
ASP-1A0093_009 -1.000 -0.27  1.64  0.31  0.00  1.68 1.000  00  -1O000M000  0.111
ASP-1A0093_010 -1.000 -0.37 -0.94  0.16  0.00 -1.16 1.000  00  -1X000M000  0.119
LEU01A0094_001  0.000  1.68 -0.67  1.20  0.00  2.22 1.000  00  01O000M000  0.000
LEU01A0094_002  0.000  1.77 -0.54  1.06  0.00  2.29 1.000  00  01X000M000  0.000
LEU01A0094_003  0.000  1.31  9.38  1.09  0.00 11.78 1.000  00  01T000M000  0.000
LEU01A0094_004  0.000  1.32 12.70  0.93  0.00 14.94 1.000  00  01T000M000  0.000
ILE01A0095_001  0.000  2.16  4.23  0.61  0.00  7.00 1.000  00  01O000M000  0.034
ALA01A0096_001  0.000 -0.93  2.48  0.01  0.00  1.57 1.000  00  01O000M000  0.167
TYR01A0097_001  0.000  2.96 -9.05  0.80  0.00 -5.29 1.000  00  01O000M000  0.086
TYR-1A0097_002 -1.000  2.96 -9.05  0.80  0.00 -5.29 1.000  00  -1O000M000  0.086
LEU01A0098_001  0.000  1.51 -2.56  0.51  0.00 -0.53 1.000  00  01O000M000  0.000
LEU01A0098_002  0.000  1.65 -1.58  0.56  0.00  0.63 1.000  00  01X000M000  0.000
LEU01A0098_003  0.000  1.48 -3.12  0.46  0.00 -1.17 1.000  00  01T000M000  0.000
LYS01A0099_001  0.000  1.61  2.88  4.05  0.00  8.53 1.000  00  01O000M000  0.209
LYS01A0099_002  0.000  0.18  2.84  3.28  0.00  6.30 1.000  00  01T000M000  0.211
LYS+1A0099_003  1.000  1.52  2.86  4.05  0.00  8.43 1.000  00  +1O000M000  0.209
LYS01A0100_001  0.000 -6.20 -1.74  0.95  0.00 -6.99 1.000  00  01O000M000  0.527
LYS+1A0100_002  1.000 -6.24 -1.75  0.95  0.00 -7.04 1.000  00  +1O000M000  0.527
ALA01A0101_001  0.000 -0.36  0.53  0.00  0.00  0.17 1.000  00  01O000M000  0.062
THR01A0102_001  0.000  0.47  8.66  0.82  0.00  9.95 0.665  00  01O000M000  0.000
THR01A0102_002  0.000  0.47  8.66  0.47  0.00  9.59 0.665  00  01O000M000  0.000
THR01A0102_003  0.000  0.46 21.45  0.40  0.00 22.31 0.665  00  01T000M000  0.000
THR01A0102_004  0.000  0.46 23.42  0.42  0.00 24.30 0.665  00  01T000M000  0.000
ASN01A0103_001  0.000 -1.73  7.82  1.44  0.00  7.53 0.752  00  01O000M000  0.452
ASN01A0103_002  0.000 -1.72 11.27  0.83  0.00 10.38 0.748  00  01R001M000  0.381
ASN01A0103_003  0.000 -1.58  8.95  1.01  0.00  8.38 0.752  00  01T000M000  0.414
GLU01A0104_001  0.000 -2.98 10.42  4.77  0.00 12.21 1.000  00  01O000M000  0.757
GLU01A0104_002  0.000 -2.98 10.42  2.05  0.00  9.49 1.000  00  01O000M000  0.757
GLU02A0104_003  0.000 -2.72 10.42  4.77  0.00 12.48 1.000  00  02O000M000  0.749
GLU02A0104_004  0.000 -2.72 10.42  2.05  0.00  9.76 1.000  00  02O000M000  0.749
GLU-1A0104_005 -1.000 -2.84 10.45  2.05  0.00  9.66 1.000  00  -1O000M000  0.740
CTR01A0104_001  0.000 -4.08  0.18  2.72  0.00 -1.18 1.000  00  01O000M000  0.388
CTR01A0104_002  0.000 -4.13 -0.50  0.00  0.00 -4.63 1.000  00  01O000M000  0.409
CTR02A0104_003  0.000 -4.12 -0.45  2.72  0.00 -1.86 1.000  00  02O000M000  0.392
CTR02A0104_004  0.000 -4.06 -0.47  0.00  0.00 -4.53 1.000  00  02O000M000  0.401
CTR-1A0104_005 -1.000 -4.12 -0.42  0.00  0.00 -4.54 1.000  00  -1O000M000  0.402
HEM01A0500_001  0.000 -5.74-20.04  0.00  0.00-25.78 1.000  00  01O000M000  0.023
HEM+1A0500_002  1.000 -5.74-20.04  0.00  0.00-25.78 1.000  00  +1O000M000  0.023
PAA01A0500_001  0.000  1.54 -1.87  2.72  0.00  2.40 1.000  00  01O000M000  0.000
PAA01A0500_002  0.000  1.54 -1.87  0.00  0.00 -0.32 1.000  00  01O000M000  0.000
PAA02A0500_003  0.000  1.33 -1.90  2.72  0.00  2.15 1.000  00  02O000M000  0.000
PAA02A0500_004  0.000  1.33 -1.90  0.00  0.00 -0.57 1.000  00  02O000M000  0.000
PAA-1A0500_005 -1.000  1.22 -1.84  0.00  0.00 -0.62 1.000  00  -1O000M000  0.000
PDD01A0500_001  0.000  0.74 -3.18  2.72  0.00  0.27 1.000  00  01O000M000  0.000
PDD01A0500_002  0.000  0.73 -3.18  0.00  0.00 -2.45 1.000  00  01O000M000  0.000
PDD01A0500_003  0.000  0.61 -4.09  2.72  0.00 -0.75 1.000  00  01T000M000  0.000
PDD01A0500_004  0.000  0.61 -4.09  0.00  0.00 -3.47 1.000  00  01T000M000  0.000
PDD02A0500_005  0.000  0.75 -2.73  2.72  0.00  0.74 1.000  00  02O000M000  0.000
PDD02A0500_006  0.000  0.75 -2.73  0.00  0.00 -1.97 1.000  00  02O000M000  0.000
PDD02A0500_007  0.000  0.64 -3.97  0.00  0.00 -3.33 1.000  00  02X000M000  0.000
PDD02A0500_008  0.000  0.64 -3.97  2.72  0.00 -0.61 1.000  00  02T000M000  0.000
PDD-1A0500_009 -1.000  0.62 -3.13  0.00  0.00 -2.51 1.000  00  -1O000M000  0.000
PDD-1A0500_010 -1.000  0.48 -4.23  0.00  0.00 -3.75 1.000  00  -1X000M000  0.000
