iConf CONFORMER     FL  occ    crg   Em0  pKa0 ne nH    vdw0    vdw1    tors    epol   dsolv   extra    history

00001 NTG01A0001_001 t 0.00  0.000     0  0.00  0  0  -0.004  -0.696   0.000   0.002   0.000   0.000 01O000M000 t
00002 NTG+1A0001_002 t 0.00  1.000     0  8.00  0  1  -0.010  -0.765   0.000   2.948   0.901  -1.300 +1O000M000 t
00003 ASP01A0002_001 f 0.00  0.000     0  0.00  0  0   0.097   5.519   3.253   2.161   0.542   0.000 01O000M000 t
00004 ASP01A0002_002 f 0.00  0.000     0  0.00  0  0   0.097   5.519   0.532   0.001   0.730   0.000 01O000M000 t
00005 ASP01A0002_003 f 0.00  0.000     0  0.00  0  0   0.091   1.604   2.835   1.582   0.411   0.000 01T000M000 t
00006 ASP01A0002_004 f 0.00  0.000     0  0.00  0  0   0.087   1.514   0.154   0.222   0.582   0.000 01T000M000 t
00007 ASP02A0002_005 f 0.00  0.000     0  0.00  0  0   0.177   3.941   3.252   0.346   0.941   0.000 02O000M000 t
00008 ASP02A0002_006 f 0.00  0.000     0  0.00  0  0   0.177   3.941   0.532  -0.166   0.875   0.000 02O000M000 t
00009 ASP02A0002_007 f 0.00  0.000     0  0.00  0  0   0.168   1.186   0.168   0.045   0.806   0.000 02T000M000 t
00010 ASP-1A0002_008 f 0.00 -1.000     0  4.75  0 -1   0.094   3.988   0.532  -2.313   1.725  -0.850 -1O000M000 t
00011 ASP-1A0002_009 f 0.00 -1.000     0  4.75  0 -1   0.085   0.957   0.139  -1.949   1.676  -0.850 -1X000M000 t
00012 VAL01A0003_001 f 0.00  0.000     0  0.00  0  0   0.550   0.583   0.523   0.000   0.000   0.000 01O000M000 t
00013 VAL01A0003_002 f 0.00  0.000     0  0.00  0  0   0.530   0.283   0.482   0.000   0.000   0.000 01T000M000 t
00014 GLU01A0004_001 f 0.00  0.000     0  0.00  0  0   0.459  -0.920   4.308   0.038  -0.676   0.000 01O000M000 t
00015 GLU01A0004_002 f 0.00  0.000     0  0.00  0  0   0.459  -0.920   1.588   0.027   0.379   0.000 01O000M000 t
00016 GLU02A0004_003 f 0.00  0.000     0  0.00  0  0   0.499  -0.926   4.308   0.361  -0.408   0.000 02O000M000 t
00017 GLU02A0004_004 f 0.00  0.000     0  0.00  0  0   0.499  -0.926   1.588   0.079   0.378   0.000 02O000M000 t
00018 GLU-1A0004_005 t 0.00 -1.000     0  4.75  0 -1   0.371  -0.903   1.588  -0.427  -0.078  -0.300 -1O000M000 t
00019 LYS01A0005_001 t 0.00  0.000     0  0.00  0  0   0.675   4.538   2.072  -0.124   0.224   0.000 01O000M000 t
00020 LYS+1A0005_002 t 0.00  1.000     0 10.40  0  1   0.629   4.528   2.072   0.916   0.382   0.400 +1O000M000 t
00021 LYS01A0007_001 t 0.00  0.000     0  0.00  0  0   1.922  -0.687   1.773  -0.042   0.235   0.000 01O000M000 t
00022 LYS+1A0007_002 t 0.00  1.000     0 10.40  0  1   1.847  -0.698   1.773   0.160   1.921   0.400 +1O000M000 t
00023 LYS01A0008_001 t 0.00  0.000     0  0.00  0  0   1.735  -1.555   3.604  -0.038   0.051   0.000 01O000M000 t
00024 LYS+1A0008_002 t 0.00  1.000     0 10.40  0  1   1.686  -1.559   3.604   0.161   0.082   0.400 +1O000M000 t
00025 ILE01A0009_001 f 0.00  0.000     0  0.00  0  0   1.856   8.371   0.961   0.000   0.000   0.000 01O000M000 t
00026 ILE01A0009_002 f 0.00  0.000     0  0.00  0  0   2.072   0.661   0.617   0.000   0.000   0.000 01X000M000 t
00027 ILE01A0009_003 t 0.00  0.000     0  0.00  0  0   1.556  52.806   0.810   0.000   0.000   0.000 01T000M000 t
00028 ILE01A0009_004 f 0.00  0.000     0  0.00  0  0   1.752   2.620   0.578   0.000   0.000   0.000 01T000M000 t
00029 PHE01A0010_001 f 0.00  0.000     0  0.00  0  0   4.807  -3.974   1.742   0.000   0.000   0.000 01O000M000 t
00030 PHE01A0010_002 f 0.00  0.000     0  0.00  0  0   4.797  -5.663   1.309   0.000   0.000   0.000 01X000M000 t
00031 ILE01A0011_001 t 0.00  0.000     0  0.00  0  0   2.233   9.937   1.185   0.000   0.000   0.000 01O000M000 t
00032 MET01A0012_001 f 0.00  0.000     0  0.00  0  0   4.986   0.130   1.529   0.018   0.042   0.000 01O000M000 t
00033 MET01A0012_002 f 0.00  0.000     0  0.00  0  0   1.894   1.134   0.935   0.015   0.042   0.000 01T000M000 t
00034 LYS01A0013_001 t 0.00  0.000     0  0.00  0  0   1.745   4.050   1.732  -0.066  -0.071   0.000 01O000M000 t
00035 LYS+1A0013_002 t 0.00  1.000     0 10.40  0  1   1.696   4.041   1.732   0.477   0.421   0.400 +1O000M000 t
00036 CYS01A0014_001 f 0.00  0.000     0  0.00  0  0  -0.002  -0.977   1.388  -0.743   0.985   0.000 01O000M000 t
00037 CYS01A0014_002 f 0.00  0.000     0  0.00  0  0  -0.002  -1.021   1.388   0.218   0.989   0.000 01O000M000 t
00038 CYS01A0014_003 f 0.00  0.000     0  0.00  0  0  -0.002  -0.944   1.388  -0.393   0.986   0.000 01O000M000 t
00039 CYS-1A0014_004 t 0.00 -1.000     0  9.10  0 -1   0.000  -0.925   1.388  -8.894  13.735   0.000 -1O000M000 t
00040 SER01A0015_001 f 0.00  0.000     0  0.00  0  0   0.000  23.042   1.647  -1.289   1.516   0.000 01O000M000 t
00041 SER01A0015_002 f 0.00  0.000     0  0.00  0  0   0.000  23.042   1.289  -0.359   0.687   0.000 01O000M000 t
00042 GLN01A0016_001 f 0.00  0.000     0  0.00  0  0   0.919  -3.216   2.588   0.022   0.449   0.000 01O000M000 t
00043 GLN01A0016_002 f 0.00  0.000     0  0.00  0  0   0.926  -3.325   2.587   0.226   0.031   0.000 01R001M000 t
00044 CYS01A0017_001 f 0.00  0.000     0  0.00  0  0  -0.002  -1.846   1.426  -0.694   0.330   0.000 01O000M000 t
00045 CYS01A0017_002 f 0.00  0.000     0  0.00  0  0  -0.002  -1.876   1.426  -0.001   0.805   0.000 01O000M000 t
00046 CYS01A0017_003 f 0.00  0.000     0  0.00  0  0  -0.002  -1.825   1.426  -0.288   0.820   0.000 01O000M000 t
00047 CYS-1A0017_004 t 0.00 -1.000     0  9.10  0 -1   0.000  -1.798   1.426  -3.859   6.120   0.000 -1O000M000 t
00048 HIS01A0018_001 t 0.00  0.000     0  0.00  0  0  -0.199  -4.717   0.117   1.687   3.963   0.000 01O000M000 t
00049 HIS01A0018_002 t 0.00  0.000     0  0.00  0  0  -0.194  -5.478   0.085   1.593   3.961   0.000 01T000M000 t
00050 HIS02A0018_003 t 0.00  0.000     0  0.00  0  0  -0.216  -4.603   0.117  -1.356   3.955   0.000 02O000M000 t
00051 HIS+1A0018_004 t 0.00  1.000     0  6.98  0  1  -0.242  -4.616   0.117   4.293  11.928  -1.000 +1O000M000 t
00052 HIS+1A0018_005 t 0.00  1.000     0  6.98  0  1  -0.237  -5.660   0.076   4.672  11.916  -1.000 +1X000M000 t
00053 HIS+1A0018_006 t 0.00  1.000     0  6.98  0  1  -0.238  -5.681   0.076   4.733  11.918  -1.000 +1T000M000 t
00054 THR01A0019_001 f 0.00  0.000     0  0.00  0  0   0.829  11.422   1.218  -0.887   1.950   0.000 01O000M000 t
00055 THR01A0019_002 t 0.00  0.000     0  0.00  0  0   0.829  11.422   1.218   0.337   1.929   0.000 01O000M000 t
00056 THR01A0019_003 f 0.00  0.000     0  0.00  0  0   0.746  14.770   0.832  -0.834   1.952   0.000 01X000M000 t
00057 THR01A0019_004 t 0.00  0.000     0  0.00  0  0   0.741  14.964   0.825   0.100   1.931   0.000 01X000M000 t
00058 THR01A0019_005 t 0.00  0.000     0  0.00  0  0   0.459  35.323   1.159   0.399   1.927   0.000 01T000M000 t
00059 THR01A0019_006 t 0.00  0.000     0  0.00  0  0   0.458  32.806   0.782   0.122   1.930   0.000 01T000M000 t
00060 VAL01A0020_001 f 0.00  0.000     0  0.00  0  0   0.590   0.702   0.377   0.000   0.000   0.000 01O000M000 t
00061 VAL01A0020_002 f 0.00  0.000     0  0.00  0  0   0.641   0.665   0.449   0.000   0.000   0.000 01X000M000 t
00062 VAL01A0020_003 f 0.00  0.000     0  0.00  0  0   0.532   0.942   0.350   0.000   0.000   0.000 01T000M000 t
00063 GLU01A0021_001 f 0.00  0.000     0  0.00  0  0   1.360   0.715   4.189   0.387  -0.371   0.000 01O000M000 t
00064 GLU01A0021_002 f 0.00  0.000     0  0.00  0  0   1.360   0.715   1.469   0.124   0.480   0.000 01O000M000 t
00065 GLU02A0021_003 f 0.00  0.000     0  0.00  0  0   1.213   0.725   4.189   0.109  -0.221   0.000 02O000M000 t
00066 GLU02A0021_004 f 0.00  0.000     0  0.00  0  0   1.213   0.725   1.469   0.078   0.639   0.000 02O000M000 t
00067 GLU-1A0021_005 t 0.00 -1.000     0  4.75  0 -1   1.086   0.772   1.469  -0.112   0.260  -0.300 -1O000M000 t
00068 LYS01A0022_001 t 0.00  0.000     0  0.00  0  0   1.643   1.926   1.635  -0.100   0.070   0.000 01O000M000 t
00069 LYS+1A0022_002 t 0.00  1.000     0 10.40  0  1   1.560   1.895   1.635   0.408   0.787   0.400 +1O000M000 t
00070 LYS01A0025_001 t 0.00  0.000     0  0.00  0  0   1.528   1.730   2.973  -0.024  -0.002   0.000 01O000M000 t
00071 LYS01A0025_002 t 0.00  0.000     0  0.00  0  0   1.369   0.750   2.054  -0.025  -0.013   0.000 01X000M000 t
00072 LYS+1A0025_003 t 0.00  1.000     0 10.40  0  1   1.476   1.724   2.973   0.061  -0.518   0.400 +1O000M000 t
00073 HIS01A0026_001 t 0.00  0.000     0  0.00  0  0  -0.357  -1.487   0.990  -0.144   2.427   0.000 01O000M000 t
00074 HIS01A0026_002 t 0.00  0.000     0  0.00  0  0  -0.325  -2.779   0.537   0.419   1.471   0.000 01R001M000 t
00075 HIS01A0026_003 t 0.00  0.000     0  0.00  0  0  -0.357  -2.027   0.557  -0.165   2.411   0.000 01X000M000 t
00076 HIS02A0026_004 t 0.00  0.000     0  0.00  0  0  -0.369  -1.556   0.990  -0.058   2.312   0.000 02O000M000 t
00077 HIS02A0026_005 t 0.00  0.000     0  0.00  0  0  -0.369  -2.074   0.587  -0.055   2.310   0.000 02X000M000 t
00078 HIS02A0026_006 t 0.00  0.000     0  0.00  0  0  -0.338  -2.985   0.486  -0.442   2.016   0.000 02T001M000 t
00079 HIS+1A0026_007 f 0.00  1.000     0  6.98  0  1  -0.395  -1.661   0.990   1.397   4.850  -1.000 +1O000M000 t
00080 HIS+1A0026_008 f 0.00  1.000     0  6.98  0  1  -0.365  -2.950   0.579   1.107   3.435  -1.000 +1R001M000 t
00081 HIS+1A0026_009 f 0.00  1.000     0  6.98  0  1  -0.396  -2.181   0.591   1.242   5.044  -1.000 +1X000M000 t
00082 LYS01A0027_001 t 0.00  0.000     0  0.00  0  0   5.018  -0.357   3.419  -0.129   0.400   0.000 01O000M000 t
00083 LYS+1A0027_002 t 0.00  1.000     0 10.40  0  1   5.008  -0.368   3.419  -0.158   1.222   0.400 +1O000M000 t
00084 THR01A0028_001 f 0.00  0.000     0  0.00  0  0   0.464  -0.228   0.471  -0.435   0.018   0.000 01O000M000 t
00085 THR01A0028_002 f 0.00  0.000     0  0.00  0  0   0.464  -0.228   0.471   0.283   0.272   0.000 01O000M000 t
00086 PRO01A0030_001 t 0.00  0.000     0  0.00  0  0   0.255  -0.499   0.000   0.000   0.000   0.000 01O000M000 t
00087 ASN01A0031_001 t 0.00  0.000     0  0.00  0  0   0.376   7.877   1.371  -0.886   2.537   0.000 01O000M000 t
00088 LEU01A0032_001 f 0.00  0.000     0  0.00  0  0   1.496   2.286   0.607   0.000   0.000   0.000 01O000M000 t
00089 LEU01A0032_002 f 0.00  0.000     0  0.00  0  0   1.558   3.465   0.531   0.000   0.000   0.000 01X000M000 t
00090 LEU01A0032_003 f 0.00  0.000     0  0.00  0  0   1.279   3.013   0.564   0.000   0.000   0.000 01T000M000 t
00091 HIS01A0033_001 t 0.00  0.000     0  0.00  0  0  -0.172  -6.778   0.195   0.437   1.249   0.000 01O000M000 t
00092 HIS01A0033_002 t 0.00  0.000     0  0.00  0  0  -0.139  -6.421   0.193  -0.134   1.616   0.000 01T001M000 t
00093 HIS02A0033_003 t 0.00  0.000     0  0.00  0  0  -0.189  -6.845   0.195   0.312   1.285   0.000 02O000M000 t
00094 HIS02A0033_004 t 0.00  0.000     0  0.00  0  0  -0.152  -6.510   0.193   0.445   1.406   0.000 02R001M000 t
00095 HIS+1A0033_005 f 0.00  1.000     0  6.98  0  1  -0.216  -6.871   0.195   1.878   0.872  -1.000 +1O000M000 t
00096 HIS+1A0033_006 f 0.00  1.000     0  6.98  0  1  -0.178  -6.531   0.193   2.111   1.854  -1.000 +1T001M000 t
00097 LEU01A0035_001 f 0.00  0.000     0  0.00  0  0   2.592   1.199   1.387   0.000   0.000   0.000 01O000M000 t
00098 LEU01A0035_002 f 0.00  0.000     0  0.00  0  0   2.721   0.508   1.187   0.000   0.000   0.000 01X000M000 t
00099 LEU01A0035_003 f 0.00  0.000     0  0.00  0  0   2.127   1.233   1.336   0.000   0.000   0.000 01T000M000 t
00100 LEU01A0035_004 f 0.00  0.000     0  0.00  0  0   2.156   0.503   1.115   0.000   0.000   0.000 01T000M000 t
00101 PHE01A0036_001 t 0.00  0.000     0  0.00  0  0   4.811  -4.669   0.050   0.000   0.000   0.000 01O000M000 t
00102 ARG01A0038_001 t 0.00  0.000     0  0.00  0  0   1.798   4.655   1.295  -0.181   1.660   0.000 01O000M000 t
00103 ARG01A0038_002 t 0.00  0.000     0  0.00  0  0   2.143   0.728   1.094  -0.080   1.457   0.000 01X000M000 t
00104 ARG02A0038_003 t 0.00  0.000     0  0.00  0  0   1.791   4.556   1.295  -1.129   2.036   0.000 02O000M000 t
00105 ARG03A0038_004 t 0.00  0.000     0  0.00  0  0   1.728   4.631   1.295  -0.750   2.297   0.000 03O000M000 t
00106 ARG03A0038_005 t 0.00  0.000     0  0.00  0  0   1.695   2.770   0.991  -0.259   1.684   0.000 03T000M000 t
00107 ARG+1A0038_006 t 0.00  1.000     0 12.50  0  1   1.690   4.527   1.295  -0.006   2.506   0.000 +1O000M000 t
00108 LYS01A0039_001 t 0.00  0.000     0  0.00  0  0   0.824   5.682   2.047  -0.061   0.120   0.000 01O000M000 t
00109 LYS01A0039_002 t 0.00  0.000     0  0.00  0  0   0.724   3.560   1.287  -0.057   0.192   0.000 01T000M000 t
00110 LYS+1A0039_003 f 0.00  1.000     0 10.40  0  1   0.778   5.664   2.047   0.187   0.326   0.400 +1O000M000 t
00111 LYS+1A0039_004 f 0.00  1.000     0 10.40  0  1   0.672   3.672   1.276   0.182   0.516   0.400 +1T000M000 t
00112 THR01A0040_001 f 0.00  0.000     0  0.00  0  0   1.162   5.214   0.560   0.042   1.306   0.000 01O000M000 t
00113 THR01A0040_002 f 0.00  0.000     0  0.00  0  0   1.136   5.889   0.719  -0.012   1.269   0.000 01X000M000 t
00114 THR01A0040_003 t 0.00  0.000     0  0.00  0  0   0.460   8.473   0.406  -0.004   1.258   0.000 01T000M000 t
00115 THR01A0040_004 t 0.00  0.000     0  0.00  0  0   0.461  11.741   0.200   0.275   1.683   0.000 01T000M000 t
00116 GLN01A0042_001 f 0.00  0.000     0  0.00  0  0   0.478   5.973   1.478  -0.976   0.633   0.000 01O000M000 t
00117 GLN01A0042_002 f 0.00  0.000     0  0.00  0  0   0.432   2.362   1.339   0.721   0.113   0.000 01R001M000 t
00118 GLN01A0042_003 f 0.00  0.000     0  0.00  0  0   0.548   2.922   1.214  -1.082   0.607   0.000 01T000M000 t
00119 ALA01A0043_001 t 0.00  0.000     0  0.00  0  0   0.000  -0.376   0.007   0.000   0.000   0.000 01O000M000 t
00120 PRO01A0044_001 t 0.00  0.000     0  0.00  0  0   0.260   4.890   0.000   0.000   0.000   0.000 01O000M000 t
00121 TYR01A0046_001 t 0.00  0.000     0  0.00  0  0   3.986  -6.973   0.187  -1.649   1.939   0.000 01O000M000 t
00122 TYR-1A0046_002 t 0.00 -1.000     0 10.20  0 -1   3.986  -6.973   0.187  -4.378   9.313  -0.500 -1O000M000 t
00123 SER01A0047_001 t 0.00  0.000     0  0.00  0  0   0.000   1.392   2.276  -0.285  -0.223   0.000 01O000M000 t
00124 TYR01A0048_001 f 0.00  0.000     0  0.00  0  0   4.074  -2.249   2.016  -0.046   1.809   0.000 01O000M000 t
00125 TYR01A0048_002 f 0.00  0.000     0  0.00  0  0   4.076  -2.246   2.016   0.387   1.873   0.000 01O000M000 t
00126 TYR-1A0048_003 t 0.00 -1.000     0 10.20  0 -1   4.075  -2.246   2.016  -5.615   8.131  -0.500 -1O000M000 t
00127 THR01A0049_001 f 0.00  0.000     0  0.00  0  0   0.425   0.306   0.410   0.080   1.949   0.000 01O000M000 t
00128 THR01A0049_002 f 0.00  0.000     0  0.00  0  0   0.426   0.298   0.410   1.434   1.946   0.000 01O000M000 t
00129 ALA01A0050_001 t 0.00  0.000     0  0.00  0  0   0.000  -0.506   0.000   0.000   0.000   0.000 01O000M000 t
00130 ALA01A0051_001 t 0.00  0.000     0  0.00  0  0   0.000  -0.403   0.027   0.000   0.000   0.000 01O000M000 t
00131 ASN01A0052_001 t 0.00  0.000     0  0.00  0  0   0.260  -0.568   0.946   0.016   3.374   0.000 01O000M000 t
00132 LYS01A0053_001 t 0.00  0.000     0  0.00  0  0   2.248  -2.402   2.568  -0.082   0.151   0.000 01O000M000 t
00133 LYS+1A0053_002 t 0.00  1.000     0 10.40  0  1   2.168  -2.418   2.568   0.275   0.901   0.400 +1O000M000 t
00134 ASN01A0054_001 f 0.00  0.000     0  0.00  0  0   0.619   1.831   2.056   0.323   0.044   0.000 01O000M000 t
00135 ASN01A0054_002 f 0.00  0.000     0  0.00  0  0   0.311   1.989   1.615   0.477  -0.042   0.000 01R001M000 t
00136 LYS01A0055_001 t 0.00  0.000     0  0.00  0  0   6.354   9.319   3.078  -0.153   0.824   0.000 01O000M000 t
00137 LYS01A0055_002 t 0.00  0.000     0  0.00  0  0   5.849   7.612   2.827  -0.020   0.829   0.000 01X000M000 t
00138 LYS+1A0055_003 f 0.00  1.000     0 10.40  0  1   6.317  10.405   3.085   2.278   5.034   0.400 +1O000M000 t
00139 LYS+1A0055_004 f 0.00  1.000     0 10.40  0  1   5.500   7.943   2.888   2.085   5.371   0.400 +1T000M000 t
00140 ILE01A0057_001 f 0.00  0.000     0  0.00  0  0   1.037   3.731   1.667   0.000   0.000   0.000 01O000M000 t
00141 ILE01A0057_002 f 0.00  0.000     0  0.00  0  0   1.185   2.070   1.063   0.000   0.000   0.000 01X000M000 t
00142 ILE01A0057_003 f 0.00  0.000     0  0.00  0  0   0.870   7.409   0.971   0.000   0.000   0.000 01T000M000 t
00143 ILE01A0058_001 f 0.00  0.000     0  0.00  0  0   1.223   4.447   0.565   0.000   0.000   0.000 01O000M000 t
00144 ILE01A0058_002 f 0.00  0.000     0  0.00  0  0   1.505   1.691   0.656   0.000   0.000   0.000 01X000M000 t
00145 ILE01A0058_003 f 0.00  0.000     0  0.00  0  0   1.067   6.933   0.534   0.000   0.000   0.000 01T000M000 t
00146 TRP01A0059_001 t 0.00  0.000     0  0.00  0  0   2.913  -7.466   0.006   0.000   0.000   0.000 01O000M000 t
00147 GLU01A0061_001 f 0.00  0.000     0  0.00  0  0   0.811  -1.274   5.289  -0.152  -0.362   0.000 01O000M000 t
00148 GLU01A0061_002 f 0.00  0.000     0  0.00  0  0   0.811  -1.274   2.569  -0.156   0.768   0.000 01O000M000 t
00149 GLU02A0061_003 t 0.00  0.000     0  0.00  0  0   0.811  -1.072   5.289   0.738   1.373   0.000 02O000M000 t
00150 GLU02A0061_004 f 0.00  0.000     0  0.00  0  0   0.811  -1.072   2.569   0.017   0.792   0.000 02O000M000 t
00151 GLU-1A0061_005 t 0.00 -1.000     0  4.75  0 -1   0.685  -1.235   2.569  -1.242   1.538  -0.300 -1O000M000 t
00152 ASP01A0062_001 f 0.00  0.000     0  0.00  0  0   0.420  -0.322   4.336   0.821  -0.424   0.000 01O000M000 t
00153 ASP01A0062_002 f 0.00  0.000     0  0.00  0  0   0.420  -0.322   1.616   0.301   0.232   0.000 01O000M000 t
00154 ASP02A0062_003 f 0.00  0.000     0  0.00  0  0   0.492  -0.350   4.336   0.384  -0.532   0.000 02O000M000 t
00155 ASP02A0062_004 f 0.00  0.000     0  0.00  0  0   0.492  -0.350   1.616   0.242   0.525   0.000 02O000M000 t
00156 ASP-1A0062_005 f 0.00 -1.000     0  4.75  0 -1   0.372  -0.324   1.616  -0.735   0.104  -0.850 -1O000M000 t
00157 THR01A0063_001 f 0.00  0.000     0  0.00  0  0   0.868  11.225   1.231  -0.896   1.201   0.000 01O000M000 t
00158 THR01A0063_002 t 0.00  0.000     0  0.00  0  0   0.904  15.183   0.848   2.016   1.822   0.000 01X000M000 t
00159 THR01A0063_003 f 0.00  0.000     0  0.00  0  0   0.462  33.480   1.163  -0.373   1.293   0.000 01T000M000 t
00160 THR01A0063_004 t 0.00  0.000     0  0.00  0  0   0.458  61.151   0.360  -1.438   1.705   0.000 01T000M000 t
00161 THR01A0063_005 t 0.00  0.000     0  0.00  0  0   0.460  57.952   0.392  -1.455   1.701   0.000 01T000M000 t
00162 LEU01A0064_001 f 0.00  0.000     0  0.00  0  0   1.721   9.537   0.970   0.000   0.000   0.000 01O000M000 t
00163 LEU01A0064_002 f 0.00  0.000     0  0.00  0  0   1.397   7.092   0.941   0.000   0.000   0.000 01X000M000 t
00164 LEU01A0064_003 f 0.00  0.000     0  0.00  0  0   1.306  36.943   0.820   0.000   0.000   0.000 01T000M000 t
00165 LEU01A0064_004 f 0.00  0.000     0  0.00  0  0   1.280  12.790   0.885   0.000   0.000   0.000 01T000M000 t
00166 MET01A0065_001 t 0.00  0.000     0  0.00  0  0   0.454  -1.910   4.104   0.077   0.058   0.000 01O000M000 t
00167 GLU01A0066_001 f 0.00  0.000     0  0.00  0  0   0.433  -1.170   4.900   0.315  -0.290   0.000 01O000M000 t
00168 GLU01A0066_002 f 0.00  0.000     0  0.00  0  0   0.433  -1.170   2.180   0.208   0.739   0.000 01O000M000 t
00169 GLU02A0066_003 f 0.00  0.000     0  0.00  0  0   0.458  -0.897   4.900   0.065   0.160   0.000 02O000M000 t
00170 GLU02A0066_004 f 0.00  0.000     0  0.00  0  0   0.458  -0.897   2.180   0.139   0.801   0.000 02O000M000 t
00171 GLU-1A0066_005 t 0.00 -1.000     0  4.75  0 -1   0.337  -1.130   2.180  -0.015   0.816  -0.300 -1O000M000 t
00172 TYR01A0067_001 f 0.00  0.000     0  0.00  0  0   4.194   1.628   0.612  -0.065   2.691   0.000 01O000M000 t
00173 TYR01A0067_002 f 0.00  0.000     0  0.00  0  0   4.191   1.633   0.612   0.046   2.689   0.000 01O000M000 t
00174 TYR01A0067_003 f 0.00  0.000     0  0.00  0  0   4.196   1.175   0.528  -0.075   2.691   0.000 01T000M000 t
00175 TYR01A0067_004 f 0.00  0.000     0  0.00  0  0   4.188   1.197   0.526   0.046   2.690   0.000 01T000M000 t
00176 TYR-1A0067_005 t 0.00 -1.000     0 10.20  0 -1   4.194   1.628   0.612  -5.115  15.128  -0.500 -1O000M000 t
00177 TYR-1A0067_006 t 0.00 -1.000     0 10.20  0 -1   4.180   1.194   0.526  -5.074  15.123  -0.500 -1T000M000 t
00178 LEU01A0068_001 t 0.00  0.000     0  0.00  0  0   1.293  -2.515   0.427   0.000   0.000   0.000 01O000M000 t
00179 GLU01A0069_001 f 0.00  0.000     0  0.00  0  0   0.649   0.555   5.515   0.092   0.048   0.000 01O000M000 t
00180 GLU01A0069_002 f 0.00  0.000     0  0.00  0  0   0.649   0.555   2.795   0.113   0.703   0.000 01O000M000 t
00181 GLU02A0069_003 f 0.00  0.000     0  0.00  0  0   0.705   0.535   5.515  -0.093   0.337   0.000 02O000M000 t
00182 GLU02A0069_004 f 0.00  0.000     0  0.00  0  0   0.705   0.535   2.795   0.076   0.725   0.000 02O000M000 t
00183 GLU-1A0069_005 t 0.00 -1.000     0  4.75  0 -1   0.566   0.596   2.795   0.343   0.948  -0.300 -1O000M000 t
00184 ASN01A0070_001 f 0.00  0.000     0  0.00  0  0   0.523   6.279   0.491   0.899   0.511   0.000 01O000M000 t
00185 ASN01A0070_002 f 0.00  0.000     0  0.00  0  0   0.565   0.867   0.624   0.667   0.502   0.000 01X000M000 t
00186 PRO01A0071_001 t 0.00  0.000     0  0.00  0  0   0.259  -2.937   0.000   0.000   0.000   0.000 01O000M000 t
00187 LYS01A0072_001 t 0.00  0.000     0  0.00  0  0   5.089   5.740   2.923  -0.366   0.639   0.000 01O000M000 t
00188 LYS01A0072_002 t 0.00  0.000     0  0.00  0  0   2.620   5.214   2.378  -0.334   0.577   0.000 01X000M000 t
00189 LYS+1A0072_003 f 0.00  1.000     0 10.40  0  1   5.142   5.713   2.923   0.880   3.664   0.400 +1O000M000 t
00190 LYS+1A0072_004 f 0.00  1.000     0 10.40  0  1   2.614   5.110   2.412   0.525   3.151   0.400 +1X000M000 t
00191 LYS01A0073_001 t 0.00  0.000     0  0.00  0  0   1.988   0.778   3.272  -0.031   0.447   0.000 01O000M000 t
00192 LYS+1A0073_002 t 0.00  1.000     0 10.40  0  1   1.924   0.785   3.272   0.348   1.471   0.400 +1O000M000 t
00193 TYR01A0074_001 f 0.00  0.000     0  0.00  0  0   4.173  -3.835   1.305   0.062   1.320   0.000 01O000M000 t
00194 TYR01A0074_002 f 0.00  0.000     0  0.00  0  0   4.157  -4.062   1.285   0.837   2.072   0.000 01T000M000 t
00195 TYR-1A0074_003 t 0.00 -1.000     0 10.20  0 -1   4.173  -3.835   1.305  -1.055   6.259  -0.500 -1O000M000 t
00196 TYR-1A0074_004 t 0.00 -1.000     0 10.20  0 -1   4.182  -4.102   1.274  -1.034   6.750  -0.500 -1X000M000 t
00197 ILE01A0075_001 f 0.00  0.000     0  0.00  0  0   5.296   0.342   1.136   0.000   0.000   0.000 01O000M000 t
00198 ILE01A0075_002 f 0.00  0.000     0  0.00  0  0   5.110  -0.409   1.015   0.000   0.000   0.000 01X000M000 t
00199 ILE01A0075_003 f 0.00  0.000     0  0.00  0  0   5.634   0.068   1.091   0.000   0.000   0.000 01T000M000 t
00200 ILE01A0075_004 f 0.00  0.000     0  0.00  0  0   5.140  -0.756   0.957   0.000   0.000   0.000 01T000M000 t
00201 PRO01A0076_001 t 0.00  0.000     0  0.00  0  0   0.260   1.250   0.000   0.000   0.000   0.000 01O000M000 t
00202 THR01A0078_001 t 0.00  0.000     0  0.00  0  0   0.504  -1.322   1.606   1.532   1.976   0.000 01O000M000 t
00203 THR01A0078_002 f 0.00  0.000     0  0.00  0  0   0.504  -1.316   1.606  -0.289   1.968   0.000 01O000M000 t
00204 THR01A0078_003 f 0.00  0.000     0  0.00  0  0   0.503  -1.313   1.248  -1.403   1.975   0.000 01O000M000 t
00205 THR01A0078_004 f 0.00  0.000     0  0.00  0  0   0.462  -2.222   0.435   2.201   1.960   0.000 01T000M000 t
00206 THR01A0078_005 f 0.00  0.000     0  0.00  0  0   0.463  -2.071   0.424   0.284   1.959   0.000 01T000M000 t
00207 THR01A0078_006 f 0.00  0.000     0  0.00  0  0   0.463  -2.071   0.049  -1.677   1.974   0.000 01T000M000 t
00208 LYS01A0079_001 t 0.00  0.000     0  0.00  0  0   1.139  -2.411   2.332  -0.212   0.101   0.000 01O000M000 t
00209 LYS+1A0079_002 t 0.00  1.000     0 10.40  0  1   1.091  -2.451   2.332  -0.018   1.531   0.400 +1O000M000 t
00210 MET01A0080_001 f 0.00  0.000     0  0.00  0  0   0.215   1.763   1.452  -0.057   0.099   0.000 01O000M000 t
00211 MET01A0080_002 f 0.00  0.000     0  0.00  0  0   0.126   2.161   0.827  -0.047   0.099   0.000 01X000M000 t
00212 ILE01A0081_001 t 0.00  0.000     0  0.00  0  0   1.085   7.501   0.373   0.000   0.000   0.000 01O000M000 t
00213 PHE01A0082_001 t 0.00  0.000     0  0.00  0  0   4.804  -2.513   0.642   0.000   0.000   0.000 01O000M000 t
00214 VAL01A0083_001 f 0.00  0.000     0  0.00  0  0   0.550   5.365   0.086   0.000   0.000   0.000 01O000M000 t
00215 VAL01A0083_002 f 0.00  0.000     0  0.00  0  0   0.534   9.048   0.016   0.000   0.000   0.000 01T000M000 t
00216 ILE01A0085_001 f 0.00  0.000     0  0.00  0  0   1.711   3.100   0.672   0.000   0.000   0.000 01O000M000 t
00217 ILE01A0085_002 f 0.00  0.000     0  0.00  0  0   1.612   6.007   0.646   0.000   0.000   0.000 01T000M000 t
00218 ILE01A0085_003 f 0.00  0.000     0  0.00  0  0   1.928   5.777   0.534   0.000   0.000   0.000 01T000M000 t
00219 LYS01A0086_001 t 0.00  0.000     0  0.00  0  0   1.334   1.934   1.567  -0.061  -0.125   0.000 01O000M000 t
00220 LYS+1A0086_002 t 0.00  1.000     0 10.40  0  1   1.287   1.928   1.567   0.235  -0.029   0.400 +1O000M000 t
00221 LYS01A0087_001 t 0.00  0.000     0  0.00  0  0   2.630  -0.982   3.909   0.005   0.463   0.000 01O000M000 t
00222 LYS01A0087_002 t 0.00  0.000     0  0.00  0  0   2.206   0.816   2.443  -0.055   0.379   0.000 01T000M000 t
00223 LYS+1A0087_003 f 0.00  1.000     0 10.40  0  1   2.569  -0.998   3.909   1.550   2.435   0.400 +1O000M000 t
00224 LYS+1A0087_004 f 0.00  1.000     0 10.40  0  1   2.070   0.922   2.537   1.354   1.791   0.400 +1X000M000 t
00225 LYS01A0088_001 t 0.00  0.000     0  0.00  0  0   1.435  -1.349   1.605  -0.089   0.029   0.000 01O000M000 t
00226 LYS+1A0088_002 t 0.00  1.000     0 10.40  0  1   1.387  -1.353   1.605   0.570  -0.086   0.400 +1O000M000 t
00227 GLU01A0089_001 f 0.00  0.000     0  0.00  0  0   1.177   0.314   4.935   0.815   0.621   0.000 01O000M000 t
00228 GLU01A0089_002 f 0.00  0.000     0  0.00  0  0   1.177   0.313   2.209   0.230   0.667   0.000 01O000M000 t
00229 GLU02A0089_003 f 0.00  0.000     0  0.00  0  0   1.082   0.333   4.929   0.340  -0.411   0.000 02O000M000 t
00230 GLU02A0089_004 f 0.00  0.000     0  0.00  0  0   1.082   0.333   2.209   0.174   0.716   0.000 02O000M000 t
00231 GLU-1A0089_005 f 0.00 -1.000     0  4.75  0 -1   0.953   0.354   2.209  -0.988   0.707  -0.300 -1O000M000 t
00232 GLU01A0090_001 f 0.00  0.000     0  0.00  0  0   0.430   4.257   5.676   0.306   0.625   0.000 01O000M000 t
00233 GLU01A0090_002 f 0.00  0.000     0  0.00  0  0   0.430   4.257   2.956   0.160   1.354   0.000 01O000M000 t
00234 GLU01A0090_003 f 0.00  0.000     0  0.00  0  0   0.458   1.463   5.629   0.466   0.749   0.000 01T000M000 t
00235 GLU01A0090_004 f 0.00  0.000     0  0.00  0  0   0.458   1.463   2.909   0.246   1.388   0.000 01T000M000 t
00236 GLU02A0090_005 t 0.00  0.000     0  0.00  0  0   0.468   2.975   5.676   0.448   1.536   0.000 02O000M000 t
00237 GLU02A0090_006 f 0.00  0.000     0  0.00  0  0   0.469   2.975   2.956   0.079   1.703   0.000 02O000M000 t
00238 GLU02A0090_007 f 0.00  0.000     0  0.00  0  0   0.537   2.251   5.553   0.134   1.216   0.000 02X000M000 t
00239 GLU02A0090_008 f 0.00  0.000     0  0.00  0  0   0.560   2.759   2.750  -0.159   1.551   0.000 02T000M000 t
00240 GLU-1A0090_009 f 0.00 -1.000     0  4.75  0 -1   0.343   3.045   2.956  -2.793   4.622  -0.300 -1O000M000 t
00241 ARG01A0091_001 t 0.00  0.000     0  0.00  0  0   3.063  -4.307   0.819  -0.289   3.062   0.000 01O000M000 t
00242 ARG02A0091_002 t 0.00  0.000     0  0.00  0  0   3.033  -4.661   0.819   1.068   3.325   0.000 02O000M000 t
00243 ARG02A0091_003 t 0.00  0.000     0  0.00  0  0   3.134  -4.220   0.819  -0.320   3.419   0.000 02O000M000 t
00244 ARG03A0091_004 t 0.00  0.000     0  0.00  0  0   3.023  -4.380   0.819  -0.162   3.495   0.000 03O000M000 t
00245 ARG+1A0091_005 t 0.00  1.000     0 12.50  0  1   2.983  -4.409   0.819   0.407   6.186   0.000 +1O000M000 t
00246 ALA01A0092_001 t 0.00  0.000     0  0.00  0  0   0.000  -1.008   0.000   0.000   0.000   0.000 01O000M000 t
00247 ASP01A0093_001 t 0.00  0.000     0  0.00  0  0   0.223   3.013   3.028   1.595   1.667   0.000 01O000M000 t
00248 ASP01A0093_002 f 0.00  0.000     0  0.00  0  0   0.224   3.007   0.308  -0.131   0.826   0.000 01O000M000 t
00249 ASP01A0093_003 t 0.00  0.000     0  0.00  0  0   0.191  -0.075   2.900   1.403   1.604   0.000 01T000M000 t
00250 ASP01A0093_004 f 0.00  0.000     0  0.00  0  0   0.181  -0.182   0.177  -0.044   0.910   0.000 01T000M000 t
00251 ASP02A0093_005 f 0.00  0.000     0  0.00  0  0   0.330   1.735   3.028  -0.858   1.125   0.000 02O000M000 t
00252 ASP02A0093_006 f 0.00  0.000     0  0.00  0  0   0.330   1.735   0.308  -0.973   1.716   0.000 02O000M000 t
00253 ASP02A0093_007 f 0.00  0.000     0  0.00  0  0   0.235  -0.980   2.866  -0.353   0.976   0.000 02T000M000 t
00254 ASP02A0093_008 f 0.00  0.000     0  0.00  0  0   0.235  -0.980   0.146  -0.549   1.580   0.000 02T000M000 t
00255 ASP-1A0093_009 f 0.00 -1.000     0  4.75  0 -1   0.216   1.644   0.307  -3.168   4.870  -0.850 -1O000M000 t
00256 ASP-1A0093_010 f 0.00 -1.000     0  4.75  0 -1   0.146  -0.939   0.158  -2.707   4.783  -0.850 -1X000M000 t
00257 LEU01A0094_001 f 0.00  0.000     0  0.00  0  0   1.684  -0.674   1.202   0.000   0.000   0.000 01O000M000 t
00258 LEU01A0094_002 f 0.00  0.000     0  0.00  0  0   1.772  -0.537   1.060   0.000   0.000   0.000 01X000M000 t
00259 LEU01A0094_003 f 0.00  0.000     0  0.00  0  0   1.305   9.398   1.091   0.000   0.000   0.000 01T000M000 t
00260 LEU01A0094_004 f 0.00  0.000     0  0.00  0  0   1.316  12.710   0.924   0.000   0.000   0.000 01T000M000 t
00261 ILE01A0095_001 t 0.00  0.000     0  0.00  0  0   2.575   4.227   0.606   0.000   0.000   0.000 01O000M000 t
00262 ALA01A0096_001 t 0.00  0.000     0  0.00  0  0   0.000   2.478   0.012   0.000   0.000   0.000 01O000M000 t
00263 TYR01A0097_001 t 0.00  0.000     0  0.00  0  0   4.185  -9.043   0.798  -0.097   1.260   0.000 01O000M000 t
00264 TYR-1A0097_002 t 0.00 -1.000     0 10.20  0 -1   4.185  -9.043   0.798  -1.357   5.557  -0.500 -1O000M000 t
00265 LEU01A0098_001 f 0.00  0.000     0  0.00  0  0   1.516  -2.556   0.512   0.000   0.000   0.000 01O000M000 t
00266 LEU01A0098_002 f 0.00  0.000     0  0.00  0  0   1.654  -1.585   0.563   0.000   0.000   0.000 01X000M000 t
00267 LEU01A0098_003 f 0.00  0.000     0  0.00  0  0   1.484  -3.115   0.465   0.000   0.000   0.000 01T000M000 t
00268 LYS01A0099_001 t 0.00  0.000     0  0.00  0  0   4.243   2.873   4.049  -0.063   0.656   0.000 01O000M000 t
00269 LYS01A0099_002 t 0.00  0.000     0  0.00  0  0   2.788   2.823   3.276  -0.019   0.713   0.000 01T000M000 t
00270 LYS+1A0099_003 t 0.00  1.000     0 10.40  0  1   4.156   2.863   4.049   0.884   4.747   0.400 +1O000M000 t
00271 LYS01A0100_001 t 0.00  0.000     0  0.00  0  0   0.638  -1.735   0.951  -0.012   0.027   0.000 01O000M000 t
00272 LYS+1A0100_002 t 0.00  1.000     0 10.40  0  1   0.591  -1.741   0.951  -0.242  -0.090   0.400 +1O000M000 t
00273 ALA01A0101_001 t 0.00  0.000     0  0.00  0  0   0.000   0.532   0.000   0.000   0.000   0.000 01O000M000 t
00274 THR01A0102_001 f 0.00  0.000     0  0.00  0  0   0.467   8.663   0.825  -1.079   1.807   0.000 01O000M000 t
00275 THR01A0102_002 f 0.00  0.000     0  0.00  0  0   0.467   8.663   0.467   1.290   1.446   0.000 01O000M000 t
00276 THR01A0102_003 t 0.00  0.000     0  0.00  0  0   0.459  21.387   0.404   1.288   1.444   0.000 01T000M000 t
00277 THR01A0102_004 t 0.00  0.000     0  0.00  0  0   0.462  23.418   0.421  -0.409   1.870   0.000 01T000M000 t
00278 ASN01A0103_001 f 0.00  0.000     0  0.00  0  0   0.379   7.829   1.441  -0.414   0.483   0.000 01O000M000 t
00279 ASN01A0103_002 t 0.00  0.000     0  0.00  0  0   0.085  11.291   0.827   0.779   0.905   0.000 01R001M000 t
00280 ASN01A0103_003 f 0.00  0.000     0  0.00  0  0   0.380   8.954   1.012  -0.507   0.521   0.000 01T000M000 t
00281 GLU01A0104_001 f 0.00  0.000     0  0.00  0  0   0.908  10.421   4.773  -0.170  -0.441   0.000 01O000M000 t
00282 GLU01A0104_002 f 0.00  0.000     0  0.00  0  0   0.908  10.421   2.053  -0.052   0.560   0.000 01O000M000 t
00283 GLU02A0104_003 f 0.00  0.000     0  0.00  0  0   1.069  10.423   4.773  -0.093  -0.931   0.000 02O000M000 t
00284 GLU02A0104_004 f 0.00  0.000     0  0.00  0  0   1.069  10.423   2.053  -0.044   0.467   0.000 02O000M000 t
00285 GLU-1A0104_005 t 0.00 -1.000     0  4.75  0 -1   0.819  10.447   2.053   0.257   0.281  -0.300 -1O000M000 t
00286 CTR01A0104_001 f 0.00  0.000     0  0.00  0  0  -0.021   0.182   2.720  -0.067  -0.945   0.000 01O000M000 t
00287 CTR01A0104_002 f 0.00  0.000     0  0.00  0  0   0.107  -0.497   0.000   0.027  -0.755   0.000 01O000M000 t
00288 CTR02A0104_003 f 0.00  0.000     0  0.00  0  0  -0.022  -0.455   2.720  -0.046  -1.150   0.000 02O000M000 t
00289 CTR02A0104_004 f 0.00  0.000     0  0.00  0  0   0.042  -0.470   0.000   0.019  -0.756   0.000 02O000M000 t
00290 CTR-1A0104_005 t 0.00 -1.000     0  3.75  0 -1   0.000  -0.419   0.000   0.391   0.090   0.000 -1O000M000 t
00291 HEM01A0500_001 f 0.00  0.000     0  0.00  0  0  -4.795 -20.040   0.000  -0.062   0.459   0.000 01O000M000 t
00292 HEM+1A0500_002 f 0.00  1.000   -15  0.00 -1  0  -4.795 -20.040   0.000   5.589   6.981   0.000 +1O000M000 t
00293 PAA01A0500_001 f 0.00  0.000     0  0.00  0  0   1.545  -1.869   2.720   0.413   1.213   0.000 01O000M000 t
00294 PAA01A0500_002 f 0.00  0.000     0  0.00  0  0   1.545  -1.869   0.000   0.373   1.362   0.000 01O000M000 t
00295 PAA02A0500_003 f 0.00  0.000     0  0.00  0  0   1.331  -1.898   2.720  -0.019   1.294   0.000 02O000M000 t
00296 PAA02A0500_004 f 0.00  0.000     0  0.00  0  0   1.331  -1.898   0.000  -0.461   1.496   0.000 02O000M000 t
00297 PAA-1A0500_005 t 0.00 -1.000     0  4.90  0 -1   1.221  -1.841   0.000  -4.374  10.802   1.000 -1O000M000 t
00298 PDD01A0500_001 f 0.00  0.000     0  0.00  0  0   0.733  -3.186   2.720   0.240   1.560   0.000 01O000M000 t
00299 PDD01A0500_002 f 0.00  0.000     0  0.00  0  0   0.733  -3.186   0.000  -0.349   1.592   0.000 01O000M000 t
00300 PDD01A0500_003 f 0.00  0.000     0  0.00  0  0   0.615  -4.087   2.720   0.467   1.558   0.000 01T000M000 t
00301 PDD01A0500_004 f 0.00  0.000     0  0.00  0  0   0.615  -4.087   0.000  -0.252   1.592   0.000 01T000M000 t
00302 PDD02A0500_005 t 0.00  0.000     0  0.00  0  0   0.749  -2.727   2.720   1.365   1.554   0.000 02O000M000 t
00303 PDD02A0500_006 f 0.00  0.000     0  0.00  0  0   0.749  -2.727   0.000  -0.064   1.593   0.000 02O000M000 t
00304 PDD02A0500_007 f 0.00  0.000     0  0.00  0  0   0.640  -3.967   0.000  -0.072   1.592   0.000 02X000M000 t
00305 PDD02A0500_008 f 0.00  0.000     0  0.00  0  0   0.642  -3.967   2.720   1.222   1.555   0.000 02T000M000 t
00306 PDD-1A0500_009 f 0.00 -1.000     0  4.90  0 -1   0.622  -3.135   0.000  -7.803  13.900   1.000 -1O000M000 t
00307 PDD-1A0500_010 f 0.00 -1.000     0  4.90  0 -1   0.480  -4.232   0.000  -7.579  13.918   1.000 -1X000M000 t
