Sampling at pH = 0.0 and Eh = -200
Cluster: LEUA0098_, PHEA0010_, VALA0020_, LEUA0094_, TYRA0097_, THRA0102_, CYSA0014_, HISA0018_, LEUA0032_, HEMA0500_, ILEA0009_, LYSA0013_, ILEA0085_, LYSA0007_, HISA0033_, ASNA0103_, SERA0015_, CYSA0017_, TYRA0046_, TYRA0067_, ARGA0091_, PAAA0500_, PDDA0500_, HISA0026_, ARGA0038_, TYRA0048_, TYRA0074_, META0080_, LEUA0035_, GLNA0016_, THRA0028_, THRA0049_, LEUA0064_, THRA0078_, LYSA0079_, LYSA0005_, LYSA0087_, GLUA0090_, GLUA0004_, LYSA0022_, LYSA0099_ +
n = 7395370355801456640000, > 1000000 Monte Carlo sampling
Doing entropy correction.
Occ run:
   Step      0 [264,28,60,256,263,273,37,48,88,290,26,34,216,21,95,279,40,46,121,175,240,294,304,75,105,123,194,209,98,41,84,126,163,202,208,19,223,232,15,68,268], E_minimum = 2404.08, E_running = 2404.08, H_running = 2404.08
   Step  50000 [265,29,60,257,262,273,37,49,87,290,25,34,215,21,94,277,40,44,120,174,244,295,300,79,106,123,192,209,96,42,84,126,162,206,208,19,223,238,16,68,269], E_minimum = 2050.16, E_running = 2052.70, H_running = 2052.70
   Step 100000 [265,29,60,257,262,273,35,49,87,290,25,34,215,21,95,277,40,45,120,173,244,295,306,79,106,123,192,209,96,42,83,126,162,206,208,19,223,234,16,68,269], E_minimum = 2050.16, E_running = 2053.07, H_running = 2053.07
   Step 150000 [265,29,59,257,262,273,37,49,87,290,25,34,215,21,94,279,40,43,120,174,244,295,300,79,106,123,192,209,96,41,83,126,162,206,208,19,223,234,16,68,269], E_minimum = 2050.16, E_running = 2052.25, H_running = 2052.25
   Step 200000 [265,29,60,257,262,273,35,49,87,290,25,34,215,21,94,279,39,45,120,174,244,295,300,79,106,123,192,209,96,41,83,126,162,206,208,19,223,234,14,68,269], E_minimum = 2050.16, E_running = 2051.66, H_running = 2051.66
   Step 250000 [265,29,60,257,262,273,35,49,87,290,25,34,215,21,94,277,40,43,120,174,244,295,300,79,106,123,192,209,96,42,83,127,162,206,208,19,223,234,14,68,269], E_minimum = 2050.16, E_running = 2050.95, H_running = 2050.95
   Step 300000 [265,29,60,257,262,273,35,49,87,290,25,34,215,21,94,277,40,44,120,174,244,295,303,79,106,123,192,209,96,41,84,127,162,206,208,19,223,238,14,68,269], E_minimum = 2050.16, E_running = 2054.04, H_running = 2054.04
   Exit cluster state: [265,29,60,257,262,273,37,49,87,290,25,34,215,21,94,279,39,43,120,174,244,295,300,80,106,124,193,209,96,41,83,126,162,206,208,19,223,234,16,68,269]
   Exit 350000, E_minimum =    2050.16, E_running = 2055.89, H_running = 2055.89
   The average running enthalpy is 2052.884
Cluster: META0012_, GLNA0016_, CYSA0017_, HEMA0500_, CYSA0014_, HISA0018_, LYSA0027_, TYRA0046_, TYRA0067_, PAAA0500_, PDDA0500_, PHEA0010_, LYSA0013_, THRA0028_, LEUA0032_, LEUA0035_, ARGA0038_, TYRA0048_, THRA0049_, LEUA0064_, TYRA0074_, THRA0078_, LYSA0079_, META0080_, ILEA0085_, LEUA0094_ +
n = 14676708556800, > 1000000 Monte Carlo sampling
Doing entropy correction.
Occ run:
   Step      0 [31,42,44,290,35,51,82,120,173,293,298,28,34,83,89,98,101,125,127,161,194,206,208,210,216,259], E_minimum = 2241.04, E_running = 2241.04, H_running = 2241.04
   Step  50000 [32,41,45,290,35,49,82,120,174,295,300,29,34,83,87,96,106,124,126,162,192,206,208,209,215,257], E_minimum = 2043.18, E_running = 2044.44, H_running = 2044.44
   Step 100000 [32,42,43,290,37,49,82,120,174,295,300,29,34,83,87,96,106,123,126,162,192,206,208,209,215,257], E_minimum = 2043.18, E_running = 2043.46, H_running = 2043.46
   Step 150000 [32,42,43,290,37,49,82,120,174,295,300,29,34,83,87,96,106,123,126,162,192,206,208,209,215,257], E_minimum = 2043.18, E_running = 2043.46, H_running = 2043.46
   Exit cluster state: [32,42,43,290,37,49,82,120,174,295,303,29,34,84,87,96,106,124,126,162,192,206,208,209,215,257]
   Exit 200000, E_minimum =    2043.18, E_running = 2046.05, H_running = 2046.05
   The average running enthalpy is 2045.034
Cluster: PAAA0500_, CYSA0014_, CYSA0017_, HISA0018_, HISA0026_, LEUA0032_, LEUA0035_, ARGA0038_, TYRA0046_, TYRA0048_, TYRA0067_, TYRA0074_, HEMA0500_, PDDA0500_, PHEA0010_, LYSA0013_, SERA0015_, ARGA0091_, LEUA0094_, TYRA0097_, GLNA0016_, LYSA0027_, META0080_, VALA0020_, LEUA0064_, GLNA0042_, LYSA0079_, THRA0049_, LYSA0053_, LYSA0055_, ILEA0075_, THRA0078_, ILEA0057_, THRA0063_, GLUA0066_, THRA0028_, ILEA0085_, LEUA0098_, ILEA0009_, LYSA0087_, GLUA0069_, LYSA0088_, GLUA0090_, LYSA0007_, META0012_, LYSA0025_, THRA0102_, LYSA0039_, THRA0040_ +
n = 94660740554258644992000000, > 1000000 Monte Carlo sampling
Doing entropy correction.
Occ run:
   Step      0 [295,35,46,48,78,89,98,101,120,125,173,193,291,303,28,33,40,242,257,263,41,81,209,59,164,116,207,127,131,136,197,202,141,157,166,83,217,265,26,223,181,225,235,21,32,70,274,110,114], E_minimum = 2508.07, E_running = 2508.07, H_running = 2507.86
   Step  50000 [295,35,45,49,79,87,96,106,120,123,174,192,290,300,29,34,40,244,257,262,42,82,209,60,162,117,208,127,132,138,196,206,139,156,169,83,215,265,25,223,181,225,234,21,32,71,273,110,112], E_minimum = 2092.87, E_running = 2094.76, H_running = 2094.55
   Step 100000 [295,37,43,49,79,87,96,106,120,123,174,192,290,300,29,34,39,244,257,262,41,82,209,60,162,117,208,126,132,138,196,206,139,156,167,83,215,265,25,223,181,225,234,21,32,71,273,110,112], E_minimum = 2092.87, E_running = 2093.93, H_running = 2093.73
   Step 150000 [295,37,43,49,79,87,96,106,120,123,173,192,290,306,29,34,39,244,257,262,42,82,209,60,162,117,208,126,132,138,196,206,139,156,167,83,215,265,25,223,181,225,234,21,32,71,273,110,112], E_minimum = 2092.87, E_running = 2094.94, H_running = 2094.74
   Step 200000 [295,35,43,49,79,87,96,106,120,123,174,192,290,300,29,34,39,244,257,262,42,82,209,60,162,117,208,126,132,138,196,206,139,156,167,83,215,265,25,223,179,225,234,21,32,71,273,110,112], E_minimum = 2092.87, E_running = 2093.28, H_running = 2093.08
   Step 250000 [295,35,45,49,79,87,96,106,120,123,174,192,290,300,29,34,40,244,256,262,42,82,209,59,162,117,208,126,132,138,196,206,139,156,169,83,215,265,25,223,179,225,238,21,32,71,273,110,112], E_minimum = 2092.87, E_running = 2096.32, H_running = 2096.12
   Step 300000 [295,37,43,49,79,87,96,106,120,124,173,192,290,303,29,34,39,244,257,262,41,82,209,60,162,117,208,126,132,138,196,206,139,156,167,83,215,265,25,223,181,225,238,21,32,71,273,110,112], E_minimum = 2092.87, E_running = 2096.30, H_running = 2096.10
   Step 350000 [295,37,45,49,79,87,96,106,120,123,173,192,290,303,29,34,40,244,257,262,41,82,209,60,162,117,208,126,132,138,196,206,139,156,167,83,215,264,25,223,181,225,238,21,32,71,273,110,112], E_minimum = 2092.87, E_running = 2097.95, H_running = 2097.75
   Exit cluster state: [295,35,43,49,79,87,96,106,120,123,174,192,290,300,29,34,39,244,257,262,42,82,209,60,162,117,208,126,132,138,196,206,139,156,169,83,215,264,25,223,181,225,234,21,32,71,273,110,112]
   Exit 400000, E_minimum =    2092.87, E_running = 2095.11, H_running = 2094.91
   The average running enthalpy is 2095.808
Cluster: LYSA0013_, ILEA0009_, CYSA0014_, LYSA0087_, LEUA0094_, HEMA0500_, LYSA0005_, PHEA0010_, SERA0015_, CYSA0017_, HISA0018_, TYRA0046_, TYRA0067_, ARGA0091_, TYRA0097_, PAAA0500_, PDDA0500_, LYSA0086_, GLUA0089_, GLUA0090_, ILEA0085_, LEUA0098_, GLNA0016_, THRA0028_, LEUA0032_, LEUA0035_, ARGA0038_, TYRA0048_, THRA0049_, LEUA0064_, TYRA0074_, THRA0078_, LYSA0079_, META0080_, ASPA0002_, GLUA0004_, ASPA0093_, VALA0020_, LYSA0027_, HISA0026_, LYSA0055_, ILEA0075_, GLUA0066_, GLUA0069_, LYSA0088_, LYSA0007_, THRA0102_, META0012_, GLNA0042_, LYSA0053_, ILEA0057_, THRA0063_ +
n = 17748888853923495936000000000, > 1000000 Monte Carlo sampling
Doing entropy correction.
Occ run:
   Step      0 [33,25,35,223,258,291,18,28,40,44,49,120,173,244,262,294,302,218,227,235,217,265,42,83,89,99,105,125,126,161,192,205,207,210,7,16,247,59,81,77,135,196,170,182,225,21,273,31,115,131,141,160], E_minimum = 2396.93, E_running = 2396.93, H_running = 2396.70
   Step  50000 [34,25,35,223,257,290,19,29,39,43,49,120,174,244,262,295,300,219,229,234,215,265,42,83,87,96,106,123,127,162,192,206,208,209,8,16,253,60,82,79,138,196,167,181,225,21,273,32,116,132,139,156], E_minimum = 2086.41, E_running = 2088.51, H_running = 2088.28
   Step 100000 [34,25,35,223,257,290,19,29,39,43,49,120,174,244,262,295,300,219,227,234,215,265,42,83,87,96,106,123,126,162,192,206,208,209,8,13,249,60,82,79,138,196,169,179,225,21,273,32,117,132,139,156], E_minimum = 2086.41, E_running = 2089.53, H_running = 2089.30
   Step 150000 [34,25,37,223,257,290,19,29,39,44,49,120,174,244,262,295,300,219,227,234,215,265,42,83,87,96,106,123,126,162,192,206,208,209,8,16,253,60,82,79,138,196,169,179,225,21,273,32,116,132,139,156], E_minimum = 2086.41, E_running = 2089.97, H_running = 2089.74
   Step 200000 [34,25,35,223,257,290,19,29,40,43,49,120,173,244,262,295,306,219,229,234,215,265,42,83,87,96,106,123,126,162,192,206,208,209,8,16,253,59,82,79,138,196,167,179,225,21,273,32,116,132,139,156], E_minimum = 2086.41, E_running = 2089.54, H_running = 2089.31
   Step 250000 [34,25,35,223,257,291,19,29,39,43,49,120,173,244,262,295,306,219,227,234,215,265,42,83,87,96,106,124,126,162,192,206,208,209,8,16,253,60,82,79,138,196,169,179,225,21,273,32,117,132,139,156], E_minimum = 2086.41, E_running = 2089.71, H_running = 2089.48
   Step 300000 [34,25,35,222,257,290,19,29,40,43,49,120,174,244,262,295,300,219,229,234,215,265,42,83,87,96,106,123,126,162,192,206,208,209,5,14,249,60,82,79,138,196,167,179,225,21,273,32,117,132,139,156], E_minimum = 2086.41, E_running = 2087.45, H_running = 2087.22
   Step 350000 [34,25,35,223,257,290,19,29,39,43,49,120,174,244,262,295,300,219,229,234,215,265,41,83,87,96,106,123,126,162,192,206,208,209,5,14,253,60,82,79,138,196,167,181,225,21,273,32,117,132,139,156], E_minimum = 2086.41, E_running = 2087.29, H_running = 2087.06
   Step 400000 [34,25,35,223,257,290,19,29,40,44,49,120,174,244,262,295,300,219,227,234,215,265,42,83,87,96,106,123,127,162,192,206,208,209,5,16,249,60,82,79,138,196,169,181,225,21,273,32,117,132,139,156], E_minimum = 2086.41, E_running = 2089.80, H_running = 2089.57
   Exit cluster state: [34,25,35,223,257,290,19,29,40,43,49,120,174,244,262,295,300,219,227,234,215,265,42,83,87,96,106,123,126,162,192,206,208,209,5,16,253,60,82,79,138,196,167,179,225,21,273,32,117,132,139,156]
   Exit 450000, E_minimum =    2086.41, E_running = 2087.37, H_running = 2087.15
   The average running enthalpy is 2090.059
Cluster: ARGA0091_, CYSA0014_, GLUA0066_, TYRA0067_, GLUA0069_, ILEA0085_, LYSA0088_, GLUA0090_, PHEA0010_, LYSA0013_, SERA0015_, CYSA0017_, HISA0018_, TYRA0046_, LEUA0094_, TYRA0097_, HEMA0500_, PAAA0500_, PDDA0500_, TYRA0074_, ARGA0038_, TYRA0048_, LYSA0055_, LEUA0064_, ILEA0075_, THRA0078_, META0080_, ASNA0070_, GLUA0089_, ASPA0002_, LYSA0087_, ASPA0093_, VALA0020_, LEUA0032_, LEUA0098_, ILEA0009_, GLNA0016_, LYSA0027_, HISA0026_, LYSA0079_, LYSA0007_, THRA0028_, LEUA0035_, THRA0049_, ILEA0057_, THRA0063_, GLNA0042_, LYSA0053_, LYSA0072_, LYSA0073_, NTGA0001_, LYSA0005_, LYSA0086_ +
n = 14199111083138796748800000000, > 1000000 Monte Carlo sampling
Doing entropy correction.
Occ run:
   Step      0 [240,38,167,171,182,217,225,237,29,34,40,44,51,121,259,262,290,293,305,193,105,123,136,162,196,201,210,184,228,5,222,247,60,89,264,26,41,82,74,207,20,84,99,127,139,158,117,132,186,191,0,19,218], E_minimum = 2433.38, E_running = 2433.38, H_running = 2433.18
   Step  50000 [244,36,169,174,179,215,225,234,29,34,40,43,49,120,257,262,290,295,300,192,106,123,138,162,196,206,209,184,227,8,222,253,60,87,265,25,41,82,79,208,21,83,96,126,139,156,116,132,189,191,1,19,219], E_minimum = 2060.37, E_running = 2063.71, H_running = 2063.52
   Step 100000 [244,35,169,173,179,215,225,238,29,34,39,43,49,120,257,262,291,295,306,192,106,123,138,162,196,206,209,184,229,5,222,253,60,87,264,25,41,82,79,208,21,83,96,126,139,156,117,132,189,191,1,19,219], E_minimum = 2060.37, E_running = 2065.26, H_running = 2065.07
   Step 150000 [244,35,167,174,181,215,225,238,29,34,40,44,49,120,257,262,290,295,300,192,106,123,138,162,196,206,209,184,229,5,223,253,60,87,265,25,41,82,79,208,21,83,96,126,139,156,117,132,189,191,1,19,219], E_minimum = 2060.37, E_running = 2062.97, H_running = 2062.78
   Step 200000 [244,37,167,174,179,215,225,234,29,34,40,45,49,120,257,262,290,295,300,192,106,124,138,162,196,206,209,184,229,8,223,253,59,87,265,25,41,82,79,208,21,83,96,126,139,156,116,132,189,191,1,19,219], E_minimum = 2060.37, E_running = 2063.69, H_running = 2063.50
   Step 250000 [244,37,169,173,181,215,225,234,29,34,39,45,49,120,257,262,290,295,306,192,106,123,138,162,196,206,209,184,229,8,223,253,60,87,265,25,42,82,79,208,21,83,96,126,139,156,117,132,189,191,1,19,219], E_minimum = 2060.37, E_running = 2062.40, H_running = 2062.20
   Step 300000 [244,35,167,173,179,215,225,238,29,34,39,43,49,120,257,262,290,295,300,192,106,123,138,162,196,206,209,183,229,8,223,253,60,88,265,25,42,82,79,208,21,83,96,126,139,156,117,132,189,191,1,19,219], E_minimum = 2060.37, E_running = 2068.81, H_running = 2068.61
   Step 350000 [244,37,169,174,179,215,225,234,29,34,39,43,49,120,257,262,290,295,300,192,106,124,138,162,196,206,209,184,227,8,223,251,59,88,265,25,42,82,79,208,21,83,96,126,139,156,117,132,189,191,1,19,219], E_minimum = 2060.37, E_running = 2067.52, H_running = 2067.33
   Step 400000 [244,37,167,172,179,215,225,234,29,34,39,44,49,120,257,262,290,295,300,192,106,124,138,162,196,206,209,184,227,8,223,253,60,87,265,25,41,82,79,208,21,83,96,126,139,156,117,132,189,191,1,19,219], E_minimum = 2060.37, E_running = 2066.40, H_running = 2066.21
   Exit cluster state: [244,37,167,174,179,215,225,234,29,34,40,45,49,120,257,262,290,295,300,192,106,123,138,162,196,206,209,184,227,8,223,253,60,87,265,25,42,82,79,208,21,83,96,126,139,156,117,132,189,191,1,19,219]
   Exit 450000, E_minimum =    2060.37, E_running = 2062.12, H_running = 2061.92
   The average running enthalpy is 2063.920
Cluster: PDDA0500_, CYSA0014_, CYSA0017_, HISA0018_, ARGA0038_, TYRA0046_, TYRA0048_, THRA0049_, LYSA0055_, TYRA0067_, TYRA0074_, ILEA0075_, THRA0078_, LYSA0079_, META0080_, HEMA0500_, PAAA0500_, PHEA0010_, LYSA0013_, SERA0015_, ARGA0091_, LEUA0094_, TYRA0097_, GLNA0016_, LYSA0027_, HISA0026_, LEUA0032_, LEUA0035_, GLNA0042_, LYSA0053_, ILEA0057_, LEUA0064_, THRA0063_, GLUA0066_, THRA0028_, ILEA0085_, VALA0020_, LEUA0098_, ILEA0009_, LYSA0087_, GLUA0069_, LYSA0088_, GLUA0090_, LYSA0007_, META0012_, LYSA0025_, LYSA0039_, THRA0040_ +
n = 23665185138564661248000000, > 1000000 Monte Carlo sampling
Doing entropy correction.
Occ run:
   Step      0 [300,38,45,52,101,120,125,127,137,174,192,196,201,208,210,291,294,29,34,39,243,257,263,42,82,75,87,98,115,131,140,161,159,169,83,217,60,265,25,222,178,225,238,20,31,69,108,114], E_minimum = 2471.96, E_running = 2471.96, H_running = 2471.73
   Step  50000 [300,35,43,49,106,120,124,126,138,174,192,196,206,208,209,290,295,29,34,40,244,257,262,42,82,79,87,96,116,132,139,162,156,166,83,215,60,265,25,223,179,225,238,21,32,71,110,112], E_minimum = 2083.56, E_running = 2086.39, H_running = 2086.16
   Step 100000 [300,35,43,49,106,120,124,126,138,174,192,196,206,208,209,290,295,29,34,40,244,257,262,42,82,79,87,96,116,132,139,162,156,169,83,215,59,264,25,223,179,225,234,21,32,71,110,112], E_minimum = 2083.56, E_running = 2087.62, H_running = 2087.39
   Step 150000 [300,35,43,49,106,120,123,126,138,174,192,196,206,208,209,290,295,29,34,39,244,257,262,41,82,79,87,96,117,132,139,162,156,167,83,215,60,265,25,223,178,225,234,21,32,71,110,112], E_minimum = 2083.56, E_running = 2085.89, H_running = 2085.66
   Step 200000 [300,35,43,49,106,120,123,126,138,174,192,196,206,208,209,290,295,29,34,40,244,257,262,42,82,79,87,96,117,132,139,162,156,167,84,215,59,265,25,223,179,225,238,21,32,71,110,112], E_minimum = 2083.56, E_running = 2085.79, H_running = 2085.57
   Step 250000 [306,37,43,49,106,120,123,126,138,173,192,196,206,208,209,291,295,29,34,40,244,257,262,42,82,79,87,96,117,132,139,162,156,167,83,215,60,265,25,223,181,225,234,21,32,71,110,112], E_minimum = 2083.56, E_running = 2085.53, H_running = 2085.30
   Step 300000 [300,37,43,49,106,120,124,126,138,174,192,196,206,208,209,290,295,29,34,39,244,257,262,42,82,79,87,96,117,132,139,162,156,167,83,215,60,265,25,223,181,225,238,21,32,71,110,112], E_minimum = 2083.56, E_running = 2084.67, H_running = 2084.44
   Step 350000 [300,37,43,49,106,120,123,127,138,174,192,196,206,208,209,290,295,29,34,40,244,257,262,42,82,79,87,96,117,132,139,162,156,167,83,215,60,265,25,223,181,225,234,21,32,71,110,112], E_minimum = 2083.56, E_running = 2084.86, H_running = 2084.63
   Exit cluster state: [300,35,45,49,106,120,124,126,138,174,192,196,206,208,209,290,295,29,34,40,244,257,262,41,82,79,87,96,117,132,139,162,156,167,83,215,59,265,25,223,181,225,234,21,32,71,110,112]
   Exit 400000, E_minimum =    2083.56, E_running = 2086.16, H_running = 2085.93
   The average running enthalpy is 2086.346
Cluster: ASNA0070_, GLUA0069_, LYSA0072_, LYSA0073_, GLUA0066_, ARGA0091_, TYRA0074_, CYSA0014_, TYRA0067_, ILEA0085_, LYSA0088_, GLUA0090_ +
n = 10368000, > 1000000 Monte Carlo sampling
Doing entropy correction.
Occ run:
   Step      0 [184,178,186,190,170,244,194,38,176,217,225,238], E_minimum = 93.82, E_running = 93.82, H_running = 93.82
   Step  50000 [184,179,189,191,167,244,192,37,171,215,225,234], E_minimum = 0.34, E_running = 1.10, H_running = 1.10
   Step 100000 [184,181,189,191,167,244,192,37,171,215,225,234], E_minimum = 0.34, E_running = 1.22, H_running = 1.22
   Exit cluster state: [184,181,189,191,167,244,192,35,174,215,225,238]
   Exit 150000, E_minimum =       0.34, E_running = 1.40, H_running = 1.40
   The average running enthalpy is    1.343
Cluster: LYSA0008_  
n = 2, <= 1000000 Analytical solution
Cluster: THRA0049_, TYRA0048_, ILEA0075_, THRA0078_, LYSA0079_, HEMA0500_, PDDA0500_, HISA0018_, HISA0026_, ARGA0038_, TYRA0046_, LYSA0053_, TYRA0067_, PAAA0500_, LYSA0055_, META0080_, PHEA0010_, LYSA0013_, CYSA0014_, GLNA0016_, CYSA0017_, THRA0028_, LEUA0032_, LEUA0035_, LEUA0064_, TYRA0074_, ILEA0085_, LEUA0094_, TYRA0097_, GLNA0042_, ARGA0091_, ILEA0057_, VALA0020_, LEUA0098_, ILEA0009_, LYSA0087_, SERA0015_, META0012_, LYSA0027_, THRA0063_, GLUA0066_, GLUA0090_ +
n = 24651234519338188800000, > 1000000 Monte Carlo sampling
Doing entropy correction.
Occ run:
   Step      0 [126,124,198,201,208,290,297,47,79,102,121,131,172,293,135,210,28,34,35,41,45,83,88,99,162,195,216,258,262,115,244,140,59,264,26,222,40,31,81,160,169,235], E_minimum = 2935.06, E_running = 2935.06, H_running = 2934.73
   Step  50000 [126,123,196,206,208,290,303,49,79,106,120,132,173,295,138,209,29,34,36,42,43,83,87,96,162,192,215,257,262,117,244,139,60,265,25,223,40,32,82,156,169,234], E_minimum = 2105.29, E_running = 2108.90, H_running = 2108.57
   Step 100000 [127,123,196,206,208,290,300,49,79,106,120,132,174,295,138,209,29,34,35,41,43,83,87,96,162,192,215,257,262,117,244,139,60,265,25,223,40,32,82,156,167,234], E_minimum = 2105.29, E_running = 2106.32, H_running = 2105.99
   Step 150000 [126,123,196,206,208,290,300,49,79,106,120,132,174,295,138,209,29,34,37,41,43,83,87,96,162,192,215,257,262,117,244,139,60,265,25,223,40,32,82,156,167,234], E_minimum = 2105.29, E_running = 2105.92, H_running = 2105.59
   Step 200000 [126,123,196,206,208,290,300,49,79,106,120,132,173,295,138,209,29,34,37,42,43,83,87,96,162,192,215,257,262,116,244,139,60,265,25,223,39,32,82,156,167,238], E_minimum = 2105.29, E_running = 2108.22, H_running = 2107.89
   Step 250000 [126,124,196,206,208,290,300,49,79,106,120,132,174,295,138,209,29,34,35,42,45,83,87,96,162,192,215,257,262,117,244,139,60,264,25,223,39,32,82,156,167,238], E_minimum = 2105.29, E_running = 2108.25, H_running = 2107.92
   Step 300000 [126,124,196,206,208,290,300,49,80,106,120,132,174,295,138,209,29,34,35,42,43,83,87,96,162,192,215,257,262,117,244,139,60,265,25,223,39,32,82,156,167,234], E_minimum = 2105.29, E_running = 2108.48, H_running = 2108.15
   Exit cluster state: [126,123,196,206,208,290,300,49,79,106,120,132,174,295,138,209,29,34,37,42,45,83,87,96,162,192,215,256,262,116,244,139,60,265,25,223,40,32,82,156,167,234]
   Exit 350000, E_minimum =    2105.29, E_running = 2108.40, H_running = 2108.07
   The average running enthalpy is 2107.807
Cluster: LYSA0007_, GLUA0004_, TYRA0097_, LYSA0005_, PHEA0010_, CYSA0014_, HISA0018_, VALA0020_, LEUA0094_, LEUA0098_, ASPA0002_, ILEA0009_, ASPA0093_, LEUA0032_, HEMA0500_, LYSA0013_, SERA0015_, CYSA0017_, TYRA0046_, TYRA0067_, ARGA0091_, PAAA0500_, PDDA0500_, HISA0026_, ARGA0038_, TYRA0048_, TYRA0074_, META0080_, THRA0102_, ILEA0085_ +
n = 111451255603200000, > 1000000 Monte Carlo sampling
Doing entropy correction.
Occ run:
   Step      0 [21,13,263,18,29,36,49,59,259,265,4,25,253,89,290,34,40,45,120,173,242,296,297,75,106,125,192,210,275,217], E_minimum = 2173.99, E_running = 2173.99, H_running = 2173.72
   Step  50000 [21,16,262,19,29,35,49,60,257,264,5,25,253,87,290,34,39,43,120,174,244,295,300,79,106,124,192,209,273,215], E_minimum = 2036.30, E_running = 2038.77, H_running = 2038.48
   Step 100000 [21,14,262,19,29,35,49,59,256,265,8,25,253,87,290,34,40,43,120,174,244,295,300,79,106,124,192,209,273,215], E_minimum = 2036.30, E_running = 2039.07, H_running = 2038.77
   Step 150000 [21,16,262,19,29,35,49,60,257,265,5,25,253,89,290,34,40,43,120,173,244,295,300,79,106,123,192,209,273,215], E_minimum = 2036.30, E_running = 2038.86, H_running = 2038.57
   Step 200000 [21,16,262,19,29,35,49,60,257,265,5,25,253,87,290,34,40,43,120,174,244,295,300,79,106,124,193,209,273,215], E_minimum = 2036.30, E_running = 2038.67, H_running = 2038.37
   Step 250000 [21,16,262,19,29,37,49,60,257,265,8,25,249,87,290,34,40,43,120,174,244,295,300,79,106,123,193,209,273,215], E_minimum = 2036.30, E_running = 2038.49, H_running = 2038.20
   Exit cluster state: [21,16,262,19,29,35,49,60,257,265,5,25,253,87,290,34,39,45,120,174,244,295,300,79,106,123,192,209,273,215]
   Exit 300000, E_minimum =    2036.30, E_running = 2037.64, H_running = 2037.34
   The average running enthalpy is 2038.178
Cluster: TYRA0097_, LYSA0007_, PHEA0010_, CYSA0014_, HISA0018_, VALA0020_, LEUA0094_, LEUA0098_, GLUA0004_, LEUA0032_, HEMA0500_, LYSA0013_, SERA0015_, CYSA0017_, TYRA0046_, TYRA0067_, ARGA0091_, PAAA0500_, PDDA0500_, HISA0026_, ARGA0038_, TYRA0048_, TYRA0074_, META0080_, THRA0102_, ILEA0009_, ILEA0085_, LYSA0005_, LEUA0035_, GLNA0016_, THRA0028_, THRA0049_, LEUA0064_, THRA0078_, LYSA0079_, LYSA0087_, LYSA0027_, LYSA0055_, ILEA0075_, GLUA0066_, GLUA0069_, LYSA0088_, GLUA0090_, GLNA0042_, LYSA0053_, ILEA0057_, THRA0063_, HISA0033_, ASNA0103_ +
n = 177488888539234959360000000, > 1000000 Monte Carlo sampling
Doing entropy correction.
Occ run:
   Step      0 [262,20,29,35,51,61,257,266,17,89,290,34,39,45,121,171,244,294,306,77,104,124,193,210,274,27,217,18,99,42,84,127,163,204,208,222,81,137,197,166,180,224,231,117,132,139,160,95,279], E_minimum = 2402.30, E_running = 2402.30, H_running = 2401.82
   Step  50000 [262,21,29,35,49,59,257,265,16,87,290,34,40,43,120,174,244,295,300,79,106,124,192,209,273,25,215,19,96,42,84,126,162,206,208,223,82,138,196,167,179,225,234,117,132,139,156,94,277], E_minimum = 2083.61, E_running = 2086.33, H_running = 2085.75
   Step 100000 [262,21,29,35,49,60,257,265,16,87,290,34,40,43,120,174,244,295,300,79,106,124,192,209,273,25,215,19,96,42,83,127,162,206,208,223,82,138,196,167,179,225,238,116,132,139,156,95,277], E_minimum = 2083.61, E_running = 2087.07, H_running = 2086.49
   Step 150000 [262,21,29,37,49,60,257,265,16,87,290,34,40,43,120,174,244,295,300,79,106,123,192,209,273,25,215,19,96,42,83,126,162,206,208,223,82,138,196,167,181,225,238,117,132,139,156,94,279], E_minimum = 2083.61, E_running = 2084.43, H_running = 2083.84
   Step 200000 [262,21,29,35,49,60,257,264,16,87,290,34,40,43,120,173,244,295,306,79,106,123,193,209,273,25,215,19,96,41,83,126,162,206,208,223,82,138,196,169,181,225,234,116,132,139,156,94,279], E_minimum = 2083.61, E_running = 2089.10, H_running = 2088.62
   Step 250000 [262,21,29,35,49,60,257,265,16,87,290,34,40,43,120,174,244,295,300,79,106,123,192,209,273,25,215,19,96,42,83,126,162,206,208,223,82,138,196,167,178,225,234,116,132,139,156,94,279], E_minimum = 2083.61, E_running = 2086.56, H_running = 2085.98
   Step 300000 [262,21,29,35,49,60,257,265,14,87,290,34,40,43,120,174,244,295,300,79,106,123,192,209,273,25,215,19,96,42,84,126,162,206,208,223,82,138,196,166,181,225,234,117,132,139,156,94,277], E_minimum = 2083.61, E_running = 2086.76, H_running = 2086.18
   Step 350000 [262,21,29,35,49,60,256,265,14,87,290,34,39,43,120,173,244,295,303,79,106,124,192,209,273,25,215,19,96,41,83,127,162,206,208,223,82,138,196,167,179,225,234,117,132,139,156,94,279], E_minimum = 2083.61, E_running = 2089.00, H_running = 2088.42
   Exit cluster state: [262,21,29,35,49,60,257,264,14,87,290,34,39,43,120,174,244,295,300,79,106,123,192,209,273,25,215,19,96,42,83,126,162,206,208,223,82,138,196,167,181,225,234,116,132,139,156,94,279]
   Exit 400000, E_minimum =    2083.61, E_running = 2086.68, H_running = 2086.09
   The average running enthalpy is 2086.370
Cluster: GLNA0042_, ARGA0038_, LYSA0039_, HISA0018_, HISA0026_, LEUA0035_, TYRA0046_, TYRA0048_, TYRA0067_, HEMA0500_, PAAA0500_, PDDA0500_, ILEA0058_, PHEA0010_, CYSA0014_, CYSA0017_, LEUA0032_, TYRA0074_, META0080_, TYRA0097_, LEUA0064_, LYSA0079_, THRA0049_, LYSA0053_, LYSA0055_, ILEA0075_, THRA0078_, ARGA0091_, LYSA0013_, GLNA0016_, THRA0028_, ILEA0085_, LEUA0094_ +
n = 380420285792256000, > 1000000 Monte Carlo sampling
Doing entropy correction.
Occ run:
   Step      0 [115,104,107,52,74,97,120,125,174,291,292,301,143,29,36,44,87,192,210,263,162,208,127,132,136,196,205,240,33,42,83,215,258], E_minimum = 2317.25, E_running = 2317.25, H_running = 2316.84
   Step  50000 [117,106,110,49,79,96,120,124,174,290,295,300,143,29,35,43,87,192,209,262,162,208,126,132,138,196,206,244,34,41,83,215,257], E_minimum = 2043.99, E_running = 2044.38, H_running = 2043.96
   Step 100000 [117,106,110,49,79,96,120,124,173,290,295,300,143,29,35,43,87,192,209,262,162,208,126,132,138,196,206,244,34,42,83,215,257], E_minimum = 2043.99, E_running = 2045.83, H_running = 2045.42
   Step 150000 [116,106,110,49,79,96,120,123,173,290,295,303,143,29,36,45,87,192,209,262,162,208,126,132,137,196,206,244,34,42,83,215,257], E_minimum = 2043.99, E_running = 2050.83, H_running = 2050.41
   Step 200000 [117,106,110,49,79,96,120,123,174,290,295,300,143,29,37,43,87,192,209,262,162,208,126,132,138,196,206,244,34,41,83,215,256], E_minimum = 2043.99, E_running = 2045.12, H_running = 2044.71
   Step 250000 [117,106,110,49,79,96,120,124,174,290,295,300,143,29,37,43,87,192,209,262,162,208,127,132,138,196,206,244,34,41,83,215,257], E_minimum = 2043.99, E_running = 2045.55, H_running = 2045.14
   Exit cluster state: [117,106,110,49,79,96,120,123,173,291,295,306,143,29,35,43,87,192,209,262,162,208,126,132,138,196,206,244,34,42,84,215,256]
   Exit 300000, E_minimum =    2043.99, E_running = 2046.63, H_running = 2046.32
   The average running enthalpy is 2045.743
Cluster: LYSA0099_, GLUA0061_, ASNA0103_, THRA0102_, VALA0020_, HISA0033_, LEUA0098_ +
n = 9720, <= 1000000 Analytical solution
Cluster: ILEA0009_, LYSA0005_, LYSA0013_, LEUA0094_, ASPA0002_, GLUA0004_, ASPA0093_, CYSA0014_, LYSA0087_, HEMA0500_, PHEA0010_, ILEA0085_, TYRA0097_, LEUA0098_, NTGA0001_, GLUA0090_, LYSA0007_, GLUA0089_, SERA0015_, CYSA0017_, HISA0018_, TYRA0046_, TYRA0067_, ARGA0091_, PAAA0500_, PDDA0500_, LYSA0086_, GLNA0016_, THRA0028_, LEUA0032_, LEUA0035_, ARGA0038_, TYRA0048_, THRA0049_, LEUA0064_, TYRA0074_, THRA0078_, LYSA0079_, META0080_, VALA0020_, THRA0102_ +
n = 13695130288521216000000, > 1000000 Monte Carlo sampling
Doing entropy correction.
Occ run:
   Step      0 [25,18,33,257,6,14,250,36,222,291,28,217,262,266,1,236,20,226,39,46,49,120,175,243,296,305,219,41,83,87,97,103,124,126,161,192,206,207,209,61,274], E_minimum = 2291.49, E_running = 2291.49, H_running = 2291.04
   Step  50000 [25,19,34,257,8,16,253,35,223,290,29,215,262,265,1,234,21,229,39,43,49,120,174,244,295,300,219,41,83,87,96,106,124,127,162,192,206,208,209,60,273], E_minimum = 2048.94, E_running = 2050.42, H_running = 2049.84
   Step 100000 [25,19,34,257,8,16,253,35,223,291,29,215,262,265,1,234,21,229,40,43,49,120,173,244,295,306,219,42,83,87,96,106,123,126,162,192,206,208,209,60,273], E_minimum = 2048.82, E_running = 2050.09, H_running = 2049.61
   Step 150000 [25,19,34,257,5,16,253,35,222,290,29,215,262,265,1,234,21,227,40,45,49,120,174,244,295,303,219,42,84,87,96,106,123,126,162,192,206,208,209,59,273], E_minimum = 2048.82, E_running = 2054.43, H_running = 2053.84
   Step 200000 [25,19,34,256,10,14,253,35,223,290,29,215,262,265,1,238,21,229,39,43,49,120,174,244,295,303,219,41,83,87,96,106,123,127,162,192,206,208,209,60,273], E_minimum = 2048.82, E_running = 2054.86, H_running = 2054.28
   Step 250000 [25,19,34,257,8,16,253,37,223,290,29,215,262,265,1,238,21,229,40,44,49,120,174,244,295,300,219,42,83,87,96,106,123,126,162,193,206,208,209,60,273], E_minimum = 2048.82, E_running = 2052.88, H_running = 2052.30
   Step 300000 [25,19,34,257,5,14,253,35,222,290,29,215,262,265,1,234,21,230,40,43,49,120,174,244,295,303,219,42,84,87,96,106,123,126,162,192,206,208,209,60,273], E_minimum = 2048.82, E_running = 2054.46, H_running = 2053.88
   Exit cluster state: [25,19,34,257,8,16,253,35,223,290,29,215,262,265,1,234,21,229,39,43,49,120,174,244,295,300,219,41,84,87,96,106,124,126,162,192,206,208,209,60,273]
   Exit 350000, E_minimum =    2048.82, E_running = 2050.46, H_running = 2049.88
   The average running enthalpy is 2051.808
Cluster: ASNA0103_, LYSA0099_, THRA0102_, GLUA0061_, VALA0020_, HISA0033_, LEUA0098_, PHEA0010_, LEUA0032_, TYRA0097_, LYSA0022_, LEUA0094_ +
n = 933120, <= 1000000 Analytical solution
Cluster: TYRA0048_, HISA0018_, HISA0026_, ARGA0038_, TYRA0046_, THRA0049_, LYSA0053_, TYRA0067_, HEMA0500_, PAAA0500_, PDDA0500_, PHEA0010_, CYSA0014_, CYSA0017_, LEUA0032_, TYRA0074_, META0080_, TYRA0097_, LEUA0035_, GLNA0042_, LYSA0079_, ILEA0075_, THRA0078_, LYSA0055_, LEUA0064_, ARGA0091_, LYSA0013_, GLNA0016_, THRA0028_, ILEA0085_, LEUA0094_, VALA0020_, LEUA0098_, SERA0015_, LYSA0027_, ILEA0057_, THRA0063_, GLUA0066_, LYSA0007_, LYSA0039_, GLUA0069_, LYSA0088_, GLUA0090_, ILEA0009_, LYSA0087_, META0012_ +
n = 1972098761547055104000000, > 1000000 Monte Carlo sampling
Doing entropy correction.
Occ run:
   Step      0 [125,52,78,106,121,126,131,173,290,296,305,28,35,44,89,195,210,263,99,117,208,198,206,135,162,244,34,41,83,215,257,59,264,39,82,140,159,169,21,108,180,225,239,25,222,32], E_minimum = 2403.03, E_running = 2403.03, H_running = 2402.22
   Step  50000 [123,49,79,106,120,126,132,173,291,295,306,29,35,43,87,192,209,262,96,117,208,196,206,138,162,244,34,41,83,215,257,60,265,39,82,139,156,167,21,110,178,225,238,25,223,32], E_minimum = 2081.94, E_running = 2085.68, H_running = 2084.84
   Step 100000 [123,49,79,106,120,126,132,174,290,295,300,29,37,43,87,192,209,262,96,117,208,196,206,138,162,244,34,41,83,215,257,60,265,39,82,139,156,169,21,110,179,225,238,25,223,32], E_minimum = 2081.94, E_running = 2083.22, H_running = 2082.28
   Step 150000 [123,49,79,106,120,127,132,174,290,295,300,29,35,43,87,192,209,262,96,116,208,196,206,138,162,244,34,42,83,215,257,60,264,40,82,139,156,169,21,110,181,225,234,25,223,32], E_minimum = 2081.94, E_running = 2085.36, H_running = 2084.42
   Step 200000 [123,49,79,106,120,126,132,174,290,295,300,29,35,45,87,192,209,262,96,116,208,196,206,138,162,244,34,42,83,215,257,60,264,39,82,139,156,166,21,110,181,225,238,25,223,32], E_minimum = 2081.94, E_running = 2087.27, H_running = 2086.33
   Step 250000 [123,49,79,106,120,126,132,174,290,295,300,29,35,43,87,192,209,262,96,117,208,196,206,138,162,244,34,42,83,215,257,60,265,39,82,139,156,167,21,110,181,225,234,25,223,32], E_minimum = 2081.94, E_running = 2082.48, H_running = 2081.54
   Step 300000 [123,49,79,106,120,126,132,173,290,295,306,29,36,43,87,193,209,262,96,116,208,196,206,138,162,244,34,41,84,215,257,60,265,39,82,139,156,169,21,110,179,225,238,25,223,32], E_minimum = 2081.94, E_running = 2087.92, H_running = 2087.08
   Exit cluster state: [123,49,79,106,120,126,132,174,290,295,300,29,37,43,88,192,209,262,96,116,208,196,206,138,162,244,34,41,83,215,257,60,265,39,82,139,156,167,21,110,181,225,233,25,223,32]
   Exit 350000, E_minimum =    2081.94, E_running = 2087.60, H_running = 2086.66
   The average running enthalpy is 2084.044
Cluster: ILEA0058_, LYSA0039_, GLNA0042_, ARGA0038_ +
n = 216, <= 1000000 Analytical solution
Cluster: THRA0028_, LYSA0027_, HEMA0500_, CYSA0017_, LYSA0025_, PHEA0010_, LYSA0013_, CYSA0014_, GLNA0016_, HISA0018_, LEUA0032_, LEUA0035_, ARGA0038_, TYRA0046_, TYRA0048_, THRA0049_, LEUA0064_, TYRA0067_, TYRA0074_, THRA0078_, LYSA0079_, META0080_, ILEA0085_, LEUA0094_, PAAA0500_, PDDA0500_, VALA0020_, TYRA0097_, LEUA0098_, ILEA0009_, LYSA0087_, SERA0015_, ARGA0091_, META0012_, HISA0026_, GLNA0042_, LYSA0053_, ILEA0075_, LYSA0055_, ILEA0057_, THRA0063_, GLUA0066_, GLUA0090_ +
n = 73953703558014566400000, > 1000000 Monte Carlo sampling
Doing entropy correction.
Occ run:
   Step      0 [84,81,290,44,69,29,33,35,42,49,89,99,101,120,123,127,161,175,192,202,208,209,216,258,294,301,61,262,264,27,221,40,243,31,73,117,132,196,135,141,157,168,232], E_minimum = 2331.78, E_running = 2331.78, H_running = 2330.45
   Step  50000 [83,82,290,45,71,29,34,35,42,49,87,96,106,120,123,126,162,173,192,206,208,209,215,257,295,306,60,262,265,25,223,40,244,32,79,117,132,196,138,139,156,167,234], E_minimum = 2096.60, E_running = 2097.90, H_running = 2096.67
   Step 100000 [83,82,290,43,71,29,34,35,41,49,87,96,106,120,123,126,162,174,192,206,208,209,215,257,295,300,60,262,265,25,223,40,244,32,79,117,132,196,138,139,156,169,238], E_minimum = 2096.60, E_running = 2097.23, H_running = 2095.90
   Step 150000 [83,82,290,45,71,29,34,36,42,49,87,96,106,120,124,126,162,173,192,206,208,209,215,257,295,303,60,262,265,25,223,39,244,32,79,116,132,196,138,139,156,169,238], E_minimum = 2096.60, E_running = 2102.23, H_running = 2100.90
   Step 200000 [83,82,290,43,71,29,34,37,41,49,87,96,106,120,123,127,162,174,192,206,208,209,215,257,295,300,60,262,265,25,223,40,244,32,79,117,132,196,138,139,156,169,234], E_minimum = 2096.60, E_running = 2098.43, H_running = 2097.10
   Step 250000 [83,82,290,43,71,29,34,37,42,49,88,96,106,120,123,126,162,173,192,206,208,209,215,257,295,306,60,262,265,25,223,39,244,32,79,116,132,196,138,139,156,169,238], E_minimum = 2096.60, E_running = 2100.35, H_running = 2099.12
   Step 300000 [83,82,290,44,71,29,34,35,42,49,87,96,106,120,123,126,162,174,192,206,208,209,215,257,295,300,60,262,264,25,222,40,244,32,79,117,132,196,138,139,156,166,238], E_minimum = 2096.60, E_running = 2103.15, H_running = 2101.82
   Exit cluster state: [83,82,290,43,71,29,34,35,42,49,88,96,106,120,123,126,162,174,192,206,208,209,215,257,295,300,60,262,265,25,223,40,244,31,79,117,132,196,138,139,156,169,234]
   Exit 350000, E_minimum =    2096.60, E_running = 2100.88, H_running = 2099.55
   The average running enthalpy is 2098.180
Cluster: LYSA0022_, HISA0033_, THRA0102_, VALA0020_, LEUA0098_, ASNA0103_ +
n = 1296, <= 1000000 Analytical solution
Cluster: LYSA0086_, LYSA0087_, LYSA0013_, GLUA0089_, GLUA0090_, ILEA0009_, CYSA0014_, LEUA0094_, HEMA0500_, LYSA0088_, ASPA0093_, ASPA0002_, ILEA0085_, ARGA0091_ +
n = 248832000, > 1000000 Monte Carlo sampling
Doing entropy correction.
Occ run:
   Step      0 [219,223,34,230,234,24,36,257,290,225,249,8,217,242], E_minimum = 986.79, E_running = 986.79, H_running = 986.79
   Step  50000 [219,222,34,227,234,25,35,257,290,225,249,5,215,244], E_minimum = 960.99, E_running = 962.56, H_running = 962.55
   Step 100000 [219,223,34,228,234,25,35,257,290,225,249,8,215,244], E_minimum = 960.99, E_running = 962.98, H_running = 962.97
   Exit cluster state: [219,223,34,229,234,25,35,257,290,225,253,5,215,244]
   Exit 150000, E_minimum =     960.99, E_running = 961.17, H_running = 961.17
   The average running enthalpy is  962.195
Cluster: GLNA0016_, META0012_, CYSA0017_, HEMA0500_, CYSA0014_, HISA0018_, LYSA0027_, TYRA0046_, TYRA0067_, PAAA0500_, PDDA0500_, PHEA0010_, LYSA0013_, THRA0028_, LEUA0032_, LEUA0035_, ARGA0038_, TYRA0048_, THRA0049_, LEUA0064_, TYRA0074_, THRA0078_, LYSA0079_, META0080_, ILEA0085_, LEUA0094_, SERA0015_, ARGA0091_, TYRA0097_, HISA0026_, LYSA0025_, LYSA0055_, ILEA0075_, VALA0020_, LEUA0098_, ILEA0009_, LYSA0087_, GLNA0042_, LYSA0053_, ILEA0057_, THRA0063_, GLUA0066_, GLUA0090_ +
n = 73953703558014566400000, > 1000000 Monte Carlo sampling
Doing entropy correction.
Occ run:
   Step      0 [42,31,43,290,38,49,82,120,171,292,301,28,34,84,87,98,105,123,127,164,195,205,208,210,216,256,39,240,262,78,70,136,198,61,264,24,220,116,132,139,156,168,235], E_minimum = 2329.83, E_running = 2329.83, H_running = 2328.27
   Step  50000 [41,32,43,290,37,49,82,120,174,295,300,29,34,83,87,96,106,124,126,162,192,206,208,209,215,257,39,244,262,79,71,138,196,60,265,25,223,116,132,139,156,169,234], E_minimum = 2100.31, E_running = 2102.69, H_running = 2101.13
   Step 100000 [42,32,44,290,37,49,82,120,173,295,306,29,34,83,87,96,106,124,126,162,192,206,208,209,215,257,40,244,262,79,71,138,196,60,265,25,222,117,132,139,156,167,238], E_minimum = 2100.31, E_running = 2102.98, H_running = 2101.52
   Step 150000 [41,32,45,290,35,49,82,120,173,295,306,29,34,83,88,96,106,123,126,162,192,206,208,209,215,257,39,244,262,79,71,138,196,59,265,25,222,116,132,139,156,169,238], E_minimum = 2100.31, E_running = 2105.40, H_running = 2103.94
   Step 200000 [41,32,43,290,35,49,82,120,174,295,300,29,34,83,87,96,106,123,126,162,192,206,208,209,215,257,40,244,262,79,71,138,196,60,265,25,223,117,132,139,156,169,234], E_minimum = 2100.31, E_running = 2101.04, H_running = 2099.48
   Step 250000 [41,32,43,290,36,49,82,120,174,295,300,29,34,83,87,96,106,123,126,162,193,206,208,209,215,257,39,244,262,79,71,138,196,60,265,25,222,116,132,139,156,167,234], E_minimum = 2100.31, E_running = 2104.79, H_running = 2103.23
   Step 300000 [42,32,45,290,36,49,82,120,174,295,300,29,34,83,87,96,106,124,126,162,192,206,208,209,215,257,40,244,262,79,71,138,196,60,265,25,223,116,132,139,156,169,234], E_minimum = 2100.31, E_running = 2103.40, H_running = 2101.85
   Exit cluster state: [42,32,45,290,35,49,82,120,173,295,303,29,34,83,87,96,106,124,127,162,192,206,208,209,215,257,39,244,262,79,71,138,196,60,265,25,222,117,132,139,156,167,238]
   Exit 350000, E_minimum =    2100.31, E_running = 2104.54, H_running = 2102.98
   The average running enthalpy is 2101.726
Cluster: SERA0015_, CYSA0014_, PHEA0010_, LYSA0013_, CYSA0017_, HISA0018_, TYRA0046_, TYRA0067_, ARGA0091_, LEUA0094_, TYRA0097_, HEMA0500_, PAAA0500_, PDDA0500_, VALA0020_, LEUA0032_, LEUA0098_, ILEA0009_, LYSA0087_, GLNA0016_, LYSA0027_, HISA0026_, ARGA0038_, TYRA0048_, TYRA0074_, META0080_, LYSA0079_, LYSA0055_, LEUA0064_, ILEA0075_, THRA0078_, GLUA0066_, GLUA0069_, ILEA0085_, LYSA0088_, GLUA0090_, LYSA0007_, THRA0028_, LEUA0035_, THRA0049_ +
n = 2739026057704243200000, > 1000000 Monte Carlo sampling
Doing entropy correction.
Occ run:
   Step      0 [39,38,28,33,43,52,120,173,240,258,262,290,295,300,60,87,266,24,222,41,82,73,106,124,193,210,207,135,161,196,204,168,178,215,224,238,21,83,99,127], E_minimum = 2339.10, E_running = 2339.10, H_running = 2337.49
   Step  50000 [39,35,29,34,43,49,120,174,244,257,262,290,295,300,60,87,265,25,223,42,82,79,106,124,192,209,208,138,162,196,206,167,179,215,225,238,21,84,96,126], E_minimum = 2076.96, E_running = 2078.82, H_running = 2077.21
   Step 100000 [40,35,29,34,43,49,120,174,244,257,262,290,295,300,60,87,265,25,223,42,82,79,106,123,192,209,208,138,162,196,206,169,179,215,225,238,21,83,96,126], E_minimum = 2076.96, E_running = 2077.39, H_running = 2075.78
   Step 150000 [40,35,29,34,43,49,120,174,244,257,262,290,295,300,60,87,265,25,222,42,82,79,106,123,192,209,208,138,162,196,206,167,181,215,225,238,21,83,96,127], E_minimum = 2076.96, E_running = 2077.85, H_running = 2076.24
   Step 200000 [40,35,29,34,43,49,120,174,244,257,262,290,295,300,60,87,265,25,223,42,82,79,106,123,192,209,208,138,162,196,206,167,181,215,225,238,21,83,96,127], E_minimum = 2076.96, E_running = 2077.95, H_running = 2076.35
   Step 250000 [39,37,29,34,44,49,120,174,244,257,262,290,295,300,60,87,265,25,222,42,82,79,106,123,192,209,208,138,162,196,206,167,179,215,225,238,21,83,96,127], E_minimum = 2076.96, E_running = 2079.55, H_running = 2077.94
   Step 300000 [39,37,29,34,43,49,120,174,244,257,262,290,295,300,60,87,265,25,223,41,82,79,106,124,192,209,208,138,162,196,206,167,179,215,225,234,21,84,96,126], E_minimum = 2076.96, E_running = 2079.46, H_running = 2077.85
   Exit cluster state: [39,35,29,34,43,49,120,174,244,257,262,290,295,300,60,88,265,25,223,41,82,79,106,123,192,209,208,138,162,196,206,169,179,215,225,234,21,83,96,126]
   Exit 350000, E_minimum =    2076.96, E_running = 2079.17, H_running = 2077.56
   The average running enthalpy is 2078.168
Cluster: GLUA0004_, LYSA0005_, LYSA0007_, ASPA0002_, ILEA0009_, ASPA0093_, TYRA0097_, NTGA0001_, GLUA0090_, LYSA0013_, LEUA0094_, GLUA0089_, PHEA0010_, CYSA0014_, HISA0018_, VALA0020_, LEUA0098_ +
n = 4478976000, > 1000000 Monte Carlo sampling
Doing entropy correction.
Occ run:
   Step      0 [14,18,21,8,25,253,263,0,234,34,259,229,29,36,52,61,266], E_minimum = 45.30, E_running = 45.30, H_running = 45.13
   Step  50000 [14,19,21,5,25,253,262,1,232,34,257,229,29,37,49,60,265], E_minimum = -22.96, E_running = -19.74, H_running = -19.91
   Step 100000 [16,19,21,8,25,253,262,1,234,34,257,229,29,37,49,59,265], E_minimum = -22.96, E_running = -21.38, H_running = -21.55
   Exit cluster state: [16,19,21,8,25,253,262,1,234,34,257,229,29,35,49,60,265]
   Exit 150000, E_minimum =     -22.96, E_running = -22.84, H_running = -23.01
   The average running enthalpy is  -21.543
Cluster: THRA0019_, GLUA0021_  
n = 30, <= 1000000 Analytical solution
Cluster: VALA0003_, LYSA0100_, GLUA0104_, CTRA0104_  
n = 100, <= 1000000 Analytical solution
Cluster: GLUA0061_, LYSA0099_, ASNA0103_, THRA0102_ +
n = 180, <= 1000000 Analytical solution
Cluster: HISA0018_, PHEA0010_, CYSA0014_, CYSA0017_, HISA0026_, LEUA0032_, ARGA0038_, TYRA0046_, TYRA0048_, TYRA0067_, TYRA0074_, META0080_, TYRA0097_, HEMA0500_, PAAA0500_, PDDA0500_, VALA0020_, LEUA0094_, LEUA0098_, LYSA0013_, SERA0015_, ARGA0091_, GLNA0016_, LYSA0027_, LEUA0035_, GLNA0042_, LYSA0079_, THRA0049_, LYSA0053_, LYSA0055_, LEUA0064_, ILEA0075_, THRA0078_, ILEA0057_, THRA0063_, GLUA0066_, LYSA0007_, THRA0028_, ILEA0085_, THRA0102_, ILEA0009_, LYSA0087_, GLUA0069_, LYSA0088_, GLUA0090_, META0012_, LYSA0025_, LYSA0039_, THRA0040_, GLUA0004_ +
n = 473303702771293224960000000, > 1000000 Monte Carlo sampling
Doing entropy correction.
Occ run:
   Step      0 [51,28,35,46,76,88,105,121,125,175,194,209,262,290,292,302,61,256,265,33,39,243,42,81,96,116,207,126,132,138,161,199,203,141,157,168,20,83,216,275,27,223,182,224,233,32,70,109,114,14], E_minimum = 2522.83, E_running = 2522.83, H_running = 2520.38
   Step  50000 [49,29,35,43,79,87,106,120,124,174,192,209,262,290,295,300,59,257,265,34,40,244,41,82,96,117,208,126,132,138,162,196,206,139,156,167,21,83,215,273,25,223,179,225,238,32,71,110,112,14], E_minimum = 2099.18, E_running = 2100.92, H_running = 2098.07
   Step 100000 [49,29,36,43,79,87,106,120,124,174,192,209,262,290,295,300,60,257,265,34,40,244,42,82,96,116,208,126,132,138,162,196,206,139,156,167,21,83,215,273,25,223,181,225,238,32,71,110,112,14], E_minimum = 2099.18, E_running = 2101.42, H_running = 2098.57
   Step 150000 [49,29,35,43,79,88,106,120,123,174,192,209,262,290,295,300,59,257,264,34,40,244,41,82,96,117,208,126,132,138,162,196,206,139,156,167,21,83,215,273,25,223,181,225,234,32,71,110,112,14], E_minimum = 2099.18, E_running = 2103.54, H_running = 2100.69
   Step 200000 [49,29,35,45,79,88,106,120,124,174,192,209,262,290,295,300,60,257,265,34,40,244,42,82,96,117,208,127,132,138,162,196,206,139,156,167,21,83,215,273,25,223,181,225,238,32,71,110,112,14], E_minimum = 2099.18, E_running = 2102.58, H_running = 2099.73
   Step 250000 [49,29,37,43,79,87,106,120,123,173,192,209,262,290,295,306,59,257,265,34,40,244,42,82,96,117,208,126,132,138,162,196,206,139,156,168,21,83,215,273,25,223,179,225,234,32,71,110,112,16], E_minimum = 2099.18, E_running = 2103.95, H_running = 2101.21
   Step 300000 [49,29,35,43,79,87,106,120,123,173,192,209,262,290,295,306,60,257,265,34,40,244,41,82,96,117,208,126,132,138,162,196,206,139,156,166,21,84,215,273,25,222,181,225,238,32,71,110,112,16], E_minimum = 2099.18, E_running = 2103.36, H_running = 2100.62
   Step 350000 [49,29,35,43,79,88,106,120,123,173,192,209,262,291,295,306,60,257,265,34,40,244,41,82,96,117,208,126,132,138,162,196,206,139,156,167,21,84,215,273,25,222,179,225,238,32,71,110,112,14], E_minimum = 2099.18, E_running = 2103.41, H_running = 2100.66
   Exit cluster state: [49,29,35,43,79,87,106,120,123,174,192,209,262,290,295,300,59,257,264,34,40,244,42,82,96,117,208,127,132,138,162,196,206,139,156,169,21,83,215,273,25,223,181,225,234,32,71,110,112,16]
   Exit 400000, E_minimum =    2099.18, E_running = 2103.03, H_running = 2100.18
   The average running enthalpy is 2099.366
Cluster: LYSA0088_, GLUA0089_, ARGA0091_, LYSA0087_, GLUA0090_, ASPA0093_, CYSA0014_, GLUA0066_, TYRA0067_, GLUA0069_, ILEA0085_, LYSA0013_, LYSA0086_, ASPA0002_, NTGA0001_, LYSA0005_, PHEA0010_, SERA0015_, CYSA0017_, HISA0018_, TYRA0046_, LEUA0094_, TYRA0097_, HEMA0500_, PAAA0500_, PDDA0500_, TYRA0074_, ARGA0038_, TYRA0048_, LYSA0055_, LEUA0064_, ILEA0075_, THRA0078_, META0080_, ASNA0070_ +
n = 79254226206720000000, > 1000000 Monte Carlo sampling
Doing entropy correction.
Occ run:
   Step      0 [225,228,242,220,238,255,36,170,176,178,216,33,218,7,0,19,29,39,46,50,120,257,263,291,295,297,193,106,125,138,161,199,201,210,183], E_minimum = 2795.71, E_running = 2795.71, H_running = 2795.19
   Step  50000 [225,229,244,223,238,253,37,169,174,181,215,34,219,5,1,19,29,40,44,49,120,257,262,290,295,300,192,106,124,138,162,196,206,209,184], E_minimum = 2048.75, E_running = 2052.14, H_running = 2051.22
   Step 100000 [225,229,244,223,234,249,35,167,174,181,215,34,219,8,1,19,29,40,45,49,120,257,262,290,295,300,192,106,123,138,162,196,206,209,184], E_minimum = 2048.75, E_running = 2051.41, H_running = 2050.50
   Step 150000 [225,227,244,223,234,253,36,169,174,181,215,34,219,8,1,19,29,39,45,49,120,257,262,290,295,300,192,106,123,138,162,196,206,209,184], E_minimum = 2048.75, E_running = 2051.85, H_running = 2050.93
   Step 200000 [225,227,244,222,238,253,35,167,174,179,215,34,219,8,1,19,29,40,45,49,120,257,262,290,295,300,192,106,123,138,162,196,206,209,184], E_minimum = 2048.75, E_running = 2050.32, H_running = 2049.41
   Step 250000 [225,227,244,222,238,253,35,167,174,179,215,34,219,8,1,19,29,40,43,49,120,257,262,290,295,300,192,106,123,138,162,196,206,209,184], E_minimum = 2048.75, E_running = 2049.58, H_running = 2048.67
   Exit cluster state: [225,229,244,223,234,253,37,169,174,181,215,34,219,8,1,19,29,40,45,49,120,257,262,290,295,300,192,106,123,138,162,196,206,209,184]
   Exit 300000, E_minimum =    2048.75, E_running = 2050.22, H_running = 2049.31
   The average running enthalpy is 2050.603
Cluster: GLUA0090_, ASPA0002_, ILEA0085_, LYSA0087_, GLUA0089_, ARGA0091_, ASPA0093_, NTGA0001_, LYSA0005_, LEUA0094_, HEMA0500_, LYSA0013_, LYSA0086_, LYSA0088_, CYSA0014_, GLUA0066_, TYRA0067_, GLUA0069_, GLUA0004_, ILEA0009_, PHEA0010_, TYRA0097_, LEUA0098_, GLNA0016_, CYSA0017_, HISA0018_, THRA0028_, LEUA0032_, LEUA0035_, ARGA0038_, TYRA0046_, TYRA0048_, THRA0049_, LEUA0064_, TYRA0074_, THRA0078_, LYSA0079_, META0080_, PAAA0500_, PDDA0500_, SERA0015_, LYSA0055_, ILEA0075_, ASNA0070_ +
n = 913008685901414400000000, > 1000000 Monte Carlo sampling
Doing entropy correction.
Occ run:
   Step      0 [234,4,217,222,228,241,248,1,18,256,291,34,218,224,35,170,171,182,14,26,29,262,264,41,46,52,83,88,96,106,121,124,127,163,193,203,208,210,293,306,39,138,197,183], E_minimum = 2409.97, E_running = 2409.97, H_running = 2407.58
   Step  50000 [234,5,215,223,227,244,253,1,19,257,290,34,219,225,35,167,173,179,14,25,29,262,264,41,43,49,83,87,96,106,120,123,126,162,192,206,208,209,295,306,39,138,196,184], E_minimum = 2071.56, E_running = 2075.86, H_running = 2073.46
   Step 100000 [234,8,215,222,229,244,253,1,19,257,290,34,219,225,37,167,174,179,14,25,29,262,265,41,43,49,83,87,96,106,120,123,126,162,192,206,208,209,295,300,39,137,196,184], E_minimum = 2071.51, E_running = 2074.78, H_running = 2072.28
   Step 150000 [234,8,215,223,229,244,253,1,19,257,290,34,219,225,35,167,174,181,14,25,29,262,265,41,45,49,84,87,96,106,120,124,127,162,192,206,208,209,295,300,40,138,196,184], E_minimum = 2071.51, E_running = 2074.55, H_running = 2072.05
   Step 200000 [234,8,215,222,227,244,253,1,19,257,290,34,219,225,37,167,173,179,14,25,29,262,265,41,45,49,84,87,96,106,120,123,126,162,192,206,208,209,295,306,39,138,196,184], E_minimum = 2071.51, E_running = 2076.02, H_running = 2073.62
   Step 250000 [238,5,215,222,229,244,255,1,19,257,290,34,219,225,37,169,174,179,16,25,29,262,264,42,43,49,83,88,96,106,120,124,127,162,192,206,208,209,295,300,39,138,196,184], E_minimum = 2071.51, E_running = 2080.78, H_running = 2078.29
   Step 300000 [238,8,215,223,229,244,253,1,19,257,290,34,219,225,37,167,174,181,16,25,29,262,265,41,43,49,84,87,96,106,120,123,126,162,192,206,208,209,295,300,40,138,196,184], E_minimum = 2071.51, E_running = 2073.86, H_running = 2071.36
   Step 350000 [238,8,215,223,229,244,253,1,19,257,290,34,219,225,37,169,174,179,16,25,29,262,265,41,43,49,83,87,96,106,120,124,126,162,192,206,208,209,295,300,40,138,196,184], E_minimum = 2071.51, E_running = 2073.40, H_running = 2070.91
   Exit cluster state: [238,5,215,222,229,244,253,1,19,257,290,34,219,225,35,167,174,181,14,25,29,262,265,42,44,49,83,87,96,106,120,123,126,162,192,206,208,209,295,300,39,138,196,184]
   Exit 400000, E_minimum =    2071.51, E_running = 2074.29, H_running = 2071.80
   The average running enthalpy is 2072.368
Cluster: TYRA0074_, HISA0018_, LYSA0055_, ILEA0057_, THRA0063_, GLUA0066_, TYRA0067_, HEMA0500_, PAAA0500_, PDDA0500_, PHEA0010_, CYSA0014_, CYSA0017_, HISA0026_, LEUA0032_, ARGA0038_, TYRA0046_, TYRA0048_, META0080_, TYRA0097_, ILEA0075_, THRA0040_, GLUA0069_, ARGA0091_, LEUA0064_, THRA0078_, LYSA0013_, GLNA0016_, THRA0028_, LEUA0035_, THRA0049_, LYSA0079_, ILEA0085_, LEUA0094_, VALA0020_, LEUA0098_, SERA0015_, LYSA0027_, GLNA0042_, LYSA0053_, LYSA0007_, ASNA0070_, LYSA0088_, GLUA0090_, ILEA0009_, LYSA0087_, META0012_ +
n = 3944197523094110208000000, > 1000000 Monte Carlo sampling
Doing entropy correction.
Occ run:
   Step      0 [192,48,135,141,156,166,172,290,293,298,28,36,44,74,88,103,120,125,209,263,198,112,180,244,163,205,33,41,84,99,127,207,216,257,61,266,40,81,116,131,20,184,224,238,26,223,32], E_minimum = 2518.58, E_running = 2518.58, H_running = 2516.20
   Step  50000 [193,49,138,139,156,167,174,290,295,300,29,37,43,79,88,106,120,124,209,262,196,112,179,244,162,206,34,41,83,96,126,208,215,256,60,264,40,82,117,132,21,184,225,234,25,223,32], E_minimum = 2107.61, E_running = 2114.32, H_running = 2111.55
   Step 100000 [192,49,138,139,156,169,174,290,295,300,29,35,44,79,88,106,120,124,209,262,196,112,181,244,161,206,34,42,83,96,126,208,215,257,60,265,40,82,117,132,21,184,225,238,25,222,32], E_minimum = 2107.61, E_running = 2113.83, H_running = 2111.06
   Step 150000 [192,49,137,139,156,167,174,290,295,300,29,37,43,79,88,106,120,123,209,262,196,112,179,244,162,206,34,42,83,96,126,208,215,257,60,265,39,82,117,132,21,184,225,238,25,222,32], E_minimum = 2107.61, E_running = 2111.55, H_running = 2108.78
   Step 200000 [192,49,138,139,156,169,174,290,295,300,29,37,45,79,87,106,120,123,209,262,196,112,181,244,162,206,34,41,83,96,126,208,215,257,60,265,39,82,117,132,21,184,225,238,25,222,32], E_minimum = 2107.61, E_running = 2109.62, H_running = 2106.85
   Step 250000 [192,49,138,139,156,167,173,290,295,300,29,35,43,79,87,106,120,123,209,262,196,112,179,244,162,206,34,41,83,96,126,208,215,257,60,265,39,82,116,132,21,184,225,238,25,223,32], E_minimum = 2107.61, E_running = 2110.47, H_running = 2107.69
   Step 300000 [192,49,138,139,156,169,174,290,295,300,29,37,44,79,87,106,120,123,209,262,196,112,179,244,162,206,34,42,83,96,126,208,215,257,60,265,40,82,117,132,21,184,225,234,25,223,32], E_minimum = 2107.61, E_running = 2109.56, H_running = 2106.79
   Step 350000 [192,49,138,139,156,167,174,290,295,300,29,35,43,79,87,106,120,124,209,262,196,112,181,244,162,206,34,42,83,96,127,208,215,257,60,265,40,82,116,132,21,184,225,234,25,222,32], E_minimum = 2107.61, E_running = 2110.32, H_running = 2107.55
   Exit cluster state: [192,49,138,139,156,169,173,290,295,300,29,37,44,79,87,106,120,124,209,262,196,112,179,244,162,206,34,42,83,96,126,208,215,257,60,265,39,82,117,132,21,184,225,238,25,222,32]
   Exit 400000, E_minimum =    2107.61, E_running = 2111.58, H_running = 2108.81
   The average running enthalpy is 2108.016
Cluster: VALA0083_  
n = 2, <= 1000000 Analytical solution
Cluster: META0080_, HISA0018_, TYRA0067_, THRA0078_, HEMA0500_, PDDA0500_, PHEA0010_, CYSA0014_, CYSA0017_, HISA0026_, LEUA0032_, ARGA0038_, TYRA0046_, TYRA0048_, TYRA0074_, TYRA0097_, PAAA0500_, LYSA0055_, LEUA0064_, ILEA0075_, ARGA0091_, THRA0049_, LYSA0013_, GLNA0016_, THRA0028_, LEUA0035_, LYSA0079_, ILEA0085_, LEUA0094_, VALA0020_, LEUA0098_, SERA0015_, LYSA0027_, GLNA0042_, LYSA0053_, ILEA0057_, THRA0063_, GLUA0066_, LYSA0007_, GLUA0069_, LYSA0088_, GLUA0090_, ILEA0009_, LYSA0087_, META0012_ +
n = 493024690386763776000000, > 1000000 Monte Carlo sampling
Doing entropy correction.
Occ run:
   Step      0 [209,52,172,205,291,304,29,38,44,78,87,102,121,123,193,262,295,137,163,199,243,127,34,41,84,99,208,216,257,60,266,40,81,117,132,141,158,167,21,179,225,231,24,221,32], E_minimum = 2420.30, E_running = 2420.30, H_running = 2417.38
   Step  50000 [209,49,173,206,290,306,29,35,45,79,87,106,120,123,192,262,295,138,162,196,244,126,34,42,83,96,208,215,257,60,265,40,82,117,132,139,156,167,21,179,225,238,25,222,32], E_minimum = 2093.04, E_running = 2094.17, H_running = 2091.34
   Step 100000 [209,49,174,206,290,300,29,35,45,79,87,106,120,123,192,262,295,138,162,196,244,126,34,41,83,96,208,215,257,60,265,39,82,117,132,139,156,169,21,181,225,238,25,222,32], E_minimum = 2093.04, E_running = 2094.66, H_running = 2091.74
   Step 150000 [209,49,173,206,291,306,29,35,43,79,87,106,120,123,192,262,295,138,162,196,244,126,34,42,83,96,208,215,256,60,265,40,82,117,132,139,156,167,21,181,225,234,25,223,32], E_minimum = 2093.04, E_running = 2096.20, H_running = 2093.38
   Step 200000 [209,49,174,206,290,300,29,35,43,79,87,106,120,124,192,262,295,138,162,196,244,126,34,42,83,96,208,215,257,60,265,40,82,116,132,139,156,167,21,181,225,234,25,223,32], E_minimum = 2093.04, E_running = 2094.33, H_running = 2091.41
   Step 250000 [209,49,174,206,290,300,29,35,43,79,87,106,120,124,192,262,295,138,162,196,244,126,34,41,83,96,208,215,257,60,265,40,82,117,132,139,156,167,21,181,225,238,25,222,32], E_minimum = 2093.04, E_running = 2093.72, H_running = 2090.79
   Step 300000 [209,49,174,206,290,300,29,37,43,79,87,106,120,124,192,262,295,138,162,196,244,126,34,42,84,96,208,215,257,60,265,40,82,117,132,139,156,166,21,181,225,238,25,223,32], E_minimum = 2093.04, E_running = 2096.88, H_running = 2093.96
   Exit cluster state: [209,49,174,206,290,300,29,35,43,79,87,106,120,123,192,262,295,138,162,196,244,127,34,42,83,96,208,215,257,60,265,40,82,116,132,139,156,169,21,179,225,238,25,223,32]
   Exit 350000, E_minimum =    2093.04, E_running = 2094.92, H_running = 2091.99
   The average running enthalpy is 2093.178
Cluster: TYRA0067_, CYSA0014_, CYSA0017_, HISA0018_, ARGA0038_, TYRA0046_, TYRA0048_, LYSA0055_, LEUA0064_, TYRA0074_, ILEA0075_, THRA0078_, META0080_, ARGA0091_, HEMA0500_, PAAA0500_, PDDA0500_, PHEA0010_, LYSA0013_, SERA0015_, LEUA0094_, TYRA0097_, GLNA0016_, LYSA0027_, HISA0026_, LEUA0032_, LEUA0035_, GLNA0042_, LYSA0079_, THRA0049_, LYSA0053_, ILEA0057_, THRA0063_, GLUA0066_, GLUA0069_, ILEA0085_, LYSA0088_, GLUA0090_, THRA0028_, VALA0020_, LEUA0098_, ILEA0009_, LYSA0087_, LYSA0007_, META0012_, LYSA0025_, LYSA0039_, THRA0040_, ASNA0070_, GLUA0089_, ASPA0002_, ASPA0093_ +
n = 21298666624708195123200000000, > 1000000 Monte Carlo sampling
Doing entropy correction.
Occ run:
   Step      0 [171,35,45,47,103,120,125,135,164,195,196,205,209,242,290,295,298,29,34,39,258,263,42,81,75,87,98,116,207,127,131,139,160,167,178,215,225,231,84,59,265,27,223,21,32,70,110,111,183,228,5,251], E_minimum = 2876.29, E_running = 2876.29, H_running = 2873.91
   Step  50000 [174,37,43,49,106,120,123,138,162,192,196,206,209,244,290,295,300,29,34,40,257,262,41,82,79,87,96,117,208,127,132,139,156,169,181,215,225,234,83,60,265,25,223,21,32,71,110,112,184,229,5,253], E_minimum = 2094.97, E_running = 2096.72, H_running = 2093.79
   Step 100000 [173,37,43,49,106,120,124,138,162,193,196,206,209,244,290,295,306,29,34,40,257,262,41,82,79,88,96,116,208,126,132,139,156,169,179,215,225,234,83,59,265,25,223,21,32,71,110,112,184,229,8,253], E_minimum = 2094.80, E_running = 2101.74, H_running = 2098.91
