  Eh        -200   200
NTG+A0001_  1.00  1.00
ASP-A0002_ -0.06 -0.06
GLU-A0004_ -0.00 -0.00
LYS+A0005_  1.00  1.00
LYS+A0007_  1.00  1.00
LYS+A0008_  1.00  1.00
LYS+A0013_  1.00  1.00
CYS-A0014_ -0.00 -0.00
CYS-A0017_ -0.00 -0.00
HIS+A0018_  0.00  0.00
GLU-A0021_ -0.00 -0.00
LYS+A0022_  1.00  1.00
LYS+A0025_  1.00  1.00
HIS+A0026_  1.00  1.00
LYS+A0027_  1.00  1.00
HIS+A0033_  1.00  1.00
ARG+A0038_  1.00  1.00
LYS+A0039_  1.00  1.00
TYR-A0046_ -0.00 -0.00
TYR-A0048_ -0.00 -0.00
LYS+A0053_  1.00  1.00
LYS+A0055_  1.00  1.00
GLU-A0061_ -0.00 -0.00
ASP-A0062_ -0.00 -0.00
GLU-A0066_ -0.00 -0.00
TYR-A0067_ -0.00 -0.00
GLU-A0069_ -0.00 -0.00
LYS+A0072_  1.00  1.00
LYS+A0073_  1.00  1.00
TYR-A0074_ -0.00 -0.00
LYS+A0079_  1.00  1.00
LYS+A0086_  1.00  1.00
LYS+A0087_  1.00  1.00
LYS+A0088_  1.00  1.00
GLU-A0089_ -0.00 -0.01
GLU-A0090_ -0.00 -0.01
ARG+A0091_  1.00  1.00
ASP-A0093_ -0.02 -0.02
TYR-A0097_ -0.00 -0.00
LYS+A0099_  1.00  1.00
LYS+A0100_  1.00  1.00
GLU-A0104_ -0.00 -0.00
CTR-A0104_ -0.00 -0.00
HEM+A0500_  0.00  1.00
PAA-A0500_ -0.00 -0.00
PDD-A0500_ -0.09 -1.00
----------
Net_Charge 22.84 22.91
Protons    22.83 21.91
Electrons  -0.00 -1.00
