   confID        vdw0    sas     sum
NTG01A0001_001  -0.004  -3.423  -3.427
NTG+1A0001_002  -0.010  -3.423  -3.432
ASP01A0002_001   0.097  -1.953  -1.856
ASP01A0002_002   0.097  -1.953  -1.856
ASP01A0002_003   0.091  -2.135  -2.043
ASP01A0002_004   0.087  -2.104  -2.016
ASP02A0002_005   0.177  -2.008  -1.831
ASP02A0002_006   0.177  -2.008  -1.831
ASP02A0002_007   0.169  -2.005  -1.836
ASP-1A0002_008   0.094  -1.964  -1.870
ASP-1A0002_009   0.086  -2.067  -1.982
VAL01A0003_001   0.551  -2.778  -2.228
VAL01A0003_002   0.531  -2.762  -2.232
GLU01A0004_001   0.458  -3.659  -3.201
GLU01A0004_002   0.458  -3.659  -3.201
GLU02A0004_003   0.498  -3.776  -3.278
GLU02A0004_004   0.498  -3.776  -3.278
GLU-1A0004_005   0.370  -3.626  -3.257
LYS01A0005_001   0.675  -7.218  -6.544
LYS+1A0005_002   0.629  -7.218  -6.590
LYS01A0007_001   1.922  -5.436  -3.514
LYS+1A0007_002   1.845  -5.436  -3.591
LYS01A0008_001   1.737  -9.106  -7.369
LYS+1A0008_002   1.688  -9.106  -7.418
ILE01A0009_001   1.856  -2.025  -0.169
ILE01A0009_002   2.074  -2.009   0.065
ILE01A0009_003   1.557  -1.974  -0.416
ILE01A0009_004   1.750  -2.112  -0.362
PHE01A0010_001   4.807   0.000   4.807
PHE01A0010_002   4.801   0.000   4.801
ILE01A0011_001   2.233  -4.736  -2.503
MET01A0012_001   4.975  -7.827  -2.851
MET01A0012_002   1.893  -8.099  -6.206
LYS01A0013_001   1.743  -3.804  -2.061
LYS+1A0013_002   1.694  -3.804  -2.110
CYS01A0014_001  -0.002   0.000  -0.002
CYS01A0014_002  -0.002   0.000  -0.002
CYS01A0014_003  -0.002   0.000  -0.002
CYS-1A0014_004   0.000   0.000   0.000
SER01A0015_001   0.000  -0.997  -0.997
SER01A0015_002   0.000  -0.997  -0.997
GLN01A0016_001   0.920  -3.033  -2.113
GLN01A0016_002   0.926  -3.069  -2.143
CYS01A0017_001  -0.002  -0.143  -0.145
CYS01A0017_002  -0.002  -0.143  -0.145
CYS01A0017_003  -0.002  -0.143  -0.145
CYS-1A0017_004   0.000  -0.143  -0.143
HIS01A0018_001  -0.199   0.000  -0.199
HIS01A0018_002  -0.194   0.000  -0.194
HIS02A0018_003  -0.215   0.000  -0.215
HIS+1A0018_004  -0.242   0.000  -0.242
HIS+1A0018_005  -0.237   0.000  -0.237
HIS+1A0018_006  -0.238   0.000  -0.238
THR01A0019_001   0.830  -1.082  -0.251
THR01A0019_002   0.830  -1.082  -0.251
THR01A0019_003   0.744  -0.979  -0.235
THR01A0019_004   0.741  -0.979  -0.238
THR01A0019_005   0.460  -1.149  -0.689
THR01A0019_006   0.459  -1.082  -0.623
VAL01A0020_001   0.591  -0.824  -0.233
VAL01A0020_002   0.643  -0.721  -0.078
VAL01A0020_003   0.532  -0.824  -0.292
GLU01A0021_001   1.361  -2.874  -1.513
GLU01A0021_002   1.361  -2.874  -1.513
GLU02A0021_003   1.213  -2.832  -1.620
GLU02A0021_004   1.213  -2.832  -1.620
GLU-1A0021_005   1.086  -2.747  -1.661
LYS01A0022_001   1.642  -9.225  -7.583
LYS+1A0022_002   1.557  -9.225  -7.667
LYS01A0025_001   1.527  -9.305  -7.778
LYS01A0025_002   1.366  -9.347  -7.981
LYS+1A0025_003   1.474  -9.305  -7.831
HIS01A0026_001  -0.357  -2.842  -3.199
HIS01A0026_002  -0.325  -2.908  -3.233
HIS01A0026_003  -0.357  -2.902  -3.259
HIS02A0026_004  -0.369  -2.842  -3.211
HIS02A0026_005  -0.369  -2.804  -3.173
HIS02A0026_006  -0.338  -3.104  -3.442
HIS+1A0026_007  -0.395  -2.842  -3.238
HIS+1A0026_008  -0.365  -2.844  -3.209
HIS+1A0026_009  -0.396  -2.851  -3.246
LYS01A0027_001   5.019  -7.156  -2.136
LYS+1A0027_002   5.009  -7.156  -2.146
THR01A0028_001   0.465  -4.056  -3.592
THR01A0028_002   0.465  -4.056  -3.592
PRO01A0030_001   0.256   0.000   0.256
ASN01A0031_001   0.375  -0.476  -0.100
LEU01A0032_001   1.494   0.000   1.494
LEU01A0032_002   1.556   0.000   1.556
LEU01A0032_003   1.279   0.000   1.279
HIS01A0033_001  -0.172  -3.399  -3.572
HIS01A0033_002  -0.140  -3.551  -3.690
HIS02A0033_003  -0.190  -3.399  -3.589
HIS02A0033_004  -0.152  -3.551  -3.703
HIS+1A0033_005  -0.216  -3.399  -3.615
HIS+1A0033_006  -0.179  -3.551  -3.730
LEU01A0035_001   2.589  -0.052   2.537
LEU01A0035_002   2.724  -0.052   2.672
LEU01A0035_003   2.130  -0.052   2.078
LEU01A0035_004   2.158  -0.052   2.107
PHE01A0036_001   4.810  -0.412   4.398
ARG01A0038_001   1.798  -3.549  -1.751
ARG01A0038_002   2.148  -3.530  -1.381
ARG02A0038_003   1.792  -3.549  -1.757
ARG03A0038_004   1.728  -3.549  -1.821
ARG03A0038_005   1.692  -3.491  -1.798
ARG+1A0038_006   1.690  -3.549  -1.859
LYS01A0039_001   0.825  -7.191  -6.367
LYS01A0039_002   0.725  -7.536  -6.811
LYS+1A0039_003   0.778  -7.191  -6.413
LYS+1A0039_004   0.674  -7.536  -6.862
THR01A0040_001   1.164   0.000   1.164
THR01A0040_002   1.137   0.000   1.137
THR01A0040_003   0.461   0.000   0.461
THR01A0040_004   0.462   0.000   0.462
GLN01A0042_001   0.478  -3.043  -2.565
GLN01A0042_002   0.432  -3.134  -2.702
GLN01A0042_003   0.548  -2.977  -2.429
ALA01A0043_001   0.000  -0.052  -0.052
PRO01A0044_001   0.259  -7.220  -6.961
TYR01A0046_001   3.987  -0.354   3.633
TYR-1A0046_002   3.986  -0.354   3.633
SER01A0047_001   0.000  -4.862  -4.862
TYR01A0048_001   4.076  -0.254   3.822
TYR01A0048_002   4.076  -0.254   3.823
TYR-1A0048_003   4.076  -0.254   3.822
THR01A0049_001   0.425  -0.203   0.222
THR01A0049_002   0.425  -0.203   0.223
ALA01A0050_001   0.000  -4.839  -4.839
ALA01A0051_001   0.000  -0.103  -0.103
ASN01A0052_001   0.260   0.000   0.260
LYS01A0053_001   2.242  -6.533  -4.290
LYS+1A0053_002   2.162  -6.533  -4.370
ASN01A0054_001   0.620  -3.115  -2.496
ASN01A0054_002   0.313  -2.973  -2.660
LYS01A0055_001   6.358  -2.593   3.764
LYS01A0055_002   5.856  -2.516   3.340
LYS+1A0055_003   6.321  -2.593   3.727
LYS+1A0055_004   5.499  -2.584   2.915
ILE01A0057_001   1.039  -2.537  -1.498
ILE01A0057_002   1.184  -2.437  -1.253
ILE01A0057_003   0.868  -2.299  -1.431
ILE01A0058_001   1.225  -5.373  -4.148
ILE01A0058_002   1.504  -5.373  -3.869
ILE01A0058_003   1.067  -5.528  -4.461
TRP01A0059_001   2.913   0.000   2.913
GLU01A0061_001   0.810  -2.549  -1.740
GLU01A0061_002   0.810  -2.549  -1.740
GLU02A0061_003   0.810  -2.557  -1.747
GLU02A0061_004   0.810  -2.557  -1.747
GLU-1A0061_005   0.685  -2.536  -1.851
ASP01A0062_001   0.420  -3.609  -3.189
ASP01A0062_002   0.420  -3.609  -3.189
ASP02A0062_003   0.492  -3.545  -3.052
ASP02A0062_004   0.492  -3.545  -3.052
ASP-1A0062_005   0.372  -3.493  -3.121
THR01A0063_001   0.868  -1.835  -0.967
THR01A0063_002   0.907  -1.800  -0.893
THR01A0063_003   0.462  -1.764  -1.303
THR01A0063_004   0.460  -1.764  -1.304
THR01A0063_005   0.461  -1.697  -1.236
LEU01A0064_001   1.720   0.000   1.720
LEU01A0064_002   1.397  -0.052   1.345
LEU01A0064_003   1.302   0.000   1.302
LEU01A0064_004   1.280   0.000   1.280
MET01A0065_001   0.454  -2.972  -2.518
GLU01A0066_001   0.435  -2.678  -2.243
GLU01A0066_002   0.435  -2.678  -2.243
GLU02A0066_003   0.460  -2.719  -2.259
GLU02A0066_004   0.460  -2.719  -2.259
GLU-1A0066_005   0.338  -2.588  -2.250
TYR01A0067_001   4.194   0.000   4.194
TYR01A0067_002   4.192   0.000   4.192
TYR01A0067_003   4.187   0.000   4.187
TYR01A0067_004   4.186   0.000   4.186
TYR-1A0067_005   4.194   0.000   4.194
TYR-1A0067_006   4.186   0.000   4.186
LEU01A0068_001   1.293   0.000   1.293
GLU01A0069_001   0.647  -2.269  -1.621
GLU01A0069_002   0.647  -2.269  -1.621
GLU02A0069_003   0.703  -2.258  -1.555
GLU02A0069_004   0.703  -2.258  -1.555
GLU-1A0069_005   0.564  -2.171  -1.606
ASN01A0070_001   0.523  -1.905  -1.382
ASN01A0070_002   0.562  -1.865  -1.303
PRO01A0071_001   0.259   0.000   0.259
LYS01A0072_001   5.080  -6.514  -1.434
LYS01A0072_002   2.621  -6.751  -4.131
LYS+1A0072_003   5.132  -6.514  -1.382
LYS+1A0072_004   2.618  -6.619  -4.002
LYS01A0073_001   1.990  -7.375  -5.385
LYS+1A0073_002   1.921  -7.375  -5.454
TYR01A0074_001   4.173  -1.426   2.747
TYR01A0074_002   4.164  -1.527   2.637
TYR-1A0074_003   4.173  -1.426   2.747
TYR-1A0074_004   4.176  -1.544   2.632
ILE01A0075_001   5.296   0.000   5.296
ILE01A0075_002   5.115   0.000   5.115
ILE01A0075_003   5.642   0.000   5.642
ILE01A0075_004   5.141   0.000   5.141
PRO01A0076_001   0.259  -4.684  -4.425
THR01A0078_001   0.504  -0.052   0.453
THR01A0078_002   0.505  -0.052   0.453
THR01A0078_003   0.502  -0.052   0.451
THR01A0078_004   0.462  -0.052   0.411
THR01A0078_005   0.462  -0.052   0.410
THR01A0078_006   0.462  -0.052   0.410
LYS01A0079_001   1.138  -4.400  -3.262
LYS+1A0079_002   1.091  -4.400  -3.309
MET01A0080_001   0.215   0.000   0.215
MET01A0080_002   0.126   0.000   0.126
ILE01A0081_001   1.086  -8.615  -7.529
PHE01A0082_001   4.804  -0.186   4.618
VAL01A0083_001   0.550  -7.414  -6.865
VAL01A0083_002   0.534  -7.379  -6.845
ILE01A0085_001   1.713  -0.567   1.146
ILE01A0085_002   1.615  -0.567   1.048
ILE01A0085_003   1.931  -0.670   1.261
LYS01A0086_001   1.337  -8.787  -7.450
LYS+1A0086_002   1.290  -8.787  -7.498
LYS01A0087_001   2.629  -6.406  -3.777
LYS01A0087_002   2.207  -6.196  -3.989
LYS+1A0087_003   2.568  -6.406  -3.838
LYS+1A0087_004   2.070  -6.466  -4.396
LYS01A0088_001   1.435  -9.031  -7.596
LYS+1A0088_002   1.386  -9.031  -7.645
GLU01A0089_001   1.177  -3.112  -1.936
GLU01A0089_002   1.178  -3.112  -1.935
GLU02A0089_003   1.082  -3.303  -2.221
GLU02A0089_004   1.082  -3.303  -2.221
GLU-1A0089_005   0.952  -3.096  -2.143
GLU01A0090_001   0.430  -1.272  -0.842
GLU01A0090_002   0.430  -1.272  -0.842
GLU01A0090_003   0.460  -1.351  -0.890
GLU01A0090_004   0.460  -1.351  -0.890
GLU02A0090_005   0.469  -1.272  -0.803
GLU02A0090_006   0.469  -1.272  -0.803
GLU02A0090_007   0.538  -1.527  -0.989
GLU02A0090_008   0.560  -1.458  -0.899
GLU-1A0090_009   0.343  -1.231  -0.888
ARG01A0091_001   3.062  -0.899   2.162
ARG02A0091_002   3.034  -0.899   2.134
ARG02A0091_003   3.135  -0.899   2.235
ARG03A0091_004   3.022  -0.899   2.123
ARG+1A0091_005   2.982  -0.899   2.083
ALA01A0092_001   0.000  -1.819  -1.819
ASP01A0093_001   0.223  -0.571  -0.348
ASP01A0093_002   0.223  -0.571  -0.348
ASP01A0093_003   0.190  -0.535  -0.345
ASP01A0093_004   0.180  -0.498  -0.318
ASP02A0093_005   0.329  -0.527  -0.199
ASP02A0093_006   0.329  -0.527  -0.199
ASP02A0093_007   0.235  -0.564  -0.328
ASP02A0093_008   0.235  -0.564  -0.328
ASP-1A0093_009   0.216  -0.482  -0.267
ASP-1A0093_010   0.145  -0.517  -0.372
LEU01A0094_001   1.684   0.000   1.684
LEU01A0094_002   1.771   0.000   1.771
LEU01A0094_003   1.306   0.000   1.306
LEU01A0094_004   1.316   0.000   1.316
ILE01A0095_001   2.576  -0.412   2.164
ALA01A0096_001   0.000  -0.927  -0.927
TYR01A0097_001   4.185  -1.228   2.958
TYR-1A0097_002   4.185  -1.228   2.958
LEU01A0098_001   1.515   0.000   1.515
LEU01A0098_002   1.654   0.000   1.654
LEU01A0098_003   1.483   0.000   1.483
LYS01A0099_001   4.246  -2.639   1.607
LYS01A0099_002   2.784  -2.600   0.184
LYS+1A0099_003   4.159  -2.639   1.520
LYS01A0100_001   0.638  -6.836  -6.198
LYS+1A0100_002   0.591  -6.836  -6.244
ALA01A0101_001   0.000  -0.361  -0.361
THR01A0102_001   0.467   0.000   0.467
THR01A0102_002   0.467   0.000   0.467
THR01A0102_003   0.461   0.000   0.461
THR01A0102_004   0.461   0.000   0.461
ASN01A0103_001   0.380  -2.111  -1.732
ASN01A0103_002   0.085  -1.801  -1.716
ASN01A0103_003   0.380  -1.964  -1.584
GLU01A0104_001   0.909  -3.891  -2.982
GLU01A0104_002   0.909  -3.891  -2.982
GLU02A0104_003   1.070  -3.787  -2.716
GLU02A0104_004   1.070  -3.787  -2.716
GLU-1A0104_005   0.820  -3.665  -2.845
CTR01A0104_001  -0.021  -4.064  -4.085
CTR01A0104_002   0.108  -4.238  -4.130
CTR02A0104_003  -0.022  -4.102  -4.125
CTR02A0104_004   0.042  -4.103  -4.061
CTR-1A0104_005   0.000  -4.122  -4.122
HEM01A0500_001  -4.794  -0.947  -5.741
HEM+1A0500_002  -4.794  -0.947  -5.741
PAA01A0500_001   1.545   0.000   1.545
PAA01A0500_002   1.545   0.000   1.545
PAA02A0500_003   1.331   0.000   1.331
PAA02A0500_004   1.331   0.000   1.331
PAA-1A0500_005   1.221   0.000   1.221
PDD01A0500_001   0.735   0.000   0.735
PDD01A0500_002   0.735   0.000   0.735
PDD01A0500_003   0.614   0.000   0.614
PDD01A0500_004   0.614   0.000   0.614
PDD02A0500_005   0.751   0.000   0.751
PDD02A0500_006   0.751   0.000   0.751
PDD02A0500_007   0.639   0.000   0.639
PDD02A0500_008   0.639   0.000   0.639
PDD-1A0500_009   0.622   0.000   0.622
PDD-1A0500_010   0.480   0.000   0.480
