 residue    partner         vdw     ele  pairwise  charge
TYR-A0017_  TYRA0017_       0.00    0.00    0.00   -1.00
TYR-A0017_  GLUA0029_       0.00    0.73    0.73   -1.00
TYR-A0017_  ASPA0086_       0.00    0.00    0.00    0.00
TYR-A0017_  HISA0102_       0.00   -0.73   -0.73    1.00
TYR-A0017_  TYRA0103_       0.00    0.73    0.73   -1.00
GLU-A0029_  TYRA0017_       0.00    0.73    0.73   -1.00
GLU-A0029_  GLUA0029_       0.00    0.00    0.00   -1.00
GLU-A0029_  ASPA0086_       0.00    0.00    0.00    0.00
GLU-A0029_  HISA0102_       0.00   -0.73   -0.73    1.00
GLU-A0029_  TYRA0103_       0.00    0.73    0.73   -1.00
ASP-A0086_  TYRA0017_       0.00    0.73    0.73   -1.00
ASP-A0086_  GLUA0029_       0.00    0.73    0.73   -1.00
ASP-A0086_  ASPA0086_       0.00    0.00    0.00    0.00
ASP-A0086_  HISA0102_       0.00   -0.73   -0.73    1.00
ASP-A0086_  TYRA0103_       0.00    0.73    0.73   -1.00
HIS+A0102_  TYRA0017_       0.00   -0.73   -0.73   -1.00
HIS+A0102_  GLUA0029_       0.00   -0.73   -0.73   -1.00
HIS+A0102_  ASPA0086_       0.00    0.00    0.00    0.00
HIS+A0102_  HISA0102_       0.00    0.00    0.00    1.00
HIS+A0102_  TYRA0103_       0.00   -0.73   -0.73   -1.00
TYR-A0103_  TYRA0017_       0.00    0.73    0.73   -1.00
TYR-A0103_  GLUA0029_       0.00    0.73    0.73   -1.00
TYR-A0103_  ASPA0086_       0.00    0.00    0.00    0.00
TYR-A0103_  HISA0102_       0.00   -0.73   -0.73    1.00
TYR-A0103_  TYRA0103_       0.00    0.00    0.00   -1.00
