Titration at ph =  7.00 and eh = 0 mv.
Doing annealing:
   Step          0, E_minimum =       0.00, E_running =       0.00
1,2,5,8,12
   Exit      50000, E_minimum =       0.00, E_running =       0.00
   The average running energy, corresponding to H, is    0.000
   Step          0, E_minimum =       0.00, E_running =       0.00
0,2,6,8,10
   Exit      50000, E_minimum =       0.00, E_running =       0.00
   The average running energy, corresponding to H, is    0.000
   Step          0, E_minimum =       0.00, E_running =       0.00
0,3,5,7,13
   Exit      50000, E_minimum =       0.00, E_running =       0.00
   The average running energy, corresponding to H, is    0.000
   Step          0, E_minimum =       0.00, E_running =       0.00
0,2,6,9,13
   Exit      50000, E_minimum =       0.00, E_running =       0.00
   The average running energy, corresponding to H, is    0.000
   Step          0, E_minimum =       0.00, E_running =       0.00
1,3,6,7,14
   Exit      50000, E_minimum =       0.00, E_running =       0.00
   The average running energy, corresponding to H, is    0.000
   Step          0, E_minimum =       0.00, E_running =       0.00
1,3,5,8,13
   Exit      50000, E_minimum =       0.00, E_running =       0.00
   The average running energy, corresponding to H, is    0.000
Doing reduction:
   Step          0, E_minimum =       0.00, E_running =       0.00
1,2,5,9,10
   Exit      50000, E_minimum =       0.00, E_running =       0.00
   The average running energy, corresponding to H, is    0.000
Doing sampling:
Doing analytical solution because states 180 < threshhold 1500000
Doing annealing:
   Step          0, E_minimum =       0.00, E_running =       0.00
1,3,6,9,13
   Exit      50000, E_minimum =       0.00, E_running =       0.00
   The average running energy, corresponding to H, is    0.000
   Step          0, E_minimum =       0.00, E_running =       0.00
0,2,5,7,11
   Exit      50000, E_minimum =       0.00, E_running =       0.00
   The average running energy, corresponding to H, is    0.000
   Step          0, E_minimum =       0.00, E_running =       0.00
1,4,6,9,12
   Exit      50000, E_minimum =       0.00, E_running =       0.00
   The average running energy, corresponding to H, is    0.000
   Step          0, E_minimum =       0.00, E_running =       0.00
1,4,6,8,12
   Exit      50000, E_minimum =       0.00, E_running =       0.00
   The average running energy, corresponding to H, is    0.000
   Step          0, E_minimum =       0.00, E_running =       0.00
0,2,5,8,14
   Exit      50000, E_minimum =       0.00, E_running =       0.00
   The average running energy, corresponding to H, is    0.000
   Step          0, E_minimum =       0.00, E_running =       0.00
1,3,6,7,13
   Exit      50000, E_minimum =       0.00, E_running =       0.00
   The average running energy, corresponding to H, is    0.000
Doing reduction:
   Step          0, E_minimum =       0.00, E_running =       0.00
0,4,5,7,12
   Exit      50000, E_minimum =       0.00, E_running =       0.00
   The average running energy, corresponding to H, is    0.000
Doing sampling:
Doing analytical solution because states 180 < threshhold 1500000
Doing annealing:
   Step          0, E_minimum =       0.00, E_running =       0.00
1,4,5,7,12
   Exit      50000, E_minimum =       0.00, E_running =       0.00
   The average running energy, corresponding to H, is    0.000
   Step          0, E_minimum =       0.00, E_running =       0.00
0,3,6,7,12
   Exit      50000, E_minimum =       0.00, E_running =       0.00
   The average running energy, corresponding to H, is    0.000
   Step          0, E_minimum =       0.00, E_running =       0.00
1,3,5,8,13
   Exit      50000, E_minimum =       0.00, E_running =       0.00
   The average running energy, corresponding to H, is    0.000
   Step          0, E_minimum =       0.00, E_running =       0.00
1,4,6,9,12
   Exit      50000, E_minimum =       0.00, E_running =       0.00
   The average running energy, corresponding to H, is    0.000
   Step          0, E_minimum =       0.00, E_running =       0.00
1,2,6,8,11
   Exit      50000, E_minimum =       0.00, E_running =       0.00
   The average running energy, corresponding to H, is    0.000
   Step          0, E_minimum =       0.00, E_running =       0.00
0,2,5,8,14
   Exit      50000, E_minimum =       0.00, E_running =       0.00
   The average running energy, corresponding to H, is    0.000
Doing reduction:
   Step          0, E_minimum =       0.00, E_running =       0.00
1,2,5,9,11
   Exit      50000, E_minimum =       0.00, E_running =       0.00
   The average running energy, corresponding to H, is    0.000
Doing sampling:
Doing analytical solution because states 180 < threshhold 1500000
Doing annealing:
   Step          0, E_minimum =       0.00, E_running =       0.00
1,2,5,8,11
   Exit      50000, E_minimum =       0.00, E_running =       0.00
   The average running energy, corresponding to H, is    0.000
   Step          0, E_minimum =       0.00, E_running =       0.00
1,3,5,9,13
   Exit      50000, E_minimum =       0.00, E_running =       0.00
   The average running energy, corresponding to H, is    0.000
   Step          0, E_minimum =       0.00, E_running =       0.00
1,4,6,9,11
   Exit      50000, E_minimum =       0.00, E_running =       0.00
   The average running energy, corresponding to H, is    0.000
   Step          0, E_minimum =       0.00, E_running =       0.00
0,2,6,8,11
   Exit      50000, E_minimum =       0.00, E_running =       0.00
   The average running energy, corresponding to H, is    0.000
   Step          0, E_minimum =       0.00, E_running =       0.00
1,2,6,7,10
   Exit      50000, E_minimum =       0.00, E_running =       0.00
   The average running energy, corresponding to H, is    0.000
   Step          0, E_minimum =       0.00, E_running =       0.00
0,3,5,8,11
   Exit      50000, E_minimum =       0.00, E_running =       0.00
   The average running energy, corresponding to H, is    0.000
Doing reduction:
   Step          0, E_minimum =       0.00, E_running =       0.00
1,2,6,8,11
   Exit      50000, E_minimum =       0.00, E_running =       0.00
   The average running energy, corresponding to H, is    0.000
Doing sampling:
Doing analytical solution because states 180 < threshhold 1500000
Doing annealing:
   Step          0, E_minimum =       0.00, E_running =       0.00
1,4,6,7,14
   Exit      50000, E_minimum =       0.00, E_running =       0.00
   The average running energy, corresponding to H, is    0.000
   Step          0, E_minimum =       0.00, E_running =       0.00
0,2,5,8,14
   Exit      50000, E_minimum =       0.00, E_running =       0.00
   The average running energy, corresponding to H, is    0.000
   Step          0, E_minimum =       0.00, E_running =       0.00
0,2,5,8,14
   Exit      50000, E_minimum =       0.00, E_running =       0.00
   The average running energy, corresponding to H, is    0.000
   Step          0, E_minimum =       0.00, E_running =       0.00
1,2,5,7,13
   Exit      50000, E_minimum =       0.00, E_running =       0.00
   The average running energy, corresponding to H, is    0.000
   Step          0, E_minimum =       0.00, E_running =       0.00
1,2,5,7,10
   Exit      50000, E_minimum =       0.00, E_running =       0.00
   The average running energy, corresponding to H, is    0.000
   Step          0, E_minimum =       0.00, E_running =       0.00
0,3,5,8,11
   Exit      50000, E_minimum =       0.00, E_running =       0.00
   The average running energy, corresponding to H, is    0.000
Doing reduction:
   Step          0, E_minimum =       0.00, E_running =       0.00
1,3,5,9,13
   Exit      50000, E_minimum =       0.00, E_running =       0.00
   The average running energy, corresponding to H, is    0.000
Doing sampling:
Doing analytical solution because states 180 < threshhold 1500000
Doing annealing:
   Step          0, E_minimum =       0.00, E_running =       0.00
0,4,5,9,12
   Exit      50000, E_minimum =       0.00, E_running =       0.00
   The average running energy, corresponding to H, is    0.000
   Step          0, E_minimum =       0.00, E_running =       0.00
1,3,5,8,11
   Exit      50000, E_minimum =       0.00, E_running =       0.00
   The average running energy, corresponding to H, is    0.000
   Step          0, E_minimum =       0.00, E_running =       0.00
1,4,5,7,14
   Exit      50000, E_minimum =       0.00, E_running =       0.00
   The average running energy, corresponding to H, is    0.000
   Step          0, E_minimum =       0.00, E_running =       0.00
0,4,5,7,10
   Exit      50000, E_minimum =       0.00, E_running =       0.00
   The average running energy, corresponding to H, is    0.000
   Step          0, E_minimum =       0.00, E_running =       0.00
0,3,5,8,12
   Exit      50000, E_minimum =       0.00, E_running =       0.00
   The average running energy, corresponding to H, is    0.000
   Step          0, E_minimum =       0.00, E_running =       0.00
1,4,6,9,11
   Exit      50000, E_minimum =       0.00, E_running =       0.00
   The average running energy, corresponding to H, is    0.000
Doing reduction:
   Step          0, E_minimum =       0.00, E_running =       0.00
0,2,5,8,11
   Exit      50000, E_minimum =       0.00, E_running =       0.00
   The average running energy, corresponding to H, is    0.000
Doing sampling:
Doing analytical solution because states 180 < threshhold 1500000
Standard deviation in independent runs:
   TYR01A0017_001 0.50 0.50 0.50 0.50 0.50 0.50 stdev =  0.000
   TYR-1A0017_002 0.50 0.50 0.50 0.50 0.50 0.50 stdev =  0.000
   GLU01A0029_001 0.33 0.33 0.33 0.33 0.33 0.33 stdev =  0.000
   GLU02A0029_003 0.33 0.33 0.33 0.33 0.33 0.33 stdev =  0.000
   GLU-1A0029_004 0.33 0.33 0.33 0.33 0.33 0.33 stdev =  0.000
   ASP01A0086_001 0.50 0.50 0.50 0.50 0.50 0.50 stdev =  0.000
   ASP-1A0086_003 0.50 0.50 0.50 0.50 0.50 0.50 stdev =  0.000
   HIS01A0102_001 0.33 0.33 0.33 0.33 0.33 0.33 stdev =  0.000
   HIS02A0102_002 0.33 0.33 0.33 0.33 0.33 0.33 stdev =  0.000
   HIS+1A0102_003 0.33 0.33 0.33 0.33 0.33 0.33 stdev =  0.000
   TYR01A0103_001 0.20 0.20 0.20 0.20 0.20 0.20 stdev =  0.000
   TYR01A0103_002 0.20 0.20 0.20 0.20 0.20 0.20 stdev =  0.000
   TYR01A0103_003 0.20 0.20 0.20 0.20 0.20 0.20 stdev =  0.000
   TYR01A0103_004 0.20 0.20 0.20 0.20 0.20 0.20 stdev =  0.000
   TYR-1A0103_005 0.20 0.20 0.20 0.20 0.20 0.20 stdev =  0.000
