Titration at ph =  7.00 and eh = 0 mv.
Doing annealing:
   Step          0, E_minimum =    -237.47, E_running =    -237.47
0,1,2,3,4,6,7,8,9,10,11,12,13,14,15,16,17,18,19,20,21,22,23,24,25,26,27,28,29,30,31,32,33,34,35,36,37,38,39,40,41,42,43,44,45,46,47,48,49,50,51,52,53,54,55,56,57,58,59,60,61,62,63,64,65,66,67,68,69,70,71,72,73,74,75,76,77,78,79,80,81,82,83,84,85,86,87,88,89,90,91,92,93,94,95,96,97,98,99,100,101,102,103,104,105,106,107,108,109,110,111,112,113,114,115,116,117,118,119,120,121,122,123,124,125,126,127,128,129,130,131,132,133,134,135,136,137,138,139,140,141,142,143,144,145,146,147,148,149,150,151,152,153,154,155,156,157,158,159,160,161,162,163,164,165,166,167,168,169,170,171,172,173,174,175,176,177,178,179,180,181,182,183,184,185,186,187,188,189,190,191,192,193,194,195,196,197,198,199,200,201,202,203,204,205,206,207,208,209,210,211,212,213,214,215,216,217,218
   Exit      50000, E_minimum =    -237.47, E_running =    -237.47
   The average running energy, corresponding to H, is -236.813
   Step          0, E_minimum =    -237.47, E_running =    -237.47
0,1,2,3,4,5,7,8,9,10,11,12,13,14,15,16,17,18,19,20,21,22,23,24,25,26,27,28,29,30,31,32,33,34,35,36,37,38,39,40,41,42,43,44,45,46,47,48,49,50,51,52,53,54,55,56,57,58,59,60,61,62,63,64,65,66,67,68,69,70,71,72,73,74,75,76,77,78,79,80,81,82,83,84,85,86,87,88,89,90,91,92,93,94,95,96,97,98,99,100,101,102,103,104,105,106,107,108,109,110,111,112,113,114,115,116,117,118,119,120,121,122,123,124,125,126,127,128,129,130,131,132,133,134,135,136,137,138,139,140,141,142,143,144,145,146,147,148,149,150,151,152,153,154,155,156,157,158,159,160,161,162,163,164,165,166,167,168,169,170,171,172,173,174,175,176,177,178,179,180,181,182,183,184,185,186,187,188,189,190,191,192,193,194,195,196,197,198,199,200,201,202,203,204,205,206,207,208,209,210,211,212,213,214,215,216,217,218
   Exit      50000, E_minimum =    -237.47, E_running =    -234.34
   The average running energy, corresponding to H, is -236.868
   Step          0, E_minimum =    -234.34, E_running =    -234.34
0,1,2,3,4,6,7,8,9,10,11,12,13,14,15,16,17,18,19,20,21,22,23,24,25,26,27,28,29,30,31,32,33,34,35,36,37,38,39,40,41,42,43,44,45,46,47,48,49,50,51,52,53,54,55,56,57,58,59,60,61,62,63,64,65,66,67,68,69,70,71,72,73,74,75,76,77,78,79,80,81,82,83,84,85,86,87,88,89,90,91,92,93,94,95,96,97,98,99,100,101,102,103,104,105,106,107,108,109,110,111,112,113,114,115,116,117,118,119,120,121,122,123,124,125,126,127,128,129,130,131,132,133,134,135,136,137,138,139,140,141,142,143,144,145,146,147,148,149,150,151,152,153,154,155,156,157,158,159,160,161,162,163,164,165,166,167,168,169,170,171,172,173,174,175,176,177,178,179,180,181,182,183,184,185,186,187,188,189,190,191,192,193,194,195,196,197,198,199,200,201,202,203,204,205,206,207,208,209,210,211,212,213,214,215,216,217,218
   Exit      50000, E_minimum =    -237.47, E_running =    -237.47
   The average running energy, corresponding to H, is -236.930
   Step          0, E_minimum =    -237.47, E_running =    -237.47
0,1,2,3,4,6,7,8,9,10,11,12,13,14,15,16,17,18,19,20,21,22,23,24,25,26,27,28,29,30,31,32,33,34,35,36,37,38,39,40,41,42,43,44,45,46,47,48,49,50,51,52,53,54,55,56,57,58,59,60,61,62,63,64,65,66,67,68,69,70,71,72,73,74,75,76,77,78,79,80,81,82,83,84,85,86,87,88,89,90,91,92,93,94,95,96,97,98,99,100,101,102,103,104,105,106,107,108,109,110,111,112,113,114,115,116,117,118,119,120,121,122,123,124,125,126,127,128,129,130,131,132,133,134,135,136,137,138,139,140,141,142,143,144,145,146,147,148,149,150,151,152,153,154,155,156,157,158,159,160,161,162,163,164,165,166,167,168,169,170,171,172,173,174,175,176,177,178,179,180,181,182,183,184,185,186,187,188,189,190,191,192,193,194,195,196,197,198,199,200,201,202,203,204,205,206,207,208,209,210,211,212,213,214,215,216,217,218
   Exit      50000, E_minimum =    -237.47, E_running =    -237.47
   The average running energy, corresponding to H, is -237.013
   Step          0, E_minimum =    -237.47, E_running =    -237.47
0,1,2,3,4,5,7,8,9,10,11,12,13,14,15,16,17,18,19,20,21,22,23,24,25,26,27,28,29,30,31,32,33,34,35,36,37,38,39,40,41,42,43,44,45,46,47,48,49,50,51,52,53,54,55,56,57,58,59,60,61,62,63,64,65,66,67,68,69,70,71,72,73,74,75,76,77,78,79,80,81,82,83,84,85,86,87,88,89,90,91,92,93,94,95,96,97,98,99,100,101,102,103,104,105,106,107,108,109,110,111,112,113,114,115,116,117,118,119,120,121,122,123,124,125,126,127,128,129,130,131,132,133,134,135,136,137,138,139,140,141,142,143,144,145,146,147,148,149,150,151,152,153,154,155,156,157,158,159,160,161,162,163,164,165,166,167,168,169,170,171,172,173,174,175,176,177,178,179,180,181,182,183,184,185,186,187,188,189,190,191,192,193,194,195,196,197,198,199,200,201,202,203,204,205,206,207,208,209,210,211,212,213,214,215,216,217,218
   Exit      50000, E_minimum =    -237.47, E_running =    -234.34
   The average running energy, corresponding to H, is -237.087
   Step          0, E_minimum =    -234.34, E_running =    -234.34
0,1,2,3,4,6,7,8,9,10,11,12,13,14,15,16,17,18,19,20,21,22,23,24,25,26,27,28,29,30,31,32,33,34,35,36,37,38,39,40,41,42,43,44,45,46,47,48,49,50,51,52,53,54,55,56,57,58,59,60,61,62,63,64,65,66,67,68,69,70,71,72,73,74,75,76,77,78,79,80,81,82,83,84,85,86,87,88,89,90,91,92,93,94,95,96,97,98,99,100,101,102,103,104,105,106,107,108,109,110,111,112,113,114,115,116,117,118,119,120,121,122,123,124,125,126,127,128,129,130,131,132,133,134,135,136,137,138,139,140,141,142,143,144,145,146,147,148,149,150,151,152,153,154,155,156,157,158,159,160,161,162,163,164,165,166,167,168,169,170,171,172,173,174,175,176,177,178,179,180,181,182,183,184,185,186,187,188,189,190,191,192,193,194,195,196,197,198,199,200,201,202,203,204,205,206,207,208,209,210,211,212,213,214,215,216,217,218
   Exit      50000, E_minimum =    -237.47, E_running =    -237.47
   The average running energy, corresponding to H, is -237.458
Doing reduction:
   Step          0, E_minimum =    -237.47, E_running =    -237.47
0,1,2,3,4,6,7,8,9,10,11,12,13,14,15,16,17,18,19,20,21,22,23,24,25,26,27,28,29,30,31,32,33,34,35,36,37,38,39,40,41,42,43,44,45,46,47,48,49,50,51,52,53,54,55,56,57,58,59,60,61,62,63,64,65,66,67,68,69,70,71,72,73,74,75,76,77,78,79,80,81,82,83,84,85,86,87,88,89,90,91,92,93,94,95,96,97,98,99,100,101,102,103,104,105,106,107,108,109,110,111,112,113,114,115,116,117,118,119,120,121,122,123,124,125,126,127,128,129,130,131,132,133,134,135,136,137,138,139,140,141,142,143,144,145,146,147,148,149,150,151,152,153,154,155,156,157,158,159,160,161,162,163,164,165,166,167,168,169,170,171,172,173,174,175,176,177,178,179,180,181,182,183,184,185,186,187,188,189,190,191,192,193,194,195,196,197,198,199,200,201,202,203,204,205,206,207,208,209,210,211,212,213,214,215,216,217,218
   Exit      50000, E_minimum =    -237.47, E_running =    -237.47
   The average running energy, corresponding to H, is -237.457
   Step          0, E_minimum =    -233.58, E_running =    -233.58
0,1,2,3,4,6,7,8,9,10,11,12,13,14,15,16,17,18,19,20,21,22,23,24,25,26,27,28,29,30,31,32,33,34,35,36,37,38,39,40,41,42,43,44,45,46,47,48,49,50,51,52,53,54,55,56,57,58,59,60,61,62,63,64,65,66,67,68,69,70,71,72,73,74,75,76,77,78,79,80,81,82,83,84,85,86,87,88,89,90,91,92,93,94,95,96,97,98,99,100,101,102,103,104,105,106,107,108,109,110,111,112,113,114,115,116,117,118,119,120,121,122,123,124,125,126,127,128,129,130,131,132,133,134,135,136,137,138,139,140,141,142,143,144,145,146,147,148,149,150,151,152,153,154,155,156,157,158,159,160,161,162,163,164,165,166,167,168,169,170,171,172,173,174,175,176,177,178,179,180,181,182,183,184,185,186,187,188,189,190,191,192,193,194,195,196,197,198,199,200,201,202,203,204,205,206,207,208,209,210,211,212,213,214,215,216,217,218
   Exit      50000, E_minimum =    -233.58, E_running =    -233.58
   The average running energy, corresponding to H, is -233.565
Doing entropy sampling...
   Step          0, E_minimum =    -233.58, E_running =    -233.58
0,1,2,3,4,6,7,8,9,10,11,12,13,14,15,16,17,18,19,20,21,22,23,24,25,26,27,28,29,30,31,32,33,34,35,36,37,38,39,40,41,42,43,44,45,46,47,48,49,50,51,52,53,54,55,56,57,58,59,60,61,62,63,64,65,66,67,68,69,70,71,72,73,74,75,76,77,78,79,80,81,82,83,84,85,86,87,88,89,90,91,92,93,94,95,96,97,98,99,100,101,102,103,104,105,106,107,108,109,110,111,112,113,114,115,116,117,118,119,120,121,122,123,124,125,126,127,128,129,130,131,132,133,134,135,136,137,138,139,140,141,142,143,144,145,146,147,148,149,150,151,152,153,154,155,156,157,158,159,160,161,162,163,164,165,166,167,168,169,170,171,172,173,174,175,176,177,178,179,180,181,182,183,184,185,186,187,188,189,190,191,192,193,194,195,196,197,198,199,200,201,202,203,204,205,206,207,208,209,210,211,212,213,214,215,216,217,218
   Exit      50000, E_minimum =    -233.58, E_running =    -233.58
   The average running energy, corresponding to H, is -233.562
   Maximum entropy difference = 0.00
   End entropy sampling
Doing sampling:
Doing analytical solution because states 2 < threshhold 1000000
Doing annealing:
   Step          0, E_minimum =    -233.58, E_running =    -233.58
0,1,2,3,4,6,7,8,9,10,11,12,13,14,15,16,17,18,19,20,21,22,23,24,25,26,27,28,29,30,31,32,33,34,35,36,37,38,39,40,41,42,43,44,45,46,47,48,49,50,51,52,53,54,55,56,57,58,59,60,61,62,63,64,65,66,67,68,69,70,71,72,73,74,75,76,77,78,79,80,81,82,83,84,85,86,87,88,89,90,91,92,93,94,95,96,97,98,99,100,101,102,103,104,105,106,107,108,109,110,111,112,113,114,115,116,117,118,119,120,121,122,123,124,125,126,127,128,129,130,131,132,133,134,135,136,137,138,139,140,141,142,143,144,145,146,147,148,149,150,151,152,153,154,155,156,157,158,159,160,161,162,163,164,165,166,167,168,169,170,171,172,173,174,175,176,177,178,179,180,181,182,183,184,185,186,187,188,189,190,191,192,193,194,195,196,197,198,199,200,201,202,203,204,205,206,207,208,209,210,211,212,213,214,215,216,217,218
   Exit      50000, E_minimum =    -233.58, E_running =    -233.58
   The average running energy, corresponding to H, is -232.915
   Step          0, E_minimum =    -233.58, E_running =    -233.58
0,1,2,3,4,5,7,8,9,10,11,12,13,14,15,16,17,18,19,20,21,22,23,24,25,26,27,28,29,30,31,32,33,34,35,36,37,38,39,40,41,42,43,44,45,46,47,48,49,50,51,52,53,54,55,56,57,58,59,60,61,62,63,64,65,66,67,68,69,70,71,72,73,74,75,76,77,78,79,80,81,82,83,84,85,86,87,88,89,90,91,92,93,94,95,96,97,98,99,100,101,102,103,104,105,106,107,108,109,110,111,112,113,114,115,116,117,118,119,120,121,122,123,124,125,126,127,128,129,130,131,132,133,134,135,136,137,138,139,140,141,142,143,144,145,146,147,148,149,150,151,152,153,154,155,156,157,158,159,160,161,162,163,164,165,166,167,168,169,170,171,172,173,174,175,176,177,178,179,180,181,182,183,184,185,186,187,188,189,190,191,192,193,194,195,196,197,198,199,200,201,202,203,204,205,206,207,208,209,210,211,212,213,214,215,216,217,218
   Exit      50000, E_minimum =    -233.58, E_running =    -230.45
   The average running energy, corresponding to H, is -232.977
   Step          0, E_minimum =    -230.45, E_running =    -230.45
0,1,2,3,4,5,7,8,9,10,11,12,13,14,15,16,17,18,19,20,21,22,23,24,25,26,27,28,29,30,31,32,33,34,35,36,37,38,39,40,41,42,43,44,45,46,47,48,49,50,51,52,53,54,55,56,57,58,59,60,61,62,63,64,65,66,67,68,69,70,71,72,73,74,75,76,77,78,79,80,81,82,83,84,85,86,87,88,89,90,91,92,93,94,95,96,97,98,99,100,101,102,103,104,105,106,107,108,109,110,111,112,113,114,115,116,117,118,119,120,121,122,123,124,125,126,127,128,129,130,131,132,133,134,135,136,137,138,139,140,141,142,143,144,145,146,147,148,149,150,151,152,153,154,155,156,157,158,159,160,161,162,163,164,165,166,167,168,169,170,171,172,173,174,175,176,177,178,179,180,181,182,183,184,185,186,187,188,189,190,191,192,193,194,195,196,197,198,199,200,201,202,203,204,205,206,207,208,209,210,211,212,213,214,215,216,217,218
   Exit      50000, E_minimum =    -233.58, E_running =    -230.45
   The average running energy, corresponding to H, is -233.043
   Step          0, E_minimum =    -230.45, E_running =    -230.45
0,1,2,3,4,5,7,8,9,10,11,12,13,14,15,16,17,18,19,20,21,22,23,24,25,26,27,28,29,30,31,32,33,34,35,36,37,38,39,40,41,42,43,44,45,46,47,48,49,50,51,52,53,54,55,56,57,58,59,60,61,62,63,64,65,66,67,68,69,70,71,72,73,74,75,76,77,78,79,80,81,82,83,84,85,86,87,88,89,90,91,92,93,94,95,96,97,98,99,100,101,102,103,104,105,106,107,108,109,110,111,112,113,114,115,116,117,118,119,120,121,122,123,124,125,126,127,128,129,130,131,132,133,134,135,136,137,138,139,140,141,142,143,144,145,146,147,148,149,150,151,152,153,154,155,156,157,158,159,160,161,162,163,164,165,166,167,168,169,170,171,172,173,174,175,176,177,178,179,180,181,182,183,184,185,186,187,188,189,190,191,192,193,194,195,196,197,198,199,200,201,202,203,204,205,206,207,208,209,210,211,212,213,214,215,216,217,218
   Exit      50000, E_minimum =    -233.58, E_running =    -230.45
   The average running energy, corresponding to H, is -233.116
   Step          0, E_minimum =    -230.45, E_running =    -230.45
0,1,2,3,4,6,7,8,9,10,11,12,13,14,15,16,17,18,19,20,21,22,23,24,25,26,27,28,29,30,31,32,33,34,35,36,37,38,39,40,41,42,43,44,45,46,47,48,49,50,51,52,53,54,55,56,57,58,59,60,61,62,63,64,65,66,67,68,69,70,71,72,73,74,75,76,77,78,79,80,81,82,83,84,85,86,87,88,89,90,91,92,93,94,95,96,97,98,99,100,101,102,103,104,105,106,107,108,109,110,111,112,113,114,115,116,117,118,119,120,121,122,123,124,125,126,127,128,129,130,131,132,133,134,135,136,137,138,139,140,141,142,143,144,145,146,147,148,149,150,151,152,153,154,155,156,157,158,159,160,161,162,163,164,165,166,167,168,169,170,171,172,173,174,175,176,177,178,179,180,181,182,183,184,185,186,187,188,189,190,191,192,193,194,195,196,197,198,199,200,201,202,203,204,205,206,207,208,209,210,211,212,213,214,215,216,217,218
   Exit      50000, E_minimum =    -233.58, E_running =    -233.58
   The average running energy, corresponding to H, is -233.194
   Step          0, E_minimum =    -233.58, E_running =    -233.58
0,1,2,3,4,6,7,8,9,10,11,12,13,14,15,16,17,18,19,20,21,22,23,24,25,26,27,28,29,30,31,32,33,34,35,36,37,38,39,40,41,42,43,44,45,46,47,48,49,50,51,52,53,54,55,56,57,58,59,60,61,62,63,64,65,66,67,68,69,70,71,72,73,74,75,76,77,78,79,80,81,82,83,84,85,86,87,88,89,90,91,92,93,94,95,96,97,98,99,100,101,102,103,104,105,106,107,108,109,110,111,112,113,114,115,116,117,118,119,120,121,122,123,124,125,126,127,128,129,130,131,132,133,134,135,136,137,138,139,140,141,142,143,144,145,146,147,148,149,150,151,152,153,154,155,156,157,158,159,160,161,162,163,164,165,166,167,168,169,170,171,172,173,174,175,176,177,178,179,180,181,182,183,184,185,186,187,188,189,190,191,192,193,194,195,196,197,198,199,200,201,202,203,204,205,206,207,208,209,210,211,212,213,214,215,216,217,218
   Exit      50000, E_minimum =    -233.58, E_running =    -233.58
   The average running energy, corresponding to H, is -233.563
Doing reduction:
   Step          0, E_minimum =    -233.58, E_running =    -233.58
0,1,2,3,4,6,7,8,9,10,11,12,13,14,15,16,17,18,19,20,21,22,23,24,25,26,27,28,29,30,31,32,33,34,35,36,37,38,39,40,41,42,43,44,45,46,47,48,49,50,51,52,53,54,55,56,57,58,59,60,61,62,63,64,65,66,67,68,69,70,71,72,73,74,75,76,77,78,79,80,81,82,83,84,85,86,87,88,89,90,91,92,93,94,95,96,97,98,99,100,101,102,103,104,105,106,107,108,109,110,111,112,113,114,115,116,117,118,119,120,121,122,123,124,125,126,127,128,129,130,131,132,133,134,135,136,137,138,139,140,141,142,143,144,145,146,147,148,149,150,151,152,153,154,155,156,157,158,159,160,161,162,163,164,165,166,167,168,169,170,171,172,173,174,175,176,177,178,179,180,181,182,183,184,185,186,187,188,189,190,191,192,193,194,195,196,197,198,199,200,201,202,203,204,205,206,207,208,209,210,211,212,213,214,215,216,217,218
   Exit      50000, E_minimum =    -233.58, E_running =    -233.58
   The average running energy, corresponding to H, is -233.563
   Step          0, E_minimum =    -230.45, E_running =    -230.45
0,1,2,3,4,6,7,8,9,10,11,12,13,14,15,16,17,18,19,20,21,22,23,24,25,26,27,28,29,30,31,32,33,34,35,36,37,38,39,40,41,42,43,44,45,46,47,48,49,50,51,52,53,54,55,56,57,58,59,60,61,62,63,64,65,66,67,68,69,70,71,72,73,74,75,76,77,78,79,80,81,82,83,84,85,86,87,88,89,90,91,92,93,94,95,96,97,98,99,100,101,102,103,104,105,106,107,108,109,110,111,112,113,114,115,116,117,118,119,120,121,122,123,124,125,126,127,128,129,130,131,132,133,134,135,136,137,138,139,140,141,142,143,144,145,146,147,148,149,150,151,152,153,154,155,156,157,158,159,160,161,162,163,164,165,166,167,168,169,170,171,172,173,174,175,176,177,178,179,180,181,182,183,184,185,186,187,188,189,190,191,192,193,194,195,196,197,198,199,200,201,202,203,204,205,206,207,208,209,210,211,212,213,214,215,216,217,218
   Exit      50000, E_minimum =    -233.58, E_running =    -233.58
   The average running energy, corresponding to H, is -233.563
Doing entropy sampling...
   Step          0, E_minimum =    -233.58, E_running =    -233.58
0,1,2,3,4,6,7,8,9,10,11,12,13,14,15,16,17,18,19,20,21,22,23,24,25,26,27,28,29,30,31,32,33,34,35,36,37,38,39,40,41,42,43,44,45,46,47,48,49,50,51,52,53,54,55,56,57,58,59,60,61,62,63,64,65,66,67,68,69,70,71,72,73,74,75,76,77,78,79,80,81,82,83,84,85,86,87,88,89,90,91,92,93,94,95,96,97,98,99,100,101,102,103,104,105,106,107,108,109,110,111,112,113,114,115,116,117,118,119,120,121,122,123,124,125,126,127,128,129,130,131,132,133,134,135,136,137,138,139,140,141,142,143,144,145,146,147,148,149,150,151,152,153,154,155,156,157,158,159,160,161,162,163,164,165,166,167,168,169,170,171,172,173,174,175,176,177,178,179,180,181,182,183,184,185,186,187,188,189,190,191,192,193,194,195,196,197,198,199,200,201,202,203,204,205,206,207,208,209,210,211,212,213,214,215,216,217,218
   Exit      50000, E_minimum =    -233.58, E_running =    -233.58
   The average running energy, corresponding to H, is -233.566
   Maximum entropy difference = 0.00
   End entropy sampling
Doing sampling:
Doing analytical solution because states 2 < threshhold 1000000
Doing annealing:
   Step          0, E_minimum =    -230.45, E_running =    -230.45
0,1,2,3,4,6,7,8,9,10,11,12,13,14,15,16,17,18,19,20,21,22,23,24,25,26,27,28,29,30,31,32,33,34,35,36,37,38,39,40,41,42,43,44,45,46,47,48,49,50,51,52,53,54,55,56,57,58,59,60,61,62,63,64,65,66,67,68,69,70,71,72,73,74,75,76,77,78,79,80,81,82,83,84,85,86,87,88,89,90,91,92,93,94,95,96,97,98,99,100,101,102,103,104,105,106,107,108,109,110,111,112,113,114,115,116,117,118,119,120,121,122,123,124,125,126,127,128,129,130,131,132,133,134,135,136,137,138,139,140,141,142,143,144,145,146,147,148,149,150,151,152,153,154,155,156,157,158,159,160,161,162,163,164,165,166,167,168,169,170,171,172,173,174,175,176,177,178,179,180,181,182,183,184,185,186,187,188,189,190,191,192,193,194,195,196,197,198,199,200,201,202,203,204,205,206,207,208,209,210,211,212,213,214,215,216,217,218
   Exit      50000, E_minimum =    -233.58, E_running =    -233.58
   The average running energy, corresponding to H, is -232.917
   Step          0, E_minimum =    -233.58, E_running =    -233.58
0,1,2,3,4,5,7,8,9,10,11,12,13,14,15,16,17,18,19,20,21,22,23,24,25,26,27,28,29,30,31,32,33,34,35,36,37,38,39,40,41,42,43,44,45,46,47,48,49,50,51,52,53,54,55,56,57,58,59,60,61,62,63,64,65,66,67,68,69,70,71,72,73,74,75,76,77,78,79,80,81,82,83,84,85,86,87,88,89,90,91,92,93,94,95,96,97,98,99,100,101,102,103,104,105,106,107,108,109,110,111,112,113,114,115,116,117,118,119,120,121,122,123,124,125,126,127,128,129,130,131,132,133,134,135,136,137,138,139,140,141,142,143,144,145,146,147,148,149,150,151,152,153,154,155,156,157,158,159,160,161,162,163,164,165,166,167,168,169,170,171,172,173,174,175,176,177,178,179,180,181,182,183,184,185,186,187,188,189,190,191,192,193,194,195,196,197,198,199,200,201,202,203,204,205,206,207,208,209,210,211,212,213,214,215,216,217,218
   Exit      50000, E_minimum =    -233.58, E_running =    -230.45
   The average running energy, corresponding to H, is -232.979
   Step          0, E_minimum =    -230.45, E_running =    -230.45
0,1,2,3,4,6,7,8,9,10,11,12,13,14,15,16,17,18,19,20,21,22,23,24,25,26,27,28,29,30,31,32,33,34,35,36,37,38,39,40,41,42,43,44,45,46,47,48,49,50,51,52,53,54,55,56,57,58,59,60,61,62,63,64,65,66,67,68,69,70,71,72,73,74,75,76,77,78,79,80,81,82,83,84,85,86,87,88,89,90,91,92,93,94,95,96,97,98,99,100,101,102,103,104,105,106,107,108,109,110,111,112,113,114,115,116,117,118,119,120,121,122,123,124,125,126,127,128,129,130,131,132,133,134,135,136,137,138,139,140,141,142,143,144,145,146,147,148,149,150,151,152,153,154,155,156,157,158,159,160,161,162,163,164,165,166,167,168,169,170,171,172,173,174,175,176,177,178,179,180,181,182,183,184,185,186,187,188,189,190,191,192,193,194,195,196,197,198,199,200,201,202,203,204,205,206,207,208,209,210,211,212,213,214,215,216,217,218
   Exit      50000, E_minimum =    -233.58, E_running =    -233.58
   The average running energy, corresponding to H, is -233.042
   Step          0, E_minimum =    -233.58, E_running =    -233.58
0,1,2,3,4,6,7,8,9,10,11,12,13,14,15,16,17,18,19,20,21,22,23,24,25,26,27,28,29,30,31,32,33,34,35,36,37,38,39,40,41,42,43,44,45,46,47,48,49,50,51,52,53,54,55,56,57,58,59,60,61,62,63,64,65,66,67,68,69,70,71,72,73,74,75,76,77,78,79,80,81,82,83,84,85,86,87,88,89,90,91,92,93,94,95,96,97,98,99,100,101,102,103,104,105,106,107,108,109,110,111,112,113,114,115,116,117,118,119,120,121,122,123,124,125,126,127,128,129,130,131,132,133,134,135,136,137,138,139,140,141,142,143,144,145,146,147,148,149,150,151,152,153,154,155,156,157,158,159,160,161,162,163,164,165,166,167,168,169,170,171,172,173,174,175,176,177,178,179,180,181,182,183,184,185,186,187,188,189,190,191,192,193,194,195,196,197,198,199,200,201,202,203,204,205,206,207,208,209,210,211,212,213,214,215,216,217,218
   Exit      50000, E_minimum =    -233.58, E_running =    -233.58
   The average running energy, corresponding to H, is -233.114
   Step          0, E_minimum =    -233.58, E_running =    -233.58
0,1,2,3,4,6,7,8,9,10,11,12,13,14,15,16,17,18,19,20,21,22,23,24,25,26,27,28,29,30,31,32,33,34,35,36,37,38,39,40,41,42,43,44,45,46,47,48,49,50,51,52,53,54,55,56,57,58,59,60,61,62,63,64,65,66,67,68,69,70,71,72,73,74,75,76,77,78,79,80,81,82,83,84,85,86,87,88,89,90,91,92,93,94,95,96,97,98,99,100,101,102,103,104,105,106,107,108,109,110,111,112,113,114,115,116,117,118,119,120,121,122,123,124,125,126,127,128,129,130,131,132,133,134,135,136,137,138,139,140,141,142,143,144,145,146,147,148,149,150,151,152,153,154,155,156,157,158,159,160,161,162,163,164,165,166,167,168,169,170,171,172,173,174,175,176,177,178,179,180,181,182,183,184,185,186,187,188,189,190,191,192,193,194,195,196,197,198,199,200,201,202,203,204,205,206,207,208,209,210,211,212,213,214,215,216,217,218
   Exit      50000, E_minimum =    -233.58, E_running =    -233.58
   The average running energy, corresponding to H, is -233.195
   Step          0, E_minimum =    -233.58, E_running =    -233.58
0,1,2,3,4,6,7,8,9,10,11,12,13,14,15,16,17,18,19,20,21,22,23,24,25,26,27,28,29,30,31,32,33,34,35,36,37,38,39,40,41,42,43,44,45,46,47,48,49,50,51,52,53,54,55,56,57,58,59,60,61,62,63,64,65,66,67,68,69,70,71,72,73,74,75,76,77,78,79,80,81,82,83,84,85,86,87,88,89,90,91,92,93,94,95,96,97,98,99,100,101,102,103,104,105,106,107,108,109,110,111,112,113,114,115,116,117,118,119,120,121,122,123,124,125,126,127,128,129,130,131,132,133,134,135,136,137,138,139,140,141,142,143,144,145,146,147,148,149,150,151,152,153,154,155,156,157,158,159,160,161,162,163,164,165,166,167,168,169,170,171,172,173,174,175,176,177,178,179,180,181,182,183,184,185,186,187,188,189,190,191,192,193,194,195,196,197,198,199,200,201,202,203,204,205,206,207,208,209,210,211,212,213,214,215,216,217,218
   Exit      50000, E_minimum =    -233.58, E_running =    -233.58
   The average running energy, corresponding to H, is -233.565
Doing reduction:
   Step          0, E_minimum =    -233.58, E_running =    -233.58
0,1,2,3,4,6,7,8,9,10,11,12,13,14,15,16,17,18,19,20,21,22,23,24,25,26,27,28,29,30,31,32,33,34,35,36,37,38,39,40,41,42,43,44,45,46,47,48,49,50,51,52,53,54,55,56,57,58,59,60,61,62,63,64,65,66,67,68,69,70,71,72,73,74,75,76,77,78,79,80,81,82,83,84,85,86,87,88,89,90,91,92,93,94,95,96,97,98,99,100,101,102,103,104,105,106,107,108,109,110,111,112,113,114,115,116,117,118,119,120,121,122,123,124,125,126,127,128,129,130,131,132,133,134,135,136,137,138,139,140,141,142,143,144,145,146,147,148,149,150,151,152,153,154,155,156,157,158,159,160,161,162,163,164,165,166,167,168,169,170,171,172,173,174,175,176,177,178,179,180,181,182,183,184,185,186,187,188,189,190,191,192,193,194,195,196,197,198,199,200,201,202,203,204,205,206,207,208,209,210,211,212,213,214,215,216,217,218
   Exit      50000, E_minimum =    -233.58, E_running =    -233.58
   The average running energy, corresponding to H, is -233.565
   Step          0, E_minimum =    -233.58, E_running =    -233.58
0,1,2,3,4,6,7,8,9,10,11,12,13,14,15,16,17,18,19,20,21,22,23,24,25,26,27,28,29,30,31,32,33,34,35,36,37,38,39,40,41,42,43,44,45,46,47,48,49,50,51,52,53,54,55,56,57,58,59,60,61,62,63,64,65,66,67,68,69,70,71,72,73,74,75,76,77,78,79,80,81,82,83,84,85,86,87,88,89,90,91,92,93,94,95,96,97,98,99,100,101,102,103,104,105,106,107,108,109,110,111,112,113,114,115,116,117,118,119,120,121,122,123,124,125,126,127,128,129,130,131,132,133,134,135,136,137,138,139,140,141,142,143,144,145,146,147,148,149,150,151,152,153,154,155,156,157,158,159,160,161,162,163,164,165,166,167,168,169,170,171,172,173,174,175,176,177,178,179,180,181,182,183,184,185,186,187,188,189,190,191,192,193,194,195,196,197,198,199,200,201,202,203,204,205,206,207,208,209,210,211,212,213,214,215,216,217,218
   Exit      50000, E_minimum =    -233.58, E_running =    -233.58
   The average running energy, corresponding to H, is -233.565
Doing entropy sampling...
   Step          0, E_minimum =    -233.58, E_running =    -233.58
0,1,2,3,4,6,7,8,9,10,11,12,13,14,15,16,17,18,19,20,21,22,23,24,25,26,27,28,29,30,31,32,33,34,35,36,37,38,39,40,41,42,43,44,45,46,47,48,49,50,51,52,53,54,55,56,57,58,59,60,61,62,63,64,65,66,67,68,69,70,71,72,73,74,75,76,77,78,79,80,81,82,83,84,85,86,87,88,89,90,91,92,93,94,95,96,97,98,99,100,101,102,103,104,105,106,107,108,109,110,111,112,113,114,115,116,117,118,119,120,121,122,123,124,125,126,127,128,129,130,131,132,133,134,135,136,137,138,139,140,141,142,143,144,145,146,147,148,149,150,151,152,153,154,155,156,157,158,159,160,161,162,163,164,165,166,167,168,169,170,171,172,173,174,175,176,177,178,179,180,181,182,183,184,185,186,187,188,189,190,191,192,193,194,195,196,197,198,199,200,201,202,203,204,205,206,207,208,209,210,211,212,213,214,215,216,217,218
   Exit      50000, E_minimum =    -233.58, E_running =    -233.58
   The average running energy, corresponding to H, is -233.565
   Maximum entropy difference = 0.00
   End entropy sampling
Doing sampling:
Doing analytical solution because states 2 < threshhold 1000000
Doing annealing:
   Step          0, E_minimum =    -230.45, E_running =    -230.45
0,1,2,3,4,6,7,8,9,10,11,12,13,14,15,16,17,18,19,20,21,22,23,24,25,26,27,28,29,30,31,32,33,34,35,36,37,38,39,40,41,42,43,44,45,46,47,48,49,50,51,52,53,54,55,56,57,58,59,60,61,62,63,64,65,66,67,68,69,70,71,72,73,74,75,76,77,78,79,80,81,82,83,84,85,86,87,88,89,90,91,92,93,94,95,96,97,98,99,100,101,102,103,104,105,106,107,108,109,110,111,112,113,114,115,116,117,118,119,120,121,122,123,124,125,126,127,128,129,130,131,132,133,134,135,136,137,138,139,140,141,142,143,144,145,146,147,148,149,150,151,152,153,154,155,156,157,158,159,160,161,162,163,164,165,166,167,168,169,170,171,172,173,174,175,176,177,178,179,180,181,182,183,184,185,186,187,188,189,190,191,192,193,194,195,196,197,198,199,200,201,202,203,204,205,206,207,208,209,210,211,212,213,214,215,216,217,218
   Exit      50000, E_minimum =    -233.58, E_running =    -233.58
   The average running energy, corresponding to H, is -232.914
   Step          0, E_minimum =    -233.58, E_running =    -233.58
0,1,2,3,4,6,7,8,9,10,11,12,13,14,15,16,17,18,19,20,21,22,23,24,25,26,27,28,29,30,31,32,33,34,35,36,37,38,39,40,41,42,43,44,45,46,47,48,49,50,51,52,53,54,55,56,57,58,59,60,61,62,63,64,65,66,67,68,69,70,71,72,73,74,75,76,77,78,79,80,81,82,83,84,85,86,87,88,89,90,91,92,93,94,95,96,97,98,99,100,101,102,103,104,105,106,107,108,109,110,111,112,113,114,115,116,117,118,119,120,121,122,123,124,125,126,127,128,129,130,131,132,133,134,135,136,137,138,139,140,141,142,143,144,145,146,147,148,149,150,151,152,153,154,155,156,157,158,159,160,161,162,163,164,165,166,167,168,169,170,171,172,173,174,175,176,177,178,179,180,181,182,183,184,185,186,187,188,189,190,191,192,193,194,195,196,197,198,199,200,201,202,203,204,205,206,207,208,209,210,211,212,213,214,215,216,217,218
   Exit      50000, E_minimum =    -233.58, E_running =    -233.58
   The average running energy, corresponding to H, is -232.984
   Step          0, E_minimum =    -233.58, E_running =    -233.58
0,1,2,3,4,6,7,8,9,10,11,12,13,14,15,16,17,18,19,20,21,22,23,24,25,26,27,28,29,30,31,32,33,34,35,36,37,38,39,40,41,42,43,44,45,46,47,48,49,50,51,52,53,54,55,56,57,58,59,60,61,62,63,64,65,66,67,68,69,70,71,72,73,74,75,76,77,78,79,80,81,82,83,84,85,86,87,88,89,90,91,92,93,94,95,96,97,98,99,100,101,102,103,104,105,106,107,108,109,110,111,112,113,114,115,116,117,118,119,120,121,122,123,124,125,126,127,128,129,130,131,132,133,134,135,136,137,138,139,140,141,142,143,144,145,146,147,148,149,150,151,152,153,154,155,156,157,158,159,160,161,162,163,164,165,166,167,168,169,170,171,172,173,174,175,176,177,178,179,180,181,182,183,184,185,186,187,188,189,190,191,192,193,194,195,196,197,198,199,200,201,202,203,204,205,206,207,208,209,210,211,212,213,214,215,216,217,218
   Exit      50000, E_minimum =    -233.58, E_running =    -233.58
   The average running energy, corresponding to H, is -233.048
   Step          0, E_minimum =    -233.58, E_running =    -233.58
0,1,2,3,4,6,7,8,9,10,11,12,13,14,15,16,17,18,19,20,21,22,23,24,25,26,27,28,29,30,31,32,33,34,35,36,37,38,39,40,41,42,43,44,45,46,47,48,49,50,51,52,53,54,55,56,57,58,59,60,61,62,63,64,65,66,67,68,69,70,71,72,73,74,75,76,77,78,79,80,81,82,83,84,85,86,87,88,89,90,91,92,93,94,95,96,97,98,99,100,101,102,103,104,105,106,107,108,109,110,111,112,113,114,115,116,117,118,119,120,121,122,123,124,125,126,127,128,129,130,131,132,133,134,135,136,137,138,139,140,141,142,143,144,145,146,147,148,149,150,151,152,153,154,155,156,157,158,159,160,161,162,163,164,165,166,167,168,169,170,171,172,173,174,175,176,177,178,179,180,181,182,183,184,185,186,187,188,189,190,191,192,193,194,195,196,197,198,199,200,201,202,203,204,205,206,207,208,209,210,211,212,213,214,215,216,217,218
   Exit      50000, E_minimum =    -233.58, E_running =    -233.58
   The average running energy, corresponding to H, is -233.117
   Step          0, E_minimum =    -233.58, E_running =    -233.58
0,1,2,3,4,6,7,8,9,10,11,12,13,14,15,16,17,18,19,20,21,22,23,24,25,26,27,28,29,30,31,32,33,34,35,36,37,38,39,40,41,42,43,44,45,46,47,48,49,50,51,52,53,54,55,56,57,58,59,60,61,62,63,64,65,66,67,68,69,70,71,72,73,74,75,76,77,78,79,80,81,82,83,84,85,86,87,88,89,90,91,92,93,94,95,96,97,98,99,100,101,102,103,104,105,106,107,108,109,110,111,112,113,114,115,116,117,118,119,120,121,122,123,124,125,126,127,128,129,130,131,132,133,134,135,136,137,138,139,140,141,142,143,144,145,146,147,148,149,150,151,152,153,154,155,156,157,158,159,160,161,162,163,164,165,166,167,168,169,170,171,172,173,174,175,176,177,178,179,180,181,182,183,184,185,186,187,188,189,190,191,192,193,194,195,196,197,198,199,200,201,202,203,204,205,206,207,208,209,210,211,212,213,214,215,216,217,218
   Exit      50000, E_minimum =    -233.58, E_running =    -233.58
   The average running energy, corresponding to H, is -233.193
   Step          0, E_minimum =    -233.58, E_running =    -233.58
0,1,2,3,4,6,7,8,9,10,11,12,13,14,15,16,17,18,19,20,21,22,23,24,25,26,27,28,29,30,31,32,33,34,35,36,37,38,39,40,41,42,43,44,45,46,47,48,49,50,51,52,53,54,55,56,57,58,59,60,61,62,63,64,65,66,67,68,69,70,71,72,73,74,75,76,77,78,79,80,81,82,83,84,85,86,87,88,89,90,91,92,93,94,95,96,97,98,99,100,101,102,103,104,105,106,107,108,109,110,111,112,113,114,115,116,117,118,119,120,121,122,123,124,125,126,127,128,129,130,131,132,133,134,135,136,137,138,139,140,141,142,143,144,145,146,147,148,149,150,151,152,153,154,155,156,157,158,159,160,161,162,163,164,165,166,167,168,169,170,171,172,173,174,175,176,177,178,179,180,181,182,183,184,185,186,187,188,189,190,191,192,193,194,195,196,197,198,199,200,201,202,203,204,205,206,207,208,209,210,211,212,213,214,215,216,217,218
   Exit      50000, E_minimum =    -233.58, E_running =    -233.58
   The average running energy, corresponding to H, is -233.568
Doing reduction:
   Step          0, E_minimum =    -233.58, E_running =    -233.58
0,1,2,3,4,6,7,8,9,10,11,12,13,14,15,16,17,18,19,20,21,22,23,24,25,26,27,28,29,30,31,32,33,34,35,36,37,38,39,40,41,42,43,44,45,46,47,48,49,50,51,52,53,54,55,56,57,58,59,60,61,62,63,64,65,66,67,68,69,70,71,72,73,74,75,76,77,78,79,80,81,82,83,84,85,86,87,88,89,90,91,92,93,94,95,96,97,98,99,100,101,102,103,104,105,106,107,108,109,110,111,112,113,114,115,116,117,118,119,120,121,122,123,124,125,126,127,128,129,130,131,132,133,134,135,136,137,138,139,140,141,142,143,144,145,146,147,148,149,150,151,152,153,154,155,156,157,158,159,160,161,162,163,164,165,166,167,168,169,170,171,172,173,174,175,176,177,178,179,180,181,182,183,184,185,186,187,188,189,190,191,192,193,194,195,196,197,198,199,200,201,202,203,204,205,206,207,208,209,210,211,212,213,214,215,216,217,218
   Exit      50000, E_minimum =    -233.58, E_running =    -233.58
   The average running energy, corresponding to H, is -233.566
   Step          0, E_minimum =    -233.58, E_running =    -233.58
0,1,2,3,4,6,7,8,9,10,11,12,13,14,15,16,17,18,19,20,21,22,23,24,25,26,27,28,29,30,31,32,33,34,35,36,37,38,39,40,41,42,43,44,45,46,47,48,49,50,51,52,53,54,55,56,57,58,59,60,61,62,63,64,65,66,67,68,69,70,71,72,73,74,75,76,77,78,79,80,81,82,83,84,85,86,87,88,89,90,91,92,93,94,95,96,97,98,99,100,101,102,103,104,105,106,107,108,109,110,111,112,113,114,115,116,117,118,119,120,121,122,123,124,125,126,127,128,129,130,131,132,133,134,135,136,137,138,139,140,141,142,143,144,145,146,147,148,149,150,151,152,153,154,155,156,157,158,159,160,161,162,163,164,165,166,167,168,169,170,171,172,173,174,175,176,177,178,179,180,181,182,183,184,185,186,187,188,189,190,191,192,193,194,195,196,197,198,199,200,201,202,203,204,205,206,207,208,209,210,211,212,213,214,215,216,217,218
   Exit      50000, E_minimum =    -233.58, E_running =    -233.58
   The average running energy, corresponding to H, is -233.564
Doing entropy sampling...
   Step          0, E_minimum =    -233.58, E_running =    -233.58
0,1,2,3,4,6,7,8,9,10,11,12,13,14,15,16,17,18,19,20,21,22,23,24,25,26,27,28,29,30,31,32,33,34,35,36,37,38,39,40,41,42,43,44,45,46,47,48,49,50,51,52,53,54,55,56,57,58,59,60,61,62,63,64,65,66,67,68,69,70,71,72,73,74,75,76,77,78,79,80,81,82,83,84,85,86,87,88,89,90,91,92,93,94,95,96,97,98,99,100,101,102,103,104,105,106,107,108,109,110,111,112,113,114,115,116,117,118,119,120,121,122,123,124,125,126,127,128,129,130,131,132,133,134,135,136,137,138,139,140,141,142,143,144,145,146,147,148,149,150,151,152,153,154,155,156,157,158,159,160,161,162,163,164,165,166,167,168,169,170,171,172,173,174,175,176,177,178,179,180,181,182,183,184,185,186,187,188,189,190,191,192,193,194,195,196,197,198,199,200,201,202,203,204,205,206,207,208,209,210,211,212,213,214,215,216,217,218
   Exit      50000, E_minimum =    -233.58, E_running =    -233.58
   The average running energy, corresponding to H, is -233.563
   Maximum entropy difference = 0.00
   End entropy sampling
Doing sampling:
Doing analytical solution because states 2 < threshhold 1000000
Doing annealing:
   Step          0, E_minimum =    -230.45, E_running =    -230.45
0,1,2,3,4,6,7,8,9,10,11,12,13,14,15,16,17,18,19,20,21,22,23,24,25,26,27,28,29,30,31,32,33,34,35,36,37,38,39,40,41,42,43,44,45,46,47,48,49,50,51,52,53,54,55,56,57,58,59,60,61,62,63,64,65,66,67,68,69,70,71,72,73,74,75,76,77,78,79,80,81,82,83,84,85,86,87,88,89,90,91,92,93,94,95,96,97,98,99,100,101,102,103,104,105,106,107,108,109,110,111,112,113,114,115,116,117,118,119,120,121,122,123,124,125,126,127,128,129,130,131,132,133,134,135,136,137,138,139,140,141,142,143,144,145,146,147,148,149,150,151,152,153,154,155,156,157,158,159,160,161,162,163,164,165,166,167,168,169,170,171,172,173,174,175,176,177,178,179,180,181,182,183,184,185,186,187,188,189,190,191,192,193,194,195,196,197,198,199,200,201,202,203,204,205,206,207,208,209,210,211,212,213,214,215,216,217,218
   Exit      50000, E_minimum =    -233.58, E_running =    -233.58
   The average running energy, corresponding to H, is -232.915
   Step          0, E_minimum =    -233.58, E_running =    -233.58
0,1,2,3,4,6,7,8,9,10,11,12,13,14,15,16,17,18,19,20,21,22,23,24,25,26,27,28,29,30,31,32,33,34,35,36,37,38,39,40,41,42,43,44,45,46,47,48,49,50,51,52,53,54,55,56,57,58,59,60,61,62,63,64,65,66,67,68,69,70,71,72,73,74,75,76,77,78,79,80,81,82,83,84,85,86,87,88,89,90,91,92,93,94,95,96,97,98,99,100,101,102,103,104,105,106,107,108,109,110,111,112,113,114,115,116,117,118,119,120,121,122,123,124,125,126,127,128,129,130,131,132,133,134,135,136,137,138,139,140,141,142,143,144,145,146,147,148,149,150,151,152,153,154,155,156,157,158,159,160,161,162,163,164,165,166,167,168,169,170,171,172,173,174,175,176,177,178,179,180,181,182,183,184,185,186,187,188,189,190,191,192,193,194,195,196,197,198,199,200,201,202,203,204,205,206,207,208,209,210,211,212,213,214,215,216,217,218
   Exit      50000, E_minimum =    -233.58, E_running =    -233.58
   The average running energy, corresponding to H, is -232.978
   Step          0, E_minimum =    -233.58, E_running =    -233.58
0,1,2,3,4,6,7,8,9,10,11,12,13,14,15,16,17,18,19,20,21,22,23,24,25,26,27,28,29,30,31,32,33,34,35,36,37,38,39,40,41,42,43,44,45,46,47,48,49,50,51,52,53,54,55,56,57,58,59,60,61,62,63,64,65,66,67,68,69,70,71,72,73,74,75,76,77,78,79,80,81,82,83,84,85,86,87,88,89,90,91,92,93,94,95,96,97,98,99,100,101,102,103,104,105,106,107,108,109,110,111,112,113,114,115,116,117,118,119,120,121,122,123,124,125,126,127,128,129,130,131,132,133,134,135,136,137,138,139,140,141,142,143,144,145,146,147,148,149,150,151,152,153,154,155,156,157,158,159,160,161,162,163,164,165,166,167,168,169,170,171,172,173,174,175,176,177,178,179,180,181,182,183,184,185,186,187,188,189,190,191,192,193,194,195,196,197,198,199,200,201,202,203,204,205,206,207,208,209,210,211,212,213,214,215,216,217,218
   Exit      50000, E_minimum =    -233.58, E_running =    -233.58
   The average running energy, corresponding to H, is -233.048
   Step          0, E_minimum =    -233.58, E_running =    -233.58
0,1,2,3,4,6,7,8,9,10,11,12,13,14,15,16,17,18,19,20,21,22,23,24,25,26,27,28,29,30,31,32,33,34,35,36,37,38,39,40,41,42,43,44,45,46,47,48,49,50,51,52,53,54,55,56,57,58,59,60,61,62,63,64,65,66,67,68,69,70,71,72,73,74,75,76,77,78,79,80,81,82,83,84,85,86,87,88,89,90,91,92,93,94,95,96,97,98,99,100,101,102,103,104,105,106,107,108,109,110,111,112,113,114,115,116,117,118,119,120,121,122,123,124,125,126,127,128,129,130,131,132,133,134,135,136,137,138,139,140,141,142,143,144,145,146,147,148,149,150,151,152,153,154,155,156,157,158,159,160,161,162,163,164,165,166,167,168,169,170,171,172,173,174,175,176,177,178,179,180,181,182,183,184,185,186,187,188,189,190,191,192,193,194,195,196,197,198,199,200,201,202,203,204,205,206,207,208,209,210,211,212,213,214,215,216,217,218
   Exit      50000, E_minimum =    -233.58, E_running =    -233.58
   The average running energy, corresponding to H, is -233.123
   Step          0, E_minimum =    -233.58, E_running =    -233.58
0,1,2,3,4,6,7,8,9,10,11,12,13,14,15,16,17,18,19,20,21,22,23,24,25,26,27,28,29,30,31,32,33,34,35,36,37,38,39,40,41,42,43,44,45,46,47,48,49,50,51,52,53,54,55,56,57,58,59,60,61,62,63,64,65,66,67,68,69,70,71,72,73,74,75,76,77,78,79,80,81,82,83,84,85,86,87,88,89,90,91,92,93,94,95,96,97,98,99,100,101,102,103,104,105,106,107,108,109,110,111,112,113,114,115,116,117,118,119,120,121,122,123,124,125,126,127,128,129,130,131,132,133,134,135,136,137,138,139,140,141,142,143,144,145,146,147,148,149,150,151,152,153,154,155,156,157,158,159,160,161,162,163,164,165,166,167,168,169,170,171,172,173,174,175,176,177,178,179,180,181,182,183,184,185,186,187,188,189,190,191,192,193,194,195,196,197,198,199,200,201,202,203,204,205,206,207,208,209,210,211,212,213,214,215,216,217,218
   Exit      50000, E_minimum =    -233.58, E_running =    -233.58
   The average running energy, corresponding to H, is -233.201
   Step          0, E_minimum =    -233.58, E_running =    -233.58
0,1,2,3,4,6,7,8,9,10,11,12,13,14,15,16,17,18,19,20,21,22,23,24,25,26,27,28,29,30,31,32,33,34,35,36,37,38,39,40,41,42,43,44,45,46,47,48,49,50,51,52,53,54,55,56,57,58,59,60,61,62,63,64,65,66,67,68,69,70,71,72,73,74,75,76,77,78,79,80,81,82,83,84,85,86,87,88,89,90,91,92,93,94,95,96,97,98,99,100,101,102,103,104,105,106,107,108,109,110,111,112,113,114,115,116,117,118,119,120,121,122,123,124,125,126,127,128,129,130,131,132,133,134,135,136,137,138,139,140,141,142,143,144,145,146,147,148,149,150,151,152,153,154,155,156,157,158,159,160,161,162,163,164,165,166,167,168,169,170,171,172,173,174,175,176,177,178,179,180,181,182,183,184,185,186,187,188,189,190,191,192,193,194,195,196,197,198,199,200,201,202,203,204,205,206,207,208,209,210,211,212,213,214,215,216,217,218
   Exit      50000, E_minimum =    -233.58, E_running =    -233.58
   The average running energy, corresponding to H, is -233.564
Doing reduction:
   Step          0, E_minimum =    -233.58, E_running =    -233.58
0,1,2,3,4,6,7,8,9,10,11,12,13,14,15,16,17,18,19,20,21,22,23,24,25,26,27,28,29,30,31,32,33,34,35,36,37,38,39,40,41,42,43,44,45,46,47,48,49,50,51,52,53,54,55,56,57,58,59,60,61,62,63,64,65,66,67,68,69,70,71,72,73,74,75,76,77,78,79,80,81,82,83,84,85,86,87,88,89,90,91,92,93,94,95,96,97,98,99,100,101,102,103,104,105,106,107,108,109,110,111,112,113,114,115,116,117,118,119,120,121,122,123,124,125,126,127,128,129,130,131,132,133,134,135,136,137,138,139,140,141,142,143,144,145,146,147,148,149,150,151,152,153,154,155,156,157,158,159,160,161,162,163,164,165,166,167,168,169,170,171,172,173,174,175,176,177,178,179,180,181,182,183,184,185,186,187,188,189,190,191,192,193,194,195,196,197,198,199,200,201,202,203,204,205,206,207,208,209,210,211,212,213,214,215,216,217,218
   Exit      50000, E_minimum =    -233.58, E_running =    -233.58
   The average running energy, corresponding to H, is -233.563
   Step          0, E_minimum =    -230.45, E_running =    -230.45
0,1,2,3,4,6,7,8,9,10,11,12,13,14,15,16,17,18,19,20,21,22,23,24,25,26,27,28,29,30,31,32,33,34,35,36,37,38,39,40,41,42,43,44,45,46,47,48,49,50,51,52,53,54,55,56,57,58,59,60,61,62,63,64,65,66,67,68,69,70,71,72,73,74,75,76,77,78,79,80,81,82,83,84,85,86,87,88,89,90,91,92,93,94,95,96,97,98,99,100,101,102,103,104,105,106,107,108,109,110,111,112,113,114,115,116,117,118,119,120,121,122,123,124,125,126,127,128,129,130,131,132,133,134,135,136,137,138,139,140,141,142,143,144,145,146,147,148,149,150,151,152,153,154,155,156,157,158,159,160,161,162,163,164,165,166,167,168,169,170,171,172,173,174,175,176,177,178,179,180,181,182,183,184,185,186,187,188,189,190,191,192,193,194,195,196,197,198,199,200,201,202,203,204,205,206,207,208,209,210,211,212,213,214,215,216,217,218
   Exit      50000, E_minimum =    -233.58, E_running =    -233.58
   The average running energy, corresponding to H, is -233.563
Doing entropy sampling...
   Step          0, E_minimum =    -233.58, E_running =    -233.58
0,1,2,3,4,6,7,8,9,10,11,12,13,14,15,16,17,18,19,20,21,22,23,24,25,26,27,28,29,30,31,32,33,34,35,36,37,38,39,40,41,42,43,44,45,46,47,48,49,50,51,52,53,54,55,56,57,58,59,60,61,62,63,64,65,66,67,68,69,70,71,72,73,74,75,76,77,78,79,80,81,82,83,84,85,86,87,88,89,90,91,92,93,94,95,96,97,98,99,100,101,102,103,104,105,106,107,108,109,110,111,112,113,114,115,116,117,118,119,120,121,122,123,124,125,126,127,128,129,130,131,132,133,134,135,136,137,138,139,140,141,142,143,144,145,146,147,148,149,150,151,152,153,154,155,156,157,158,159,160,161,162,163,164,165,166,167,168,169,170,171,172,173,174,175,176,177,178,179,180,181,182,183,184,185,186,187,188,189,190,191,192,193,194,195,196,197,198,199,200,201,202,203,204,205,206,207,208,209,210,211,212,213,214,215,216,217,218
   Exit      50000, E_minimum =    -233.58, E_running =    -233.58
   The average running energy, corresponding to H, is -233.564
   Maximum entropy difference = 0.00
   End entropy sampling
Doing sampling:
Doing analytical solution because states 2 < threshhold 1000000
Doing annealing:
   Step          0, E_minimum =    -230.45, E_running =    -230.45
0,1,2,3,4,6,7,8,9,10,11,12,13,14,15,16,17,18,19,20,21,22,23,24,25,26,27,28,29,30,31,32,33,34,35,36,37,38,39,40,41,42,43,44,45,46,47,48,49,50,51,52,53,54,55,56,57,58,59,60,61,62,63,64,65,66,67,68,69,70,71,72,73,74,75,76,77,78,79,80,81,82,83,84,85,86,87,88,89,90,91,92,93,94,95,96,97,98,99,100,101,102,103,104,105,106,107,108,109,110,111,112,113,114,115,116,117,118,119,120,121,122,123,124,125,126,127,128,129,130,131,132,133,134,135,136,137,138,139,140,141,142,143,144,145,146,147,148,149,150,151,152,153,154,155,156,157,158,159,160,161,162,163,164,165,166,167,168,169,170,171,172,173,174,175,176,177,178,179,180,181,182,183,184,185,186,187,188,189,190,191,192,193,194,195,196,197,198,199,200,201,202,203,204,205,206,207,208,209,210,211,212,213,214,215,216,217,218
   Exit      50000, E_minimum =    -233.58, E_running =    -233.58
   The average running energy, corresponding to H, is -232.917
   Step          0, E_minimum =    -233.58, E_running =    -233.58
0,1,2,3,4,6,7,8,9,10,11,12,13,14,15,16,17,18,19,20,21,22,23,24,25,26,27,28,29,30,31,32,33,34,35,36,37,38,39,40,41,42,43,44,45,46,47,48,49,50,51,52,53,54,55,56,57,58,59,60,61,62,63,64,65,66,67,68,69,70,71,72,73,74,75,76,77,78,79,80,81,82,83,84,85,86,87,88,89,90,91,92,93,94,95,96,97,98,99,100,101,102,103,104,105,106,107,108,109,110,111,112,113,114,115,116,117,118,119,120,121,122,123,124,125,126,127,128,129,130,131,132,133,134,135,136,137,138,139,140,141,142,143,144,145,146,147,148,149,150,151,152,153,154,155,156,157,158,159,160,161,162,163,164,165,166,167,168,169,170,171,172,173,174,175,176,177,178,179,180,181,182,183,184,185,186,187,188,189,190,191,192,193,194,195,196,197,198,199,200,201,202,203,204,205,206,207,208,209,210,211,212,213,214,215,216,217,218
   Exit      50000, E_minimum =    -233.58, E_running =    -233.58
   The average running energy, corresponding to H, is -232.975
   Step          0, E_minimum =    -233.58, E_running =    -233.58
0,1,2,3,4,5,7,8,9,10,11,12,13,14,15,16,17,18,19,20,21,22,23,24,25,26,27,28,29,30,31,32,33,34,35,36,37,38,39,40,41,42,43,44,45,46,47,48,49,50,51,52,53,54,55,56,57,58,59,60,61,62,63,64,65,66,67,68,69,70,71,72,73,74,75,76,77,78,79,80,81,82,83,84,85,86,87,88,89,90,91,92,93,94,95,96,97,98,99,100,101,102,103,104,105,106,107,108,109,110,111,112,113,114,115,116,117,118,119,120,121,122,123,124,125,126,127,128,129,130,131,132,133,134,135,136,137,138,139,140,141,142,143,144,145,146,147,148,149,150,151,152,153,154,155,156,157,158,159,160,161,162,163,164,165,166,167,168,169,170,171,172,173,174,175,176,177,178,179,180,181,182,183,184,185,186,187,188,189,190,191,192,193,194,195,196,197,198,199,200,201,202,203,204,205,206,207,208,209,210,211,212,213,214,215,216,217,218
   Exit      50000, E_minimum =    -233.58, E_running =    -230.45
   The average running energy, corresponding to H, is -233.050
   Step          0, E_minimum =    -230.45, E_running =    -230.45
0,1,2,3,4,6,7,8,9,10,11,12,13,14,15,16,17,18,19,20,21,22,23,24,25,26,27,28,29,30,31,32,33,34,35,36,37,38,39,40,41,42,43,44,45,46,47,48,49,50,51,52,53,54,55,56,57,58,59,60,61,62,63,64,65,66,67,68,69,70,71,72,73,74,75,76,77,78,79,80,81,82,83,84,85,86,87,88,89,90,91,92,93,94,95,96,97,98,99,100,101,102,103,104,105,106,107,108,109,110,111,112,113,114,115,116,117,118,119,120,121,122,123,124,125,126,127,128,129,130,131,132,133,134,135,136,137,138,139,140,141,142,143,144,145,146,147,148,149,150,151,152,153,154,155,156,157,158,159,160,161,162,163,164,165,166,167,168,169,170,171,172,173,174,175,176,177,178,179,180,181,182,183,184,185,186,187,188,189,190,191,192,193,194,195,196,197,198,199,200,201,202,203,204,205,206,207,208,209,210,211,212,213,214,215,216,217,218
   Exit      50000, E_minimum =    -233.58, E_running =    -233.58
   The average running energy, corresponding to H, is -233.118
   Step          0, E_minimum =    -233.58, E_running =    -233.58
0,1,2,3,4,6,7,8,9,10,11,12,13,14,15,16,17,18,19,20,21,22,23,24,25,26,27,28,29,30,31,32,33,34,35,36,37,38,39,40,41,42,43,44,45,46,47,48,49,50,51,52,53,54,55,56,57,58,59,60,61,62,63,64,65,66,67,68,69,70,71,72,73,74,75,76,77,78,79,80,81,82,83,84,85,86,87,88,89,90,91,92,93,94,95,96,97,98,99,100,101,102,103,104,105,106,107,108,109,110,111,112,113,114,115,116,117,118,119,120,121,122,123,124,125,126,127,128,129,130,131,132,133,134,135,136,137,138,139,140,141,142,143,144,145,146,147,148,149,150,151,152,153,154,155,156,157,158,159,160,161,162,163,164,165,166,167,168,169,170,171,172,173,174,175,176,177,178,179,180,181,182,183,184,185,186,187,188,189,190,191,192,193,194,195,196,197,198,199,200,201,202,203,204,205,206,207,208,209,210,211,212,213,214,215,216,217,218
   Exit      50000, E_minimum =    -233.58, E_running =    -233.58
   The average running energy, corresponding to H, is -233.196
   Step          0, E_minimum =    -233.58, E_running =    -233.58
0,1,2,3,4,6,7,8,9,10,11,12,13,14,15,16,17,18,19,20,21,22,23,24,25,26,27,28,29,30,31,32,33,34,35,36,37,38,39,40,41,42,43,44,45,46,47,48,49,50,51,52,53,54,55,56,57,58,59,60,61,62,63,64,65,66,67,68,69,70,71,72,73,74,75,76,77,78,79,80,81,82,83,84,85,86,87,88,89,90,91,92,93,94,95,96,97,98,99,100,101,102,103,104,105,106,107,108,109,110,111,112,113,114,115,116,117,118,119,120,121,122,123,124,125,126,127,128,129,130,131,132,133,134,135,136,137,138,139,140,141,142,143,144,145,146,147,148,149,150,151,152,153,154,155,156,157,158,159,160,161,162,163,164,165,166,167,168,169,170,171,172,173,174,175,176,177,178,179,180,181,182,183,184,185,186,187,188,189,190,191,192,193,194,195,196,197,198,199,200,201,202,203,204,205,206,207,208,209,210,211,212,213,214,215,216,217,218
   Exit      50000, E_minimum =    -233.58, E_running =    -233.58
   The average running energy, corresponding to H, is -233.564
Doing reduction:
   Step          0, E_minimum =    -233.58, E_running =    -233.58
0,1,2,3,4,6,7,8,9,10,11,12,13,14,15,16,17,18,19,20,21,22,23,24,25,26,27,28,29,30,31,32,33,34,35,36,37,38,39,40,41,42,43,44,45,46,47,48,49,50,51,52,53,54,55,56,57,58,59,60,61,62,63,64,65,66,67,68,69,70,71,72,73,74,75,76,77,78,79,80,81,82,83,84,85,86,87,88,89,90,91,92,93,94,95,96,97,98,99,100,101,102,103,104,105,106,107,108,109,110,111,112,113,114,115,116,117,118,119,120,121,122,123,124,125,126,127,128,129,130,131,132,133,134,135,136,137,138,139,140,141,142,143,144,145,146,147,148,149,150,151,152,153,154,155,156,157,158,159,160,161,162,163,164,165,166,167,168,169,170,171,172,173,174,175,176,177,178,179,180,181,182,183,184,185,186,187,188,189,190,191,192,193,194,195,196,197,198,199,200,201,202,203,204,205,206,207,208,209,210,211,212,213,214,215,216,217,218
   Exit      50000, E_minimum =    -233.58, E_running =    -233.58
   The average running energy, corresponding to H, is -233.565
   Step          0, E_minimum =    -233.58, E_running =    -233.58
0,1,2,3,4,6,7,8,9,10,11,12,13,14,15,16,17,18,19,20,21,22,23,24,25,26,27,28,29,30,31,32,33,34,35,36,37,38,39,40,41,42,43,44,45,46,47,48,49,50,51,52,53,54,55,56,57,58,59,60,61,62,63,64,65,66,67,68,69,70,71,72,73,74,75,76,77,78,79,80,81,82,83,84,85,86,87,88,89,90,91,92,93,94,95,96,97,98,99,100,101,102,103,104,105,106,107,108,109,110,111,112,113,114,115,116,117,118,119,120,121,122,123,124,125,126,127,128,129,130,131,132,133,134,135,136,137,138,139,140,141,142,143,144,145,146,147,148,149,150,151,152,153,154,155,156,157,158,159,160,161,162,163,164,165,166,167,168,169,170,171,172,173,174,175,176,177,178,179,180,181,182,183,184,185,186,187,188,189,190,191,192,193,194,195,196,197,198,199,200,201,202,203,204,205,206,207,208,209,210,211,212,213,214,215,216,217,218
   Exit      50000, E_minimum =    -233.58, E_running =    -233.58
   The average running energy, corresponding to H, is -233.564
Doing entropy sampling...
   Step          0, E_minimum =    -233.58, E_running =    -233.58
0,1,2,3,4,6,7,8,9,10,11,12,13,14,15,16,17,18,19,20,21,22,23,24,25,26,27,28,29,30,31,32,33,34,35,36,37,38,39,40,41,42,43,44,45,46,47,48,49,50,51,52,53,54,55,56,57,58,59,60,61,62,63,64,65,66,67,68,69,70,71,72,73,74,75,76,77,78,79,80,81,82,83,84,85,86,87,88,89,90,91,92,93,94,95,96,97,98,99,100,101,102,103,104,105,106,107,108,109,110,111,112,113,114,115,116,117,118,119,120,121,122,123,124,125,126,127,128,129,130,131,132,133,134,135,136,137,138,139,140,141,142,143,144,145,146,147,148,149,150,151,152,153,154,155,156,157,158,159,160,161,162,163,164,165,166,167,168,169,170,171,172,173,174,175,176,177,178,179,180,181,182,183,184,185,186,187,188,189,190,191,192,193,194,195,196,197,198,199,200,201,202,203,204,205,206,207,208,209,210,211,212,213,214,215,216,217,218
   Exit      50000, E_minimum =    -233.58, E_running =    -233.58
   The average running energy, corresponding to H, is -233.565
   Maximum entropy difference = 0.00
   End entropy sampling
Doing sampling:
Doing analytical solution because states 2 < threshhold 1000000
Standard deviation in independent runs:
   NTR01A0003_001 0.03 0.03 0.03 0.03 0.03 0.03 stdev =  0.000
   NTR+1A0003_002 0.97 0.97 0.97 0.97 0.97 0.97 stdev =  0.000
   VAL01A0003_001 1.00 1.00 1.00 1.00 1.00 1.00 stdev =  0.000
   ILE01A0004_001 1.00 1.00 1.00 1.00 1.00 1.00 stdev =  0.000
   ASN01A0005_001 1.00 1.00 1.00 1.00 1.00 1.00 stdev =  0.000
   THR01A0006_001 0.01 0.01 0.01 0.01 0.01 0.01 stdev =  0.000
   THR01A0006_002 0.99 0.99 0.99 0.99 0.99 0.99 stdev =  0.000
   PHE01A0007_001 1.00 1.00 1.00 1.00 1.00 1.00 stdev =  0.000
   ASP01A0008_001 0.00 0.00 0.00 0.00 0.00 0.00 stdev =  0.000
   ASP01A0008_002 0.00 0.00 0.00 0.00 0.00 0.00 stdev =  0.000
   ASP01A0008_003 0.00 0.00 0.00 0.00 0.00 0.00 stdev =  0.000
   ASP02A0008_004 0.00 0.00 0.00 0.00 0.00 0.00 stdev =  0.000
   ASP-1A0008_005 1.00 1.00 1.00 1.00 1.00 1.00 stdev =  0.000
   VAL01A0010_001 1.00 1.00 1.00 1.00 1.00 1.00 stdev =  0.000
   ALA01A0011_001 1.00 1.00 1.00 1.00 1.00 1.00 stdev =  0.000
   ASP01A0012_001 1.00 1.00 1.00 1.00 1.00 1.00 stdev =  0.000
   ASP01A0012_002 0.00 0.00 0.00 0.00 0.00 0.00 stdev =  0.000
   ASP02A0012_003 0.00 0.00 0.00 0.00 0.00 0.00 stdev =  0.000
   ASP-1A0012_004 0.00 0.00 0.00 0.00 0.00 0.00 stdev =  0.000
   TYR01A0013_001 1.00 1.00 1.00 1.00 1.00 1.00 stdev =  0.000
   TYR01A0013_002 0.00 0.00 0.00 0.00 0.00 0.00 stdev =  0.000
   TYR-1A0013_003 0.00 0.00 0.00 0.00 0.00 0.00 stdev =  0.000
   LEU01A0014_001 1.00 1.00 1.00 1.00 1.00 1.00 stdev =  0.000
   GLN01A0015_001 1.00 1.00 1.00 1.00 1.00 1.00 stdev =  0.000
   THR01A0016_001 1.00 1.00 1.00 1.00 1.00 1.00 stdev =  0.000
   TYR01A0017_001 1.00 1.00 1.00 1.00 1.00 1.00 stdev =  0.000
   TYR-1A0017_002 0.00 0.00 0.00 0.00 0.00 0.00 stdev =  0.000
   HIS01A0018_001 1.00 1.00 1.00 1.00 1.00 1.00 stdev =  0.000
   HIS02A0018_002 0.00 0.00 0.00 0.00 0.00 0.00 stdev =  0.000
   HIS+1A0018_003 0.00 0.00 0.00 0.00 0.00 0.00 stdev =  0.000
   LYS01A0019_001 0.00 0.00 0.00 0.00 0.00 0.00 stdev =  0.000
   LYS+1A0019_002 1.00 1.00 1.00 1.00 1.00 1.00 stdev =  0.000
   LEU01A0020_001 1.00 1.00 1.00 1.00 1.00 1.00 stdev =  0.000
   PRO01A0021_001 1.00 1.00 1.00 1.00 1.00 1.00 stdev =  0.000
   ASP01A0022_001 0.00 0.00 0.00 0.00 0.00 0.00 stdev =  0.000
   ASP02A0022_002 0.00 0.00 0.00 0.00 0.00 0.00 stdev =  0.000
   ASP-1A0022_003 1.00 1.00 1.00 1.00 1.00 1.00 stdev =  0.000
   ASN01A0023_001 1.00 1.00 1.00 1.00 1.00 1.00 stdev =  0.000
   TYR01A0024_001 0.03 0.03 0.03 0.03 0.03 0.03 stdev =  0.000
   TYR01A0024_002 0.97 0.97 0.97 0.97 0.97 0.97 stdev =  0.000
   TYR-1A0024_003 0.00 0.00 0.00 0.00 0.00 0.00 stdev =  0.000
   ILE01A0025_001 1.00 1.00 1.00 1.00 1.00 1.00 stdev =  0.000
   THR01A0026_001 0.01 0.01 0.01 0.01 0.01 0.01 stdev =  0.000
   THR01A0026_002 0.67 0.67 0.67 0.67 0.67 0.67 stdev =  0.000
   THR01A0026_003 0.32 0.32 0.32 0.32 0.32 0.32 stdev =  0.000
   LYS01A0027_001 0.00 0.00 0.00 0.00 0.00 0.00 stdev =  0.000
   LYS+1A0027_002 1.00 1.00 1.00 1.00 1.00 1.00 stdev =  0.000
   SER01A0028_001 1.00 1.00 1.00 1.00 1.00 1.00 stdev =  0.000
   GLU01A0029_001 0.00 0.00 0.00 0.00 0.00 0.00 stdev =  0.000
   GLU01A0029_002 0.00 0.00 0.00 0.00 0.00 0.00 stdev =  0.000
   GLU02A0029_003 0.00 0.00 0.00 0.00 0.00 0.00 stdev =  0.000
   GLU-1A0029_004 1.00 1.00 1.00 1.00 1.00 1.00 stdev =  0.000
   ALA01A0030_001 1.00 1.00 1.00 1.00 1.00 1.00 stdev =  0.000
   GLN01A0031_001 1.00 1.00 1.00 1.00 1.00 1.00 stdev =  0.000
   ALA01A0032_001 1.00 1.00 1.00 1.00 1.00 1.00 stdev =  0.000
   LEU01A0033_001 1.00 1.00 1.00 1.00 1.00 1.00 stdev =  0.000
   TRP01A0035_001 1.00 1.00 1.00 1.00 1.00 1.00 stdev =  0.000
   VAL01A0036_001 1.00 1.00 1.00 1.00 1.00 1.00 stdev =  0.000
   ALA01A0037_001 1.00 1.00 1.00 1.00 1.00 1.00 stdev =  0.000
   SER01A0038_001 1.00 1.00 1.00 1.00 1.00 1.00 stdev =  0.000
   LYS01A0039_001 0.00 0.00 0.00 0.00 0.00 0.00 stdev =  0.000
   LYS+1A0039_002 1.00 1.00 1.00 1.00 1.00 1.00 stdev =  0.000
   ASN01A0041_001 1.00 1.00 1.00 1.00 1.00 1.00 stdev =  0.000
   LEU01A0042_001 1.00 1.00 1.00 1.00 1.00 1.00 stdev =  0.000
   ALA01A0043_001 1.00 1.00 1.00 1.00 1.00 1.00 stdev =  0.000
   ASP01A0044_001 0.00 0.00 0.00 0.00 0.00 0.00 stdev =  0.000
   ASP02A0044_002 0.00 0.00 0.00 0.00 0.00 0.00 stdev =  0.000
   ASP-1A0044_003 1.00 1.00 1.00 1.00 1.00 1.00 stdev =  0.000
   VAL01A0045_001 1.00 1.00 1.00 1.00 1.00 1.00 stdev =  0.000
   ALA01A0046_001 1.00 1.00 1.00 1.00 1.00 1.00 stdev =  0.000
   PRO01A0047_001 1.00 1.00 1.00 1.00 1.00 1.00 stdev =  0.000
   LYS01A0049_001 0.00 0.00 0.00 0.00 0.00 0.00 stdev =  0.000
   LYS+1A0049_002 1.00 1.00 1.00 1.00 1.00 1.00 stdev =  0.000
   SER01A0050_001 1.00 1.00 1.00 1.00 1.00 1.00 stdev =  0.000
   ILE01A0051_001 1.00 1.00 1.00 1.00 1.00 1.00 stdev =  0.000
   ASP01A0054_001 0.00 0.00 0.00 0.00 0.00 0.00 stdev =  0.000
   ASP02A0054_002 0.00 0.00 0.00 0.00 0.00 0.00 stdev =  0.000
   ASP02A0054_003 0.00 0.00 0.00 0.00 0.00 0.00 stdev =  0.000
   ASP02A0054_004 0.00 0.00 0.00 0.00 0.00 0.00 stdev =  0.000
   ASP02A0054_005 0.00 0.00 0.00 0.00 0.00 0.00 stdev =  0.000
   ASP-1A0054_006 1.00 1.00 1.00 1.00 1.00 1.00 stdev =  0.000
   ILE01A0055_001 1.00 1.00 1.00 1.00 1.00 1.00 stdev =  0.000
   PHE01A0056_001 1.00 1.00 1.00 1.00 1.00 1.00 stdev =  0.000
   SER01A0057_001 1.00 1.00 1.00 1.00 1.00 1.00 stdev =  0.000
   ASN01A0058_001 1.00 1.00 1.00 1.00 1.00 1.00 stdev =  0.000
   ARG01A0059_001 0.00 0.00 0.00 0.00 0.00 0.00 stdev =  0.000
   ARG02A0059_002 0.00 0.00 0.00 0.00 0.00 0.00 stdev =  0.000
   ARG03A0059_003 0.00 0.00 0.00 0.00 0.00 0.00 stdev =  0.000
   ARG+1A0059_004 1.00 1.00 1.00 1.00 1.00 1.00 stdev =  0.000
   GLU01A0060_001 0.00 0.00 0.00 0.00 0.00 0.00 stdev =  0.000
   GLU01A0060_002 0.00 0.00 0.00 0.00 0.00 0.00 stdev =  0.000
   GLU02A0060_003 0.00 0.00 0.00 0.00 0.00 0.00 stdev =  0.000
   GLU-1A0060_004 1.00 1.00 1.00 1.00 1.00 1.00 stdev =  0.000
   LYS01A0062_001 0.00 0.00 0.00 0.00 0.00 0.00 stdev =  0.000
   LYS01A0062_002 0.00 0.00 0.00 0.00 0.00 0.00 stdev =  0.000
   LYS+1A0062_003 1.00 1.00 1.00 1.00 1.00 1.00 stdev =  0.000
   LEU01A0063_001 1.00 1.00 1.00 1.00 1.00 1.00 stdev =  0.000
   PRO01A0064_001 1.00 1.00 1.00 1.00 1.00 1.00 stdev =  0.000
   LYS01A0066_001 0.00 0.00 0.00 0.00 0.00 0.00 stdev =  0.000
   LYS+1A0066_002 1.00 1.00 1.00 1.00 1.00 1.00 stdev =  0.000
   SER01A0067_001 1.00 1.00 1.00 1.00 1.00 1.00 stdev =  0.000
   ARG01A0069_001 0.00 0.00 0.00 0.00 0.00 0.00 stdev =  0.000
   ARG02A0069_002 0.00 0.00 0.00 0.00 0.00 0.00 stdev =  0.000
   ARG02A0069_003 0.00 0.00 0.00 0.00 0.00 0.00 stdev =  0.000
   ARG03A0069_004 0.00 0.00 0.00 0.00 0.00 0.00 stdev =  0.000
   ARG03A0069_005 0.00 0.00 0.00 0.00 0.00 0.00 stdev =  0.000
   ARG+1A0069_006 1.00 1.00 1.00 1.00 1.00 1.00 stdev =  0.000
   THR01A0070_001 1.00 1.00 1.00 1.00 1.00 1.00 stdev =  0.000
   TRP01A0071_001 1.00 1.00 1.00 1.00 1.00 1.00 stdev =  0.000
   ARG01A0072_001 0.00 0.00 0.00 0.00 0.00 0.00 stdev =  0.000
   ARG02A0072_002 0.00 0.00 0.00 0.00 0.00 0.00 stdev =  0.000
   ARG02A0072_003 0.00 0.00 0.00 0.00 0.00 0.00 stdev =  0.000
   ARG03A0072_004 0.00 0.00 0.00 0.00 0.00 0.00 stdev =  0.000
   ARG+1A0072_005 1.00 1.00 1.00 1.00 1.00 1.00 stdev =  0.000
   GLU01A0073_001 0.00 0.00 0.00 0.00 0.00 0.00 stdev =  0.000
   GLU01A0073_002 0.00 0.00 0.00 0.00 0.00 0.00 stdev =  0.000
   GLU01A0073_003 0.00 0.00 0.00 0.00 0.00 0.00 stdev =  0.000
   GLU02A0073_004 0.00 0.00 0.00 0.00 0.00 0.00 stdev =  0.000
   GLU02A0073_005 0.00 0.00 0.00 0.00 0.00 0.00 stdev =  0.000
   GLU-1A0073_006 1.00 1.00 1.00 1.00 1.00 1.00 stdev =  0.000
   ALA01A0074_001 1.00 1.00 1.00 1.00 1.00 1.00 stdev =  0.000
   ASP01A0075_001 0.00 0.00 0.00 0.00 0.00 0.00 stdev =  0.000
   ASP01A0075_002 0.00 0.00 0.00 0.00 0.00 0.00 stdev =  0.000
   ASP01A0075_003 0.00 0.00 0.00 0.00 0.00 0.00 stdev =  0.000
   ASP02A0075_004 0.00 0.00 0.00 0.00 0.00 0.00 stdev =  0.000
   ASP02A0075_005 0.00 0.00 0.00 0.00 0.00 0.00 stdev =  0.000
   ASP02A0075_006 0.00 0.00 0.00 0.00 0.00 0.00 stdev =  0.000
   ASP-1A0075_007 1.00 1.00 1.00 1.00 1.00 1.00 stdev =  0.000
   ILE01A0076_001 1.00 1.00 1.00 1.00 1.00 1.00 stdev =  0.000
   ASN01A0077_001 1.00 1.00 1.00 1.00 1.00 1.00 stdev =  0.000
   TYR01A0078_001 0.22 0.22 0.22 0.22 0.22 0.22 stdev =  0.000
   TYR01A0078_002 0.78 0.78 0.78 0.78 0.78 0.78 stdev =  0.000
   TYR-1A0078_003 0.00 0.00 0.00 0.00 0.00 0.00 stdev =  0.000
   THR01A0079_001 1.00 1.00 1.00 1.00 1.00 1.00 stdev =  0.000
   SER01A0080_001 1.00 1.00 1.00 1.00 1.00 1.00 stdev =  0.000
   PHE01A0082_001 1.00 1.00 1.00 1.00 1.00 1.00 stdev =  0.000
   ARG01A0083_001 0.00 0.00 0.00 0.00 0.00 0.00 stdev =  0.000
   ARG01A0083_002 0.00 0.00 0.00 0.00 0.00 0.00 stdev =  0.000
   ARG02A0083_003 0.00 0.00 0.00 0.00 0.00 0.00 stdev =  0.000
   ARG02A0083_004 0.00 0.00 0.00 0.00 0.00 0.00 stdev =  0.000
   ARG03A0083_005 0.00 0.00 0.00 0.00 0.00 0.00 stdev =  0.000
   ARG03A0083_006 0.00 0.00 0.00 0.00 0.00 0.00 stdev =  0.000
   ARG03A0083_007 0.00 0.00 0.00 0.00 0.00 0.00 stdev =  0.000
   ARG03A0083_008 0.00 0.00 0.00 0.00 0.00 0.00 stdev =  0.000
   ARG+1A0083_009 1.00 1.00 1.00 1.00 1.00 1.00 stdev =  0.000
   ASN01A0084_001 1.00 1.00 1.00 1.00 1.00 1.00 stdev =  0.000
   SER01A0085_001 0.54 0.54 0.54 0.54 0.54 0.54 stdev =  0.000
   SER01A0085_002 0.46 0.46 0.46 0.46 0.46 0.46 stdev =  0.000
   ASP01A0086_001 0.00 0.00 0.00 0.00 0.00 0.00 stdev =  0.000
   ASP02A0086_002 0.00 0.00 0.00 0.00 0.00 0.00 stdev =  0.000
   ASP-1A0086_003 1.00 1.00 1.00 1.00 1.00 1.00 stdev =  0.000
   ARG01A0087_001 0.00 0.00 0.00 0.00 0.00 0.00 stdev =  0.000
   ARG01A0087_002 0.00 0.00 0.00 0.00 0.00 0.00 stdev =  0.000
   ARG02A0087_003 0.00 0.00 0.00 0.00 0.00 0.00 stdev =  0.000
   ARG03A0087_004 0.00 0.00 0.00 0.00 0.00 0.00 stdev =  0.000
   ARG+1A0087_005 1.00 1.00 1.00 1.00 1.00 1.00 stdev =  0.000
   ILE01A0088_001 1.00 1.00 1.00 1.00 1.00 1.00 stdev =  0.000
   LEU01A0089_001 1.00 1.00 1.00 1.00 1.00 1.00 stdev =  0.000
   TYR01A0090_001 1.00 1.00 1.00 1.00 1.00 1.00 stdev =  0.000
   TYR-1A0090_002 0.00 0.00 0.00 0.00 0.00 0.00 stdev =  0.000
   SER01A0091_001 0.30 0.30 0.30 0.30 0.30 0.30 stdev =  0.000
   SER01A0091_002 0.09 0.09 0.09 0.09 0.09 0.09 stdev =  0.000
   SER01A0091_003 0.61 0.61 0.61 0.61 0.61 0.61 stdev =  0.000
   SER01A0092_001 0.94 0.94 0.94 0.94 0.94 0.94 stdev =  0.000
   SER01A0092_002 0.06 0.06 0.06 0.06 0.06 0.06 stdev =  0.000
   ASP01A0093_001 0.00 0.00 0.00 0.00 0.00 0.00 stdev =  0.000
   ASP01A0093_002 0.00 0.00 0.00 0.00 0.00 0.00 stdev =  0.000
   ASP02A0093_003 0.00 0.00 0.00 0.00 0.00 0.00 stdev =  0.000
   ASP02A0093_004 0.00 0.00 0.00 0.00 0.00 0.00 stdev =  0.000
   ASP02A0093_005 0.00 0.00 0.00 0.00 0.00 0.00 stdev =  0.000
   ASP-1A0093_006 1.00 1.00 1.00 1.00 1.00 1.00 stdev =  0.000
   TRP01A0094_001 1.00 1.00 1.00 1.00 1.00 1.00 stdev =  0.000
   LEU01A0095_001 1.00 1.00 1.00 1.00 1.00 1.00 stdev =  0.000
   ILE01A0096_001 1.00 1.00 1.00 1.00 1.00 1.00 stdev =  0.000
   TYR01A0097_001 1.00 1.00 1.00 1.00 1.00 1.00 stdev =  0.000
   TYR-1A0097_002 0.00 0.00 0.00 0.00 0.00 0.00 stdev =  0.000
   LYS01A0098_001 0.00 0.00 0.00 0.00 0.00 0.00 stdev =  0.000
   LYS+1A0098_002 1.00 1.00 1.00 1.00 1.00 1.00 stdev =  0.000
   THR01A0099_001 0.56 0.56 0.56 0.56 0.56 0.56 stdev =  0.000
   THR01A0099_002 0.31 0.31 0.31 0.31 0.31 0.31 stdev =  0.000
   THR01A0099_003 0.13 0.13 0.13 0.13 0.13 0.13 stdev =  0.000
   THR01A0100_001 1.00 1.00 1.00 1.00 1.00 1.00 stdev =  0.000
   ASP01A0101_001 0.00 0.00 0.00 0.00 0.00 0.00 stdev =  0.000
   ASP01A0101_002 0.00 0.00 0.00 0.00 0.00 0.00 stdev =  0.000
   ASP01A0101_003 0.00 0.00 0.00 0.00 0.00 0.00 stdev =  0.000
   ASP02A0101_004 0.00 0.00 0.00 0.00 0.00 0.00 stdev =  0.000
   ASP-1A0101_005 1.00 1.00 1.00 1.00 1.00 1.00 stdev =  0.000
   HIS01A0102_001 0.53 0.53 0.53 0.53 0.53 0.53 stdev =  0.000
   HIS02A0102_002 0.23 0.23 0.23 0.23 0.23 0.23 stdev =  0.000
   HIS+1A0102_003 0.24 0.24 0.24 0.24 0.24 0.24 stdev =  0.000
   TYR01A0103_001 0.43 0.43 0.43 0.43 0.43 0.43 stdev =  0.000
   TYR01A0103_002 0.14 0.14 0.14 0.14 0.14 0.14 stdev =  0.000
   TYR01A0103_003 0.00 0.00 0.00 0.00 0.00 0.00 stdev =  0.000
   TYR01A0103_004 0.43 0.43 0.43 0.43 0.43 0.43 stdev =  0.000
   TYR-1A0103_005 0.00 0.00 0.00 0.00 0.00 0.00 stdev =  0.000
   GLN01A0104_001 1.00 1.00 1.00 1.00 1.00 1.00 stdev =  0.000
   THR01A0105_001 0.26 0.26 0.26 0.26 0.26 0.26 stdev =  0.000
   THR01A0105_002 0.56 0.56 0.56 0.56 0.56 0.56 stdev =  0.000
   THR01A0105_003 0.18 0.18 0.18 0.18 0.18 0.18 stdev =  0.000
   PHE01A0106_001 1.00 1.00 1.00 1.00 1.00 1.00 stdev =  0.000
   THR01A0107_001 1.00 1.00 1.00 1.00 1.00 1.00 stdev =  0.000
   LYS01A0108_001 0.00 0.00 0.00 0.00 0.00 0.00 stdev =  0.000
   LYS+1A0108_002 1.00 1.00 1.00 1.00 1.00 1.00 stdev =  0.000
   ILE01A0109_001 1.00 1.00 1.00 1.00 1.00 1.00 stdev =  0.000
   ARG01A0110_001 0.00 0.00 0.00 0.00 0.00 0.00 stdev =  0.000
   ARG01A0110_002 0.00 0.00 0.00 0.00 0.00 0.00 stdev =  0.000
   ARG02A0110_003 0.00 0.00 0.00 0.00 0.00 0.00 stdev =  0.000
   ARG02A0110_004 0.00 0.00 0.00 0.00 0.00 0.00 stdev =  0.000
   ARG03A0110_005 0.00 0.00 0.00 0.00 0.00 0.00 stdev =  0.000
   ARG03A0110_006 0.00 0.00 0.00 0.00 0.00 0.00 stdev =  0.000
   ARG+1A0110_007 1.00 1.00 1.00 1.00 1.00 1.00 stdev =  0.000
   CTR01A0110_001 0.00 0.00 0.00 0.00 0.00 0.00 stdev =  0.000
   CTR01A0110_002 0.00 0.00 0.00 0.00 0.00 0.00 stdev =  0.000
   CTR02A0110_003 0.00 0.00 0.00 0.00 0.00 0.00 stdev =  0.000
   CTR02A0110_004 0.00 0.00 0.00 0.00 0.00 0.00 stdev =  0.000
   CTR02A0110_005 0.00 0.00 0.00 0.00 0.00 0.00 stdev =  0.000
   CTR-1A0110_006 1.00 1.00 1.00 1.00 1.00 1.00 stdev =  0.000
   _ZN01A0112_001 0.00 0.00 0.00 0.00 0.00 0.00 stdev =  0.000
   _ZN+2A0112_002 1.00 1.00 1.00 1.00 1.00 1.00 stdev =  0.000
