 ph              0.0   0.0   0.0   0.0   0.0   0.0   0.0   0.0   0.0   0.0   0.0   0.0   0.0   0.0   0.0
NTR01A0003_001 0.000 0.000 0.000 0.000 0.000 0.000 0.000 0.000 0.000 0.000 0.000 0.000 0.000 0.000 0.000
NTR+1A0003_002 0.000 0.000 0.000 0.000 0.000 0.000 0.000 0.000 0.000 0.000 0.000 0.000 0.000 0.000 0.000
VAL01A0003_001 0.000 0.000 0.000 0.000 0.000 0.000 0.000 0.000 0.000 0.000 0.000 0.000 0.000 0.000 0.000
ILE01A0004_001 0.000 0.000 0.000 0.000 0.000 0.000 0.000 0.000 0.000 0.000 0.000 0.000 0.000 0.000 0.000
ASN01A0005_001 0.000 0.000 0.000 0.000 0.000 0.000 0.000 0.000 0.000 0.000 0.000 0.000 0.000 0.000 0.000
THR01A0006_001 0.013 0.016 0.014 0.015 0.016 0.016 0.016 0.015 0.017 0.016 0.014 0.013 0.000 0.015 0.016
THR01A0006_002 0.013 0.016 0.014 0.015 0.016 0.016 0.016 0.015 0.017 0.016 0.014 0.013 0.000 0.015 0.016
PHE01A0007_001 0.000 0.000 0.000 0.000 0.000 0.000 0.000 0.000 0.000 0.000 0.000 0.000 0.000 0.000 0.000
ASP01A0008_001 0.623 0.624 0.623 0.621 0.625 0.625 0.622 0.624 0.624 0.623 0.624 0.625 0.624 0.624 0.624
ASP01A0008_002 0.623 0.624 0.623 0.621 0.625 0.625 0.622 0.624 0.624 0.623 0.624 0.625 0.624 0.624 0.624
ASP01A0008_003 0.623 0.624 0.623 0.621 0.625 0.625 0.622 0.624 0.624 0.623 0.624 0.625 0.624 0.624 0.624
ASP02A0008_004 0.623 0.624 0.623 0.621 0.625 0.625 0.622 0.624 0.624 0.623 0.624 0.625 0.624 0.624 0.624
ASP-1A0008_005 0.000 0.000 0.000 0.000 0.000 0.000 0.000 0.000 0.000 0.000 0.000 0.000 0.000 0.000 0.000
VAL01A0010_001 0.000 0.000 0.000 0.000 0.000 0.000 0.000 0.000 0.000 0.000 0.000 0.000 0.000 0.000 0.000
ALA01A0011_001 0.000 0.000 0.000 0.000 0.000 0.000 0.000 0.000 0.000 0.000 0.000 0.000 0.000 0.000 0.000
ASP01A0012_001 0.551 0.560 0.558 0.555 0.555 0.549 0.555 0.565 0.554 0.561 0.556 0.559 0.558 0.554 0.556
ASP01A0012_002 0.551 0.560 0.558 0.555 0.555 0.549 0.555 0.565 0.554 0.561 0.556 0.559 0.558 0.554 0.556
ASP02A0012_003 0.551 0.560 0.558 0.555 0.555 0.549 0.555 0.565 0.554 0.561 0.556 0.559 0.558 0.554 0.556
ASP-1A0012_004 0.000 0.000 0.000 0.000 0.000 0.000 0.000 0.000 0.000 0.000 0.000 0.000 0.000 0.000 0.000
TYR01A0013_001 0.312 0.315 0.315 0.317 0.313 0.315 0.315 0.315 0.314 0.315 0.315 0.316 0.317 0.318 0.317
TYR01A0013_002 0.312 0.315 0.315 0.317 0.313 0.315 0.315 0.315 0.314 0.315 0.315 0.316 0.317 0.318 0.317
TYR-1A0013_003 0.000 0.000 0.000 0.000 0.000 0.000 0.000 0.000 0.000 0.000 0.000 0.000 0.000 0.000 0.000
LEU01A0014_001 0.000 0.000 0.000 0.000 0.000 0.000 0.000 0.000 0.000 0.000 0.000 0.000 0.000 0.000 0.000
GLN01A0015_001 0.000 0.000 0.000 0.000 0.000 0.000 0.000 0.000 0.000 0.000 0.000 0.000 0.000 0.000 0.000
THR01A0016_001 0.000 0.000 0.000 0.000 0.000 0.000 0.000 0.000 0.000 0.000 0.000 0.000 0.000 0.000 0.000
TYR01A0017_001 0.000 0.000 0.000 0.000 0.000 0.000 0.000 0.000 0.000 0.000 0.000 0.000 0.000 0.000 0.000
TYR-1A0017_002 0.000 0.000 0.000 0.000 0.000 0.000 0.000 0.000 0.000 0.000 0.000 0.000 0.000 0.000 0.000
HIS01A0018_001 0.000 0.000 0.000 0.000 0.000 0.000 0.000 0.000 0.000 0.000 0.000 0.000 0.000 0.000 0.000
HIS02A0018_002 0.000 0.000 0.000 0.000 0.000 0.000 0.000 0.000 0.000 0.000 0.000 0.000 0.000 0.000 0.000
HIS+1A0018_003 0.000 0.000 0.000 0.000 0.000 0.000 0.000 0.000 0.000 0.000 0.000 0.000 0.000 0.000 0.000
LYS01A0019_001 0.000 0.000 0.000 0.000 0.000 0.000 0.000 0.000 0.000 0.000 0.000 0.000 0.000 0.000 0.000
LYS+1A0019_002 0.000 0.000 0.000 0.000 0.000 0.000 0.000 0.000 0.000 0.000 0.000 0.000 0.000 0.000 0.000
LEU01A0020_001 0.000 0.000 0.000 0.000 0.000 0.000 0.000 0.000 0.000 0.000 0.000 0.000 0.000 0.000 0.000
PRO01A0021_001 0.000 0.000 0.000 0.000 0.000 0.000 0.000 0.000 0.000 0.000 0.000 0.000 0.000 0.000 0.000
ASP01A0022_001 0.401 0.400 0.400 0.400 0.400 0.400 0.400 0.400 0.399 0.401 0.400 0.400 0.400 0.401 0.400
ASP02A0022_002 0.401 0.400 0.400 0.400 0.400 0.400 0.400 0.400 0.399 0.401 0.400 0.400 0.400 0.401 0.400
ASP-1A0022_003 0.000 0.000 0.000 0.000 0.000 0.000 0.000 0.000 0.000 0.000 0.000 0.000 0.000 0.000 0.000
ASN01A0023_001 0.000 0.000 0.000 0.000 0.000 0.000 0.000 0.000 0.000 0.000 0.000 0.000 0.000 0.000 0.000
TYR01A0024_001 0.236 0.234 0.237 0.236 0.238 0.238 0.237 0.241 0.237 0.236 0.234 0.237 0.235 0.236 0.236
TYR01A0024_002 0.236 0.234 0.237 0.236 0.238 0.238 0.237 0.241 0.237 0.236 0.234 0.237 0.235 0.236 0.236
TYR-1A0024_003 0.000 0.000 0.000 0.000 0.000 0.000 0.000 0.000 0.000 0.000 0.000 0.000 0.000 0.000 0.000
ILE01A0025_001 0.000 0.000 0.000 0.000 0.000 0.000 0.000 0.000 0.000 0.000 0.000 0.000 0.000 0.000 0.000
THR01A0026_001 0.190 0.192 0.190 0.202 0.193 0.194 0.196 0.188 0.194 0.191 0.194 0.197 0.198 0.190 0.187
THR01A0026_002 0.190 0.192 0.190 0.202 0.193 0.194 0.196 0.188 0.194 0.191 0.194 0.197 0.198 0.190 0.187
THR01A0026_003 0.190 0.192 0.190 0.202 0.193 0.194 0.196 0.188 0.194 0.191 0.194 0.197 0.198 0.190 0.187
LYS01A0027_001 0.000 0.000 0.000 0.000 0.000 0.000 0.000 0.000 0.000 0.000 0.000 0.000 0.000 0.000 0.000
LYS+1A0027_002 0.000 0.000 0.000 0.000 0.000 0.000 0.000 0.000 0.000 0.000 0.000 0.000 0.000 0.000 0.000
SER01A0028_001 0.000 0.000 0.000 0.000 0.000 0.000 0.000 0.000 0.000 0.000 0.000 0.000 0.000 0.000 0.000
GLU01A0029_001 0.444 0.441 0.444 0.443 0.444 0.442 0.442 0.443 0.443 0.443 0.446 0.443 0.442 0.446 0.444
GLU01A0029_002 0.444 0.441 0.444 0.443 0.444 0.442 0.442 0.443 0.443 0.443 0.446 0.443 0.442 0.446 0.444
GLU02A0029_003 0.444 0.441 0.444 0.443 0.444 0.442 0.442 0.443 0.443 0.443 0.446 0.443 0.442 0.446 0.444
GLU-1A0029_004 0.000 0.000 0.000 0.000 0.000 0.000 0.000 0.000 0.000 0.000 0.000 0.000 0.000 0.000 0.000
ALA01A0030_001 0.000 0.000 0.000 0.000 0.000 0.000 0.000 0.000 0.000 0.000 0.000 0.000 0.000 0.000 0.000
GLN01A0031_001 0.000 0.000 0.000 0.000 0.000 0.000 0.000 0.000 0.000 0.000 0.000 0.000 0.000 0.000 0.000
ALA01A0032_001 0.000 0.000 0.000 0.000 0.000 0.000 0.000 0.000 0.000 0.000 0.000 0.000 0.000 0.000 0.000
LEU01A0033_001 0.000 0.000 0.000 0.000 0.000 0.000 0.000 0.000 0.000 0.000 0.000 0.000 0.000 0.000 0.000
TRP01A0035_001 0.000 0.000 0.000 0.000 0.000 0.000 0.000 0.000 0.000 0.000 0.000 0.000 0.000 0.000 0.000
VAL01A0036_001 0.000 0.000 0.000 0.000 0.000 0.000 0.000 0.000 0.000 0.000 0.000 0.000 0.000 0.000 0.000
ALA01A0037_001 0.000 0.000 0.000 0.000 0.000 0.000 0.000 0.000 0.000 0.000 0.000 0.000 0.000 0.000 0.000
SER01A0038_001 0.000 0.000 0.000 0.000 0.000 0.000 0.000 0.000 0.000 0.000 0.000 0.000 0.000 0.000 0.000
LYS01A0039_001 0.000 0.000 0.000 0.000 0.000 0.000 0.000 0.000 0.000 0.000 0.000 0.000 0.000 0.000 0.000
LYS+1A0039_002 0.000 0.000 0.000 0.000 0.000 0.000 0.000 0.000 0.000 0.000 0.000 0.000 0.000 0.000 0.000
ASN01A0041_001 0.000 0.000 0.000 0.000 0.000 0.000 0.000 0.000 0.000 0.000 0.000 0.000 0.000 0.000 0.000
LEU01A0042_001 0.000 0.000 0.000 0.000 0.000 0.000 0.000 0.000 0.000 0.000 0.000 0.000 0.000 0.000 0.000
ALA01A0043_001 0.000 0.000 0.000 0.000 0.000 0.000 0.000 0.000 0.000 0.000 0.000 0.000 0.000 0.000 0.000
ASP01A0044_001 0.411 0.411 0.411 0.411 0.411 0.411 0.411 0.411 0.411 0.411 0.411 0.411 0.411 0.411 0.411
ASP02A0044_002 0.411 0.411 0.411 0.411 0.411 0.411 0.411 0.411 0.411 0.411 0.411 0.411 0.411 0.411 0.411
ASP-1A0044_003 0.000 0.000 0.000 0.000 0.000 0.000 0.000 0.000 0.000 0.000 0.000 0.000 0.000 0.000 0.000
VAL01A0045_001 0.000 0.000 0.000 0.000 0.000 0.000 0.000 0.000 0.000 0.000 0.000 0.000 0.000 0.000 0.000
ALA01A0046_001 0.000 0.000 0.000 0.000 0.000 0.000 0.000 0.000 0.000 0.000 0.000 0.000 0.000 0.000 0.000
PRO01A0047_001 0.000 0.000 0.000 0.000 0.000 0.000 0.000 0.000 0.000 0.000 0.000 0.000 0.000 0.000 0.000
LYS01A0049_001 0.000 0.000 0.000 0.000 0.000 0.000 0.000 0.000 0.000 0.000 0.000 0.000 0.000 0.000 0.000
LYS+1A0049_002 0.000 0.000 0.000 0.000 0.000 0.000 0.000 0.000 0.000 0.000 0.000 0.000 0.000 0.000 0.000
SER01A0050_001 0.000 0.000 0.000 0.000 0.000 0.000 0.000 0.000 0.000 0.000 0.000 0.000 0.000 0.000 0.000
ILE01A0051_001 0.000 0.000 0.000 0.000 0.000 0.000 0.000 0.000 0.000 0.000 0.000 0.000 0.000 0.000 0.000
ASP01A0054_001 0.135 0.139 0.125 0.138 0.130 0.124 0.133 0.127 0.134 0.125 0.129 0.128 0.119 0.128 0.129
ASP02A0054_002 0.135 0.139 0.125 0.138 0.130 0.124 0.133 0.127 0.134 0.125 0.129 0.128 0.119 0.128 0.129
ASP02A0054_003 0.135 0.139 0.125 0.138 0.130 0.124 0.133 0.127 0.134 0.125 0.129 0.128 0.119 0.128 0.129
ASP02A0054_004 0.135 0.139 0.125 0.138 0.130 0.124 0.133 0.127 0.134 0.125 0.129 0.128 0.119 0.128 0.129
ASP02A0054_005 0.135 0.139 0.125 0.138 0.130 0.124 0.133 0.127 0.134 0.125 0.129 0.128 0.119 0.128 0.129
ASP-1A0054_006 0.000 0.000 0.000 0.000 0.000 0.000 0.000 0.000 0.000 0.000 0.000 0.000 0.000 0.000 0.000
ILE01A0055_001 0.000 0.000 0.000 0.000 0.000 0.000 0.000 0.000 0.000 0.000 0.000 0.000 0.000 0.000 0.000
PHE01A0056_001 0.000 0.000 0.000 0.000 0.000 0.000 0.000 0.000 0.000 0.000 0.000 0.000 0.000 0.000 0.000
SER01A0057_001 0.000 0.000 0.000 0.000 0.000 0.000 0.000 0.000 0.000 0.000 0.000 0.000 0.000 0.000 0.000
ASN01A0058_001 0.000 0.000 0.000 0.000 0.000 0.000 0.000 0.000 0.000 0.000 0.000 0.000 0.000 0.000 0.000
ARG01A0059_001 0.000 0.000 0.000 0.000 0.000 0.000 0.000 0.000 0.000 0.000 0.000 0.000 0.000 0.000 0.000
ARG02A0059_002 0.000 0.000 0.000 0.000 0.000 0.000 0.000 0.000 0.000 0.000 0.000 0.000 0.000 0.000 0.000
ARG03A0059_003 0.000 0.000 0.000 0.000 0.000 0.000 0.000 0.000 0.000 0.000 0.000 0.000 0.000 0.000 0.000
ARG+1A0059_004 0.000 0.000 0.000 0.000 0.000 0.000 0.000 0.000 0.000 0.000 0.000 0.000 0.000 0.000 0.000
GLU01A0060_001 0.375 0.377 0.373 0.373 0.380 0.377 0.366 0.371 0.370 0.382 0.373 0.374 0.383 0.369 0.373
GLU01A0060_002 0.375 0.377 0.373 0.373 0.380 0.377 0.366 0.371 0.370 0.382 0.373 0.374 0.383 0.369 0.373
GLU02A0060_003 0.375 0.377 0.373 0.373 0.380 0.377 0.366 0.371 0.370 0.382 0.373 0.374 0.383 0.369 0.373
GLU-1A0060_004 0.000 0.000 0.000 0.000 0.000 0.000 0.000 0.000 0.000 0.000 0.000 0.000 0.000 0.000 0.000
LYS01A0062_001 0.000 0.000 0.000 0.000 0.000 0.000 0.000 0.000 0.000 0.000 0.000 0.000 0.000 0.000 0.000
LYS01A0062_002 0.000 0.000 0.000 0.000 0.000 0.000 0.000 0.000 0.000 0.000 0.000 0.000 0.000 0.000 0.000
LYS+1A0062_003 0.000 0.000 0.000 0.000 0.000 0.000 0.000 0.000 0.000 0.000 0.000 0.000 0.000 0.000 0.000
LEU01A0063_001 0.000 0.000 0.000 0.000 0.000 0.000 0.000 0.000 0.000 0.000 0.000 0.000 0.000 0.000 0.000
PRO01A0064_001 0.000 0.000 0.000 0.000 0.000 0.000 0.000 0.000 0.000 0.000 0.000 0.000 0.000 0.000 0.000
LYS01A0066_001 0.000 0.000 0.000 0.000 0.000 0.000 0.000 0.000 0.000 0.000 0.000 0.000 0.000 0.000 0.000
LYS+1A0066_002 0.000 0.000 0.000 0.000 0.000 0.000 0.000 0.000 0.000 0.000 0.000 0.000 0.000 0.000 0.000
SER01A0067_001 0.000 0.000 0.000 0.000 0.000 0.000 0.000 0.000 0.000 0.000 0.000 0.000 0.000 0.000 0.000
ARG01A0069_001 0.000 0.000 0.000 0.000 0.000 0.000 0.000 0.000 0.000 0.000 0.000 0.000 0.000 0.000 0.000
ARG02A0069_002 0.000 0.000 0.000 0.000 0.000 0.000 0.000 0.000 0.000 0.000 0.000 0.000 0.000 0.000 0.000
ARG02A0069_003 0.000 0.000 0.000 0.000 0.000 0.000 0.000 0.000 0.000 0.000 0.000 0.000 0.000 0.000 0.000
ARG03A0069_004 0.000 0.000 0.000 0.000 0.000 0.000 0.000 0.000 0.000 0.000 0.000 0.000 0.000 0.000 0.000
ARG03A0069_005 0.000 0.000 0.000 0.000 0.000 0.000 0.000 0.000 0.000 0.000 0.000 0.000 0.000 0.000 0.000
ARG+1A0069_006 0.000 0.000 0.000 0.000 0.000 0.000 0.000 0.000 0.000 0.000 0.000 0.000 0.000 0.000 0.000
THR01A0070_001 0.000 0.000 0.000 0.000 0.000 0.000 0.000 0.000 0.000 0.000 0.000 0.000 0.000 0.000 0.000
TRP01A0071_001 0.000 0.000 0.000 0.000 0.000 0.000 0.000 0.000 0.000 0.000 0.000 0.000 0.000 0.000 0.000
ARG01A0072_001 0.000 0.000 0.000 0.000 0.000 0.000 0.000 0.000 0.000 0.000 0.000 0.000 0.000 0.000 0.000
ARG02A0072_002 0.000 0.000 0.000 0.000 0.000 0.000 0.000 0.000 0.000 0.000 0.000 0.000 0.000 0.000 0.000
ARG02A0072_003 0.000 0.000 0.000 0.000 0.000 0.000 0.000 0.000 0.000 0.000 0.000 0.000 0.000 0.000 0.000
ARG03A0072_004 0.000 0.000 0.000 0.000 0.000 0.000 0.000 0.000 0.000 0.000 0.000 0.000 0.000 0.000 0.000
ARG+1A0072_005 0.000 0.000 0.000 0.000 0.000 0.000 0.000 0.000 0.000 0.000 0.000 0.000 0.000 0.000 0.000
GLU01A0073_001 0.553 0.545 0.558 0.547 0.548 0.553 0.534 0.525 0.545 0.548 0.551 0.550 0.553 0.544 0.546
GLU01A0073_002 0.553 0.545 0.558 0.547 0.548 0.553 0.534 0.525 0.545 0.548 0.551 0.550 0.553 0.544 0.546
GLU01A0073_003 0.553 0.545 0.558 0.547 0.548 0.553 0.534 0.525 0.545 0.548 0.551 0.550 0.553 0.544 0.546
GLU02A0073_004 0.553 0.545 0.558 0.547 0.548 0.553 0.534 0.525 0.545 0.548 0.551 0.550 0.553 0.544 0.546
GLU02A0073_005 0.553 0.545 0.558 0.547 0.548 0.553 0.534 0.525 0.545 0.548 0.551 0.550 0.553 0.544 0.546
GLU-1A0073_006 0.000 0.000 0.000 0.000 0.000 0.000 0.000 0.000 0.000 0.000 0.000 0.000 0.000 0.000 0.000
ALA01A0074_001 0.000 0.000 0.000 0.000 0.000 0.000 0.000 0.000 0.000 0.000 0.000 0.000 0.000 0.000 0.000
ASP01A0075_001 0.451 0.387 0.437 0.394 0.379 0.455 0.442 0.428 0.417 0.442 0.448 0.452 0.404 0.438 0.456
ASP01A0075_002 0.451 0.387 0.437 0.394 0.379 0.455 0.442 0.428 0.417 0.442 0.448 0.452 0.404 0.438 0.456
ASP01A0075_003 0.451 0.387 0.437 0.394 0.379 0.455 0.442 0.428 0.417 0.442 0.448 0.452 0.404 0.438 0.456
ASP02A0075_004 0.451 0.387 0.437 0.394 0.379 0.455 0.442 0.428 0.417 0.442 0.448 0.452 0.404 0.438 0.456
ASP02A0075_005 0.451 0.387 0.437 0.394 0.379 0.455 0.442 0.428 0.417 0.442 0.448 0.452 0.404 0.438 0.456
ASP02A0075_006 0.451 0.387 0.437 0.394 0.379 0.455 0.442 0.428 0.417 0.442 0.448 0.452 0.404 0.438 0.456
ASP-1A0075_007 0.000 0.000 0.000 0.000 0.000 0.000 0.000 0.000 0.000 0.000 0.000 0.000 0.000 0.000 0.000
ILE01A0076_001 0.000 0.000 0.000 0.000 0.000 0.000 0.000 0.000 0.000 0.000 0.000 0.000 0.000 0.000 0.000
ASN01A0077_001 0.000 0.000 0.000 0.000 0.000 0.000 0.000 0.000 0.000 0.000 0.000 0.000 0.000 0.000 0.000
TYR01A0078_001 0.294 0.296 0.293 0.295 0.295 0.290 0.295 0.294 0.292 0.294 0.294 0.292 0.289 0.293 0.297
TYR01A0078_002 0.294 0.296 0.293 0.295 0.295 0.290 0.295 0.294 0.292 0.294 0.294 0.292 0.289 0.293 0.297
TYR-1A0078_003 0.000 0.000 0.000 0.000 0.000 0.000 0.000 0.000 0.000 0.000 0.000 0.000 0.000 0.000 0.000
THR01A0079_001 0.000 0.000 0.000 0.000 0.000 0.000 0.000 0.000 0.000 0.000 0.000 0.000 0.000 0.000 0.000
SER01A0080_001 0.000 0.000 0.000 0.000 0.000 0.000 0.000 0.000 0.000 0.000 0.000 0.000 0.000 0.000 0.000
PHE01A0082_001 0.000 0.000 0.000 0.000 0.000 0.000 0.000 0.000 0.000 0.000 0.000 0.000 0.000 0.000 0.000
ARG01A0083_001 0.000 0.000 0.000 0.000 0.000 0.000 0.000 0.000 0.000 0.000 0.000 0.000 0.000 0.000 0.000
ARG01A0083_002 0.000 0.000 0.000 0.000 0.000 0.000 0.000 0.000 0.000 0.000 0.000 0.000 0.000 0.000 0.000
ARG02A0083_003 0.000 0.000 0.000 0.000 0.000 0.000 0.000 0.000 0.000 0.000 0.000 0.000 0.000 0.000 0.000
ARG02A0083_004 0.000 0.000 0.000 0.000 0.000 0.000 0.000 0.000 0.000 0.000 0.000 0.000 0.000 0.000 0.000
ARG03A0083_005 0.000 0.000 0.000 0.000 0.000 0.000 0.000 0.000 0.000 0.000 0.000 0.000 0.000 0.000 0.000
ARG03A0083_006 0.000 0.000 0.000 0.000 0.000 0.000 0.000 0.000 0.000 0.000 0.000 0.000 0.000 0.000 0.000
ARG03A0083_007 0.000 0.000 0.000 0.000 0.000 0.000 0.000 0.000 0.000 0.000 0.000 0.000 0.000 0.000 0.000
ARG03A0083_008 0.000 0.000 0.000 0.000 0.000 0.000 0.000 0.000 0.000 0.000 0.000 0.000 0.000 0.000 0.000
ARG+1A0083_009 0.000 0.000 0.000 0.000 0.000 0.000 0.000 0.000 0.000 0.000 0.000 0.000 0.000 0.000 0.000
ASN01A0084_001 0.000 0.000 0.000 0.000 0.000 0.000 0.000 0.000 0.000 0.000 0.000 0.000 0.000 0.000 0.000
SER01A0085_001 0.346 0.344 0.346 0.346 0.347 0.346 0.347 0.347 0.344 0.348 0.345 0.349 0.346 0.346 0.347
SER01A0085_002 0.346 0.344 0.346 0.346 0.347 0.346 0.347 0.347 0.344 0.348 0.345 0.349 0.346 0.346 0.347
ASP01A0086_001 0.407 0.407 0.407 0.407 0.407 0.407 0.407 0.407 0.407 0.407 0.407 0.407 0.407 0.407 0.408
ASP02A0086_002 0.407 0.407 0.407 0.407 0.407 0.407 0.407 0.407 0.407 0.407 0.407 0.407 0.407 0.407 0.408
ASP-1A0086_003 0.000 0.000 0.000 0.000 0.000 0.000 0.000 0.000 0.000 0.000 0.000 0.000 0.000 0.000 0.000
ARG01A0087_001 0.000 0.000 0.000 0.000 0.000 0.000 0.000 0.000 0.000 0.000 0.000 0.000 0.000 0.000 0.000
ARG01A0087_002 0.000 0.000 0.000 0.000 0.000 0.000 0.000 0.000 0.000 0.000 0.000 0.000 0.000 0.000 0.000
ARG02A0087_003 0.000 0.000 0.000 0.000 0.000 0.000 0.000 0.000 0.000 0.000 0.000 0.000 0.000 0.000 0.000
ARG03A0087_004 0.000 0.000 0.000 0.000 0.000 0.000 0.000 0.000 0.000 0.000 0.000 0.000 0.000 0.000 0.000
ARG+1A0087_005 0.000 0.000 0.000 0.000 0.000 0.000 0.000 0.000 0.000 0.000 0.000 0.000 0.000 0.000 0.000
ILE01A0088_001 0.000 0.000 0.000 0.000 0.000 0.000 0.000 0.000 0.000 0.000 0.000 0.000 0.000 0.000 0.000
LEU01A0089_001 0.000 0.000 0.000 0.000 0.000 0.000 0.000 0.000 0.000 0.000 0.000 0.000 0.000 0.000 0.000
TYR01A0090_001 0.000 0.000 0.000 0.000 0.000 0.000 0.000 0.000 0.000 0.000 0.000 0.000 0.000 0.000 0.000
TYR-1A0090_002 0.000 0.000 0.000 0.000 0.000 0.000 0.000 0.000 0.000 0.000 0.000 0.000 0.000 0.000 0.000
SER01A0091_001 0.603 0.604 0.605 0.604 0.604 0.603 0.602 0.602 0.602 0.603 0.604 0.603 0.603 0.602 0.603
SER01A0091_002 0.603 0.604 0.605 0.604 0.604 0.603 0.602 0.602 0.602 0.603 0.604 0.603 0.603 0.602 0.603
SER01A0091_003 0.603 0.604 0.605 0.604 0.604 0.603 0.602 0.602 0.602 0.603 0.604 0.603 0.603 0.602 0.603
SER01A0092_001 0.092 0.092 0.093 0.090 0.097 0.089 0.100 0.090 0.091 0.094 0.089 0.089 0.092 0.092 0.089
SER01A0092_002 0.092 0.092 0.093 0.090 0.097 0.089 0.100 0.090 0.091 0.094 0.089 0.089 0.092 0.092 0.089
ASP01A0093_001 0.021 0.018 0.021 0.020 0.018 0.000 0.017 0.021 0.022 0.022 0.019 0.023 0.021 0.019 0.022
ASP01A0093_002 0.021 0.018 0.021 0.020 0.018 0.000 0.017 0.021 0.022 0.022 0.019 0.023 0.021 0.019 0.022
ASP02A0093_003 0.021 0.018 0.021 0.020 0.018 0.000 0.017 0.021 0.022 0.022 0.019 0.023 0.021 0.019 0.022
ASP02A0093_004 0.021 0.018 0.021 0.020 0.018 0.000 0.017 0.021 0.022 0.022 0.019 0.023 0.021 0.019 0.022
ASP02A0093_005 0.021 0.018 0.021 0.020 0.018 0.000 0.017 0.021 0.022 0.022 0.019 0.023 0.021 0.019 0.022
ASP-1A0093_006 0.000 0.000 0.000 0.000 0.000 0.000 0.000 0.000 0.000 0.000 0.000 0.000 0.000 0.000 0.000
TRP01A0094_001 0.000 0.000 0.000 0.000 0.000 0.000 0.000 0.000 0.000 0.000 0.000 0.000 0.000 0.000 0.000
LEU01A0095_001 0.000 0.000 0.000 0.000 0.000 0.000 0.000 0.000 0.000 0.000 0.000 0.000 0.000 0.000 0.000
ILE01A0096_001 0.000 0.000 0.000 0.000 0.000 0.000 0.000 0.000 0.000 0.000 0.000 0.000 0.000 0.000 0.000
TYR01A0097_001 0.000 0.000 0.000 0.000 0.000 0.000 0.000 0.000 0.000 0.000 0.000 0.000 0.000 0.000 0.000
TYR-1A0097_002 0.000 0.000 0.000 0.000 0.000 0.000 0.000 0.000 0.000 0.000 0.000 0.000 0.000 0.000 0.000
LYS01A0098_001 0.000 0.000 0.000 0.000 0.000 0.000 0.000 0.000 0.000 0.000 0.000 0.000 0.000 0.000 0.000
LYS+1A0098_002 0.000 0.000 0.000 0.000 0.000 0.000 0.000 0.000 0.000 0.000 0.000 0.000 0.000 0.000 0.000
THR01A0099_001 0.103 0.110 0.104 0.102 0.100 0.101 0.105 0.105 0.099 0.110 0.099 0.102 0.101 0.103 0.096
THR01A0099_002 0.103 0.110 0.104 0.102 0.100 0.101 0.105 0.105 0.099 0.110 0.099 0.102 0.101 0.103 0.096
THR01A0099_003 0.103 0.110 0.104 0.102 0.100 0.101 0.105 0.105 0.099 0.110 0.099 0.102 0.101 0.103 0.096
THR01A0100_001 0.000 0.000 0.000 0.000 0.000 0.000 0.000 0.000 0.000 0.000 0.000 0.000 0.000 0.000 0.000
ASP01A0101_001 0.032 0.033 0.036 0.027 0.035 0.034 0.033 0.038 0.030 0.036 0.036 0.036 0.031 0.035 0.034
ASP01A0101_002 0.032 0.033 0.036 0.027 0.035 0.034 0.033 0.038 0.030 0.036 0.036 0.036 0.031 0.035 0.034
ASP01A0101_003 0.032 0.033 0.036 0.027 0.035 0.034 0.033 0.038 0.030 0.036 0.036 0.036 0.031 0.035 0.034
ASP02A0101_004 0.032 0.033 0.036 0.027 0.035 0.034 0.033 0.038 0.030 0.036 0.036 0.036 0.031 0.035 0.034
ASP-1A0101_005 0.000 0.000 0.000 0.000 0.000 0.000 0.000 0.000 0.000 0.000 0.000 0.000 0.000 0.000 0.000
HIS01A0102_001 0.000 0.000 0.000 0.000 0.000 0.000 0.000 0.000 0.000 0.000 0.000 0.000 0.000 0.000 0.000
HIS02A0102_002 0.000 0.000 0.000 0.000 0.000 0.000 0.000 0.000 0.000 0.000 0.000 0.000 0.000 0.000 0.000
HIS+1A0102_003 0.000 0.000 0.000 0.000 0.000 0.000 0.000 0.000 0.000 0.000 0.000 0.000 0.000 0.000 0.000
TYR01A0103_001 0.553 0.556 0.551 0.550 0.548 0.551 0.553 0.548 0.549 0.547 0.548 0.556 0.548 0.541 0.547
TYR01A0103_002 0.553 0.556 0.551 0.550 0.548 0.551 0.553 0.548 0.549 0.547 0.548 0.556 0.548 0.541 0.547
TYR01A0103_003 0.553 0.556 0.551 0.550 0.548 0.551 0.553 0.548 0.549 0.547 0.548 0.556 0.548 0.541 0.547
TYR01A0103_004 0.553 0.556 0.551 0.550 0.548 0.551 0.553 0.548 0.549 0.547 0.548 0.556 0.548 0.541 0.547
TYR-1A0103_005 0.000 0.000 0.000 0.000 0.000 0.000 0.000 0.000 0.000 0.000 0.000 0.000 0.000 0.000 0.000
GLN01A0104_001 0.000 0.000 0.000 0.000 0.000 0.000 0.000 0.000 0.000 0.000 0.000 0.000 0.000 0.000 0.000
THR01A0105_001 0.260 0.260 0.258 0.250 0.268 0.253 0.255 0.250 0.262 0.259 0.259 0.265 0.261 0.262 0.255
THR01A0105_002 0.260 0.260 0.258 0.250 0.268 0.253 0.255 0.250 0.262 0.259 0.259 0.265 0.261 0.262 0.255
THR01A0105_003 0.260 0.260 0.258 0.250 0.268 0.253 0.255 0.250 0.262 0.259 0.259 0.265 0.261 0.262 0.255
PHE01A0106_001 0.000 0.000 0.000 0.000 0.000 0.000 0.000 0.000 0.000 0.000 0.000 0.000 0.000 0.000 0.000
THR01A0107_001 0.000 0.000 0.000 0.000 0.000 0.000 0.000 0.000 0.000 0.000 0.000 0.000 0.000 0.000 0.000
LYS01A0108_001 0.000 0.000 0.000 0.000 0.000 0.000 0.000 0.000 0.000 0.000 0.000 0.000 0.000 0.000 0.000
LYS+1A0108_002 0.000 0.000 0.000 0.000 0.000 0.000 0.000 0.000 0.000 0.000 0.000 0.000 0.000 0.000 0.000
ILE01A0109_001 0.000 0.000 0.000 0.000 0.000 0.000 0.000 0.000 0.000 0.000 0.000 0.000 0.000 0.000 0.000
ARG01A0110_001 0.000 0.000 0.000 0.000 0.000 0.000 0.000 0.000 0.000 0.000 0.000 0.000 0.000 0.000 0.000
ARG01A0110_002 0.000 0.000 0.000 0.000 0.000 0.000 0.000 0.000 0.000 0.000 0.000 0.000 0.000 0.000 0.000
ARG02A0110_003 0.000 0.000 0.000 0.000 0.000 0.000 0.000 0.000 0.000 0.000 0.000 0.000 0.000 0.000 0.000
ARG02A0110_004 0.000 0.000 0.000 0.000 0.000 0.000 0.000 0.000 0.000 0.000 0.000 0.000 0.000 0.000 0.000
ARG03A0110_005 0.000 0.000 0.000 0.000 0.000 0.000 0.000 0.000 0.000 0.000 0.000 0.000 0.000 0.000 0.000
ARG03A0110_006 0.000 0.000 0.000 0.000 0.000 0.000 0.000 0.000 0.000 0.000 0.000 0.000 0.000 0.000 0.000
ARG+1A0110_007 0.000 0.000 0.000 0.000 0.000 0.000 0.000 0.000 0.000 0.000 0.000 0.000 0.000 0.000 0.000
CTR01A0110_001 0.286 0.277 0.258 0.278 0.276 0.257 0.277 0.272 0.280 0.280 0.275 0.275 0.271 0.275 0.273
CTR01A0110_002 0.286 0.277 0.258 0.278 0.276 0.257 0.277 0.272 0.280 0.280 0.275 0.275 0.271 0.275 0.273
CTR02A0110_003 0.286 0.277 0.258 0.278 0.276 0.257 0.277 0.272 0.280 0.280 0.275 0.275 0.271 0.275 0.273
CTR02A0110_004 0.286 0.277 0.258 0.278 0.276 0.257 0.277 0.272 0.280 0.280 0.275 0.275 0.271 0.275 0.273
CTR02A0110_005 0.286 0.277 0.258 0.278 0.276 0.257 0.277 0.272 0.280 0.280 0.275 0.275 0.271 0.275 0.273
CTR-1A0110_006 0.000 0.000 0.000 0.000 0.000 0.000 0.000 0.000 0.000 0.000 0.000 0.000 0.000 0.000 0.000
_ZN01A0112_001 0.000 0.000 0.000 0.000 0.000 0.000 0.000 0.000 0.000 0.000 0.000 0.000 0.000 0.000 0.000
_ZN+2A0112_002 0.000 0.000 0.000 0.000 0.000 0.000 0.000 0.000 0.000 0.000 0.000 0.000 0.000 0.000 0.000
