CONFORMER         crg  vdw0  vdw1  tors  epol  self   occ  Hb     history
NTR01A0003_001  0.000  -0.0  -0.8   0.0   0.0  -0.8 1.000  00  01O000M000
NTR+1A0003_002  1.000  -0.0  -0.9   0.0   0.0  -0.9 1.000  00  +1O000M000
VAL01A0003_001  0.000  -0.1   1.3   0.6   0.0   1.8 1.000  00  01O000M000
ILE01A0004_001  0.000   1.2  -2.4   0.4   0.0  -0.8 1.000  00  01O000M000
ASN01A0005_001  0.000  -0.1  -0.3   0.5   0.0   0.1 1.000  00  01O000M000
THR01A0006_001  0.000  -0.1   0.4   0.4   0.0   0.7 1.000  00  01O000M000
THR01A0006_002  0.000  -0.1  -3.4   0.0   0.0  -3.4 1.000  00  01O000M000
PHE01A0007_001  0.000  14.6  -9.4   0.0   0.0   5.2 1.000  00  01O000M000
ASP01A0008_001  0.000  -0.1  -2.3   0.5   0.0  -1.9 1.000  00  01O000M000
ASP01A0008_002  0.000  -0.1  -2.2   0.2   0.0  -2.1 1.000  00  01X000M000
ASP01A0008_003  0.000   0.2  -2.3   0.5   0.0  -1.6 1.000  00  01O000M000
ASP02A0008_004  0.000  -0.1  -2.3   0.5   0.0  -1.9 1.000  00  02O000M000
ASP-1A0008_005 -1.000  -0.1  -2.2   0.5   0.0  -1.9 1.000  00  -1O000M000
VAL01A0010_001  0.000  -0.1  -4.8   0.0   0.0  -4.9 1.000  00  01O000M000
ALA01A0011_001  0.000   0.0  -2.1   0.0   0.0  -2.1 1.000  00  01O000M000
ASP01A0012_001  0.000  -0.1  -3.6   0.3   0.0  -3.4 1.000  00  01O000M000
ASP01A0012_002  0.000   0.2  -1.8   0.3   0.0  -1.3 1.000  00  01O000M000
ASP02A0012_003  0.000  -0.1  -3.5   0.3   0.0  -3.4 1.000  00  02O000M000
ASP-1A0012_004 -1.000  -0.1  -3.5   0.3   0.0  -3.3 1.000  00  -1O000M000
TYR01A0013_001  0.000  13.9 -11.1   0.0   0.0   2.8 1.000  00  01O000M000
TYR01A0013_002  0.000  13.8 -11.1   0.0   0.0   2.7 1.000  00  01O000M000
TYR-1A0013_003 -1.000  13.7 -11.0   0.0   0.0   2.7 1.000  00  -1O000M000
LEU01A0014_001  0.000  -0.3  -8.9   1.0   0.0  -8.3 1.000  00  01O000M000
GLN01A0015_001  0.000   0.1  -3.6   0.9   0.0  -2.5 1.000  00  01O000M000
THR01A0016_001  0.000  -0.1  -1.2   0.4   0.0  -1.0 1.000  00  01O000M000
TYR01A0017_001  0.000  13.8  -6.7   0.0   0.0   7.1 1.000  00  01O000M000
TYR-1A0017_002 -1.000  13.6  -6.7   0.0   0.0   6.9 1.000  00  -1O000M000
HIS01A0018_001  0.000  -0.4  -4.2   0.1   0.0  -4.6 1.000  00  01O000M000
HIS02A0018_002  0.000  -0.5  -4.2   0.1   0.0  -4.6 1.000  00  02O000M000
HIS+1A0018_003  1.000  -0.5  -4.3   0.1   0.0  -4.8 1.000  00  +1O000M000
LYS01A0019_001  0.000  -0.3  -3.8   4.2   0.0   0.1 1.000  00  01O000M000
LYS+1A0019_002  1.000  -0.4  -3.8   4.2   0.0   0.0 1.000  00  +1O000M000
LEU01A0020_001  0.000  -0.3  -6.6   1.1   0.0  -5.8 1.000  00  01O000M000
PRO01A0021_001  0.000  -0.2  -2.9   0.0   0.0  -3.1 1.000  00  01O000M000
ASP01A0022_001  0.000  -0.1   5.3   0.5   0.0   5.7 1.000  00  01O000M000
ASP02A0022_002  0.000  -0.1   5.4   0.5   0.0   5.8 1.000  00  02O000M000
ASP-1A0022_003 -1.000  -0.1   5.5   0.5   0.0   5.9 1.000  00  -1O000M000
ASN01A0023_001  0.000  -0.1  -2.3   0.2   0.0  -2.3 1.000  00  01O000M000
TYR01A0024_001  0.000  13.8 -18.5   0.0   0.0  -4.7 1.000  00  01O000M000
TYR01A0024_002  0.000  13.8 -15.0   0.0   0.0  -1.3 1.000  00  01O000M000
TYR-1A0024_003 -1.000  13.7 -18.3   0.0   0.0  -4.6 1.000  00  -1O000M000
ILE01A0025_001  0.000   1.0  -6.0   0.4   0.0  -4.5 1.000  00  01O000M000
THR01A0026_001  0.000  -0.1  -3.3   0.4   0.0  -3.0 1.000  00  01O000M000
THR01A0026_002  0.000  -0.1  -3.8   0.0   0.0  -3.9 1.000  00  01O000M000
THR01A0026_003  0.000  -0.1  -3.9   0.4   0.0  -3.6 1.000  00  01O000M000
LYS01A0027_001  0.000   0.2  -3.5   1.9   0.0  -1.4 1.000  00  01O000M000
LYS+1A0027_002  1.000   0.1  -3.6   1.9   0.0  -1.5 1.000  00  +1O000M000
SER01A0028_001  0.000  -0.0  -1.0   0.4   0.0  -0.6 1.000  00  01O000M000
GLU01A0029_001  0.000   0.5  -4.8   0.2   0.0  -4.1 1.000  00  01O000M000
GLU01A0029_002  0.000   1.5  -1.5   0.2   0.0   0.2 1.000  00  01O000M000
GLU02A0029_003  0.000   0.5  -4.7   0.2   0.0  -3.9 1.000  00  02O000M000
GLU-1A0029_004 -1.000   0.6  -4.6   0.2   0.0  -3.9 1.000  00  -1O000M000
ALA01A0030_001  0.000   0.0  -2.7   0.0   0.0  -2.7 1.000  00  01O000M000
GLN01A0031_001  0.000   0.2  -6.6   0.5   0.0  -5.8 1.000  00  01O000M000
ALA01A0032_001  0.000   0.0  -2.0   0.0   0.0  -2.0 1.000  00  01O000M000
LEU01A0033_001  0.000  -0.3  -6.3   1.0   0.0  -5.6 1.000  00  01O000M000
TRP01A0035_001  0.000  12.0 -14.5   0.0   0.0  -2.6 1.000  00  01O000M000
VAL01A0036_001  0.000  -0.1  -1.8   0.0   0.0  -2.0 1.000  00  01O000M000
ALA01A0037_001  0.000   0.0  -1.0   0.0   0.0  -1.0 1.000  00  01O000M000
SER01A0038_001  0.000  -0.0  -1.3   0.6   0.0  -0.7 1.000  00  01O000M000
LYS01A0039_001  0.000  -0.5  -3.6   2.1   0.0  -2.0 1.000  00  01O000M000
LYS+1A0039_002  1.000  -0.5  -3.6   2.1   0.0  -2.0 1.000  00  +1O000M000
ASN01A0041_001  0.000  -0.1  -2.2   0.7   0.0  -1.7 1.000  00  01O000M000
LEU01A0042_001  0.000  -0.3  -6.0   0.6   0.0  -5.7 1.000  00  01O000M000
ALA01A0043_001  0.000   0.0  -2.4   0.0   0.0  -2.4 1.000  00  01O000M000
ASP01A0044_001  0.000  -0.1  -3.3   0.0   0.0  -3.4 1.000  00  01O000M000
ASP02A0044_002  0.000  -0.1  -3.3   0.0   0.0  -3.4 1.000  00  02O000M000
ASP-1A0044_003 -1.000  -0.1  -3.2   0.0   0.0  -3.3 1.000  00  -1O000M000
VAL01A0045_001  0.000  -0.1  -6.2   0.1   0.0  -6.2 1.000  00  01O000M000
ALA01A0046_001  0.000   0.0  -0.4   0.0   0.0  -0.4 1.000  00  01O000M000
PRO01A0047_001  0.000  -0.1  -0.9   0.0   0.0  -1.1 1.000  00  01O000M000
LYS01A0049_001  0.000  -0.6  -9.4   2.3   0.0  -7.7 1.000  00  01O000M000
LYS+1A0049_002  1.000  -0.6  -9.4   2.3   0.0  -7.7 1.000  00  +1O000M000
SER01A0050_001  0.000  -0.0  -3.8   0.5   0.0  -3.3 1.000  00  01O000M000
ILE01A0051_001  0.000   1.1  -2.6   0.5   0.0  -1.1 1.000  00  01O000M000
ASP01A0054_001  0.000  -0.1  -4.9   0.0   0.0  -4.9 1.000  00  01O000M000
ASP02A0054_002  0.000  -0.1  10.5   0.0   0.0  10.4 1.000  00  02O000M000
ASP02A0054_003  0.000   0.1  -4.9   0.0   0.0  -4.7 1.000  00  02O000M000
ASP02A0054_004  0.000  -0.1  -4.8   6.9   0.0   2.0 1.000  00  02O000H000
ASP02A0054_005  0.000  -0.1  -4.9   6.9   0.0   1.9 1.000  02  02O000H002
ASP-1A0054_006 -1.000  -0.1  -4.7   0.0   0.0  -4.7 1.000  00  -1O000M000
ILE01A0055_001  0.000   6.0  -0.4   0.8   0.0   6.3 1.000  00  01O000M000
PHE01A0056_001  0.000  13.8  -7.9   0.0   0.0   5.9 1.000  00  01O000M000
SER01A0057_001  0.000  -0.0   0.3   0.7   0.0   1.0 1.000  00  01O000M000
ASN01A0058_001  0.000  -0.1  -1.2   0.7   0.0  -0.6 1.000  00  01O000M000
ARG01A0059_001  0.000  -0.3   4.4  16.1   0.0  20.2 1.000  00  01O000M000
ARG02A0059_002  0.000  -0.2   4.4  16.1   0.0  20.2 1.000  00  02O000M000
ARG03A0059_003  0.000  -0.3   4.4  16.1   0.0  20.2 1.000  00  03O000M000
ARG+1A0059_004  1.000  -0.3   4.4  16.1   0.0  20.1 1.000  00  +1O000M000
GLU01A0060_001  0.000   1.0  -3.0   0.1   0.0  -1.9 1.000  00  01O000M000
GLU01A0060_002  0.000   3.7  -3.0   0.1   0.0   0.8 1.000  00  01O000M000
GLU02A0060_003  0.000   1.0  -3.0   0.1   0.0  -1.8 1.000  00  02O000M000
GLU-1A0060_004 -1.000   1.1  -2.9   0.1   0.0  -1.8 1.000  00  -1O000M000
LYS01A0062_001  0.000  -0.2  -5.4   4.9   0.0  -0.7 1.000  00  01O000M000
LYS01A0062_002  0.000  -0.1  -5.4   4.9   0.0  -0.7 1.000  00  01O000M000
LYS+1A0062_003  1.000  -0.2  -5.5   4.9   0.0  -0.9 1.000  00  +1O000M000
LEU01A0063_001  0.000  -0.2  -4.4   0.6   0.0  -4.1 1.000  00  01O000M000
PRO01A0064_001  0.000  -0.1   0.2   0.0   0.0   0.1 1.000  00  01O000M000
LYS01A0066_001  0.000  -0.6  -2.5   0.9   0.0  -2.1 1.000  00  01O000M000
LYS+1A0066_002  1.000  -0.6  -2.5   0.9   0.0  -2.2 1.000  00  +1O000M000
SER01A0067_001  0.000  -0.0   0.3   3.0   0.0   3.3 1.000  00  01O000M000
ARG01A0069_001  0.000   0.6  -7.7   1.8   0.0  -5.2 1.000  00  01O000M000
ARG02A0069_002  0.000   0.5  -8.0   1.8   0.0  -5.7 1.000  00  02O000M000
ARG02A0069_003  0.000   0.7  -8.3   0.7   0.0  -6.9 1.000  00  02X000M000
ARG03A0069_004  0.000   0.6  -7.7   1.8   0.0  -5.3 1.000  00  03O000M000
ARG03A0069_005  0.000   0.6  -7.8   1.8   0.0  -5.3 1.000  00  03O000M000
ARG+1A0069_006  1.000   0.6  -7.8   1.8   0.0  -5.4 1.000  00  +1O000M000
THR01A0070_001  0.000  -0.1  -1.8   0.5   0.0  -1.4 1.000  00  01O000M000
TRP01A0071_001  0.000  11.7 -18.9   0.0   0.0  -7.2 1.000  00  01O000M000
ARG01A0072_001  0.000  -0.1  -6.2   1.5   0.0  -4.8 1.000  00  01O000M000
ARG02A0072_002  0.000  -0.1  -8.9   1.5   0.0  -7.5 1.000  00  02O000M000
ARG02A0072_003  0.000  -0.1  -6.1   1.5   0.0  -4.7 1.000  00  02O000M000
ARG03A0072_004  0.000  -0.1  -6.2   1.5   0.0  -4.8 1.000  00  03O000M000
ARG+1A0072_005  1.000  -0.2  -6.2   1.5   0.0  -4.9 1.000  00  +1O000M000
GLU01A0073_001  0.000   0.1  -5.2   0.4   0.0  -4.7 1.000  00  01O000M000
GLU01A0073_002  0.000   0.4  -5.3   0.4   0.0  -4.5 1.000  00  01O000M000
GLU01A0073_003  0.000  -0.0  -5.2   7.3   0.0   2.1 1.000  00  01O000H000
GLU02A0073_004  0.000   0.1  -5.2   0.4   0.0  -4.7 1.000  00  02O000M000
GLU02A0073_005  0.000   0.3  -5.3   0.4   0.0  -4.5 1.000  00  02O000M000
GLU-1A0073_006 -1.000   0.1  -5.2   0.4   0.0  -4.7 1.000  00  -1O000M000
ALA01A0074_001  0.000   0.0  -2.3   0.0   0.0  -2.3 1.000  00  01O000M000
ASP01A0075_001  0.000  -0.1  -5.1   0.4   0.0  -4.7 1.000  00  01O000M000
ASP01A0075_002  0.000   0.2  -3.7   0.4   0.0  -3.1 1.000  00  01O000M000
ASP01A0075_003  0.000  -0.2  -5.2   7.3   0.0   2.0 1.000  02  01O000H002
ASP02A0075_004  0.000  -0.1  -5.0   0.4   0.0  -4.7 1.000  00  02O000M000
ASP02A0075_005  0.000   0.3  -5.1   0.4   0.0  -4.4 1.000  00  02O000M000
ASP02A0075_006  0.000  -0.2  -5.1   7.3   0.0   2.1 1.000  02  02O000H002
ASP-1A0075_007 -1.000  -0.1  -5.0   0.4   0.0  -4.6 1.000  00  -1O000M000
ILE01A0076_001  0.000   0.7  -8.7   0.6   0.0  -7.4 1.000  00  01O000M000
ASN01A0077_001  0.000  -0.1  -0.2   0.1   0.0  -0.2 1.000  00  01O000M000
TYR01A0078_001  0.000  13.9 -16.5   0.0   0.0  -2.7 1.000  00  01O000M000
TYR01A0078_002  0.000  13.8 -12.5   0.0   0.0   1.3 1.000  00  01O000M000
TYR-1A0078_003 -1.000  13.7 -16.2   0.0   0.0  -2.5 1.000  00  -1O000M000
THR01A0079_001  0.000  -0.1  -1.7   0.4   0.0  -1.4 1.000  00  01O000M000
SER01A0080_001  0.000  -0.0  -0.5   0.4   0.0  -0.1 1.000  00  01O000M000
PHE01A0082_001  0.000  14.8 -10.5   0.0   0.0   4.3 1.000  00  01O000M000
ARG01A0083_001  0.000   0.6  -4.0   1.3   0.0  -2.1 1.000  00  01O000M000
ARG01A0083_002  0.000   0.8  -3.8   0.6   0.0  -2.4 1.000  00  01X000M000
ARG02A0083_003  0.000   0.4  -4.1   1.3   0.0  -2.3 1.000  00  02O000M000
ARG02A0083_004  0.000   0.5  -3.7   0.6   0.0  -2.6 1.000  00  02X000M000
ARG03A0083_005  0.000   0.6  -4.0   1.3   0.0  -2.1 1.000  00  03O000M000
ARG03A0083_006  0.000   0.7  -3.7   0.6   0.0  -2.4 1.000  00  03X000M000
ARG03A0083_007  0.000   0.5  -4.0   1.3   0.0  -2.2 1.000  00  03O000M000
ARG03A0083_008  0.000   0.7  -3.7   0.6   0.0  -2.5 1.000  00  03X000M000
ARG+1A0083_009  1.000   0.5  -4.1   1.3   0.0  -2.2 1.000  00  +1O000M000
ASN01A0084_001  0.000  -0.1   1.5   0.2   0.0   1.6 1.000  00  01O000M000
SER01A0085_001  0.000  -0.0  -2.7   0.5   0.0  -2.2 1.000  00  01O000M000
SER01A0085_002  0.000  -0.0  -2.7   0.1   0.0  -2.6 1.000  00  01O000M000
ASP01A0086_001  0.000  -0.1  -5.0   0.1   0.0  -5.0 1.000  00  01O000M000
ASP02A0086_002  0.000  -0.1  -4.9   0.1   0.0  -5.0 1.000  00  02O000M000
ASP-1A0086_003 -1.000  -0.1  -4.9   0.1   0.0  -4.9 1.000  00  -1O000M000
ARG01A0087_001  0.000   0.5 -10.0   1.3   0.0  -8.3 1.000  00  01O000M000
ARG01A0087_002  0.000   0.7  -8.2   1.0   0.0  -6.5 1.000  00  01X000M000
ARG02A0087_003  0.000   0.4 -10.7   1.3   0.0  -9.0 1.000  00  02O000M000
ARG03A0087_004  0.000   0.5 -10.0   1.3   0.0  -8.3 1.000  00  03O000M000
ARG+1A0087_005  1.000   0.4 -10.1   1.3   0.0  -8.4 1.000  00  +1O000M000
ILE01A0088_001  0.000   0.7  -7.6   1.8   0.0  -5.1 1.000  00  01O000M000
LEU01A0089_001  0.000  -0.3  -7.1   1.6   0.0  -5.9 1.000  00  01O000M000
TYR01A0090_001  0.000  13.8 -13.0   0.0   0.0   0.8 1.000  00  01O000M000
TYR-1A0090_002 -1.000  13.8 -12.9   0.0   0.0   0.8 1.000  00  -1O000M000
SER01A0091_001  0.000  -0.0  -3.9   0.5   0.0  -3.4 1.000  00  01O000M000
SER01A0091_002  0.000  -0.0  -3.8   0.5   0.0  -3.3 1.000  00  01O000M000
SER01A0091_003  0.000  -0.0  -4.2   0.6   0.0  -3.6 1.000  00  01O000H000
SER01A0092_001  0.000  -0.0  -2.8   1.0   0.0  -1.8 1.000  00  01O000M000
SER01A0092_002  0.000  -0.0  -2.5   1.0   0.0  -1.5 1.000  00  01O000M000
ASP01A0093_001  0.000  -0.1  -1.4   0.0   0.0  -1.5 1.000  00  01O000M000
ASP01A0093_002  0.000   0.2   5.1   0.0   0.0   5.3 1.000  00  01O000M000
ASP02A0093_003  0.000  -0.1  -1.4   0.0   0.0  -1.5 1.000  00  02O000M000
ASP02A0093_004  0.000   0.2  -1.4   0.0   0.0  -1.2 1.000  00  02O000M000
ASP02A0093_005  0.000  -0.2  -1.4   6.9   0.0   5.4 1.000  02  02O000H002
ASP-1A0093_006 -1.000  -0.1  -1.3   0.0   0.0  -1.4 1.000  00  -1O000M000
TRP01A0094_001  0.000  12.0 -12.4   0.0   0.0  -0.4 1.000  00  01O000M000
LEU01A0095_001  0.000  -0.3  -3.5   0.4   0.0  -3.4 1.000  00  01O000M000
ILE01A0096_001  0.000   2.6  -6.9   1.2   0.0  -3.1 1.000  00  01O000M000
TYR01A0097_001  0.000  13.9 -12.2   0.0   0.0   1.7 1.000  00  01O000M000
TYR-1A0097_002 -1.000  13.8 -12.2   0.0   0.0   1.6 1.000  00  -1O000M000
LYS01A0098_001  0.000  -0.3  -2.2   5.3   0.0   2.9 1.000  00  01O000M000
LYS+1A0098_002  1.000  -0.3  -2.2   5.3   0.0   2.8 1.000  00  +1O000M000
THR01A0099_001  0.000  -0.1  -7.7   0.4   0.0  -7.4 1.000  00  01O000M000
THR01A0099_002  0.000  -0.0  -7.1   0.0   0.0  -7.1 1.000  00  01O000M000
THR01A0099_003  0.000  -0.0  -7.5   0.4   0.0  -7.1 1.000  00  01O000M000
THR01A0100_001  0.000  -0.1  -1.7   0.5   0.0  -1.4 1.000  00  01O000M000
ASP01A0101_001  0.000  -0.1  43.4   0.0   0.0  43.4 1.000  00  01O000M000
ASP01A0101_002  0.000   0.1   0.3   0.0   0.0   0.5 1.000  00  01O000M000
ASP01A0101_003  0.000  -0.1  -1.7   6.9   0.0   5.2 1.000  00  01O000H000
ASP02A0101_004  0.000  -0.1  -2.1   0.0   0.0  -2.2 1.000  00  02O000M000
ASP-1A0101_005 -1.000  -0.1  -1.8   0.0   0.0  -1.9 1.000  00  -1O000M000
HIS01A0102_001  0.000  -0.4  -3.1   2.0   0.0  -1.5 1.000  00  01O000M000
HIS02A0102_002  0.000  -0.4  -3.1   2.0   0.0  -1.6 1.000  00  02O000M000
HIS+1A0102_003  1.000  -0.5  -3.2   2.0   0.0  -1.7 1.000  00  +1O000M000
TYR01A0103_001  0.000  13.6  -0.0   0.0   0.0  13.6 1.000  00  01O000M000
TYR01A0103_002  0.000  13.5  -0.1   0.0   0.0  13.5 1.000  00  01O000M000
TYR01A0103_003  0.000  13.4  -0.1   2.7   0.0  16.1 1.000  01  01O000H001
TYR01A0103_004  0.000  13.4  -0.0   2.7   0.0  16.1 1.000  04  01O000H004
TYR-1A0103_005 -1.000  13.5  -0.0   0.0   0.0  13.5 1.000  00  -1O000M000
GLN01A0104_001  0.000  -0.2  -4.1   0.3   0.0  -4.1 1.000  00  01O000M000
THR01A0105_001  0.000  -0.1  -0.9   0.4   0.0  -0.6 1.000  00  01O000M000
THR01A0105_002  0.000  -0.1  -1.2   0.4   0.0  -0.8 1.000  00  01O000M000
THR01A0105_003  0.000  -0.1  -0.6   0.9   0.0   0.2 1.000  00  01O000H000
PHE01A0106_001  0.000  14.1 -11.2   0.0   0.0   2.9 1.000  00  01O000M000
THR01A0107_001  0.000  -0.1  -2.0   0.4   0.0  -1.7 1.000  00  01O000M000
LYS01A0108_001  0.000  -0.3  -3.7   1.1   0.0  -3.0 1.000  00  01O000M000
LYS+1A0108_002  1.000  -0.4  -3.8   1.1   0.0  -3.1 1.000  00  +1O000M000
ILE01A0109_001  0.000   0.2  -6.3   0.5   0.0  -5.6 1.000  00  01O000M000
ARG01A0110_001  0.000   0.7  -3.5   1.0   0.0  -1.8 1.000  00  01O000M000
ARG01A0110_002  0.000   0.8  -2.9   0.9   0.0  -1.2 1.000  00  01X000M000
ARG02A0110_003  0.000   0.5  -6.0   1.0   0.0  -4.4 1.000  00  02O000M000
ARG02A0110_004  0.000   0.6  -3.5   1.0   0.0  -1.8 1.000  00  02O000M000
ARG03A0110_005  0.000   0.6  -3.5   1.0   0.0  -1.8 1.000  00  03O000M000
ARG03A0110_006  0.000   0.6  -3.4   1.0   0.0  -1.8 1.000  00  03O000M000
ARG+1A0110_007  1.000   0.6  -3.6   1.0   0.0  -2.0 1.000  00  +1O000M000
CTR01A0110_001  0.000   0.0  -2.8   0.0   0.0  -2.7 1.000  00  01O000M000
CTR01A0110_002  0.000  -0.0  -2.4   0.0   0.0  -2.5 1.000  00  01O000M000
CTR02A0110_003  0.000   0.0  -2.9   0.0   0.0  -2.9 1.000  00  02O000M000
CTR02A0110_004  0.000  -0.0  -2.6   0.0   0.0  -2.7 1.000  00  02O000M000
CTR02A0110_005  0.000  -0.0  -1.6   6.9   0.0   5.3 1.000  03  02O000H003
CTR-1A0110_006 -1.000   0.0  -2.7   0.0   0.0  -2.7 1.000  00  -1O000M000
_ZN01A0112_001  0.000   0.0  -0.5   0.0   0.0  -0.5 1.000  00  01O000M000
_ZN+2A0112_002  2.000   0.0  -0.5   0.0   0.0  -0.5 1.000  00  +2O000M000
