Sampling at pH = 7.0 and Eh = 0
Cluster: ASPA0044_  
n = 3, <= 1000000 Analytical solution
Cluster: NTRA0003_  
n = 2, <= 1000000 Analytical solution
Cluster: THRA0006_  
n = 2, <= 1000000 Analytical solution
Cluster: LYSA0098_  
n = 2, <= 1000000 Analytical solution
Cluster: THRA0026_, GLUA0029_  
n = 12, <= 1000000 Analytical solution
Cluster: ARGA0059_, GLUA0060_, LYSA0062_  
n = 48, <= 1000000 Analytical solution
Cluster: LYSA0066_, ASPA0093_, ARGA0069_, SERA0091_  
n = 216, <= 1000000 Analytical solution
Cluster: ASPA0022_, LYSA0049_  
n = 6, <= 1000000 Analytical solution
Cluster: TYRA0024_, GLUA0073_, ASPA0075_, TYRA0078_, ARGA0083_, ARGA0087_, TYRA0090_, LYSA0027_, ASPA0054_, TYRA0103_, HISA0102_, ASPA0086_, ARGA0072_, SERA0085_  
n = 183708000, > 1000000 Monte Carlo sampling
Doing entropy correction.
Occ run:
   Step      0 [40,116,125,131,143,152,159,45,80,192,189,149,110,147], E_minimum = 7.79, E_running = 7.79, H_running = 7.79
   Step  50000 [39,119,127,131,144,155,158,46,80,191,187,150,113,147], E_minimum = -55.11, E_running = -54.43, H_running = -54.43
   Step 100000 [39,119,127,131,144,155,158,46,80,190,188,150,113,147], E_minimum = -55.11, E_running = -53.50, H_running = -53.50
   Exit cluster state: [39,119,127,130,144,155,158,46,80,193,189,150,113,147]
   Exit 150000, E_minimum =     -55.11, E_running = -53.61, H_running = -53.61
   The average running enthalpy is  -54.377
Cluster: THRA0099_, ASPA0101_, THRA0105_  
n = 45, <= 1000000 Analytical solution
Cluster: TYRA0017_, LYSA0019_, _ZNA0112_, HISA0018_  
n = 24, <= 1000000 Analytical solution
Cluster: SERA0092_  
n = 2, <= 1000000 Analytical solution
Cluster: LYSA0039_  
n = 2, <= 1000000 Analytical solution
Cluster: ASPA0008_, ARGA0110_, CTRA0110_, TYRA0097_, LYSA0108_  
n = 840, <= 1000000 Analytical solution
Entropy from cycle 0: Occ Entropy
NTR01A0003_001 0.065 0.00
NTR+1A0003_002 0.935 0.00
VAL01A0003_001 1.000 0.00
ILE01A0004_001 1.000 0.00
ASN01A0005_001 1.000 0.00
THR01A0006_001 0.005 0.00
THR01A0006_002 0.995 0.00
PHE01A0007_001 1.000 0.00
ASP01A0008_001 0.000 0.00
ASP01A0008_002 0.000 0.00
ASP01A0008_003 0.000 0.00
ASP02A0008_004 0.000 0.00
ASP-1A0008_005 1.000 0.00
VAL01A0010_001 1.000 0.00
ALA01A0011_001 1.000 0.00
ASP01A0012_001 1.000 0.00
ASP01A0012_002 0.000 0.00
ASP02A0012_003 0.000 0.00
ASP-1A0012_004 0.000 0.00
TYR01A0013_001 1.000 0.00
TYR01A0013_002 0.000 0.00
TYR-1A0013_003 0.000 0.00
LEU01A0014_001 1.000 0.00
GLN01A0015_001 1.000 0.00
THR01A0016_001 1.000 0.00
TYR01A0017_001 0.998 0.00
TYR-1A0017_002 0.002 0.00
HIS01A0018_001 1.000 0.00
HIS02A0018_002 0.000 0.00
HIS+1A0018_003 0.000 0.00
LYS01A0019_001 0.001 0.00
LYS+1A0019_002 0.999 0.00
LEU01A0020_001 1.000 0.00
PRO01A0021_001 1.000 0.00
ASP01A0022_001 0.000 0.00
ASP02A0022_002 0.000 0.00
ASP-1A0022_003 1.000 0.00
ASN01A0023_001 1.000 0.00
TYR01A0024_001 0.094 0.00
TYR01A0024_002 0.906 0.00
TYR-1A0024_003 0.000 0.00
ILE01A0025_001 1.000 0.00
THR01A0026_001 0.007 0.00
THR01A0026_002 0.662 0.00
THR01A0026_003 0.331 0.00
LYS01A0027_001 0.000 0.00
LYS+1A0027_002 1.000 0.00
SER01A0028_001 1.000 0.00
GLU01A0029_001 0.004 0.00
GLU01A0029_002 0.000 0.00
GLU02A0029_003 0.003 0.00
GLU-1A0029_004 0.993 0.00
ALA01A0030_001 1.000 0.00
GLN01A0031_001 1.000 0.00
ALA01A0032_001 1.000 0.00
LEU01A0033_001 1.000 0.00
TRP01A0035_001 1.000 0.00
VAL01A0036_001 1.000 0.00
ALA01A0037_001 1.000 0.00
SER01A0038_001 1.000 0.00
LYS01A0039_001 0.000 0.00
LYS+1A0039_002 1.000 0.00
ASN01A0041_001 1.000 0.00
LEU01A0042_001 1.000 0.00
ALA01A0043_001 1.000 0.00
ASP01A0044_001 0.001 0.00
ASP02A0044_002 0.001 0.00
ASP-1A0044_003 0.999 0.00
VAL01A0045_001 1.000 0.00
ALA01A0046_001 1.000 0.00
PRO01A0047_001 1.000 0.00
LYS01A0049_001 0.000 0.00
LYS+1A0049_002 1.000 0.00
SER01A0050_001 1.000 0.00
ILE01A0051_001 1.000 0.00
ASP01A0054_001 0.000 0.00
ASP02A0054_002 0.000 0.00
ASP02A0054_003 0.000 0.00
ASP02A0054_004 0.000 0.00
ASP02A0054_005 0.000 0.00
ASP-1A0054_006 1.000 0.00
ILE01A0055_001 1.000 0.00
PHE01A0056_001 1.000 0.00
SER01A0057_001 1.000 0.00
ASN01A0058_001 1.000 0.00
ARG01A0059_001 0.000 0.00
ARG02A0059_002 0.000 0.00
ARG03A0059_003 0.000 0.00
ARG+1A0059_004 1.000 0.00
GLU01A0060_001 0.000 0.00
GLU01A0060_002 0.000 0.00
GLU02A0060_003 0.000 0.00
GLU-1A0060_004 1.000 0.00
LYS01A0062_001 0.000 0.00
LYS01A0062_002 0.000 0.00
LYS+1A0062_003 1.000 0.00
LEU01A0063_001 1.000 0.00
PRO01A0064_001 1.000 0.00
LYS01A0066_001 0.000 0.00
LYS+1A0066_002 1.000 0.00
SER01A0067_001 1.000 0.00
ARG01A0069_001 0.000 0.00
ARG02A0069_002 0.000 0.00
ARG02A0069_003 0.000 0.00
ARG03A0069_004 0.000 0.00
ARG03A0069_005 0.000 0.00
ARG+1A0069_006 1.000 0.00
THR01A0070_001 1.000 0.00
TRP01A0071_001 1.000 0.00
ARG01A0072_001 0.000 0.00
ARG02A0072_002 0.000 0.00
ARG02A0072_003 0.000 0.00
ARG03A0072_004 0.000 0.00
ARG+1A0072_005 1.000 0.00
GLU01A0073_001 0.000 0.00
GLU01A0073_002 0.000 0.00
GLU01A0073_003 0.000 0.00
GLU02A0073_004 0.001 0.00
GLU02A0073_005 0.000 0.00
GLU-1A0073_006 0.999 0.00
ALA01A0074_001 1.000 0.00
ASP01A0075_001 0.000 0.00
ASP01A0075_002 0.000 0.00
ASP01A0075_003 0.000 0.00
ASP02A0075_004 0.000 0.00
ASP02A0075_005 0.000 0.00
ASP02A0075_006 0.000 0.00
ASP-1A0075_007 0.999 0.00
ILE01A0076_001 1.000 0.00
ASN01A0077_001 1.000 0.00
TYR01A0078_001 0.191 0.00
TYR01A0078_002 0.809 0.00
TYR-1A0078_003 0.000 0.00
THR01A0079_001 1.000 0.00
SER01A0080_001 1.000 0.00
PHE01A0082_001 1.000 0.00
ARG01A0083_001 0.000 0.00
ARG01A0083_002 0.000 0.00
ARG02A0083_003 0.000 0.00
ARG02A0083_004 0.000 0.00
ARG03A0083_005 0.000 0.00
ARG03A0083_006 0.000 0.00
ARG03A0083_007 0.000 0.00
ARG03A0083_008 0.000 0.00
ARG+1A0083_009 1.000 0.00
ASN01A0084_001 1.000 0.00
SER01A0085_001 0.508 0.00
SER01A0085_002 0.492 0.00
ASP01A0086_001 0.001 0.00
ASP02A0086_002 0.001 0.00
ASP-1A0086_003 0.998 0.00
ARG01A0087_001 0.000 0.00
ARG01A0087_002 0.000 0.00
ARG02A0087_003 0.000 0.00
ARG03A0087_004 0.000 0.00
ARG+1A0087_005 1.000 0.00
ILE01A0088_001 1.000 0.00
LEU01A0089_001 1.000 0.00
TYR01A0090_001 1.000 0.00
TYR-1A0090_002 0.000 0.00
SER01A0091_001 0.112 0.00
SER01A0091_002 0.099 0.00
SER01A0091_003 0.790 0.00
SER01A0092_001 0.972 0.00
SER01A0092_002 0.028 0.00
ASP01A0093_001 0.000 0.00
ASP01A0093_002 0.000 0.00
ASP02A0093_003 0.000 0.00
ASP02A0093_004 0.000 0.00
ASP02A0093_005 0.000 0.00
ASP-1A0093_006 1.000 0.00
TRP01A0094_001 1.000 0.00
LEU01A0095_001 1.000 0.00
ILE01A0096_001 1.000 0.00
TYR01A0097_001 1.000 0.00
TYR-1A0097_002 0.000 0.00
LYS01A0098_001 0.002 0.00
LYS+1A0098_002 0.998 0.00
THR01A0099_001 0.976 0.00
THR01A0099_002 0.017 0.00
THR01A0099_003 0.007 0.00
THR01A0100_001 1.000 0.00
ASP01A0101_001 0.000 0.00
ASP01A0101_002 0.000 0.00
ASP01A0101_003 0.000 0.00
ASP02A0101_004 0.000 0.00
ASP-1A0101_005 1.000 0.00
HIS01A0102_001 0.488 0.00
HIS02A0102_002 0.368 0.00
HIS+1A0102_003 0.144 0.00
TYR01A0103_001 0.056 0.00
TYR01A0103_002 0.213 0.00
TYR01A0103_003 0.006 0.00
TYR01A0103_004 0.726 0.00
TYR-1A0103_005 0.000 0.00
GLN01A0104_001 1.000 0.00
THR01A0105_001 0.086 0.00
THR01A0105_002 0.703 0.00
THR01A0105_003 0.212 0.00
PHE01A0106_001 1.000 0.00
THR01A0107_001 1.000 0.00
LYS01A0108_001 0.000 0.00
LYS+1A0108_002 1.000 0.00
ILE01A0109_001 1.000 0.00
ARG01A0110_001 0.000 0.00
ARG01A0110_002 0.000 0.00
ARG02A0110_003 0.000 0.00
ARG02A0110_004 0.000 0.00
ARG03A0110_005 0.000 0.00
ARG03A0110_006 0.000 0.00
ARG+1A0110_007 1.000 0.00
CTR01A0110_001 0.000 0.00
CTR01A0110_002 0.000 0.00
CTR02A0110_003 0.000 0.00
CTR02A0110_004 0.000 0.00
CTR02A0110_005 0.000 0.00
CTR-1A0110_006 1.000 0.00
_ZN01A0112_001 0.000 0.00
_ZN+2A0112_002 1.000 0.00

Occupancy convergence in cycle 0: Confname previousOcc CurrentOcc Delta
NTR01A0003_001 0.000 0.065 0.065
NTR+1A0003_002 0.000 0.935 0.935
VAL01A0003_001 1.000 1.000 0.000
ILE01A0004_001 1.000 1.000 0.000
ASN01A0005_001 1.000 1.000 0.000
THR01A0006_001 0.000 0.005 0.005
THR01A0006_002 0.000 0.995 0.995
PHE01A0007_001 1.000 1.000 0.000
ASP01A0008_001 0.000 0.000 0.000
ASP01A0008_002 0.000 0.000 0.000
ASP01A0008_003 0.000 0.000 0.000
ASP02A0008_004 0.000 0.000 0.000
ASP-1A0008_005 0.000 1.000 1.000
VAL01A0010_001 1.000 1.000 0.000
ALA01A0011_001 1.000 1.000 0.000
ASP01A0012_001 1.000 1.000 0.000
ASP01A0012_002 0.000 0.000 0.000
ASP02A0012_003 0.000 0.000 0.000
ASP-1A0012_004 0.000 0.000 0.000
TYR01A0013_001 1.000 1.000 0.000
TYR01A0013_002 0.000 0.000 0.000
TYR-1A0013_003 0.000 0.000 0.000
LEU01A0014_001 1.000 1.000 0.000
GLN01A0015_001 1.000 1.000 0.000
THR01A0016_001 1.000 1.000 0.000
TYR01A0017_001 0.000 0.998 0.998
TYR-1A0017_002 0.000 0.002 0.002
HIS01A0018_001 0.000 1.000 1.000
HIS02A0018_002 0.000 0.000 0.000
HIS+1A0018_003 0.000 0.000 0.000
LYS01A0019_001 0.000 0.001 0.001
LYS+1A0019_002 0.000 0.999 0.999
LEU01A0020_001 1.000 1.000 0.000
PRO01A0021_001 1.000 1.000 0.000
ASP01A0022_001 0.000 0.000 0.000
ASP02A0022_002 0.000 0.000 0.000
ASP-1A0022_003 0.000 1.000 1.000
ASN01A0023_001 1.000 1.000 0.000
TYR01A0024_001 0.000 0.094 0.094
TYR01A0024_002 0.000 0.906 0.906
TYR-1A0024_003 0.000 0.000 0.000
ILE01A0025_001 1.000 1.000 0.000
THR01A0026_001 0.000 0.007 0.007
THR01A0026_002 0.000 0.662 0.662
THR01A0026_003 0.000 0.331 0.331
LYS01A0027_001 0.000 0.000 0.000
LYS+1A0027_002 0.000 1.000 1.000
SER01A0028_001 1.000 1.000 0.000
GLU01A0029_001 0.000 0.004 0.004
GLU01A0029_002 0.000 0.000 0.000
GLU02A0029_003 0.000 0.003 0.003
GLU-1A0029_004 0.000 0.993 0.993
ALA01A0030_001 1.000 1.000 0.000
GLN01A0031_001 1.000 1.000 0.000
ALA01A0032_001 1.000 1.000 0.000
LEU01A0033_001 1.000 1.000 0.000
TRP01A0035_001 1.000 1.000 0.000
VAL01A0036_001 1.000 1.000 0.000
ALA01A0037_001 1.000 1.000 0.000
SER01A0038_001 1.000 1.000 0.000
LYS01A0039_001 0.000 0.000 0.000
LYS+1A0039_002 0.000 1.000 1.000
ASN01A0041_001 1.000 1.000 0.000
LEU01A0042_001 1.000 1.000 0.000
ALA01A0043_001 1.000 1.000 0.000
ASP01A0044_001 0.000 0.001 0.001
ASP02A0044_002 0.000 0.001 0.001
ASP-1A0044_003 0.000 0.999 0.999
VAL01A0045_001 1.000 1.000 0.000
ALA01A0046_001 1.000 1.000 0.000
PRO01A0047_001 1.000 1.000 0.000
LYS01A0049_001 0.000 0.000 0.000
LYS+1A0049_002 0.000 1.000 1.000
SER01A0050_001 1.000 1.000 0.000
ILE01A0051_001 1.000 1.000 0.000
ASP01A0054_001 0.000 0.000 0.000
ASP02A0054_002 0.000 0.000 0.000
ASP02A0054_003 0.000 0.000 0.000
ASP02A0054_004 0.000 0.000 0.000
ASP02A0054_005 0.000 0.000 0.000
ASP-1A0054_006 0.000 1.000 1.000
ILE01A0055_001 1.000 1.000 0.000
PHE01A0056_001 1.000 1.000 0.000
SER01A0057_001 1.000 1.000 0.000
ASN01A0058_001 1.000 1.000 0.000
ARG01A0059_001 0.000 0.000 0.000
ARG02A0059_002 0.000 0.000 0.000
ARG03A0059_003 0.000 0.000 0.000
ARG+1A0059_004 0.000 1.000 1.000
GLU01A0060_001 0.000 0.000 0.000
GLU01A0060_002 0.000 0.000 0.000
GLU02A0060_003 0.000 0.000 0.000
GLU-1A0060_004 0.000 1.000 1.000
LYS01A0062_001 0.000 0.000 0.000
LYS01A0062_002 0.000 0.000 0.000
LYS+1A0062_003 0.000 1.000 1.000
LEU01A0063_001 1.000 1.000 0.000
PRO01A0064_001 1.000 1.000 0.000
LYS01A0066_001 0.000 0.000 0.000
LYS+1A0066_002 0.000 1.000 1.000
SER01A0067_001 1.000 1.000 0.000
ARG01A0069_001 0.000 0.000 0.000
ARG02A0069_002 0.000 0.000 0.000
ARG02A0069_003 0.000 0.000 0.000
ARG03A0069_004 0.000 0.000 0.000
ARG03A0069_005 0.000 0.000 0.000
ARG+1A0069_006 0.000 1.000 1.000
THR01A0070_001 1.000 1.000 0.000
TRP01A0071_001 1.000 1.000 0.000
ARG01A0072_001 0.000 0.000 0.000
ARG02A0072_002 0.000 0.000 0.000
ARG02A0072_003 0.000 0.000 0.000
ARG03A0072_004 0.000 0.000 0.000
ARG+1A0072_005 0.000 1.000 1.000
GLU01A0073_001 0.000 0.000 0.000
GLU01A0073_002 0.000 0.000 0.000
GLU01A0073_003 0.000 0.000 0.000
GLU02A0073_004 0.000 0.001 0.001
GLU02A0073_005 0.000 0.000 0.000
GLU-1A0073_006 0.000 0.999 0.999
ALA01A0074_001 1.000 1.000 0.000
ASP01A0075_001 0.000 0.000 0.000
ASP01A0075_002 0.000 0.000 0.000
ASP01A0075_003 0.000 0.000 0.000
ASP02A0075_004 0.000 0.000 0.000
ASP02A0075_005 0.000 0.000 0.000
ASP02A0075_006 0.000 0.000 0.000
ASP-1A0075_007 0.000 0.999 0.999
ILE01A0076_001 1.000 1.000 0.000
ASN01A0077_001 1.000 1.000 0.000
TYR01A0078_001 0.000 0.191 0.191
TYR01A0078_002 0.000 0.809 0.809
TYR-1A0078_003 0.000 0.000 0.000
THR01A0079_001 1.000 1.000 0.000
SER01A0080_001 1.000 1.000 0.000
PHE01A0082_001 1.000 1.000 0.000
ARG01A0083_001 0.000 0.000 0.000
ARG01A0083_002 0.000 0.000 0.000
ARG02A0083_003 0.000 0.000 0.000
ARG02A0083_004 0.000 0.000 0.000
ARG03A0083_005 0.000 0.000 0.000
ARG03A0083_006 0.000 0.000 0.000
ARG03A0083_007 0.000 0.000 0.000
ARG03A0083_008 0.000 0.000 0.000
ARG+1A0083_009 0.000 1.000 1.000
ASN01A0084_001 1.000 1.000 0.000
SER01A0085_001 0.000 0.508 0.508
SER01A0085_002 0.000 0.492 0.492
ASP01A0086_001 0.000 0.001 0.001
ASP02A0086_002 0.000 0.001 0.001
ASP-1A0086_003 0.000 0.998 0.998
ARG01A0087_001 0.000 0.000 0.000
ARG01A0087_002 0.000 0.000 0.000
ARG02A0087_003 0.000 0.000 0.000
ARG03A0087_004 0.000 0.000 0.000
ARG+1A0087_005 0.000 1.000 1.000
ILE01A0088_001 1.000 1.000 0.000
LEU01A0089_001 1.000 1.000 0.000
TYR01A0090_001 0.000 1.000 1.000
TYR-1A0090_002 0.000 0.000 0.000
SER01A0091_001 0.000 0.112 0.112
SER01A0091_002 0.000 0.099 0.099
SER01A0091_003 0.000 0.790 0.790
SER01A0092_001 0.000 0.972 0.972
SER01A0092_002 0.000 0.028 0.028
ASP01A0093_001 0.000 0.000 0.000
ASP01A0093_002 0.000 0.000 0.000
ASP02A0093_003 0.000 0.000 0.000
ASP02A0093_004 0.000 0.000 0.000
ASP02A0093_005 0.000 0.000 0.000
ASP-1A0093_006 0.000 1.000 1.000
TRP01A0094_001 1.000 1.000 0.000
LEU01A0095_001 1.000 1.000 0.000
ILE01A0096_001 1.000 1.000 0.000
TYR01A0097_001 0.000 1.000 1.000
TYR-1A0097_002 0.000 0.000 0.000
LYS01A0098_001 0.000 0.002 0.002
LYS+1A0098_002 0.000 0.998 0.998
THR01A0099_001 0.000 0.976 0.976
THR01A0099_002 0.000 0.017 0.017
THR01A0099_003 0.000 0.007 0.007
THR01A0100_001 1.000 1.000 0.000
ASP01A0101_001 0.000 0.000 0.000
ASP01A0101_002 0.000 0.000 0.000
ASP01A0101_003 0.000 0.000 0.000
ASP02A0101_004 0.000 0.000 0.000
ASP-1A0101_005 0.000 1.000 1.000
HIS01A0102_001 0.000 0.488 0.488
HIS02A0102_002 0.000 0.368 0.368
HIS+1A0102_003 0.000 0.144 0.144
TYR01A0103_001 0.000 0.056 0.056
TYR01A0103_002 0.000 0.213 0.213
TYR01A0103_003 0.000 0.006 0.006
TYR01A0103_004 0.000 0.726 0.726
TYR-1A0103_005 0.000 0.000 0.000
GLN01A0104_001 1.000 1.000 0.000
THR01A0105_001 0.000 0.086 0.086
THR01A0105_002 0.000 0.703 0.703
THR01A0105_003 0.000 0.212 0.212
PHE01A0106_001 1.000 1.000 0.000
THR01A0107_001 1.000 1.000 0.000
LYS01A0108_001 0.000 0.000 0.000
LYS+1A0108_002 0.000 1.000 1.000
ILE01A0109_001 1.000 1.000 0.000
ARG01A0110_001 0.000 0.000 0.000
ARG01A0110_002 0.000 0.000 0.000
ARG02A0110_003 0.000 0.000 0.000
ARG02A0110_004 0.000 0.000 0.000
ARG03A0110_005 0.000 0.000 0.000
ARG03A0110_006 0.000 0.000 0.000
ARG+1A0110_007 0.000 1.000 1.000
CTR01A0110_001 0.000 0.000 0.000
CTR01A0110_002 0.000 0.000 0.000
CTR02A0110_003 0.000 0.000 0.000
CTR02A0110_004 0.000 0.000 0.000
CTR02A0110_005 0.000 0.000 0.000
CTR-1A0110_006 0.000 1.000 1.000
_ZN01A0112_001 0.000 0.000 0.000
_ZN+2A0112_002 0.000 1.000 1.000

Occupancy convergence (max diff) in cycle 0: HIS01A0018_001 1.000


Cluster energy: Ambient+inCluster=Global
 -31.301+  -1.701= -33.002
 -33.018+  -1.229= -34.247
-215.173+ -24.128=-239.301
-153.055+ -56.029=-209.084
 -78.682+ -10.961= -89.643
 -89.643+ -54.377=-144.020
 -38.776+  -5.372= -44.148
-209.642+  -5.531=-215.173
 -26.700+  -4.601= -31.301
 -44.146+ -14.196= -58.342
 -58.342+ -20.339= -78.682
-209.084+   0.042=-209.042
 -34.238+  -4.537= -38.775
-144.016+  -9.039=-153.055


Cluster energy mean and standard deviation in cycle 0: -112.701   76.369
Cluster: TYRA0024_, GLUA0073_, ASPA0075_, TYRA0078_, ARGA0083_, ARGA0087_, TYRA0090_, LYSA0027_, ASPA0054_, TYRA0103_, HISA0102_, ASPA0086_, ARGA0072_, SERA0085_  
n = 183708000, > 1000000 Monte Carlo sampling
Doing entropy correction.
Occ run:
   Step      0 [39,115,125,131,139,154,158,46,80,192,189,150,112,147], E_minimum = -19.32, E_running = -19.32, H_running = -21.87
   Step  50000 [39,119,127,131,144,155,158,46,80,193,188,150,113,147], E_minimum = -53.37, E_running = -53.03, H_running = -54.77
   Step 100000 [39,119,127,130,144,155,158,46,80,193,188,150,113,146], E_minimum = -53.37, E_running = -52.35, H_running = -54.09
   Exit cluster state: [39,119,127,131,144,155,158,46,80,193,189,150,113,147]
   Exit 150000, E_minimum =     -53.37, E_running = -53.29, H_running = -54.62
   The average running enthalpy is  -54.223
Cluster: SERA0092_  
n = 2, <= 1000000 Analytical solution
Cluster: ASPA0008_, ARGA0110_, CTRA0110_, TYRA0097_, LYSA0108_  
n = 840, <= 1000000 Analytical solution
Cluster: LYSA0098_  
n = 2, <= 1000000 Analytical solution
Cluster: THRA0099_, ASPA0101_, THRA0105_  
n = 45, <= 1000000 Analytical solution
Cluster: ARGA0059_, GLUA0060_, LYSA0062_  
n = 48, <= 1000000 Analytical solution
Cluster: LYSA0039_  
n = 2, <= 1000000 Analytical solution
Cluster: TYRA0017_, LYSA0019_, _ZNA0112_, HISA0018_  
n = 24, <= 1000000 Analytical solution
Cluster: THRA0026_, GLUA0029_  
n = 12, <= 1000000 Analytical solution
Cluster: NTRA0003_  
n = 2, <= 1000000 Analytical solution
Cluster: THRA0006_  
n = 2, <= 1000000 Analytical solution
Cluster: LYSA0066_, ASPA0093_, ARGA0069_, SERA0091_  
n = 216, <= 1000000 Analytical solution
Cluster: ASPA0022_, LYSA0049_  
n = 6, <= 1000000 Analytical solution
Cluster: ASPA0044_  
n = 3, <= 1000000 Analytical solution
Entropy from cycle 1: Occ Entropy
NTR01A0003_001 0.045 0.00
NTR+1A0003_002 0.955 0.00
VAL01A0003_001 1.000 0.00
ILE01A0004_001 1.000 0.00
ASN01A0005_001 1.000 0.00
THR01A0006_001 0.005 0.02
THR01A0006_002 0.995 0.02
PHE01A0007_001 1.000 0.00
ASP01A0008_001 0.000 0.63
ASP01A0008_002 0.000 0.63
ASP01A0008_003 0.000 0.63
ASP02A0008_004 0.000 0.63
ASP-1A0008_005 1.000 0.00
VAL01A0010_001 1.000 0.00
ALA01A0011_001 1.000 0.00
ASP01A0012_001 1.000 0.00
ASP01A0012_002 0.000 0.00
ASP02A0012_003 0.000 0.00
ASP-1A0012_004 0.000 0.00
TYR01A0013_001 1.000 0.00
TYR01A0013_002 0.000 0.00
TYR-1A0013_003 0.000 0.00
LEU01A0014_001 1.000 0.00
GLN01A0015_001 1.000 0.00
THR01A0016_001 1.000 0.00
TYR01A0017_001 0.998 0.00
TYR-1A0017_002 0.002 0.00
HIS01A0018_001 1.000 0.00
HIS02A0018_002 0.000 0.00
HIS+1A0018_003 0.000 0.00
LYS01A0019_001 0.001 0.00
LYS+1A0019_002 0.999 0.00
LEU01A0020_001 1.000 0.00
PRO01A0021_001 1.000 0.00
ASP01A0022_001 0.000 0.40
ASP02A0022_002 0.000 0.40
ASP-1A0022_003 1.000 0.00
ASN01A0023_001 1.000 0.00
TYR01A0024_001 0.101 0.18
TYR01A0024_002 0.899 0.18
TYR-1A0024_003 0.000 0.00
ILE01A0025_001 1.000 0.00
THR01A0026_001 0.010 0.40
THR01A0026_002 0.671 0.40
THR01A0026_003 0.319 0.40
LYS01A0027_001 0.000 0.00
LYS+1A0027_002 1.000 0.00
SER01A0028_001 1.000 0.00
GLU01A0029_001 0.001 0.44
GLU01A0029_002 0.000 0.44
GLU02A0029_003 0.001 0.44
GLU-1A0029_004 0.998 0.00
ALA01A0030_001 1.000 0.00
GLN01A0031_001 1.000 0.00
ALA01A0032_001 1.000 0.00
LEU01A0033_001 1.000 0.00
TRP01A0035_001 1.000 0.00
VAL01A0036_001 1.000 0.00
ALA01A0037_001 1.000 0.00
SER01A0038_001 1.000 0.00
LYS01A0039_001 0.000 0.00
LYS+1A0039_002 1.000 0.00
ASN01A0041_001 1.000 0.00
LEU01A0042_001 1.000 0.00
ALA01A0043_001 1.000 0.00
ASP01A0044_001 0.000 0.41
ASP02A0044_002 0.000 0.41
ASP-1A0044_003 1.000 0.00
VAL01A0045_001 1.000 0.00
ALA01A0046_001 1.000 0.00
PRO01A0047_001 1.000 0.00
LYS01A0049_001 0.000 0.00
LYS+1A0049_002 1.000 0.00
SER01A0050_001 1.000 0.00
ILE01A0051_001 1.000 0.00
ASP01A0054_001 0.000 0.00
ASP02A0054_002 0.000 0.00
ASP02A0054_003 0.000 0.00
ASP02A0054_004 0.000 0.00
ASP02A0054_005 0.000 0.00
ASP-1A0054_006 1.000 0.00
ILE01A0055_001 1.000 0.00
PHE01A0056_001 1.000 0.00
SER01A0057_001 1.000 0.00
ASN01A0058_001 1.000 0.00
ARG01A0059_001 0.000 0.00
ARG02A0059_002 0.000 0.00
ARG03A0059_003 0.000 0.00
ARG+1A0059_004 1.000 0.00
GLU01A0060_001 0.000 0.39
GLU01A0060_002 0.000 0.39
GLU02A0060_003 0.000 0.39
GLU-1A0060_004 1.000 0.00
LYS01A0062_001 0.000 0.00
LYS01A0062_002 0.000 0.00
LYS+1A0062_003 1.000 0.00
LEU01A0063_001 1.000 0.00
PRO01A0064_001 1.000 0.00
LYS01A0066_001 0.001 0.00
LYS+1A0066_002 0.999 0.00
SER01A0067_001 1.000 0.00
ARG01A0069_001 0.000 0.00
ARG02A0069_002 0.000 0.00
ARG02A0069_003 0.000 0.00
ARG03A0069_004 0.000 0.00
ARG03A0069_005 0.000 0.00
ARG+1A0069_006 1.000 0.00
THR01A0070_001 1.000 0.00
TRP01A0071_001 1.000 0.00
ARG01A0072_001 0.000 0.21
ARG02A0072_002 0.000 0.21
ARG02A0072_003 0.000 0.21
ARG03A0072_004 0.000 0.21
ARG+1A0072_005 1.000 0.00
GLU01A0073_001 0.000 0.66
GLU01A0073_002 0.000 0.66
GLU01A0073_003 0.000 0.66
GLU02A0073_004 0.000 0.66
GLU02A0073_005 0.000 0.66
GLU-1A0073_006 1.000 0.00
ALA01A0074_001 1.000 0.00
ASP01A0075_001 0.000 0.36
ASP01A0075_002 0.000 0.36
ASP01A0075_003 0.000 0.36
ASP02A0075_004 0.000 0.36
ASP02A0075_005 0.000 0.36
ASP02A0075_006 0.000 0.36
ASP-1A0075_007 1.000 0.00
ILE01A0076_001 1.000 0.00
ASN01A0077_001 1.000 0.00
TYR01A0078_001 0.198 0.29
TYR01A0078_002 0.802 0.29
TYR-1A0078_003 0.000 0.00
THR01A0079_001 1.000 0.00
SER01A0080_001 1.000 0.00
PHE01A0082_001 1.000 0.00
ARG01A0083_001 0.000 0.00
ARG01A0083_002 0.000 0.00
ARG02A0083_003 0.000 0.00
ARG02A0083_004 0.000 0.00
ARG03A0083_005 0.000 0.00
ARG03A0083_006 0.000 0.00
ARG03A0083_007 0.000 0.00
ARG03A0083_008 0.000 0.00
ARG+1A0083_009 0.999 0.00
ASN01A0084_001 1.000 0.00
SER01A0085_001 0.543 0.41
SER01A0085_002 0.457 0.41
ASP01A0086_001 0.001 0.41
ASP02A0086_002 0.001 0.41
ASP-1A0086_003 0.999 0.00
ARG01A0087_001 0.000 0.00
ARG01A0087_002 0.000 0.00
ARG02A0087_003 0.000 0.00
ARG03A0087_004 0.000 0.00
ARG+1A0087_005 1.000 0.00
ILE01A0088_001 1.000 0.00
LEU01A0089_001 1.000 0.00
TYR01A0090_001 1.000 0.00
TYR-1A0090_002 0.000 0.00
SER01A0091_001 0.104 0.39
SER01A0091_002 0.111 0.39
SER01A0091_003 0.786 0.39
SER01A0092_001 0.971 0.08
SER01A0092_002 0.029 0.08
ASP01A0093_001 0.000 0.00
ASP01A0093_002 0.000 0.00
ASP02A0093_003 0.000 0.00
ASP02A0093_004 0.000 0.00
ASP02A0093_005 0.000 0.00
ASP-1A0093_006 1.000 0.00
TRP01A0094_001 1.000 0.00
LEU01A0095_001 1.000 0.00
ILE01A0096_001 1.000 0.00
TYR01A0097_001 1.000 0.00
TYR-1A0097_002 0.000 0.00
LYS01A0098_001 0.000 0.00
LYS+1A0098_002 1.000 0.00
THR01A0099_001 0.977 0.08
THR01A0099_002 0.016 0.08
THR01A0099_003 0.006 0.08
THR01A0100_001 1.000 0.00
ASP01A0101_001 0.000 0.00
ASP01A0101_002 0.000 0.00
ASP01A0101_003 0.000 0.00
ASP02A0101_004 0.000 0.00
ASP-1A0101_005 1.000 0.00
HIS01A0102_001 0.326 0.40
HIS02A0102_002 0.288 0.40
HIS+1A0102_003 0.386 0.00
TYR01A0103_001 0.059 0.45
TYR01A0103_002 0.257 0.45
TYR01A0103_003 0.009 0.45
TYR01A0103_004 0.675 0.45
TYR-1A0103_005 0.000 0.00
GLN01A0104_001 1.000 0.00
THR01A0105_001 0.086 0.47
THR01A0105_002 0.702 0.47
THR01A0105_003 0.212 0.47
PHE01A0106_001 1.000 0.00
THR01A0107_001 1.000 0.00
LYS01A0108_001 0.000 0.00
LYS+1A0108_002 1.000 0.00
ILE01A0109_001 1.000 0.00
ARG01A0110_001 0.000 0.00
ARG01A0110_002 0.000 0.00
ARG02A0110_003 0.000 0.00
ARG02A0110_004 0.000 0.00
ARG03A0110_005 0.000 0.00
ARG03A0110_006 0.000 0.00
ARG+1A0110_007 1.000 0.00
CTR01A0110_001 0.000 0.00
CTR01A0110_002 0.000 0.00
CTR02A0110_003 0.000 0.00
CTR02A0110_004 0.000 0.00
CTR02A0110_005 0.000 0.00
CTR-1A0110_006 1.000 0.00
_ZN01A0112_001 0.000 0.00
_ZN+2A0112_002 1.000 0.00

Occupancy convergence in cycle 1: Confname previousOcc CurrentOcc Delta
NTR01A0003_001 0.065 0.045 0.020
NTR+1A0003_002 0.935 0.955 0.020
VAL01A0003_001 1.000 1.000 0.000
ILE01A0004_001 1.000 1.000 0.000
ASN01A0005_001 1.000 1.000 0.000
THR01A0006_001 0.005 0.005 0.000
THR01A0006_002 0.995 0.995 0.000
PHE01A0007_001 1.000 1.000 0.000
ASP01A0008_001 0.000 0.000 0.000
ASP01A0008_002 0.000 0.000 0.000
ASP01A0008_003 0.000 0.000 0.000
ASP02A0008_004 0.000 0.000 0.000
ASP-1A0008_005 1.000 1.000 0.000
VAL01A0010_001 1.000 1.000 0.000
ALA01A0011_001 1.000 1.000 0.000
ASP01A0012_001 1.000 1.000 0.000
ASP01A0012_002 0.000 0.000 0.000
ASP02A0012_003 0.000 0.000 0.000
ASP-1A0012_004 0.000 0.000 0.000
TYR01A0013_001 1.000 1.000 0.000
TYR01A0013_002 0.000 0.000 0.000
TYR-1A0013_003 0.000 0.000 0.000
LEU01A0014_001 1.000 1.000 0.000
GLN01A0015_001 1.000 1.000 0.000
THR01A0016_001 1.000 1.000 0.000
TYR01A0017_001 0.998 0.998 0.000
TYR-1A0017_002 0.002 0.002 0.000
HIS01A0018_001 1.000 1.000 0.000
HIS02A0018_002 0.000 0.000 0.000
HIS+1A0018_003 0.000 0.000 0.000
LYS01A0019_001 0.001 0.001 0.000
LYS+1A0019_002 0.999 0.999 0.000
LEU01A0020_001 1.000 1.000 0.000
PRO01A0021_001 1.000 1.000 0.000
ASP01A0022_001 0.000 0.000 0.000
ASP02A0022_002 0.000 0.000 0.000
ASP-1A0022_003 1.000 1.000 0.000
ASN01A0023_001 1.000 1.000 0.000
TYR01A0024_001 0.094 0.101 0.007
TYR01A0024_002 0.906 0.899 0.007
TYR-1A0024_003 0.000 0.000 0.000
ILE01A0025_001 1.000 1.000 0.000
THR01A0026_001 0.007 0.010 0.003
THR01A0026_002 0.662 0.671 0.009
THR01A0026_003 0.331 0.319 0.012
LYS01A0027_001 0.000 0.000 0.000
LYS+1A0027_002 1.000 1.000 0.000
SER01A0028_001 1.000 1.000 0.000
GLU01A0029_001 0.004 0.001 0.003
GLU01A0029_002 0.000 0.000 0.000
GLU02A0029_003 0.003 0.001 0.002
GLU-1A0029_004 0.993 0.998 0.005
ALA01A0030_001 1.000 1.000 0.000
GLN01A0031_001 1.000 1.000 0.000
ALA01A0032_001 1.000 1.000 0.000
LEU01A0033_001 1.000 1.000 0.000
TRP01A0035_001 1.000 1.000 0.000
VAL01A0036_001 1.000 1.000 0.000
ALA01A0037_001 1.000 1.000 0.000
SER01A0038_001 1.000 1.000 0.000
LYS01A0039_001 0.000 0.000 0.000
LYS+1A0039_002 1.000 1.000 0.000
ASN01A0041_001 1.000 1.000 0.000
LEU01A0042_001 1.000 1.000 0.000
ALA01A0043_001 1.000 1.000 0.000
ASP01A0044_001 0.001 0.000 0.000
ASP02A0044_002 0.001 0.000 0.000
ASP-1A0044_003 0.999 1.000 0.001
VAL01A0045_001 1.000 1.000 0.000
ALA01A0046_001 1.000 1.000 0.000
PRO01A0047_001 1.000 1.000 0.000
LYS01A0049_001 0.000 0.000 0.000
LYS+1A0049_002 1.000 1.000 0.000
SER01A0050_001 1.000 1.000 0.000
ILE01A0051_001 1.000 1.000 0.000
ASP01A0054_001 0.000 0.000 0.000
ASP02A0054_002 0.000 0.000 0.000
ASP02A0054_003 0.000 0.000 0.000
ASP02A0054_004 0.000 0.000 0.000
ASP02A0054_005 0.000 0.000 0.000
ASP-1A0054_006 1.000 1.000 0.000
ILE01A0055_001 1.000 1.000 0.000
PHE01A0056_001 1.000 1.000 0.000
SER01A0057_001 1.000 1.000 0.000
ASN01A0058_001 1.000 1.000 0.000
ARG01A0059_001 0.000 0.000 0.000
ARG02A0059_002 0.000 0.000 0.000
ARG03A0059_003 0.000 0.000 0.000
ARG+1A0059_004 1.000 1.000 0.000
GLU01A0060_001 0.000 0.000 0.000
GLU01A0060_002 0.000 0.000 0.000
GLU02A0060_003 0.000 0.000 0.000
GLU-1A0060_004 1.000 1.000 0.000
LYS01A0062_001 0.000 0.000 0.000
LYS01A0062_002 0.000 0.000 0.000
LYS+1A0062_003 1.000 1.000 0.000
LEU01A0063_001 1.000 1.000 0.000
PRO01A0064_001 1.000 1.000 0.000
LYS01A0066_001 0.000 0.001 0.000
LYS+1A0066_002 1.000 0.999 0.000
SER01A0067_001 1.000 1.000 0.000
ARG01A0069_001 0.000 0.000 0.000
ARG02A0069_002 0.000 0.000 0.000
ARG02A0069_003 0.000 0.000 0.000
ARG03A0069_004 0.000 0.000 0.000
ARG03A0069_005 0.000 0.000 0.000
ARG+1A0069_006 1.000 1.000 0.000
THR01A0070_001 1.000 1.000 0.000
TRP01A0071_001 1.000 1.000 0.000
ARG01A0072_001 0.000 0.000 0.000
ARG02A0072_002 0.000 0.000 0.000
ARG02A0072_003 0.000 0.000 0.000
ARG03A0072_004 0.000 0.000 0.000
ARG+1A0072_005 1.000 1.000 0.000
GLU01A0073_001 0.000 0.000 0.000
GLU01A0073_002 0.000 0.000 0.000
GLU01A0073_003 0.000 0.000 0.000
GLU02A0073_004 0.001 0.000 0.001
GLU02A0073_005 0.000 0.000 0.000
GLU-1A0073_006 0.999 1.000 0.001
ALA01A0074_001 1.000 1.000 0.000
ASP01A0075_001 0.000 0.000 0.000
ASP01A0075_002 0.000 0.000 0.000
ASP01A0075_003 0.000 0.000 0.000
ASP02A0075_004 0.000 0.000 0.000
ASP02A0075_005 0.000 0.000 0.000
ASP02A0075_006 0.000 0.000 0.000
ASP-1A0075_007 0.999 1.000 0.001
ILE01A0076_001 1.000 1.000 0.000
ASN01A0077_001 1.000 1.000 0.000
TYR01A0078_001 0.191 0.198 0.007
TYR01A0078_002 0.809 0.802 0.007
TYR-1A0078_003 0.000 0.000 0.000
THR01A0079_001 1.000 1.000 0.000
SER01A0080_001 1.000 1.000 0.000
PHE01A0082_001 1.000 1.000 0.000
ARG01A0083_001 0.000 0.000 0.000
ARG01A0083_002 0.000 0.000 0.000
ARG02A0083_003 0.000 0.000 0.000
ARG02A0083_004 0.000 0.000 0.000
ARG03A0083_005 0.000 0.000 0.000
ARG03A0083_006 0.000 0.000 0.000
ARG03A0083_007 0.000 0.000 0.000
ARG03A0083_008 0.000 0.000 0.000
ARG+1A0083_009 1.000 0.999 0.001
ASN01A0084_001 1.000 1.000 0.000
SER01A0085_001 0.508 0.543 0.035
SER01A0085_002 0.492 0.457 0.035
ASP01A0086_001 0.001 0.001 0.000
ASP02A0086_002 0.001 0.001 0.001
ASP-1A0086_003 0.998 0.999 0.001
ARG01A0087_001 0.000 0.000 0.000
ARG01A0087_002 0.000 0.000 0.000
ARG02A0087_003 0.000 0.000 0.000
ARG03A0087_004 0.000 0.000 0.000
ARG+1A0087_005 1.000 1.000 0.000
ILE01A0088_001 1.000 1.000 0.000
LEU01A0089_001 1.000 1.000 0.000
TYR01A0090_001 1.000 1.000 0.000
TYR-1A0090_002 0.000 0.000 0.000
SER01A0091_001 0.112 0.104 0.008
SER01A0091_002 0.099 0.111 0.012
SER01A0091_003 0.790 0.786 0.004
SER01A0092_001 0.972 0.971 0.001
SER01A0092_002 0.028 0.029 0.001
ASP01A0093_001 0.000 0.000 0.000
ASP01A0093_002 0.000 0.000 0.000
ASP02A0093_003 0.000 0.000 0.000
ASP02A0093_004 0.000 0.000 0.000
ASP02A0093_005 0.000 0.000 0.000
ASP-1A0093_006 1.000 1.000 0.000
TRP01A0094_001 1.000 1.000 0.000
LEU01A0095_001 1.000 1.000 0.000
ILE01A0096_001 1.000 1.000 0.000
TYR01A0097_001 1.000 1.000 0.000
TYR-1A0097_002 0.000 0.000 0.000
LYS01A0098_001 0.002 0.000 0.001
LYS+1A0098_002 0.998 1.000 0.001
THR01A0099_001 0.976 0.977 0.001
THR01A0099_002 0.017 0.016 0.001
THR01A0099_003 0.007 0.006 0.000
THR01A0100_001 1.000 1.000 0.000
ASP01A0101_001 0.000 0.000 0.000
ASP01A0101_002 0.000 0.000 0.000
ASP01A0101_003 0.000 0.000 0.000
ASP02A0101_004 0.000 0.000 0.000
ASP-1A0101_005 1.000 1.000 0.000
HIS01A0102_001 0.488 0.326 0.162
HIS02A0102_002 0.368 0.288 0.080
HIS+1A0102_003 0.144 0.386 0.242
TYR01A0103_001 0.056 0.059 0.003
TYR01A0103_002 0.213 0.257 0.044
TYR01A0103_003 0.006 0.009 0.003
TYR01A0103_004 0.726 0.675 0.051
TYR-1A0103_005 0.000 0.000 0.000
GLN01A0104_001 1.000 1.000 0.000
THR01A0105_001 0.086 0.086 0.001
THR01A0105_002 0.703 0.702 0.001
THR01A0105_003 0.212 0.212 0.000
PHE01A0106_001 1.000 1.000 0.000
THR01A0107_001 1.000 1.000 0.000
LYS01A0108_001 0.000 0.000 0.000
LYS+1A0108_002 1.000 1.000 0.000
ILE01A0109_001 1.000 1.000 0.000
ARG01A0110_001 0.000 0.000 0.000
ARG01A0110_002 0.000 0.000 0.000
ARG02A0110_003 0.000 0.000 0.000
ARG02A0110_004 0.000 0.000 0.000
ARG03A0110_005 0.000 0.000 0.000
ARG03A0110_006 0.000 0.000 0.000
ARG+1A0110_007 1.000 1.000 0.000
CTR01A0110_001 0.000 0.000 0.000
CTR01A0110_002 0.000 0.000 0.000
CTR02A0110_003 0.000 0.000 0.000
CTR02A0110_004 0.000 0.000 0.000
CTR02A0110_005 0.000 0.000 0.000
CTR-1A0110_006 1.000 1.000 0.000
_ZN01A0112_001 0.000 0.000 0.000
_ZN+2A0112_002 1.000 1.000 0.000

Occupancy convergence (max diff) in cycle 1: HIS+1A0102_003 0.242


Cluster energy: Ambient+inCluster=Global
-237.285+  -1.968=-239.253
-238.030+  -1.242=-239.272
-215.069+ -24.131=-239.200
-183.203+ -56.006=-239.208
-228.072+ -11.186=-239.258
-184.981+ -54.223=-239.204
-233.412+  -5.816=-239.228
-233.682+  -5.526=-239.208
-234.428+  -4.834=-239.262
-224.786+ -14.422=-239.208
-218.719+ -20.538=-239.258
-238.643+   0.042=-238.600
-233.813+  -5.392=-239.205
-230.061+  -9.147=-239.208


Cluster energy mean and standard deviation in cycle 1: -239.184   0.164
Cluster: NTRA0003_  
n = 2, <= 1000000 Analytical solution
Cluster: ASPA0044_  
n = 3, <= 1000000 Analytical solution
Cluster: LYSA0039_  
n = 2, <= 1000000 Analytical solution
Cluster: TYRA0017_, LYSA0019_, _ZNA0112_, HISA0018_  
n = 24, <= 1000000 Analytical solution
Cluster: THRA0099_, ASPA0101_, THRA0105_  
n = 45, <= 1000000 Analytical solution
Cluster: ARGA0059_, GLUA0060_, LYSA0062_  
n = 48, <= 1000000 Analytical solution
Cluster: ASPA0008_, ARGA0110_, CTRA0110_, TYRA0097_, LYSA0108_  
n = 840, <= 1000000 Analytical solution
Cluster: ASPA0022_, LYSA0049_  
n = 6, <= 1000000 Analytical solution
Cluster: THRA0006_  
n = 2, <= 1000000 Analytical solution
Cluster: SERA0092_  
n = 2, <= 1000000 Analytical solution
Cluster: THRA0026_, GLUA0029_  
n = 12, <= 1000000 Analytical solution
Cluster: LYSA0098_  
n = 2, <= 1000000 Analytical solution
Cluster: TYRA0024_, GLUA0073_, ASPA0075_, TYRA0078_, ARGA0083_, ARGA0087_, TYRA0090_, LYSA0027_, ASPA0054_, TYRA0103_, HISA0102_, ASPA0086_, ARGA0072_, SERA0085_  
n = 183708000, > 1000000 Monte Carlo sampling
Doing entropy correction.
Occ run:
   Step      0 [40,118,123,131,138,155,158,46,79,191,188,150,110,147], E_minimum = -4.90, E_running = -4.90, H_running = -6.89
   Step  50000 [39,119,127,131,144,155,158,46,80,193,187,150,113,146], E_minimum = -53.32, E_running = -53.21, H_running = -55.00
   Step 100000 [39,119,127,131,144,155,158,46,80,193,187,150,113,146], E_minimum = -53.32, E_running = -53.21, H_running = -55.00
   Exit cluster state: [39,119,127,131,144,155,158,46,80,191,188,150,113,147]
   Exit 150000, E_minimum =     -53.32, E_running = -52.36, H_running = -54.15
   The average running enthalpy is  -54.263
Cluster: LYSA0066_, ASPA0093_, ARGA0069_, SERA0091_  
n = 216, <= 1000000 Analytical solution
Entropy from cycle 2: Occ Entropy
NTR01A0003_001 0.045 0.00
NTR+1A0003_002 0.955 0.00
VAL01A0003_001 1.000 0.00
ILE01A0004_001 1.000 0.00
ASN01A0005_001 1.000 0.00
THR01A0006_001 0.005 0.02
THR01A0006_002 0.995 0.02
PHE01A0007_001 1.000 0.00
ASP01A0008_001 0.000 0.00
ASP01A0008_002 0.000 0.00
ASP01A0008_003 0.000 0.00
ASP02A0008_004 0.000 0.00
ASP-1A0008_005 1.000 0.00
VAL01A0010_001 1.000 0.00
ALA01A0011_001 1.000 0.00
ASP01A0012_001 1.000 0.00
ASP01A0012_002 0.000 0.00
ASP02A0012_003 0.000 0.00
ASP-1A0012_004 0.000 0.00
TYR01A0013_001 1.000 0.00
TYR01A0013_002 0.000 0.00
TYR-1A0013_003 0.000 0.00
LEU01A0014_001 1.000 0.00
GLN01A0015_001 1.000 0.00
THR01A0016_001 1.000 0.00
TYR01A0017_001 0.998 0.00
TYR-1A0017_002 0.002 0.00
HIS01A0018_001 1.000 0.00
HIS02A0018_002 0.000 0.00
HIS+1A0018_003 0.000 0.00
LYS01A0019_001 0.001 0.00
LYS+1A0019_002 0.999 0.00
LEU01A0020_001 1.000 0.00
PRO01A0021_001 1.000 0.00
ASP01A0022_001 0.000 0.00
ASP02A0022_002 0.000 0.00
ASP-1A0022_003 1.000 0.00
ASN01A0023_001 1.000 0.00
TYR01A0024_001 0.097 0.19
TYR01A0024_002 0.903 0.19
TYR-1A0024_003 0.000 0.00
ILE01A0025_001 1.000 0.00
THR01A0026_001 0.010 0.40
THR01A0026_002 0.671 0.40
THR01A0026_003 0.319 0.40
LYS01A0027_001 0.000 0.00
LYS+1A0027_002 1.000 0.00
SER01A0028_001 1.000 0.00
GLU01A0029_001 0.001 0.45
GLU01A0029_002 0.000 0.45
GLU02A0029_003 0.001 0.45
GLU-1A0029_004 0.998 0.00
ALA01A0030_001 1.000 0.00
GLN01A0031_001 1.000 0.00
ALA01A0032_001 1.000 0.00
LEU01A0033_001 1.000 0.00
TRP01A0035_001 1.000 0.00
VAL01A0036_001 1.000 0.00
ALA01A0037_001 1.000 0.00
SER01A0038_001 1.000 0.00
LYS01A0039_001 0.000 0.00
LYS+1A0039_002 1.000 0.00
ASN01A0041_001 1.000 0.00
LEU01A0042_001 1.000 0.00
ALA01A0043_001 1.000 0.00
ASP01A0044_001 0.000 0.41
ASP02A0044_002 0.000 0.41
ASP-1A0044_003 1.000 0.00
VAL01A0045_001 1.000 0.00
ALA01A0046_001 1.000 0.00
PRO01A0047_001 1.000 0.00
LYS01A0049_001 0.000 0.00
LYS+1A0049_002 1.000 0.00
SER01A0050_001 1.000 0.00
ILE01A0051_001 1.000 0.00
ASP01A0054_001 0.000 0.00
ASP02A0054_002 0.000 0.00
ASP02A0054_003 0.000 0.00
ASP02A0054_004 0.000 0.00
ASP02A0054_005 0.000 0.00
ASP-1A0054_006 1.000 0.00
ILE01A0055_001 1.000 0.00
PHE01A0056_001 1.000 0.00
SER01A0057_001 1.000 0.00
ASN01A0058_001 1.000 0.00
ARG01A0059_001 0.000 0.00
ARG02A0059_002 0.000 0.00
ARG03A0059_003 0.000 0.00
ARG+1A0059_004 1.000 0.00
GLU01A0060_001 0.000 0.00
GLU01A0060_002 0.000 0.00
GLU02A0060_003 0.000 0.00
GLU-1A0060_004 1.000 0.00
LYS01A0062_001 0.000 0.00
LYS01A0062_002 0.000 0.00
LYS+1A0062_003 1.000 0.00
LEU01A0063_001 1.000 0.00
PRO01A0064_001 1.000 0.00
LYS01A0066_001 0.001 0.00
LYS+1A0066_002 0.999 0.00
SER01A0067_001 1.000 0.00
ARG01A0069_001 0.000 0.00
ARG02A0069_002 0.000 0.00
ARG02A0069_003 0.000 0.00
ARG03A0069_004 0.000 0.00
ARG03A0069_005 0.000 0.00
ARG+1A0069_006 1.000 0.00
THR01A0070_001 1.000 0.00
TRP01A0071_001 1.000 0.00
ARG01A0072_001 0.000 0.00
ARG02A0072_002 0.000 0.00
ARG02A0072_003 0.000 0.00
ARG03A0072_004 0.000 0.00
ARG+1A0072_005 1.000 0.00
GLU01A0073_001 0.000 0.00
GLU01A0073_002 0.000 0.00
GLU01A0073_003 0.000 0.00
GLU02A0073_004 0.000 0.00
GLU02A0073_005 0.001 0.00
GLU-1A0073_006 0.999 0.00
ALA01A0074_001 1.000 0.00
ASP01A0075_001 0.000 0.00
ASP01A0075_002 0.000 0.00
ASP01A0075_003 0.001 0.00
ASP02A0075_004 0.000 0.00
ASP02A0075_005 0.000 0.00
ASP02A0075_006 0.000 0.00
ASP-1A0075_007 0.999 0.00
ILE01A0076_001 1.000 0.00
ASN01A0077_001 1.000 0.00
TYR01A0078_001 0.187 0.29
TYR01A0078_002 0.813 0.29
TYR-1A0078_003 0.000 0.00
THR01A0079_001 1.000 0.00
SER01A0080_001 1.000 0.00
PHE01A0082_001 1.000 0.00
ARG01A0083_001 0.000 0.39
ARG01A0083_002 0.000 0.39
ARG02A0083_003 0.000 0.39
ARG02A0083_004 0.000 0.39
ARG03A0083_005 0.000 0.39
ARG03A0083_006 0.000 0.39
ARG03A0083_007 0.000 0.39
ARG03A0083_008 0.001 0.39
ARG+1A0083_009 0.999 0.00
ASN01A0084_001 1.000 0.00
SER01A0085_001 0.544 0.41
SER01A0085_002 0.456 0.41
ASP01A0086_001 0.000 0.39
ASP02A0086_002 0.000 0.39
ASP-1A0086_003 0.999 0.00
ARG01A0087_001 0.000 0.00
ARG01A0087_002 0.000 0.00
ARG02A0087_003 0.000 0.00
ARG03A0087_004 0.000 0.00
ARG+1A0087_005 1.000 0.00
ILE01A0088_001 1.000 0.00
LEU01A0089_001 1.000 0.00
TYR01A0090_001 1.000 0.00
TYR-1A0090_002 0.000 0.00
SER01A0091_001 0.104 0.40
SER01A0091_002 0.111 0.40
SER01A0091_003 0.786 0.40
SER01A0092_001 0.971 0.08
SER01A0092_002 0.029 0.08
ASP01A0093_001 0.000 0.00
ASP01A0093_002 0.000 0.00
ASP02A0093_003 0.000 0.00
ASP02A0093_004 0.000 0.00
ASP02A0093_005 0.000 0.00
ASP-1A0093_006 1.000 0.00
TRP01A0094_001 1.000 0.00
LEU01A0095_001 1.000 0.00
ILE01A0096_001 1.000 0.00
TYR01A0097_001 1.000 0.00
TYR-1A0097_002 0.000 0.00
LYS01A0098_001 0.000 0.00
LYS+1A0098_002 1.000 0.00
THR01A0099_001 0.977 0.07
THR01A0099_002 0.016 0.07
THR01A0099_003 0.006 0.07
THR01A0100_001 1.000 0.00
ASP01A0101_001 0.000 0.00
ASP01A0101_002 0.000 0.00
ASP01A0101_003 0.000 0.00
ASP02A0101_004 0.000 0.00
ASP-1A0101_005 1.000 0.00
HIS01A0102_001 0.316 0.41
HIS02A0102_002 0.290 0.41
HIS+1A0102_003 0.394 0.00
TYR01A0103_001 0.051 0.49
TYR01A0103_002 0.207 0.49
TYR01A0103_003 0.009 0.49
TYR01A0103_004 0.733 0.49
TYR-1A0103_005 0.000 0.00
GLN01A0104_001 1.000 0.00
THR01A0105_001 0.086 0.47
THR01A0105_002 0.702 0.47
THR01A0105_003 0.212 0.47
PHE01A0106_001 1.000 0.00
THR01A0107_001 1.000 0.00
LYS01A0108_001 0.000 0.00
LYS+1A0108_002 1.000 0.00
ILE01A0109_001 1.000 0.00
ARG01A0110_001 0.000 0.00
ARG01A0110_002 0.000 0.00
ARG02A0110_003 0.000 0.00
ARG02A0110_004 0.000 0.00
ARG03A0110_005 0.000 0.00
ARG03A0110_006 0.000 0.00
ARG+1A0110_007 1.000 0.00
CTR01A0110_001 0.000 0.00
CTR01A0110_002 0.000 0.00
CTR02A0110_003 0.000 0.00
CTR02A0110_004 0.000 0.00
CTR02A0110_005 0.000 0.00
CTR-1A0110_006 1.000 0.00
_ZN01A0112_001 0.000 0.00
_ZN+2A0112_002 1.000 0.00

Occupancy convergence in cycle 2: Confname previousOcc CurrentOcc Delta
NTR01A0003_001 0.045 0.045 0.000
NTR+1A0003_002 0.955 0.955 0.000
VAL01A0003_001 1.000 1.000 0.000
ILE01A0004_001 1.000 1.000 0.000
ASN01A0005_001 1.000 1.000 0.000
THR01A0006_001 0.005 0.005 0.000
THR01A0006_002 0.995 0.995 0.000
PHE01A0007_001 1.000 1.000 0.000
ASP01A0008_001 0.000 0.000 0.000
ASP01A0008_002 0.000 0.000 0.000
ASP01A0008_003 0.000 0.000 0.000
ASP02A0008_004 0.000 0.000 0.000
ASP-1A0008_005 1.000 1.000 0.000
VAL01A0010_001 1.000 1.000 0.000
ALA01A0011_001 1.000 1.000 0.000
ASP01A0012_001 1.000 1.000 0.000
ASP01A0012_002 0.000 0.000 0.000
ASP02A0012_003 0.000 0.000 0.000
ASP-1A0012_004 0.000 0.000 0.000
TYR01A0013_001 1.000 1.000 0.000
TYR01A0013_002 0.000 0.000 0.000
TYR-1A0013_003 0.000 0.000 0.000
LEU01A0014_001 1.000 1.000 0.000
GLN01A0015_001 1.000 1.000 0.000
THR01A0016_001 1.000 1.000 0.000
TYR01A0017_001 0.998 0.998 0.000
TYR-1A0017_002 0.002 0.002 0.000
HIS01A0018_001 1.000 1.000 0.000
HIS02A0018_002 0.000 0.000 0.000
HIS+1A0018_003 0.000 0.000 0.000
LYS01A0019_001 0.001 0.001 0.000
LYS+1A0019_002 0.999 0.999 0.000
LEU01A0020_001 1.000 1.000 0.000
PRO01A0021_001 1.000 1.000 0.000
ASP01A0022_001 0.000 0.000 0.000
ASP02A0022_002 0.000 0.000 0.000
ASP-1A0022_003 1.000 1.000 0.000
ASN01A0023_001 1.000 1.000 0.000
TYR01A0024_001 0.101 0.097 0.004
TYR01A0024_002 0.899 0.903 0.004
TYR-1A0024_003 0.000 0.000 0.000
ILE01A0025_001 1.000 1.000 0.000
THR01A0026_001 0.010 0.010 0.000
THR01A0026_002 0.671 0.671 0.000
THR01A0026_003 0.319 0.319 0.000
LYS01A0027_001 0.000 0.000 0.000
LYS+1A0027_002 1.000 1.000 0.000
SER01A0028_001 1.000 1.000 0.000
GLU01A0029_001 0.001 0.001 0.000
GLU01A0029_002 0.000 0.000 0.000
GLU02A0029_003 0.001 0.001 0.000
GLU-1A0029_004 0.998 0.998 0.000
ALA01A0030_001 1.000 1.000 0.000
GLN01A0031_001 1.000 1.000 0.000
ALA01A0032_001 1.000 1.000 0.000
LEU01A0033_001 1.000 1.000 0.000
TRP01A0035_001 1.000 1.000 0.000
VAL01A0036_001 1.000 1.000 0.000
ALA01A0037_001 1.000 1.000 0.000
SER01A0038_001 1.000 1.000 0.000
LYS01A0039_001 0.000 0.000 0.000
LYS+1A0039_002 1.000 1.000 0.000
ASN01A0041_001 1.000 1.000 0.000
LEU01A0042_001 1.000 1.000 0.000
ALA01A0043_001 1.000 1.000 0.000
ASP01A0044_001 0.000 0.000 0.000
ASP02A0044_002 0.000 0.000 0.000
ASP-1A0044_003 1.000 1.000 0.000
VAL01A0045_001 1.000 1.000 0.000
ALA01A0046_001 1.000 1.000 0.000
PRO01A0047_001 1.000 1.000 0.000
LYS01A0049_001 0.000 0.000 0.000
LYS+1A0049_002 1.000 1.000 0.000
SER01A0050_001 1.000 1.000 0.000
ILE01A0051_001 1.000 1.000 0.000
ASP01A0054_001 0.000 0.000 0.000
ASP02A0054_002 0.000 0.000 0.000
ASP02A0054_003 0.000 0.000 0.000
ASP02A0054_004 0.000 0.000 0.000
ASP02A0054_005 0.000 0.000 0.000
ASP-1A0054_006 1.000 1.000 0.000
ILE01A0055_001 1.000 1.000 0.000
PHE01A0056_001 1.000 1.000 0.000
SER01A0057_001 1.000 1.000 0.000
ASN01A0058_001 1.000 1.000 0.000
ARG01A0059_001 0.000 0.000 0.000
ARG02A0059_002 0.000 0.000 0.000
ARG03A0059_003 0.000 0.000 0.000
ARG+1A0059_004 1.000 1.000 0.000
GLU01A0060_001 0.000 0.000 0.000
GLU01A0060_002 0.000 0.000 0.000
GLU02A0060_003 0.000 0.000 0.000
GLU-1A0060_004 1.000 1.000 0.000
LYS01A0062_001 0.000 0.000 0.000
LYS01A0062_002 0.000 0.000 0.000
LYS+1A0062_003 1.000 1.000 0.000
LEU01A0063_001 1.000 1.000 0.000
PRO01A0064_001 1.000 1.000 0.000
LYS01A0066_001 0.001 0.001 0.000
LYS+1A0066_002 0.999 0.999 0.000
SER01A0067_001 1.000 1.000 0.000
ARG01A0069_001 0.000 0.000 0.000
ARG02A0069_002 0.000 0.000 0.000
ARG02A0069_003 0.000 0.000 0.000
ARG03A0069_004 0.000 0.000 0.000
ARG03A0069_005 0.000 0.000 0.000
ARG+1A0069_006 1.000 1.000 0.000
THR01A0070_001 1.000 1.000 0.000
TRP01A0071_001 1.000 1.000 0.000
ARG01A0072_001 0.000 0.000 0.000
ARG02A0072_002 0.000 0.000 0.000
ARG02A0072_003 0.000 0.000 0.000
ARG03A0072_004 0.000 0.000 0.000
ARG+1A0072_005 1.000 1.000 0.000
GLU01A0073_001 0.000 0.000 0.000
GLU01A0073_002 0.000 0.000 0.000
GLU01A0073_003 0.000 0.000 0.000
GLU02A0073_004 0.000 0.000 0.000
GLU02A0073_005 0.000 0.001 0.001
GLU-1A0073_006 1.000 0.999 0.001
ALA01A0074_001 1.000 1.000 0.000
ASP01A0075_001 0.000 0.000 0.000
ASP01A0075_002 0.000 0.000 0.000
ASP01A0075_003 0.000 0.001 0.001
ASP02A0075_004 0.000 0.000 0.000
ASP02A0075_005 0.000 0.000 0.000
ASP02A0075_006 0.000 0.000 0.000
ASP-1A0075_007 1.000 0.999 0.001
ILE01A0076_001 1.000 1.000 0.000
ASN01A0077_001 1.000 1.000 0.000
TYR01A0078_001 0.198 0.187 0.011
TYR01A0078_002 0.802 0.813 0.011
TYR-1A0078_003 0.000 0.000 0.000
THR01A0079_001 1.000 1.000 0.000
SER01A0080_001 1.000 1.000 0.000
PHE01A0082_001 1.000 1.000 0.000
ARG01A0083_001 0.000 0.000 0.000
ARG01A0083_002 0.000 0.000 0.000
ARG02A0083_003 0.000 0.000 0.000
ARG02A0083_004 0.000 0.000 0.000
ARG03A0083_005 0.000 0.000 0.000
ARG03A0083_006 0.000 0.000 0.000
ARG03A0083_007 0.000 0.000 0.000
ARG03A0083_008 0.000 0.001 0.001
ARG+1A0083_009 0.999 0.999 0.001
ASN01A0084_001 1.000 1.000 0.000
SER01A0085_001 0.543 0.544 0.000
SER01A0085_002 0.457 0.456 0.000
ASP01A0086_001 0.001 0.000 0.001
ASP02A0086_002 0.001 0.000 0.000
ASP-1A0086_003 0.999 0.999 0.001
ARG01A0087_001 0.000 0.000 0.000
ARG01A0087_002 0.000 0.000 0.000
ARG02A0087_003 0.000 0.000 0.000
ARG03A0087_004 0.000 0.000 0.000
ARG+1A0087_005 1.000 1.000 0.000
ILE01A0088_001 1.000 1.000 0.000
LEU01A0089_001 1.000 1.000 0.000
TYR01A0090_001 1.000 1.000 0.000
TYR-1A0090_002 0.000 0.000 0.000
SER01A0091_001 0.104 0.104 0.000
SER01A0091_002 0.111 0.111 0.000
SER01A0091_003 0.786 0.786 0.000
SER01A0092_001 0.971 0.971 0.000
SER01A0092_002 0.029 0.029 0.000
ASP01A0093_001 0.000 0.000 0.000
ASP01A0093_002 0.000 0.000 0.000
ASP02A0093_003 0.000 0.000 0.000
ASP02A0093_004 0.000 0.000 0.000
ASP02A0093_005 0.000 0.000 0.000
ASP-1A0093_006 1.000 1.000 0.000
TRP01A0094_001 1.000 1.000 0.000
LEU01A0095_001 1.000 1.000 0.000
ILE01A0096_001 1.000 1.000 0.000
TYR01A0097_001 1.000 1.000 0.000
TYR-1A0097_002 0.000 0.000 0.000
LYS01A0098_001 0.000 0.000 0.000
LYS+1A0098_002 1.000 1.000 0.000
THR01A0099_001 0.977 0.977 0.000
THR01A0099_002 0.016 0.016 0.000
THR01A0099_003 0.006 0.006 0.000
THR01A0100_001 1.000 1.000 0.000
ASP01A0101_001 0.000 0.000 0.000
ASP01A0101_002 0.000 0.000 0.000
ASP01A0101_003 0.000 0.000 0.000
ASP02A0101_004 0.000 0.000 0.000
ASP-1A0101_005 1.000 1.000 0.000
HIS01A0102_001 0.326 0.316 0.011
HIS02A0102_002 0.288 0.290 0.002
HIS+1A0102_003 0.386 0.394 0.008
TYR01A0103_001 0.059 0.051 0.008
TYR01A0103_002 0.257 0.207 0.050
TYR01A0103_003 0.009 0.009 0.000
TYR01A0103_004 0.675 0.733 0.058
TYR-1A0103_005 0.000 0.000 0.000
GLN01A0104_001 1.000 1.000 0.000
THR01A0105_001 0.086 0.086 0.000
THR01A0105_002 0.702 0.702 0.000
THR01A0105_003 0.212 0.212 0.000
PHE01A0106_001 1.000 1.000 0.000
THR01A0107_001 1.000 1.000 0.000
LYS01A0108_001 0.000 0.000 0.000
LYS+1A0108_002 1.000 1.000 0.000
ILE01A0109_001 1.000 1.000 0.000
ARG01A0110_001 0.000 0.000 0.000
ARG01A0110_002 0.000 0.000 0.000
ARG02A0110_003 0.000 0.000 0.000
ARG02A0110_004 0.000 0.000 0.000
ARG03A0110_005 0.000 0.000 0.000
ARG03A0110_006 0.000 0.000 0.000
ARG+1A0110_007 1.000 1.000 0.000
CTR01A0110_001 0.000 0.000 0.000
CTR01A0110_002 0.000 0.000 0.000
CTR02A0110_003 0.000 0.000 0.000
CTR02A0110_004 0.000 0.000 0.000
CTR02A0110_005 0.000 0.000 0.000
CTR-1A0110_006 1.000 1.000 0.000
_ZN01A0112_001 0.000 0.000 0.000
_ZN+2A0112_002 1.000 1.000 0.000

Occupancy convergence (max diff) in cycle 2: TYR01A0103_004 0.058


Cluster energy: Ambient+inCluster=Global
-237.283+  -1.968=-239.251
-238.028+  -1.242=-239.270
-215.129+ -24.132=-239.261
-183.258+ -56.005=-239.262
-228.075+ -11.186=-239.261
-185.039+ -54.263=-239.302
-233.444+  -5.817=-239.261
-233.736+  -5.526=-239.262
-234.428+  -4.834=-239.262
-224.840+ -14.422=-239.262
-218.754+ -20.538=-239.292
-238.703+   0.042=-238.661
-233.869+  -5.392=-239.260
-230.115+  -9.147=-239.262


Cluster energy mean and standard deviation in cycle 2: -239.224   0.157
Cluster: ASPA0008_, ARGA0110_, CTRA0110_, TYRA0097_, LYSA0108_  
n = 840, <= 1000000 Analytical solution
Cluster: THRA0006_  
n = 2, <= 1000000 Analytical solution
Cluster: LYSA0039_  
n = 2, <= 1000000 Analytical solution
Cluster: THRA0099_, ASPA0101_, THRA0105_  
n = 45, <= 1000000 Analytical solution
Cluster: ARGA0059_, GLUA0060_, LYSA0062_  
n = 48, <= 1000000 Analytical solution
Cluster: LYSA0066_, ASPA0093_, ARGA0069_, SERA0091_  
n = 216, <= 1000000 Analytical solution
Cluster: TYRA0017_, LYSA0019_, _ZNA0112_, HISA0018_  
n = 24, <= 1000000 Analytical solution
Cluster: TYRA0024_, GLUA0073_, ASPA0075_, TYRA0078_, ARGA0083_, ARGA0087_, TYRA0090_, LYSA0027_, ASPA0054_, TYRA0103_, HISA0102_, ASPA0086_, ARGA0072_, SERA0085_  
n = 183708000, > 1000000 Monte Carlo sampling
Doing entropy correction.
Occ run:
   Step      0 [40,114,121,130,142,154,159,45,78,190,189,149,109,146], E_minimum = 141.20, E_running = 141.20, H_running = 137.27
