Titration at ph =  7.00 and eh = 0 mv.
Doing annealing:
   Step          0, E_minimum =    -239.95, E_running =    -239.95
0,1,2,3,4,5,6,7,8,9,10,11,12,13,14,18,20,21,22,23,24,25,27,28,29,30,31,32,33,34,35,36,37,38,39,40,41,42,43,44,45,46,47,48,49,50,51,52,53,54,55,56,57,58,59,60,61,62,63,64,65,66,67,68,69,70,71,72,73,74,75,76,77,78,79,80,81,82,83,84,85,86,87,88,89,90,91,92,93,94,95,96,97,98,99,100,101,102,103,104,105,106,107,108,109,110,111,112,113,114,115,116,117,118,119,120,121,122,123,124,125,126,127,128,129,130,131,132,133,134,135,136,137,138,139,140,141,142,143,144,145,146,147,148,149,150,151,152,153,154,155,156,157,158,159,160,161,162,163,164,165,166,167,168,169,170,171,172,173,174,175,176,177,178,179,180,181,182,183,184,185,186,187,188,189,190,191,192,193,194,195,196,197,198,199,200,201,202,203,204,205,206,207,208,209,210,211,212,213,214,215,216,217,218
   Exit      50000, E_minimum =    -240.70, E_running =    -239.95
   The average running energy, corresponding to H, is -238.524
   Step          0, E_minimum =    -239.95, E_running =    -239.95
0,1,2,3,4,5,6,7,8,9,10,11,12,13,14,18,19,21,22,23,24,25,27,28,29,30,31,32,33,34,35,36,37,38,39,40,41,42,43,44,45,46,47,48,49,50,51,52,53,54,55,56,57,58,59,60,61,62,63,64,65,66,67,68,69,70,71,72,73,74,75,76,77,78,79,80,81,82,83,84,85,86,87,88,89,90,91,92,93,94,95,96,97,98,99,100,101,102,103,104,105,106,107,108,109,110,111,112,113,114,115,116,117,118,119,120,121,122,123,124,125,126,127,128,129,130,131,132,133,134,135,136,137,138,139,140,141,142,143,144,145,146,147,148,149,150,151,152,153,154,155,156,157,158,159,160,161,162,163,164,165,166,167,168,169,170,171,172,173,174,175,176,177,178,179,180,181,182,183,184,185,186,187,188,189,190,191,192,193,194,195,196,197,198,199,200,201,202,203,204,205,206,207,208,209,210,211,212,213,214,215,216,217,218
   Exit      50000, E_minimum =    -240.70, E_running =    -240.70
   The average running energy, corresponding to H, is -238.689
   Step          0, E_minimum =    -240.70, E_running =    -240.70
0,1,2,3,4,5,6,7,8,9,10,11,12,13,14,17,20,21,22,23,24,26,27,28,29,30,31,32,33,34,35,36,37,38,39,40,41,42,43,44,45,46,47,48,49,50,51,52,53,54,55,56,57,58,59,60,61,62,63,64,65,66,67,68,69,70,71,72,73,74,75,76,77,78,79,80,81,82,83,84,85,86,87,88,89,90,91,92,93,94,95,96,97,98,99,100,101,102,103,104,105,106,107,108,109,110,111,112,113,114,115,116,117,118,119,120,121,122,123,124,125,126,127,128,129,130,131,132,133,134,135,136,137,138,139,140,141,142,143,144,145,146,147,148,149,150,151,152,153,154,155,156,157,158,159,160,161,162,163,164,165,166,167,168,169,170,171,172,173,174,175,176,177,178,179,180,181,182,183,184,185,186,187,188,189,190,191,192,193,194,195,196,197,198,199,200,201,202,203,204,205,206,207,208,209,210,211,212,213,214,215,216,217,218
   Exit      50000, E_minimum =    -240.70, E_running =    -231.35
   The average running energy, corresponding to H, is -238.998
   Step          0, E_minimum =    -231.35, E_running =    -231.35
0,1,2,3,4,5,6,7,8,9,10,11,12,13,14,18,19,21,22,23,24,25,27,28,29,30,31,32,33,34,35,36,37,38,39,40,41,42,43,44,45,46,47,48,49,50,51,52,53,54,55,56,57,58,59,60,61,62,63,64,65,66,67,68,69,70,71,72,73,74,75,76,77,78,79,80,81,82,83,84,85,86,87,88,89,90,91,92,93,94,95,96,97,98,99,100,101,102,103,104,105,106,107,108,109,110,111,112,113,114,115,116,117,118,119,120,121,122,123,124,125,126,127,128,129,130,131,132,133,134,135,136,137,138,139,140,141,142,143,144,145,146,147,148,149,150,151,152,153,154,155,156,157,158,159,160,161,162,163,164,165,166,167,168,169,170,171,172,173,174,175,176,177,178,179,180,181,182,183,184,185,186,187,188,189,190,191,192,193,194,195,196,197,198,199,200,201,202,203,204,205,206,207,208,209,210,211,212,213,214,215,216,217,218
   Exit      50000, E_minimum =    -240.70, E_running =    -240.70
   The average running energy, corresponding to H, is -239.308
   Step          0, E_minimum =    -240.70, E_running =    -240.70
0,1,2,3,4,5,6,7,8,9,10,11,12,13,14,18,19,21,22,23,24,25,27,28,29,30,31,32,33,34,35,36,37,38,39,40,41,42,43,44,45,46,47,48,49,50,51,52,53,54,55,56,57,58,59,60,61,62,63,64,65,66,67,68,69,70,71,72,73,74,75,76,77,78,79,80,81,82,83,84,85,86,87,88,89,90,91,92,93,94,95,96,97,98,99,100,101,102,103,104,105,106,107,108,109,110,111,112,113,114,115,116,117,118,119,120,121,122,123,124,125,126,127,128,129,130,131,132,133,134,135,136,137,138,139,140,141,142,143,144,145,146,147,148,149,150,151,152,153,154,155,156,157,158,159,160,161,162,163,164,165,166,167,168,169,170,171,172,173,174,175,176,177,178,179,180,181,182,183,184,185,186,187,188,189,190,191,192,193,194,195,196,197,198,199,200,201,202,203,204,205,206,207,208,209,210,211,212,213,214,215,216,217,218
   Exit      50000, E_minimum =    -240.70, E_running =    -240.70
   The average running energy, corresponding to H, is -239.614
   Step          0, E_minimum =    -240.70, E_running =    -240.70
0,1,2,3,4,5,6,7,8,9,10,11,12,13,14,18,19,21,22,23,24,25,27,28,29,30,31,32,33,34,35,36,37,38,39,40,41,42,43,44,45,46,47,48,49,50,51,52,53,54,55,56,57,58,59,60,61,62,63,64,65,66,67,68,69,70,71,72,73,74,75,76,77,78,79,80,81,82,83,84,85,86,87,88,89,90,91,92,93,94,95,96,97,98,99,100,101,102,103,104,105,106,107,108,109,110,111,112,113,114,115,116,117,118,119,120,121,122,123,124,125,126,127,128,129,130,131,132,133,134,135,136,137,138,139,140,141,142,143,144,145,146,147,148,149,150,151,152,153,154,155,156,157,158,159,160,161,162,163,164,165,166,167,168,169,170,171,172,173,174,175,176,177,178,179,180,181,182,183,184,185,186,187,188,189,190,191,192,193,194,195,196,197,198,199,200,201,202,203,204,205,206,207,208,209,210,211,212,213,214,215,216,217,218
   Exit      50000, E_minimum =    -240.70, E_running =    -240.70
   The average running energy, corresponding to H, is -240.536
Doing reduction:
   Step          0, E_minimum =    -240.70, E_running =    -240.70
0,1,2,3,4,5,6,7,8,9,10,11,12,13,14,18,20,21,22,23,24,25,27,28,29,30,31,32,33,34,35,36,37,38,39,40,41,42,43,44,45,46,47,48,49,50,51,52,53,54,55,56,57,58,59,60,61,62,63,64,65,66,67,68,69,70,71,72,73,74,75,76,77,78,79,80,81,82,83,84,85,86,87,88,89,90,91,92,93,94,95,96,97,98,99,100,101,102,103,104,105,106,107,108,109,110,111,112,113,114,115,116,117,118,119,120,121,122,123,124,125,126,127,128,129,130,131,132,133,134,135,136,137,138,139,140,141,142,143,144,145,146,147,148,149,150,151,152,153,154,155,156,157,158,159,160,161,162,163,164,165,166,167,168,169,170,171,172,173,174,175,176,177,178,179,180,181,182,183,184,185,186,187,188,189,190,191,192,193,194,195,196,197,198,199,200,201,202,203,204,205,206,207,208,209,210,211,212,213,214,215,216,217,218
   Exit      50000, E_minimum =    -240.70, E_running =    -239.95
   The average running energy, corresponding to H, is -240.530
   Step          0, E_minimum =    -233.72, E_running =    -233.72
0,1,2,3,4,5,6,7,8,9,10,11,12,13,14,18,19,21,22,23,24,25,27,28,29,30,31,32,33,34,35,36,37,38,39,40,41,42,43,44,45,46,47,48,49,50,51,52,53,54,55,56,57,58,59,60,61,62,63,64,65,66,67,68,69,70,71,72,73,74,75,76,77,78,79,80,81,82,83,84,85,86,87,88,89,90,91,92,93,94,95,96,97,98,99,100,101,102,103,104,105,106,107,108,109,110,111,112,113,114,115,116,117,118,119,120,121,122,123,124,125,126,127,128,129,130,131,132,133,134,135,136,137,138,139,140,141,142,143,144,145,146,147,148,149,150,151,152,153,154,155,156,157,158,159,160,161,162,163,164,165,166,167,168,169,170,171,172,173,174,175,176,177,178,179,180,181,182,183,184,185,186,187,188,189,190,191,192,193,194,195,196,197,198,199,200,201,202,203,204,205,206,207,208,209,210,211,212,213,214,215,216,217,218
   Exit      50000, E_minimum =    -238.18, E_running =    -238.18
   The average running energy, corresponding to H, is -238.008
Doing entropy sampling...
   Step          0, E_minimum =    -238.18, E_running =    -238.18
0,1,2,3,4,5,6,7,8,9,10,11,12,13,14,18,19,21,22,23,24,25,27,28,29,30,31,32,33,34,35,36,37,38,39,40,41,42,43,44,45,46,47,48,49,50,51,52,53,54,55,56,57,58,59,60,61,62,63,64,65,66,67,68,69,70,71,72,73,74,75,76,77,78,79,80,81,82,83,84,85,86,87,88,89,90,91,92,93,94,95,96,97,98,99,100,101,102,103,104,105,106,107,108,109,110,111,112,113,114,115,116,117,118,119,120,121,122,123,124,125,126,127,128,129,130,131,132,133,134,135,136,137,138,139,140,141,142,143,144,145,146,147,148,149,150,151,152,153,154,155,156,157,158,159,160,161,162,163,164,165,166,167,168,169,170,171,172,173,174,175,176,177,178,179,180,181,182,183,184,185,186,187,188,189,190,191,192,193,194,195,196,197,198,199,200,201,202,203,204,205,206,207,208,209,210,211,212,213,214,215,216,217,218
   Exit      50000, E_minimum =    -238.18, E_running =    -238.18
   The average running energy, corresponding to H, is -238.009
   Maximum entropy difference = 0.00
   End entropy sampling
Doing sampling:
Doing analytical solution because states 4 < threshhold 1000000
Doing annealing:
   Step          0, E_minimum =    -233.72, E_running =    -233.72
0,1,2,3,4,5,6,7,8,9,10,11,12,13,14,18,20,21,22,23,24,25,27,28,29,30,31,32,33,34,35,36,37,38,39,40,41,42,43,44,45,46,47,48,49,50,51,52,53,54,55,56,57,58,59,60,61,62,63,64,65,66,67,68,69,70,71,72,73,74,75,76,77,78,79,80,81,82,83,84,85,86,87,88,89,90,91,92,93,94,95,96,97,98,99,100,101,102,103,104,105,106,107,108,109,110,111,112,113,114,115,116,117,118,119,120,121,122,123,124,125,126,127,128,129,130,131,132,133,134,135,136,137,138,139,140,141,142,143,144,145,146,147,148,149,150,151,152,153,154,155,156,157,158,159,160,161,162,163,164,165,166,167,168,169,170,171,172,173,174,175,176,177,178,179,180,181,182,183,184,185,186,187,188,189,190,191,192,193,194,195,196,197,198,199,200,201,202,203,204,205,206,207,208,209,210,211,212,213,214,215,216,217,218
   Exit      50000, E_minimum =    -238.18, E_running =    -237.42
   The average running energy, corresponding to H, is -235.962
   Step          0, E_minimum =    -237.42, E_running =    -237.42
0,1,2,3,4,5,6,7,8,9,10,11,12,13,14,18,19,21,22,23,24,25,27,28,29,30,31,32,33,34,35,36,37,38,39,40,41,42,43,44,45,46,47,48,49,50,51,52,53,54,55,56,57,58,59,60,61,62,63,64,65,66,67,68,69,70,71,72,73,74,75,76,77,78,79,80,81,82,83,84,85,86,87,88,89,90,91,92,93,94,95,96,97,98,99,100,101,102,103,104,105,106,107,108,109,110,111,112,113,114,115,116,117,118,119,120,121,122,123,124,125,126,127,128,129,130,131,132,133,134,135,136,137,138,139,140,141,142,143,144,145,146,147,148,149,150,151,152,153,154,155,156,157,158,159,160,161,162,163,164,165,166,167,168,169,170,171,172,173,174,175,176,177,178,179,180,181,182,183,184,185,186,187,188,189,190,191,192,193,194,195,196,197,198,199,200,201,202,203,204,205,206,207,208,209,210,211,212,213,214,215,216,217,218
   Exit      50000, E_minimum =    -238.18, E_running =    -238.18
   The average running energy, corresponding to H, is -236.195
   Step          0, E_minimum =    -238.18, E_running =    -238.18
0,1,2,3,4,5,6,7,8,9,10,11,12,13,14,18,19,21,22,23,24,25,27,28,29,30,31,32,33,34,35,36,37,38,39,40,41,42,43,44,45,46,47,48,49,50,51,52,53,54,55,56,57,58,59,60,61,62,63,64,65,66,67,68,69,70,71,72,73,74,75,76,77,78,79,80,81,82,83,84,85,86,87,88,89,90,91,92,93,94,95,96,97,98,99,100,101,102,103,104,105,106,107,108,109,110,111,112,113,114,115,116,117,118,119,120,121,122,123,124,125,126,127,128,129,130,131,132,133,134,135,136,137,138,139,140,141,142,143,144,145,146,147,148,149,150,151,152,153,154,155,156,157,158,159,160,161,162,163,164,165,166,167,168,169,170,171,172,173,174,175,176,177,178,179,180,181,182,183,184,185,186,187,188,189,190,191,192,193,194,195,196,197,198,199,200,201,202,203,204,205,206,207,208,209,210,211,212,213,214,215,216,217,218
   Exit      50000, E_minimum =    -238.18, E_running =    -238.18
   The average running energy, corresponding to H, is -236.508
   Step          0, E_minimum =    -238.18, E_running =    -238.18
0,1,2,3,4,5,6,7,8,9,10,11,12,13,14,18,19,21,22,23,24,25,27,28,29,30,31,32,33,34,35,36,37,38,39,40,41,42,43,44,45,46,47,48,49,50,51,52,53,54,55,56,57,58,59,60,61,62,63,64,65,66,67,68,69,70,71,72,73,74,75,76,77,78,79,80,81,82,83,84,85,86,87,88,89,90,91,92,93,94,95,96,97,98,99,100,101,102,103,104,105,106,107,108,109,110,111,112,113,114,115,116,117,118,119,120,121,122,123,124,125,126,127,128,129,130,131,132,133,134,135,136,137,138,139,140,141,142,143,144,145,146,147,148,149,150,151,152,153,154,155,156,157,158,159,160,161,162,163,164,165,166,167,168,169,170,171,172,173,174,175,176,177,178,179,180,181,182,183,184,185,186,187,188,189,190,191,192,193,194,195,196,197,198,199,200,201,202,203,204,205,206,207,208,209,210,211,212,213,214,215,216,217,218
   Exit      50000, E_minimum =    -238.18, E_running =    -238.18
   The average running energy, corresponding to H, is -236.787
   Step          0, E_minimum =    -238.18, E_running =    -238.18
0,1,2,3,4,5,6,7,8,9,10,11,12,13,14,18,20,21,22,23,24,25,27,28,29,30,31,32,33,34,35,36,37,38,39,40,41,42,43,44,45,46,47,48,49,50,51,52,53,54,55,56,57,58,59,60,61,62,63,64,65,66,67,68,69,70,71,72,73,74,75,76,77,78,79,80,81,82,83,84,85,86,87,88,89,90,91,92,93,94,95,96,97,98,99,100,101,102,103,104,105,106,107,108,109,110,111,112,113,114,115,116,117,118,119,120,121,122,123,124,125,126,127,128,129,130,131,132,133,134,135,136,137,138,139,140,141,142,143,144,145,146,147,148,149,150,151,152,153,154,155,156,157,158,159,160,161,162,163,164,165,166,167,168,169,170,171,172,173,174,175,176,177,178,179,180,181,182,183,184,185,186,187,188,189,190,191,192,193,194,195,196,197,198,199,200,201,202,203,204,205,206,207,208,209,210,211,212,213,214,215,216,217,218
   Exit      50000, E_minimum =    -238.18, E_running =    -237.42
   The average running energy, corresponding to H, is -237.045
   Step          0, E_minimum =    -237.42, E_running =    -237.42
0,1,2,3,4,5,6,7,8,9,10,11,12,13,14,18,19,21,22,23,24,25,27,28,29,30,31,32,33,34,35,36,37,38,39,40,41,42,43,44,45,46,47,48,49,50,51,52,53,54,55,56,57,58,59,60,61,62,63,64,65,66,67,68,69,70,71,72,73,74,75,76,77,78,79,80,81,82,83,84,85,86,87,88,89,90,91,92,93,94,95,96,97,98,99,100,101,102,103,104,105,106,107,108,109,110,111,112,113,114,115,116,117,118,119,120,121,122,123,124,125,126,127,128,129,130,131,132,133,134,135,136,137,138,139,140,141,142,143,144,145,146,147,148,149,150,151,152,153,154,155,156,157,158,159,160,161,162,163,164,165,166,167,168,169,170,171,172,173,174,175,176,177,178,179,180,181,182,183,184,185,186,187,188,189,190,191,192,193,194,195,196,197,198,199,200,201,202,203,204,205,206,207,208,209,210,211,212,213,214,215,216,217,218
   Exit      50000, E_minimum =    -238.18, E_running =    -238.18
   The average running energy, corresponding to H, is -238.008
Doing reduction:
   Step          0, E_minimum =    -238.18, E_running =    -238.18
0,1,2,3,4,5,6,7,8,9,10,11,12,13,14,18,19,21,22,23,24,25,27,28,29,30,31,32,33,34,35,36,37,38,39,40,41,42,43,44,45,46,47,48,49,50,51,52,53,54,55,56,57,58,59,60,61,62,63,64,65,66,67,68,69,70,71,72,73,74,75,76,77,78,79,80,81,82,83,84,85,86,87,88,89,90,91,92,93,94,95,96,97,98,99,100,101,102,103,104,105,106,107,108,109,110,111,112,113,114,115,116,117,118,119,120,121,122,123,124,125,126,127,128,129,130,131,132,133,134,135,136,137,138,139,140,141,142,143,144,145,146,147,148,149,150,151,152,153,154,155,156,157,158,159,160,161,162,163,164,165,166,167,168,169,170,171,172,173,174,175,176,177,178,179,180,181,182,183,184,185,186,187,188,189,190,191,192,193,194,195,196,197,198,199,200,201,202,203,204,205,206,207,208,209,210,211,212,213,214,215,216,217,218
   Exit      50000, E_minimum =    -238.18, E_running =    -238.18
   The average running energy, corresponding to H, is -238.003
   Step          0, E_minimum =    -234.47, E_running =    -234.47
0,1,2,3,4,5,6,7,8,9,10,11,12,13,14,18,19,21,22,23,24,25,27,28,29,30,31,32,33,34,35,36,37,38,39,40,41,42,43,44,45,46,47,48,49,50,51,52,53,54,55,56,57,58,59,60,61,62,63,64,65,66,67,68,69,70,71,72,73,74,75,76,77,78,79,80,81,82,83,84,85,86,87,88,89,90,91,92,93,94,95,96,97,98,99,100,101,102,103,104,105,106,107,108,109,110,111,112,113,114,115,116,117,118,119,120,121,122,123,124,125,126,127,128,129,130,131,132,133,134,135,136,137,138,139,140,141,142,143,144,145,146,147,148,149,150,151,152,153,154,155,156,157,158,159,160,161,162,163,164,165,166,167,168,169,170,171,172,173,174,175,176,177,178,179,180,181,182,183,184,185,186,187,188,189,190,191,192,193,194,195,196,197,198,199,200,201,202,203,204,205,206,207,208,209,210,211,212,213,214,215,216,217,218
   Exit      50000, E_minimum =    -238.17, E_running =    -238.17
   The average running energy, corresponding to H, is -238.007
Doing entropy sampling...
   Step          0, E_minimum =    -238.17, E_running =    -238.17
0,1,2,3,4,5,6,7,8,9,10,11,12,13,14,18,19,21,22,23,24,25,27,28,29,30,31,32,33,34,35,36,37,38,39,40,41,42,43,44,45,46,47,48,49,50,51,52,53,54,55,56,57,58,59,60,61,62,63,64,65,66,67,68,69,70,71,72,73,74,75,76,77,78,79,80,81,82,83,84,85,86,87,88,89,90,91,92,93,94,95,96,97,98,99,100,101,102,103,104,105,106,107,108,109,110,111,112,113,114,115,116,117,118,119,120,121,122,123,124,125,126,127,128,129,130,131,132,133,134,135,136,137,138,139,140,141,142,143,144,145,146,147,148,149,150,151,152,153,154,155,156,157,158,159,160,161,162,163,164,165,166,167,168,169,170,171,172,173,174,175,176,177,178,179,180,181,182,183,184,185,186,187,188,189,190,191,192,193,194,195,196,197,198,199,200,201,202,203,204,205,206,207,208,209,210,211,212,213,214,215,216,217,218
   Exit      50000, E_minimum =    -238.17, E_running =    -238.17
   The average running energy, corresponding to H, is -238.007
   Maximum entropy difference = 0.00
   End entropy sampling
Doing sampling:
Doing analytical solution because states 4 < threshhold 1000000
Doing annealing:
   Step          0, E_minimum =    -233.14, E_running =    -233.14
0,1,2,3,4,5,6,7,8,9,10,11,12,13,14,18,20,21,22,23,24,25,27,28,29,30,31,32,33,34,35,36,37,38,39,40,41,42,43,44,45,46,47,48,49,50,51,52,53,54,55,56,57,58,59,60,61,62,63,64,65,66,67,68,69,70,71,72,73,74,75,76,77,78,79,80,81,82,83,84,85,86,87,88,89,90,91,92,93,94,95,96,97,98,99,100,101,102,103,104,105,106,107,108,109,110,111,112,113,114,115,116,117,118,119,120,121,122,123,124,125,126,127,128,129,130,131,132,133,134,135,136,137,138,139,140,141,142,143,144,145,146,147,148,149,150,151,152,153,154,155,156,157,158,159,160,161,162,163,164,165,166,167,168,169,170,171,172,173,174,175,176,177,178,179,180,181,182,183,184,185,186,187,188,189,190,191,192,193,194,195,196,197,198,199,200,201,202,203,204,205,206,207,208,209,210,211,212,213,214,215,216,217,218
   Exit      50000, E_minimum =    -238.18, E_running =    -237.42
   The average running energy, corresponding to H, is -235.951
   Step          0, E_minimum =    -237.42, E_running =    -237.42
0,1,2,3,4,5,6,7,8,9,10,11,12,13,14,18,20,21,22,23,24,25,27,28,29,30,31,32,33,34,35,36,37,38,39,40,41,42,43,44,45,46,47,48,49,50,51,52,53,54,55,56,57,58,59,60,61,62,63,64,65,66,67,68,69,70,71,72,73,74,75,76,77,78,79,80,81,82,83,84,85,86,87,88,89,90,91,92,93,94,95,96,97,98,99,100,101,102,103,104,105,106,107,108,109,110,111,112,113,114,115,116,117,118,119,120,121,122,123,124,125,126,127,128,129,130,131,132,133,134,135,136,137,138,139,140,141,142,143,144,145,146,147,148,149,150,151,152,153,154,155,156,157,158,159,160,161,162,163,164,165,166,167,168,169,170,171,172,173,174,175,176,177,178,179,180,181,182,183,184,185,186,187,188,189,190,191,192,193,194,195,196,197,198,199,200,201,202,203,204,205,206,207,208,209,210,211,212,213,214,215,216,217,218
   Exit      50000, E_minimum =    -238.18, E_running =    -237.42
   The average running energy, corresponding to H, is -236.135
   Step          0, E_minimum =    -237.42, E_running =    -237.42
0,1,2,3,4,5,6,7,8,9,10,11,12,13,14,18,20,21,22,23,24,25,27,28,29,30,31,32,33,34,35,36,37,38,39,40,41,42,43,44,45,46,47,48,49,50,51,52,53,54,55,56,57,58,59,60,61,62,63,64,65,66,67,68,69,70,71,72,73,74,75,76,77,78,79,80,81,82,83,84,85,86,87,88,89,90,91,92,93,94,95,96,97,98,99,100,101,102,103,104,105,106,107,108,109,110,111,112,113,114,115,116,117,118,119,120,121,122,123,124,125,126,127,128,129,130,131,132,133,134,135,136,137,138,139,140,141,142,143,144,145,146,147,148,149,150,151,152,153,154,155,156,157,158,159,160,161,162,163,164,165,166,167,168,169,170,171,172,173,174,175,176,177,178,179,180,181,182,183,184,185,186,187,188,189,190,191,192,193,194,195,196,197,198,199,200,201,202,203,204,205,206,207,208,209,210,211,212,213,214,215,216,217,218
   Exit      50000, E_minimum =    -238.18, E_running =    -237.42
   The average running energy, corresponding to H, is -236.486
   Step          0, E_minimum =    -237.42, E_running =    -237.42
0,1,2,3,4,5,6,7,8,9,10,11,12,13,14,18,19,21,22,23,24,25,27,28,29,30,31,32,33,34,35,36,37,38,39,40,41,42,43,44,45,46,47,48,49,50,51,52,53,54,55,56,57,58,59,60,61,62,63,64,65,66,67,68,69,70,71,72,73,74,75,76,77,78,79,80,81,82,83,84,85,86,87,88,89,90,91,92,93,94,95,96,97,98,99,100,101,102,103,104,105,106,107,108,109,110,111,112,113,114,115,116,117,118,119,120,121,122,123,124,125,126,127,128,129,130,131,132,133,134,135,136,137,138,139,140,141,142,143,144,145,146,147,148,149,150,151,152,153,154,155,156,157,158,159,160,161,162,163,164,165,166,167,168,169,170,171,172,173,174,175,176,177,178,179,180,181,182,183,184,185,186,187,188,189,190,191,192,193,194,195,196,197,198,199,200,201,202,203,204,205,206,207,208,209,210,211,212,213,214,215,216,217,218
   Exit      50000, E_minimum =    -238.18, E_running =    -238.18
   The average running energy, corresponding to H, is -236.809
   Step          0, E_minimum =    -238.18, E_running =    -238.18
0,1,2,3,4,5,6,7,8,9,10,11,12,13,14,18,20,21,22,23,24,25,27,28,29,30,31,32,33,34,35,36,37,38,39,40,41,42,43,44,45,46,47,48,49,50,51,52,53,54,55,56,57,58,59,60,61,62,63,64,65,66,67,68,69,70,71,72,73,74,75,76,77,78,79,80,81,82,83,84,85,86,87,88,89,90,91,92,93,94,95,96,97,98,99,100,101,102,103,104,105,106,107,108,109,110,111,112,113,114,115,116,117,118,119,120,121,122,123,124,125,126,127,128,129,130,131,132,133,134,135,136,137,138,139,140,141,142,143,144,145,146,147,148,149,150,151,152,153,154,155,156,157,158,159,160,161,162,163,164,165,166,167,168,169,170,171,172,173,174,175,176,177,178,179,180,181,182,183,184,185,186,187,188,189,190,191,192,193,194,195,196,197,198,199,200,201,202,203,204,205,206,207,208,209,210,211,212,213,214,215,216,217,218
   Exit      50000, E_minimum =    -238.18, E_running =    -237.42
   The average running energy, corresponding to H, is -237.099
   Step          0, E_minimum =    -237.42, E_running =    -237.42
0,1,2,3,4,5,6,7,8,9,10,11,12,13,14,18,19,21,22,23,24,25,27,28,29,30,31,32,33,34,35,36,37,38,39,40,41,42,43,44,45,46,47,48,49,50,51,52,53,54,55,56,57,58,59,60,61,62,63,64,65,66,67,68,69,70,71,72,73,74,75,76,77,78,79,80,81,82,83,84,85,86,87,88,89,90,91,92,93,94,95,96,97,98,99,100,101,102,103,104,105,106,107,108,109,110,111,112,113,114,115,116,117,118,119,120,121,122,123,124,125,126,127,128,129,130,131,132,133,134,135,136,137,138,139,140,141,142,143,144,145,146,147,148,149,150,151,152,153,154,155,156,157,158,159,160,161,162,163,164,165,166,167,168,169,170,171,172,173,174,175,176,177,178,179,180,181,182,183,184,185,186,187,188,189,190,191,192,193,194,195,196,197,198,199,200,201,202,203,204,205,206,207,208,209,210,211,212,213,214,215,216,217,218
   Exit      50000, E_minimum =    -238.18, E_running =    -238.18
   The average running energy, corresponding to H, is -238.005
Doing reduction:
   Step          0, E_minimum =    -238.18, E_running =    -238.18
0,1,2,3,4,5,6,7,8,9,10,11,12,13,14,18,19,21,22,23,24,25,27,28,29,30,31,32,33,34,35,36,37,38,39,40,41,42,43,44,45,46,47,48,49,50,51,52,53,54,55,56,57,58,59,60,61,62,63,64,65,66,67,68,69,70,71,72,73,74,75,76,77,78,79,80,81,82,83,84,85,86,87,88,89,90,91,92,93,94,95,96,97,98,99,100,101,102,103,104,105,106,107,108,109,110,111,112,113,114,115,116,117,118,119,120,121,122,123,124,125,126,127,128,129,130,131,132,133,134,135,136,137,138,139,140,141,142,143,144,145,146,147,148,149,150,151,152,153,154,155,156,157,158,159,160,161,162,163,164,165,166,167,168,169,170,171,172,173,174,175,176,177,178,179,180,181,182,183,184,185,186,187,188,189,190,191,192,193,194,195,196,197,198,199,200,201,202,203,204,205,206,207,208,209,210,211,212,213,214,215,216,217,218
   Exit      50000, E_minimum =    -238.18, E_running =    -238.18
   The average running energy, corresponding to H, is -238.006
   Step          0, E_minimum =    -237.42, E_running =    -237.42
0,1,2,3,4,5,6,7,8,9,10,11,12,13,14,18,20,21,22,23,24,25,27,28,29,30,31,32,33,34,35,36,37,38,39,40,41,42,43,44,45,46,47,48,49,50,51,52,53,54,55,56,57,58,59,60,61,62,63,64,65,66,67,68,69,70,71,72,73,74,75,76,77,78,79,80,81,82,83,84,85,86,87,88,89,90,91,92,93,94,95,96,97,98,99,100,101,102,103,104,105,106,107,108,109,110,111,112,113,114,115,116,117,118,119,120,121,122,123,124,125,126,127,128,129,130,131,132,133,134,135,136,137,138,139,140,141,142,143,144,145,146,147,148,149,150,151,152,153,154,155,156,157,158,159,160,161,162,163,164,165,166,167,168,169,170,171,172,173,174,175,176,177,178,179,180,181,182,183,184,185,186,187,188,189,190,191,192,193,194,195,196,197,198,199,200,201,202,203,204,205,206,207,208,209,210,211,212,213,214,215,216,217,218
   Exit      50000, E_minimum =    -238.17, E_running =    -237.42
   The average running energy, corresponding to H, is -238.004
Doing entropy sampling...
   Step          0, E_minimum =    -237.42, E_running =    -237.42
0,1,2,3,4,5,6,7,8,9,10,11,12,13,14,18,20,21,22,23,24,25,27,28,29,30,31,32,33,34,35,36,37,38,39,40,41,42,43,44,45,46,47,48,49,50,51,52,53,54,55,56,57,58,59,60,61,62,63,64,65,66,67,68,69,70,71,72,73,74,75,76,77,78,79,80,81,82,83,84,85,86,87,88,89,90,91,92,93,94,95,96,97,98,99,100,101,102,103,104,105,106,107,108,109,110,111,112,113,114,115,116,117,118,119,120,121,122,123,124,125,126,127,128,129,130,131,132,133,134,135,136,137,138,139,140,141,142,143,144,145,146,147,148,149,150,151,152,153,154,155,156,157,158,159,160,161,162,163,164,165,166,167,168,169,170,171,172,173,174,175,176,177,178,179,180,181,182,183,184,185,186,187,188,189,190,191,192,193,194,195,196,197,198,199,200,201,202,203,204,205,206,207,208,209,210,211,212,213,214,215,216,217,218
   Exit      50000, E_minimum =    -238.17, E_running =    -237.42
   The average running energy, corresponding to H, is -238.003
   Maximum entropy difference = 0.00
   End entropy sampling
Doing sampling:
Doing analytical solution because states 4 < threshhold 1000000
Doing annealing:
   Step          0, E_minimum =    -237.42, E_running =    -237.42
0,1,2,3,4,5,6,7,8,9,10,11,12,13,14,15,20,21,22,23,24,25,27,28,29,30,31,32,33,34,35,36,37,38,39,40,41,42,43,44,45,46,47,48,49,50,51,52,53,54,55,56,57,58,59,60,61,62,63,64,65,66,67,68,69,70,71,72,73,74,75,76,77,78,79,80,81,82,83,84,85,86,87,88,89,90,91,92,93,94,95,96,97,98,99,100,101,102,103,104,105,106,107,108,109,110,111,112,113,114,115,116,117,118,119,120,121,122,123,124,125,126,127,128,129,130,131,132,133,134,135,136,137,138,139,140,141,142,143,144,145,146,147,148,149,150,151,152,153,154,155,156,157,158,159,160,161,162,163,164,165,166,167,168,169,170,171,172,173,174,175,176,177,178,179,180,181,182,183,184,185,186,187,188,189,190,191,192,193,194,195,196,197,198,199,200,201,202,203,204,205,206,207,208,209,210,211,212,213,214,215,216,217,218
   Exit      50000, E_minimum =    -238.18, E_running =    -231.57
   The average running energy, corresponding to H, is -235.928
   Step          0, E_minimum =    -231.57, E_running =    -231.57
0,1,2,3,4,5,6,7,8,9,10,11,12,13,14,18,19,21,22,23,24,25,27,28,29,30,31,32,33,34,35,36,37,38,39,40,41,42,43,44,45,46,47,48,49,50,51,52,53,54,55,56,57,58,59,60,61,62,63,64,65,66,67,68,69,70,71,72,73,74,75,76,77,78,79,80,81,82,83,84,85,86,87,88,89,90,91,92,93,94,95,96,97,98,99,100,101,102,103,104,105,106,107,108,109,110,111,112,113,114,115,116,117,118,119,120,121,122,123,124,125,126,127,128,129,130,131,132,133,134,135,136,137,138,139,140,141,142,143,144,145,146,147,148,149,150,151,152,153,154,155,156,157,158,159,160,161,162,163,164,165,166,167,168,169,170,171,172,173,174,175,176,177,178,179,180,181,182,183,184,185,186,187,188,189,190,191,192,193,194,195,196,197,198,199,200,201,202,203,204,205,206,207,208,209,210,211,212,213,214,215,216,217,218
   Exit      50000, E_minimum =    -238.18, E_running =    -238.18
   The average running energy, corresponding to H, is -236.125
   Step          0, E_minimum =    -238.18, E_running =    -238.18
0,1,2,3,4,5,6,7,8,9,10,11,12,13,14,18,19,21,22,23,24,25,27,28,29,30,31,32,33,34,35,36,37,38,39,40,41,42,43,44,45,46,47,48,49,50,51,52,53,54,55,56,57,58,59,60,61,62,63,64,65,66,67,68,69,70,71,72,73,74,75,76,77,78,79,80,81,82,83,84,85,86,87,88,89,90,91,92,93,94,95,96,97,98,99,100,101,102,103,104,105,106,107,108,109,110,111,112,113,114,115,116,117,118,119,120,121,122,123,124,125,126,127,128,129,130,131,132,133,134,135,136,137,138,139,140,141,142,143,144,145,146,147,148,149,150,151,152,153,154,155,156,157,158,159,160,161,162,163,164,165,166,167,168,169,170,171,172,173,174,175,176,177,178,179,180,181,182,183,184,185,186,187,188,189,190,191,192,193,194,195,196,197,198,199,200,201,202,203,204,205,206,207,208,209,210,211,212,213,214,215,216,217,218
   Exit      50000, E_minimum =    -238.18, E_running =    -238.18
   The average running energy, corresponding to H, is -236.487
   Step          0, E_minimum =    -238.18, E_running =    -238.18
0,1,2,3,4,5,6,7,8,9,10,11,12,13,14,18,20,21,22,23,24,26,27,28,29,30,31,32,33,34,35,36,37,38,39,40,41,42,43,44,45,46,47,48,49,50,51,52,53,54,55,56,57,58,59,60,61,62,63,64,65,66,67,68,69,70,71,72,73,74,75,76,77,78,79,80,81,82,83,84,85,86,87,88,89,90,91,92,93,94,95,96,97,98,99,100,101,102,103,104,105,106,107,108,109,110,111,112,113,114,115,116,117,118,119,120,121,122,123,124,125,126,127,128,129,130,131,132,133,134,135,136,137,138,139,140,141,142,143,144,145,146,147,148,149,150,151,152,153,154,155,156,157,158,159,160,161,162,163,164,165,166,167,168,169,170,171,172,173,174,175,176,177,178,179,180,181,182,183,184,185,186,187,188,189,190,191,192,193,194,195,196,197,198,199,200,201,202,203,204,205,206,207,208,209,210,211,212,213,214,215,216,217,218
   Exit      50000, E_minimum =    -238.18, E_running =    -233.72
   The average running energy, corresponding to H, is -236.784
   Step          0, E_minimum =    -233.72, E_running =    -233.72
0,1,2,3,4,5,6,7,8,9,10,11,12,13,14,18,20,21,22,23,24,25,27,28,29,30,31,32,33,34,35,36,37,38,39,40,41,42,43,44,45,46,47,48,49,50,51,52,53,54,55,56,57,58,59,60,61,62,63,64,65,66,67,68,69,70,71,72,73,74,75,76,77,78,79,80,81,82,83,84,85,86,87,88,89,90,91,92,93,94,95,96,97,98,99,100,101,102,103,104,105,106,107,108,109,110,111,112,113,114,115,116,117,118,119,120,121,122,123,124,125,126,127,128,129,130,131,132,133,134,135,136,137,138,139,140,141,142,143,144,145,146,147,148,149,150,151,152,153,154,155,156,157,158,159,160,161,162,163,164,165,166,167,168,169,170,171,172,173,174,175,176,177,178,179,180,181,182,183,184,185,186,187,188,189,190,191,192,193,194,195,196,197,198,199,200,201,202,203,204,205,206,207,208,209,210,211,212,213,214,215,216,217,218
   Exit      50000, E_minimum =    -238.18, E_running =    -237.42
   The average running energy, corresponding to H, is -237.039
   Step          0, E_minimum =    -237.42, E_running =    -237.42
0,1,2,3,4,5,6,7,8,9,10,11,12,13,14,18,19,21,22,23,24,25,27,28,29,30,31,32,33,34,35,36,37,38,39,40,41,42,43,44,45,46,47,48,49,50,51,52,53,54,55,56,57,58,59,60,61,62,63,64,65,66,67,68,69,70,71,72,73,74,75,76,77,78,79,80,81,82,83,84,85,86,87,88,89,90,91,92,93,94,95,96,97,98,99,100,101,102,103,104,105,106,107,108,109,110,111,112,113,114,115,116,117,118,119,120,121,122,123,124,125,126,127,128,129,130,131,132,133,134,135,136,137,138,139,140,141,142,143,144,145,146,147,148,149,150,151,152,153,154,155,156,157,158,159,160,161,162,163,164,165,166,167,168,169,170,171,172,173,174,175,176,177,178,179,180,181,182,183,184,185,186,187,188,189,190,191,192,193,194,195,196,197,198,199,200,201,202,203,204,205,206,207,208,209,210,211,212,213,214,215,216,217,218
   Exit      50000, E_minimum =    -238.18, E_running =    -238.18
   The average running energy, corresponding to H, is -238.004
Doing reduction:
   Step          0, E_minimum =    -238.18, E_running =    -238.18
0,1,2,3,4,5,6,7,8,9,10,11,12,13,14,18,19,21,22,23,24,25,27,28,29,30,31,32,33,34,35,36,37,38,39,40,41,42,43,44,45,46,47,48,49,50,51,52,53,54,55,56,57,58,59,60,61,62,63,64,65,66,67,68,69,70,71,72,73,74,75,76,77,78,79,80,81,82,83,84,85,86,87,88,89,90,91,92,93,94,95,96,97,98,99,100,101,102,103,104,105,106,107,108,109,110,111,112,113,114,115,116,117,118,119,120,121,122,123,124,125,126,127,128,129,130,131,132,133,134,135,136,137,138,139,140,141,142,143,144,145,146,147,148,149,150,151,152,153,154,155,156,157,158,159,160,161,162,163,164,165,166,167,168,169,170,171,172,173,174,175,176,177,178,179,180,181,182,183,184,185,186,187,188,189,190,191,192,193,194,195,196,197,198,199,200,201,202,203,204,205,206,207,208,209,210,211,212,213,214,215,216,217,218
   Exit      50000, E_minimum =    -238.18, E_running =    -238.18
   The average running energy, corresponding to H, is -237.999
   Step          0, E_minimum =    -237.42, E_running =    -237.42
0,1,2,3,4,5,6,7,8,9,10,11,12,13,14,15,16,18,19,21,22,23,24,25,27,28,29,30,31,32,33,34,35,36,37,38,39,40,41,42,43,44,45,46,47,48,49,50,51,52,53,54,55,56,57,58,59,60,61,62,63,64,65,66,67,68,69,70,71,72,73,74,75,76,77,78,79,80,81,82,83,84,85,86,87,88,89,90,91,92,93,94,95,96,97,98,99,100,101,102,103,104,105,106,107,108,109,110,111,112,113,114,115,116,117,118,119,120,121,122,123,124,125,126,127,128,129,130,131,132,133,134,135,136,137,138,139,140,141,142,143,144,145,146,147,148,149,150,151,152,153,154,155,156,157,158,159,160,161,162,163,164,165,166,167,168,169,170,171,172,173,174,175,176,177,178,179,180,181,182,183,184,185,186,187,188,189,190,191,192,193,194,195,196,197,198,199,200,201,202,203,204,205,206,207,208,209,210,211,212,213,214,215,216,217,218
   Exit      50000, E_minimum =    -238.18, E_running =    -238.18
   The average running energy, corresponding to H, is -238.010
Doing entropy sampling...
   Step          0, E_minimum =    -238.18, E_running =    -238.18
0,1,2,3,4,5,6,7,8,9,10,11,12,13,14,15,16,18,20,21,22,23,24,25,27,28,29,30,31,32,33,34,35,36,37,38,39,40,41,42,43,44,45,46,47,48,49,50,51,52,53,54,55,56,57,58,59,60,61,62,63,64,65,66,67,68,69,70,71,72,73,74,75,76,77,78,79,80,81,82,83,84,85,86,87,88,89,90,91,92,93,94,95,96,97,98,99,100,101,102,103,104,105,106,107,108,109,110,111,112,113,114,115,116,117,118,119,120,121,122,123,124,125,126,127,128,129,130,131,132,133,134,135,136,137,138,139,140,141,142,143,144,145,146,147,148,149,150,151,152,153,154,155,156,157,158,159,160,161,162,163,164,165,166,167,168,169,170,171,172,173,174,175,176,177,178,179,180,181,182,183,184,185,186,187,188,189,190,191,192,193,194,195,196,197,198,199,200,201,202,203,204,205,206,207,208,209,210,211,212,213,214,215,216,217,218
   Exit      50000, E_minimum =    -238.18, E_running =    -237.42
   The average running energy, corresponding to H, is -237.999
   Maximum entropy difference = 0.01
   End entropy sampling
Doing sampling:
Doing analytical solution because states 8 < threshhold 1000000
Doing annealing:
   Step          0, E_minimum =    -228.82, E_running =    -228.82
0,1,2,3,4,5,6,7,8,9,10,11,12,13,14,17,19,21,22,23,24,25,27,28,29,30,31,32,33,34,35,36,37,38,39,40,41,42,43,44,45,46,47,48,49,50,51,52,53,54,55,56,57,58,59,60,61,62,63,64,65,66,67,68,69,70,71,72,73,74,75,76,77,78,79,80,81,82,83,84,85,86,87,88,89,90,91,92,93,94,95,96,97,98,99,100,101,102,103,104,105,106,107,108,109,110,111,112,113,114,115,116,117,118,119,120,121,122,123,124,125,126,127,128,129,130,131,132,133,134,135,136,137,138,139,140,141,142,143,144,145,146,147,148,149,150,151,152,153,154,155,156,157,158,159,160,161,162,163,164,165,166,167,168,169,170,171,172,173,174,175,176,177,178,179,180,181,182,183,184,185,186,187,188,189,190,191,192,193,194,195,196,197,198,199,200,201,202,203,204,205,206,207,208,209,210,211,212,213,214,215,216,217,218
   Exit      50000, E_minimum =    -238.17, E_running =    -233.14
   The average running energy, corresponding to H, is -235.888
   Step          0, E_minimum =    -233.14, E_running =    -233.14
0,1,2,3,4,5,6,7,8,9,10,11,12,13,14,18,19,21,22,23,24,25,27,28,29,30,31,32,33,34,35,36,37,38,39,40,41,42,43,44,45,46,47,48,49,50,51,52,53,54,55,56,57,58,59,60,61,62,63,64,65,66,67,68,69,70,71,72,73,74,75,76,77,78,79,80,81,82,83,84,85,86,87,88,89,90,91,92,93,94,95,96,97,98,99,100,101,102,103,104,105,106,107,108,109,110,111,112,113,114,115,116,117,118,119,120,121,122,123,124,125,126,127,128,129,130,131,132,133,134,135,136,137,138,139,140,141,142,143,144,145,146,147,148,149,150,151,152,153,154,155,156,157,158,159,160,161,162,163,164,165,166,167,168,169,170,171,172,173,174,175,176,177,178,179,180,181,182,183,184,185,186,187,188,189,190,191,192,193,194,195,196,197,198,199,200,201,202,203,204,205,206,207,208,209,210,211,212,213,214,215,216,217,218
   Exit      50000, E_minimum =    -238.17, E_running =    -238.17
   The average running energy, corresponding to H, is -236.164
   Step          0, E_minimum =    -238.17, E_running =    -238.17
0,1,2,3,4,5,6,7,8,9,10,11,12,13,14,18,20,21,22,23,24,25,27,28,29,30,31,32,33,34,35,36,37,38,39,40,41,42,43,44,45,46,47,48,49,50,51,52,53,54,55,56,57,58,59,60,61,62,63,64,65,66,67,68,69,70,71,72,73,74,75,76,77,78,79,80,81,82,83,84,85,86,87,88,89,90,91,92,93,94,95,96,97,98,99,100,101,102,103,104,105,106,107,108,109,110,111,112,113,114,115,116,117,118,119,120,121,122,123,124,125,126,127,128,129,130,131,132,133,134,135,136,137,138,139,140,141,142,143,144,145,146,147,148,149,150,151,152,153,154,155,156,157,158,159,160,161,162,163,164,165,166,167,168,169,170,171,172,173,174,175,176,177,178,179,180,181,182,183,184,185,186,187,188,189,190,191,192,193,194,195,196,197,198,199,200,201,202,203,204,205,206,207,208,209,210,211,212,213,214,215,216,217,218
   Exit      50000, E_minimum =    -238.17, E_running =    -237.42
   The average running energy, corresponding to H, is -236.571
   Step          0, E_minimum =    -237.42, E_running =    -237.42
0,1,2,3,4,5,6,7,8,9,10,11,12,13,14,17,20,21,22,23,24,25,27,28,29,30,31,32,33,34,35,36,37,38,39,40,41,42,43,44,45,46,47,48,49,50,51,52,53,54,55,56,57,58,59,60,61,62,63,64,65,66,67,68,69,70,71,72,73,74,75,76,77,78,79,80,81,82,83,84,85,86,87,88,89,90,91,92,93,94,95,96,97,98,99,100,101,102,103,104,105,106,107,108,109,110,111,112,113,114,115,116,117,118,119,120,121,122,123,124,125,126,127,128,129,130,131,132,133,134,135,136,137,138,139,140,141,142,143,144,145,146,147,148,149,150,151,152,153,154,155,156,157,158,159,160,161,162,163,164,165,166,167,168,169,170,171,172,173,174,175,176,177,178,179,180,181,182,183,184,185,186,187,188,189,190,191,192,193,194,195,196,197,198,199,200,201,202,203,204,205,206,207,208,209,210,211,212,213,214,215,216,217,218
   Exit      50000, E_minimum =    -238.17, E_running =    -232.39
   The average running energy, corresponding to H, is -236.761
   Step          0, E_minimum =    -232.39, E_running =    -232.39
0,1,2,3,4,5,6,7,8,9,10,11,12,13,14,17,20,21,22,23,24,25,27,28,29,30,31,32,33,34,35,36,37,38,39,40,41,42,43,44,45,46,47,48,49,50,51,52,53,54,55,56,57,58,59,60,61,62,63,64,65,66,67,68,69,70,71,72,73,74,75,76,77,78,79,80,81,82,83,84,85,86,87,88,89,90,91,92,93,94,95,96,97,98,99,100,101,102,103,104,105,106,107,108,109,110,111,112,113,114,115,116,117,118,119,120,121,122,123,124,125,126,127,128,129,130,131,132,133,134,135,136,137,138,139,140,141,142,143,144,145,146,147,148,149,150,151,152,153,154,155,156,157,158,159,160,161,162,163,164,165,166,167,168,169,170,171,172,173,174,175,176,177,178,179,180,181,182,183,184,185,186,187,188,189,190,191,192,193,194,195,196,197,198,199,200,201,202,203,204,205,206,207,208,209,210,211,212,213,214,215,216,217,218
   Exit      50000, E_minimum =    -238.17, E_running =    -232.39
   The average running energy, corresponding to H, is -237.033
   Step          0, E_minimum =    -232.39, E_running =    -232.39
0,1,2,3,4,5,6,7,8,9,10,11,12,13,14,18,19,21,22,23,24,25,27,28,29,30,31,32,33,34,35,36,37,38,39,40,41,42,43,44,45,46,47,48,49,50,51,52,53,54,55,56,57,58,59,60,61,62,63,64,65,66,67,68,69,70,71,72,73,74,75,76,77,78,79,80,81,82,83,84,85,86,87,88,89,90,91,92,93,94,95,96,97,98,99,100,101,102,103,104,105,106,107,108,109,110,111,112,113,114,115,116,117,118,119,120,121,122,123,124,125,126,127,128,129,130,131,132,133,134,135,136,137,138,139,140,141,142,143,144,145,146,147,148,149,150,151,152,153,154,155,156,157,158,159,160,161,162,163,164,165,166,167,168,169,170,171,172,173,174,175,176,177,178,179,180,181,182,183,184,185,186,187,188,189,190,191,192,193,194,195,196,197,198,199,200,201,202,203,204,205,206,207,208,209,210,211,212,213,214,215,216,217,218
   Exit      50000, E_minimum =    -238.17, E_running =    -238.17
   The average running energy, corresponding to H, is -237.990
Doing reduction:
   Step          0, E_minimum =    -238.17, E_running =    -238.17
0,1,2,3,4,5,6,7,8,9,10,11,12,13,14,18,19,21,22,23,24,25,27,28,29,30,31,32,33,34,35,36,37,38,39,40,41,42,43,44,45,46,47,48,49,50,51,52,53,54,55,56,57,58,59,60,61,62,63,64,65,66,67,68,69,70,71,72,73,74,75,76,77,78,79,80,81,82,83,84,85,86,87,88,89,90,91,92,93,94,95,96,97,98,99,100,101,102,103,104,105,106,107,108,109,110,111,112,113,114,115,116,117,118,119,120,121,122,123,124,125,126,127,128,129,130,131,132,133,134,135,136,137,138,139,140,141,142,143,144,145,146,147,148,149,150,151,152,153,154,155,156,157,158,159,160,161,162,163,164,165,166,167,168,169,170,171,172,173,174,175,176,177,178,179,180,181,182,183,184,185,186,187,188,189,190,191,192,193,194,195,196,197,198,199,200,201,202,203,204,205,206,207,208,209,210,211,212,213,214,215,216,217,218
   Exit      50000, E_minimum =    -238.17, E_running =    -238.17
   The average running energy, corresponding to H, is -238.002
   Step          0, E_minimum =    -234.47, E_running =    -234.47
0,1,2,3,4,5,6,7,8,9,10,11,12,13,14,18,20,21,22,23,24,25,27,28,29,30,31,32,33,34,35,36,37,38,39,40,41,42,43,44,45,46,47,48,49,50,51,52,53,54,55,56,57,58,59,60,61,62,63,64,65,66,67,68,69,70,71,72,73,74,75,76,77,78,79,80,81,82,83,84,85,86,87,88,89,90,91,92,93,94,95,96,97,98,99,100,101,102,103,104,105,106,107,108,109,110,111,112,113,114,115,116,117,118,119,120,121,122,123,124,125,126,127,128,129,130,131,132,133,134,135,136,137,138,139,140,141,142,143,144,145,146,147,148,149,150,151,152,153,154,155,156,157,158,159,160,161,162,163,164,165,166,167,168,169,170,171,172,173,174,175,176,177,178,179,180,181,182,183,184,185,186,187,188,189,190,191,192,193,194,195,196,197,198,199,200,201,202,203,204,205,206,207,208,209,210,211,212,213,214,215,216,217,218
   Exit      50000, E_minimum =    -238.18, E_running =    -237.42
   The average running energy, corresponding to H, is -238.008
Doing entropy sampling...
   Step          0, E_minimum =    -237.42, E_running =    -237.42
0,1,2,3,4,5,6,7,8,9,10,11,12,13,14,18,19,21,22,23,24,25,27,28,29,30,31,32,33,34,35,36,37,38,39,40,41,42,43,44,45,46,47,48,49,50,51,52,53,54,55,56,57,58,59,60,61,62,63,64,65,66,67,68,69,70,71,72,73,74,75,76,77,78,79,80,81,82,83,84,85,86,87,88,89,90,91,92,93,94,95,96,97,98,99,100,101,102,103,104,105,106,107,108,109,110,111,112,113,114,115,116,117,118,119,120,121,122,123,124,125,126,127,128,129,130,131,132,133,134,135,136,137,138,139,140,141,142,143,144,145,146,147,148,149,150,151,152,153,154,155,156,157,158,159,160,161,162,163,164,165,166,167,168,169,170,171,172,173,174,175,176,177,178,179,180,181,182,183,184,185,186,187,188,189,190,191,192,193,194,195,196,197,198,199,200,201,202,203,204,205,206,207,208,209,210,211,212,213,214,215,216,217,218
   Exit      50000, E_minimum =    -238.18, E_running =    -238.18
   The average running energy, corresponding to H, is -238.003
   Maximum entropy difference = 0.00
   End entropy sampling
Doing sampling:
Doing analytical solution because states 4 < threshhold 1000000
Doing annealing:
   Step          0, E_minimum =    -232.32, E_running =    -232.32
0,1,2,3,4,5,6,7,8,9,10,11,12,13,14,18,20,21,22,23,24,25,27,28,29,30,31,32,33,34,35,36,37,38,39,40,41,42,43,44,45,46,47,48,49,50,51,52,53,54,55,56,57,58,59,60,61,62,63,64,65,66,67,68,69,70,71,72,73,74,75,76,77,78,79,80,81,82,83,84,85,86,87,88,89,90,91,92,93,94,95,96,97,98,99,100,101,102,103,104,105,106,107,108,109,110,111,112,113,114,115,116,117,118,119,120,121,122,123,124,125,126,127,128,129,130,131,132,133,134,135,136,137,138,139,140,141,142,143,144,145,146,147,148,149,150,151,152,153,154,155,156,157,158,159,160,161,162,163,164,165,166,167,168,169,170,171,172,173,174,175,176,177,178,179,180,181,182,183,184,185,186,187,188,189,190,191,192,193,194,195,196,197,198,199,200,201,202,203,204,205,206,207,208,209,210,211,212,213,214,215,216,217,218
   Exit      50000, E_minimum =    -238.17, E_running =    -237.42
   The average running energy, corresponding to H, is -235.910
   Step          0, E_minimum =    -237.42, E_running =    -237.42
0,1,2,3,4,5,6,7,8,9,10,11,12,13,14,18,20,21,22,23,24,26,27,28,29,30,31,32,33,34,35,36,37,38,39,40,41,42,43,44,45,46,47,48,49,50,51,52,53,54,55,56,57,58,59,60,61,62,63,64,65,66,67,68,69,70,71,72,73,74,75,76,77,78,79,80,81,82,83,84,85,86,87,88,89,90,91,92,93,94,95,96,97,98,99,100,101,102,103,104,105,106,107,108,109,110,111,112,113,114,115,116,117,118,119,120,121,122,123,124,125,126,127,128,129,130,131,132,133,134,135,136,137,138,139,140,141,142,143,144,145,146,147,148,149,150,151,152,153,154,155,156,157,158,159,160,161,162,163,164,165,166,167,168,169,170,171,172,173,174,175,176,177,178,179,180,181,182,183,184,185,186,187,188,189,190,191,192,193,194,195,196,197,198,199,200,201,202,203,204,205,206,207,208,209,210,211,212,213,214,215,216,217,218
   Exit      50000, E_minimum =    -238.17, E_running =    -233.72
   The average running energy, corresponding to H, is -236.181
   Step          0, E_minimum =    -233.72, E_running =    -233.72
0,1,2,3,4,5,6,7,8,9,10,11,12,13,14,18,20,21,22,23,24,25,27,28,29,30,31,32,33,34,35,36,37,38,39,40,41,42,43,44,45,46,47,48,49,50,51,52,53,54,55,56,57,58,59,60,61,62,63,64,65,66,67,68,69,70,71,72,73,74,75,76,77,78,79,80,81,82,83,84,85,86,87,88,89,90,91,92,93,94,95,96,97,98,99,100,101,102,103,104,105,106,107,108,109,110,111,112,113,114,115,116,117,118,119,120,121,122,123,124,125,126,127,128,129,130,131,132,133,134,135,136,137,138,139,140,141,142,143,144,145,146,147,148,149,150,151,152,153,154,155,156,157,158,159,160,161,162,163,164,165,166,167,168,169,170,171,172,173,174,175,176,177,178,179,180,181,182,183,184,185,186,187,188,189,190,191,192,193,194,195,196,197,198,199,200,201,202,203,204,205,206,207,208,209,210,211,212,213,214,215,216,217,218
   Exit      50000, E_minimum =    -238.17, E_running =    -237.42
   The average running energy, corresponding to H, is -236.457
   Step          0, E_minimum =    -237.42, E_running =    -237.42
0,1,2,3,4,5,6,7,8,9,10,11,12,13,14,18,19,21,22,23,24,26,27,28,29,30,31,32,33,34,35,36,37,38,39,40,41,42,43,44,45,46,47,48,49,50,51,52,53,54,55,56,57,58,59,60,61,62,63,64,65,66,67,68,69,70,71,72,73,74,75,76,77,78,79,80,81,82,83,84,85,86,87,88,89,90,91,92,93,94,95,96,97,98,99,100,101,102,103,104,105,106,107,108,109,110,111,112,113,114,115,116,117,118,119,120,121,122,123,124,125,126,127,128,129,130,131,132,133,134,135,136,137,138,139,140,141,142,143,144,145,146,147,148,149,150,151,152,153,154,155,156,157,158,159,160,161,162,163,164,165,166,167,168,169,170,171,172,173,174,175,176,177,178,179,180,181,182,183,184,185,186,187,188,189,190,191,192,193,194,195,196,197,198,199,200,201,202,203,204,205,206,207,208,209,210,211,212,213,214,215,216,217,218
   Exit      50000, E_minimum =    -238.17, E_running =    -234.47
   The average running energy, corresponding to H, is -236.762
   Step          0, E_minimum =    -234.47, E_running =    -234.47
0,1,2,3,4,5,6,7,8,9,10,11,12,13,14,18,19,21,22,23,24,25,27,28,29,30,31,32,33,34,35,36,37,38,39,40,41,42,43,44,45,46,47,48,49,50,51,52,53,54,55,56,57,58,59,60,61,62,63,64,65,66,67,68,69,70,71,72,73,74,75,76,77,78,79,80,81,82,83,84,85,86,87,88,89,90,91,92,93,94,95,96,97,98,99,100,101,102,103,104,105,106,107,108,109,110,111,112,113,114,115,116,117,118,119,120,121,122,123,124,125,126,127,128,129,130,131,132,133,134,135,136,137,138,139,140,141,142,143,144,145,146,147,148,149,150,151,152,153,154,155,156,157,158,159,160,161,162,163,164,165,166,167,168,169,170,171,172,173,174,175,176,177,178,179,180,181,182,183,184,185,186,187,188,189,190,191,192,193,194,195,196,197,198,199,200,201,202,203,204,205,206,207,208,209,210,211,212,213,214,215,216,217,218
   Exit      50000, E_minimum =    -238.17, E_running =    -238.17
   The average running energy, corresponding to H, is -237.071
   Step          0, E_minimum =    -238.17, E_running =    -238.17
0,1,2,3,4,5,6,7,8,9,10,11,12,13,14,18,19,21,22,23,24,25,27,28,29,30,31,32,33,34,35,36,37,38,39,40,41,42,43,44,45,46,47,48,49,50,51,52,53,54,55,56,57,58,59,60,61,62,63,64,65,66,67,68,69,70,71,72,73,74,75,76,77,78,79,80,81,82,83,84,85,86,87,88,89,90,91,92,93,94,95,96,97,98,99,100,101,102,103,104,105,106,107,108,109,110,111,112,113,114,115,116,117,118,119,120,121,122,123,124,125,126,127,128,129,130,131,132,133,134,135,136,137,138,139,140,141,142,143,144,145,146,147,148,149,150,151,152,153,154,155,156,157,158,159,160,161,162,163,164,165,166,167,168,169,170,171,172,173,174,175,176,177,178,179,180,181,182,183,184,185,186,187,188,189,190,191,192,193,194,195,196,197,198,199,200,201,202,203,204,205,206,207,208,209,210,211,212,213,214,215,216,217,218
   Exit      50000, E_minimum =    -238.17, E_running =    -238.17
   The average running energy, corresponding to H, is -237.996
Doing reduction:
   Step          0, E_minimum =    -238.17, E_running =    -238.17
0,1,2,3,4,5,6,7,8,9,10,11,12,13,14,18,20,21,22,23,24,25,27,28,29,30,31,32,33,34,35,36,37,38,39,40,41,42,43,44,45,46,47,48,49,50,51,52,53,54,55,56,57,58,59,60,61,62,63,64,65,66,67,68,69,70,71,72,73,74,75,76,77,78,79,80,81,82,83,84,85,86,87,88,89,90,91,92,93,94,95,96,97,98,99,100,101,102,103,104,105,106,107,108,109,110,111,112,113,114,115,116,117,118,119,120,121,122,123,124,125,126,127,128,129,130,131,132,133,134,135,136,137,138,139,140,141,142,143,144,145,146,147,148,149,150,151,152,153,154,155,156,157,158,159,160,161,162,163,164,165,166,167,168,169,170,171,172,173,174,175,176,177,178,179,180,181,182,183,184,185,186,187,188,189,190,191,192,193,194,195,196,197,198,199,200,201,202,203,204,205,206,207,208,209,210,211,212,213,214,215,216,217,218
   Exit      50000, E_minimum =    -238.17, E_running =    -237.42
   The average running energy, corresponding to H, is -237.996
   Step          0, E_minimum =    -233.72, E_running =    -233.72
0,1,2,3,4,5,6,7,8,9,10,11,12,13,14,18,20,21,22,23,24,25,27,28,29,30,31,32,33,34,35,36,37,38,39,40,41,42,43,44,45,46,47,48,49,50,51,52,53,54,55,56,57,58,59,60,61,62,63,64,65,66,67,68,69,70,71,72,73,74,75,76,77,78,79,80,81,82,83,84,85,86,87,88,89,90,91,92,93,94,95,96,97,98,99,100,101,102,103,104,105,106,107,108,109,110,111,112,113,114,115,116,117,118,119,120,121,122,123,124,125,126,127,128,129,130,131,132,133,134,135,136,137,138,139,140,141,142,143,144,145,146,147,148,149,150,151,152,153,154,155,156,157,158,159,160,161,162,163,164,165,166,167,168,169,170,171,172,173,174,175,176,177,178,179,180,181,182,183,184,185,186,187,188,189,190,191,192,193,194,195,196,197,198,199,200,201,202,203,204,205,206,207,208,209,210,211,212,213,214,215,216,217,218
   Exit      50000, E_minimum =    -238.18, E_running =    -237.42
   The average running energy, corresponding to H, is -238.003
Doing entropy sampling...
   Step          0, E_minimum =    -237.42, E_running =    -237.42
0,1,2,3,4,5,6,7,8,9,10,11,12,13,14,18,20,21,22,23,24,25,27,28,29,30,31,32,33,34,35,36,37,38,39,40,41,42,43,44,45,46,47,48,49,50,51,52,53,54,55,56,57,58,59,60,61,62,63,64,65,66,67,68,69,70,71,72,73,74,75,76,77,78,79,80,81,82,83,84,85,86,87,88,89,90,91,92,93,94,95,96,97,98,99,100,101,102,103,104,105,106,107,108,109,110,111,112,113,114,115,116,117,118,119,120,121,122,123,124,125,126,127,128,129,130,131,132,133,134,135,136,137,138,139,140,141,142,143,144,145,146,147,148,149,150,151,152,153,154,155,156,157,158,159,160,161,162,163,164,165,166,167,168,169,170,171,172,173,174,175,176,177,178,179,180,181,182,183,184,185,186,187,188,189,190,191,192,193,194,195,196,197,198,199,200,201,202,203,204,205,206,207,208,209,210,211,212,213,214,215,216,217,218
   Exit      50000, E_minimum =    -238.18, E_running =    -237.42
   The average running energy, corresponding to H, is -237.999
   Maximum entropy difference = 0.00
   End entropy sampling
Doing sampling:
Doing analytical solution because states 4 < threshhold 1000000
Standard deviation in independent runs:
   NTR01A0003_001 0.04 0.04 0.04 0.04 0.04 0.04 stdev =  0.000
   NTR+1A0003_002 0.96 0.96 0.96 0.96 0.96 0.96 stdev =  0.000
   VAL01A0003_001 1.00 1.00 1.00 1.00 1.00 1.00 stdev =  0.000
   ILE01A0004_001 1.00 1.00 1.00 1.00 1.00 1.00 stdev =  0.000
   ASN01A0005_001 1.00 1.00 1.00 1.00 1.00 1.00 stdev =  0.000
   THR01A0006_001 0.00 0.00 0.00 0.00 0.00 0.00 stdev =  0.000
   THR01A0006_002 1.00 1.00 1.00 1.00 1.00 1.00 stdev =  0.000
   PHE01A0007_001 1.00 1.00 1.00 1.00 1.00 1.00 stdev =  0.000
   ASP01A0008_001 0.00 0.00 0.00 0.00 0.00 0.00 stdev =  0.000
   ASP01A0008_002 0.01 0.01 0.01 0.01 0.01 0.01 stdev =  0.000
   ASP01A0008_003 0.00 0.00 0.00 0.00 0.00 0.00 stdev =  0.000
   ASP02A0008_004 0.00 0.00 0.00 0.00 0.00 0.00 stdev =  0.000
   ASP-1A0008_005 0.99 0.99 0.99 0.99 0.99 0.99 stdev =  0.000
   VAL01A0010_001 1.00 1.00 1.00 1.00 1.00 1.00 stdev =  0.000
   ALA01A0011_001 1.00 1.00 1.00 1.00 1.00 1.00 stdev =  0.000
   ASP01A0012_001 0.00 0.00 0.00 0.00 0.00 0.00 stdev =  0.000
   ASP01A0012_002 0.00 0.00 0.00 0.00 0.00 0.00 stdev =  0.000
   ASP02A0012_003 0.00 0.00 0.00 0.00 0.00 0.00 stdev =  0.000
   ASP-1A0012_004 1.00 1.00 1.00 1.00 1.00 1.00 stdev =  0.000
   TYR01A0013_001 0.78 0.78 0.78 0.78 0.78 0.78 stdev =  0.000
   TYR01A0013_002 0.22 0.22 0.22 0.22 0.22 0.22 stdev =  0.000
   TYR-1A0013_003 0.00 0.00 0.00 0.00 0.00 0.00 stdev =  0.000
   LEU01A0014_001 1.00 1.00 1.00 1.00 1.00 1.00 stdev =  0.000
   GLN01A0015_001 1.00 1.00 1.00 1.00 1.00 1.00 stdev =  0.000
   THR01A0016_001 1.00 1.00 1.00 1.00 1.00 1.00 stdev =  0.000
   TYR01A0017_001 1.00 1.00 1.00 1.00 1.00 1.00 stdev =  0.000
   TYR-1A0017_002 0.00 0.00 0.00 0.00 0.00 0.00 stdev =  0.000
   HIS01A0018_001 1.00 1.00 1.00 1.00 1.00 1.00 stdev =  0.000
   HIS02A0018_002 0.00 0.00 0.00 0.00 0.00 0.00 stdev =  0.000
   HIS+1A0018_003 0.00 0.00 0.00 0.00 0.00 0.00 stdev =  0.000
   LYS01A0019_001 0.00 0.00 0.00 0.00 0.00 0.00 stdev =  0.000
   LYS+1A0019_002 1.00 1.00 1.00 1.00 1.00 1.00 stdev =  0.000
   LEU01A0020_001 1.00 1.00 1.00 1.00 1.00 1.00 stdev =  0.000
   PRO01A0021_001 1.00 1.00 1.00 1.00 1.00 1.00 stdev =  0.000
   ASP01A0022_001 0.00 0.00 0.00 0.00 0.00 0.00 stdev =  0.000
   ASP02A0022_002 0.00 0.00 0.00 0.00 0.00 0.00 stdev =  0.000
   ASP-1A0022_003 1.00 1.00 1.00 1.00 1.00 1.00 stdev =  0.000
   ASN01A0023_001 1.00 1.00 1.00 1.00 1.00 1.00 stdev =  0.000
   TYR01A0024_001 0.95 0.95 0.95 0.95 0.95 0.95 stdev =  0.000
   TYR01A0024_002 0.05 0.05 0.05 0.05 0.05 0.05 stdev =  0.000
   TYR-1A0024_003 0.00 0.00 0.00 0.00 0.00 0.00 stdev =  0.000
   ILE01A0025_001 1.00 1.00 1.00 1.00 1.00 1.00 stdev =  0.000
   THR01A0026_001 0.00 0.00 0.00 0.00 0.00 0.00 stdev =  0.000
   THR01A0026_002 0.82 0.82 0.82 0.82 0.82 0.82 stdev =  0.000
   THR01A0026_003 0.18 0.18 0.18 0.18 0.18 0.18 stdev =  0.000
   LYS01A0027_001 0.00 0.00 0.00 0.00 0.00 0.00 stdev =  0.000
   LYS+1A0027_002 1.00 1.00 1.00 1.00 1.00 1.00 stdev =  0.000
   SER01A0028_001 1.00 1.00 1.00 1.00 1.00 1.00 stdev =  0.000
   GLU01A0029_001 0.00 0.00 0.00 0.00 0.00 0.00 stdev =  0.000
   GLU01A0029_002 0.00 0.00 0.00 0.00 0.00 0.00 stdev =  0.000
   GLU02A0029_003 0.00 0.00 0.00 0.00 0.00 0.00 stdev =  0.000
   GLU-1A0029_004 1.00 1.00 1.00 1.00 1.00 1.00 stdev =  0.000
   ALA01A0030_001 1.00 1.00 1.00 1.00 1.00 1.00 stdev =  0.000
   GLN01A0031_001 1.00 1.00 1.00 1.00 1.00 1.00 stdev =  0.000
   ALA01A0032_001 1.00 1.00 1.00 1.00 1.00 1.00 stdev =  0.000
   LEU01A0033_001 1.00 1.00 1.00 1.00 1.00 1.00 stdev =  0.000
   TRP01A0035_001 1.00 1.00 1.00 1.00 1.00 1.00 stdev =  0.000
   VAL01A0036_001 1.00 1.00 1.00 1.00 1.00 1.00 stdev =  0.000
   ALA01A0037_001 1.00 1.00 1.00 1.00 1.00 1.00 stdev =  0.000
   SER01A0038_001 1.00 1.00 1.00 1.00 1.00 1.00 stdev =  0.000
   LYS01A0039_001 0.00 0.00 0.00 0.00 0.00 0.00 stdev =  0.000
   LYS+1A0039_002 1.00 1.00 1.00 1.00 1.00 1.00 stdev =  0.000
   ASN01A0041_001 1.00 1.00 1.00 1.00 1.00 1.00 stdev =  0.000
   LEU01A0042_001 1.00 1.00 1.00 1.00 1.00 1.00 stdev =  0.000
   ALA01A0043_001 1.00 1.00 1.00 1.00 1.00 1.00 stdev =  0.000
   ASP01A0044_001 0.00 0.00 0.00 0.00 0.00 0.00 stdev =  0.000
   ASP02A0044_002 0.00 0.00 0.00 0.00 0.00 0.00 stdev =  0.000
   ASP-1A0044_003 1.00 1.00 1.00 1.00 1.00 1.00 stdev =  0.000
   VAL01A0045_001 1.00 1.00 1.00 1.00 1.00 1.00 stdev =  0.000
   ALA01A0046_001 1.00 1.00 1.00 1.00 1.00 1.00 stdev =  0.000
   PRO01A0047_001 1.00 1.00 1.00 1.00 1.00 1.00 stdev =  0.000
   LYS01A0049_001 0.00 0.00 0.00 0.00 0.00 0.00 stdev =  0.000
   LYS+1A0049_002 1.00 1.00 1.00 1.00 1.00 1.00 stdev =  0.000
   SER01A0050_001 1.00 1.00 1.00 1.00 1.00 1.00 stdev =  0.000
   ILE01A0051_001 1.00 1.00 1.00 1.00 1.00 1.00 stdev =  0.000
   ASP01A0054_001 0.00 0.00 0.00 0.00 0.00 0.00 stdev =  0.000
   ASP02A0054_002 0.00 0.00 0.00 0.00 0.00 0.00 stdev =  0.000
   ASP02A0054_003 0.00 0.00 0.00 0.00 0.00 0.00 stdev =  0.000
   ASP02A0054_004 0.00 0.00 0.00 0.00 0.00 0.00 stdev =  0.000
   ASP02A0054_005 0.00 0.00 0.00 0.00 0.00 0.00 stdev =  0.000
   ASP-1A0054_006 1.00 1.00 1.00 1.00 1.00 1.00 stdev =  0.000
   ILE01A0055_001 1.00 1.00 1.00 1.00 1.00 1.00 stdev =  0.000
   PHE01A0056_001 1.00 1.00 1.00 1.00 1.00 1.00 stdev =  0.000
   SER01A0057_001 1.00 1.00 1.00 1.00 1.00 1.00 stdev =  0.000
   ASN01A0058_001 1.00 1.00 1.00 1.00 1.00 1.00 stdev =  0.000
   ARG01A0059_001 0.00 0.00 0.00 0.00 0.00 0.00 stdev =  0.000
   ARG02A0059_002 0.00 0.00 0.00 0.00 0.00 0.00 stdev =  0.000
   ARG03A0059_003 0.00 0.00 0.00 0.00 0.00 0.00 stdev =  0.000
   ARG+1A0059_004 1.00 1.00 1.00 1.00 1.00 1.00 stdev =  0.000
   GLU01A0060_001 0.00 0.00 0.00 0.00 0.00 0.00 stdev =  0.000
   GLU01A0060_002 0.00 0.00 0.00 0.00 0.00 0.00 stdev =  0.000
   GLU02A0060_003 0.00 0.00 0.00 0.00 0.00 0.00 stdev =  0.000
   GLU-1A0060_004 1.00 1.00 1.00 1.00 1.00 1.00 stdev =  0.000
   LYS01A0062_001 0.00 0.00 0.00 0.00 0.00 0.00 stdev =  0.000
   LYS01A0062_002 0.00 0.00 0.00 0.00 0.00 0.00 stdev =  0.000
   LYS+1A0062_003 1.00 1.00 1.00 1.00 1.00 1.00 stdev =  0.000
   LEU01A0063_001 1.00 1.00 1.00 1.00 1.00 1.00 stdev =  0.000
   PRO01A0064_001 1.00 1.00 1.00 1.00 1.00 1.00 stdev =  0.000
   LYS01A0066_001 0.00 0.00 0.00 0.00 0.00 0.00 stdev =  0.000
   LYS+1A0066_002 1.00 1.00 1.00 1.00 1.00 1.00 stdev =  0.000
   SER01A0067_001 1.00 1.00 1.00 1.00 1.00 1.00 stdev =  0.000
   ARG01A0069_001 0.00 0.00 0.00 0.00 0.00 0.00 stdev =  0.000
   ARG02A0069_002 0.00 0.00 0.00 0.00 0.00 0.00 stdev =  0.000
   ARG02A0069_003 0.00 0.00 0.00 0.00 0.00 0.00 stdev =  0.000
   ARG03A0069_004 0.00 0.00 0.00 0.00 0.00 0.00 stdev =  0.000
   ARG03A0069_005 0.00 0.00 0.00 0.00 0.00 0.00 stdev =  0.000
   ARG+1A0069_006 1.00 1.00 1.00 1.00 1.00 1.00 stdev =  0.000
   THR01A0070_001 1.00 1.00 1.00 1.00 1.00 1.00 stdev =  0.000
   TRP01A0071_001 1.00 1.00 1.00 1.00 1.00 1.00 stdev =  0.000
   ARG01A0072_001 0.00 0.00 0.00 0.00 0.00 0.00 stdev =  0.000
   ARG02A0072_002 0.00 0.00 0.00 0.00 0.00 0.00 stdev =  0.000
   ARG02A0072_003 0.00 0.00 0.00 0.00 0.00 0.00 stdev =  0.000
   ARG03A0072_004 0.00 0.00 0.00 0.00 0.00 0.00 stdev =  0.000
   ARG+1A0072_005 1.00 1.00 1.00 1.00 1.00 1.00 stdev =  0.000
   GLU01A0073_001 0.00 0.00 0.00 0.00 0.00 0.00 stdev =  0.000
   GLU01A0073_002 0.00 0.00 0.00 0.00 0.00 0.00 stdev =  0.000
   GLU01A0073_003 0.00 0.00 0.00 0.00 0.00 0.00 stdev =  0.000
   GLU02A0073_004 0.00 0.00 0.00 0.00 0.00 0.00 stdev =  0.000
   GLU02A0073_005 0.00 0.00 0.00 0.00 0.00 0.00 stdev =  0.000
   GLU-1A0073_006 1.00 1.00 1.00 1.00 1.00 1.00 stdev =  0.000
   ALA01A0074_001 1.00 1.00 1.00 1.00 1.00 1.00 stdev =  0.000
   ASP01A0075_001 0.00 0.00 0.00 0.00 0.00 0.00 stdev =  0.000
   ASP01A0075_002 0.00 0.00 0.00 0.00 0.00 0.00 stdev =  0.000
   ASP01A0075_003 0.00 0.00 0.00 0.00 0.00 0.00 stdev =  0.000
   ASP02A0075_004 0.00 0.00 0.00 0.00 0.00 0.00 stdev =  0.000
   ASP02A0075_005 0.00 0.00 0.00 0.00 0.00 0.00 stdev =  0.000
   ASP02A0075_006 0.00 0.00 0.00 0.00 0.00 0.00 stdev =  0.000
   ASP-1A0075_007 1.00 1.00 1.00 1.00 1.00 1.00 stdev =  0.000
   ILE01A0076_001 1.00 1.00 1.00 1.00 1.00 1.00 stdev =  0.000
   ASN01A0077_001 1.00 1.00 1.00 1.00 1.00 1.00 stdev =  0.000
   TYR01A0078_001 0.99 0.99 0.99 0.99 0.99 0.99 stdev =  0.000
   TYR01A0078_002 0.01 0.01 0.01 0.01 0.01 0.01 stdev =  0.000
   TYR-1A0078_003 0.00 0.00 0.00 0.00 0.00 0.00 stdev =  0.000
   THR01A0079_001 1.00 1.00 1.00 1.00 1.00 1.00 stdev =  0.000
   SER01A0080_001 1.00 1.00 1.00 1.00 1.00 1.00 stdev =  0.000
   PHE01A0082_001 1.00 1.00 1.00 1.00 1.00 1.00 stdev =  0.000
   ARG01A0083_001 0.00 0.00 0.00 0.00 0.00 0.00 stdev =  0.000
   ARG01A0083_002 0.00 0.00 0.00 0.00 0.00 0.00 stdev =  0.000
   ARG02A0083_003 0.00 0.00 0.00 0.00 0.00 0.00 stdev =  0.000
   ARG02A0083_004 0.00 0.00 0.00 0.00 0.00 0.00 stdev =  0.000
   ARG03A0083_005 0.00 0.00 0.00 0.00 0.00 0.00 stdev =  0.000
   ARG03A0083_006 0.00 0.00 0.00 0.00 0.00 0.00 stdev =  0.000
   ARG03A0083_007 0.00 0.00 0.00 0.00 0.00 0.00 stdev =  0.000
   ARG03A0083_008 0.00 0.00 0.00 0.00 0.00 0.00 stdev =  0.000
   ARG+1A0083_009 1.00 1.00 1.00 1.00 1.00 1.00 stdev =  0.000
   ASN01A0084_001 1.00 1.00 1.00 1.00 1.00 1.00 stdev =  0.000
   SER01A0085_001 0.43 0.43 0.43 0.43 0.43 0.43 stdev =  0.000
   SER01A0085_002 0.57 0.57 0.57 0.57 0.57 0.57 stdev =  0.000
   ASP01A0086_001 0.00 0.00 0.00 0.00 0.00 0.00 stdev =  0.000
   ASP02A0086_002 0.00 0.00 0.00 0.00 0.00 0.00 stdev =  0.000
   ASP-1A0086_003 1.00 1.00 1.00 1.00 1.00 1.00 stdev =  0.000
   ARG01A0087_001 0.00 0.00 0.00 0.00 0.00 0.00 stdev =  0.000
   ARG01A0087_002 0.00 0.00 0.00 0.00 0.00 0.00 stdev =  0.000
   ARG02A0087_003 0.00 0.00 0.00 0.00 0.00 0.00 stdev =  0.000
   ARG03A0087_004 0.00 0.00 0.00 0.00 0.00 0.00 stdev =  0.000
   ARG+1A0087_005 1.00 1.00 1.00 1.00 1.00 1.00 stdev =  0.000
   ILE01A0088_001 1.00 1.00 1.00 1.00 1.00 1.00 stdev =  0.000
   LEU01A0089_001 1.00 1.00 1.00 1.00 1.00 1.00 stdev =  0.000
   TYR01A0090_001 1.00 1.00 1.00 1.00 1.00 1.00 stdev =  0.000
   TYR-1A0090_002 0.00 0.00 0.00 0.00 0.00 0.00 stdev =  0.000
   SER01A0091_001 0.49 0.49 0.49 0.49 0.49 0.49 stdev =  0.000
   SER01A0091_002 0.51 0.51 0.51 0.51 0.51 0.51 stdev =  0.000
   SER01A0091_003 0.00 0.00 0.00 0.00 0.00 0.00 stdev =  0.000
   SER01A0092_001 0.98 0.98 0.98 0.98 0.98 0.98 stdev =  0.000
   SER01A0092_002 0.02 0.02 0.02 0.02 0.02 0.02 stdev =  0.000
   ASP01A0093_001 0.00 0.00 0.00 0.00 0.00 0.00 stdev =  0.000
   ASP01A0093_002 0.00 0.00 0.00 0.00 0.00 0.00 stdev =  0.000
   ASP02A0093_003 0.00 0.00 0.00 0.00 0.00 0.00 stdev =  0.000
   ASP02A0093_004 0.00 0.00 0.00 0.00 0.00 0.00 stdev =  0.000
   ASP02A0093_005 0.00 0.00 0.00 0.00 0.00 0.00 stdev =  0.000
   ASP-1A0093_006 1.00 1.00 1.00 1.00 1.00 1.00 stdev =  0.000
   TRP01A0094_001 1.00 1.00 1.00 1.00 1.00 1.00 stdev =  0.000
   LEU01A0095_001 1.00 1.00 1.00 1.00 1.00 1.00 stdev =  0.000
   ILE01A0096_001 1.00 1.00 1.00 1.00 1.00 1.00 stdev =  0.000
   TYR01A0097_001 1.00 1.00 1.00 1.00 1.00 1.00 stdev =  0.000
   TYR-1A0097_002 0.00 0.00 0.00 0.00 0.00 0.00 stdev =  0.000
   LYS01A0098_001 0.00 0.00 0.00 0.00 0.00 0.00 stdev =  0.000
   LYS+1A0098_002 1.00 1.00 1.00 1.00 1.00 1.00 stdev =  0.000
   THR01A0099_001 0.98 0.98 0.98 0.98 0.98 0.98 stdev =  0.000
   THR01A0099_002 0.01 0.01 0.01 0.01 0.01 0.01 stdev =  0.000
   THR01A0099_003 0.01 0.01 0.01 0.01 0.01 0.01 stdev =  0.000
   THR01A0100_001 1.00 1.00 1.00 1.00 1.00 1.00 stdev =  0.000
   ASP01A0101_001 0.00 0.00 0.00 0.00 0.00 0.00 stdev =  0.000
   ASP01A0101_002 0.00 0.00 0.00 0.00 0.00 0.00 stdev =  0.000
   ASP01A0101_003 0.00 0.00 0.00 0.00 0.00 0.00 stdev =  0.000
   ASP02A0101_004 0.00 0.00 0.00 0.00 0.00 0.00 stdev =  0.000
   ASP-1A0101_005 1.00 1.00 1.00 1.00 1.00 1.00 stdev =  0.000
   HIS01A0102_001 0.25 0.25 0.25 0.25 0.25 0.25 stdev =  0.000
   HIS02A0102_002 0.27 0.27 0.27 0.27 0.27 0.27 stdev =  0.000
   HIS+1A0102_003 0.48 0.48 0.48 0.48 0.48 0.48 stdev =  0.000
   TYR01A0103_001 0.90 0.90 0.90 0.90 0.90 0.90 stdev =  0.000
   TYR01A0103_002 0.00 0.00 0.00 0.00 0.00 0.00 stdev =  0.000
   TYR01A0103_003 0.00 0.00 0.00 0.00 0.00 0.00 stdev =  0.000
   TYR01A0103_004 0.10 0.10 0.10 0.10 0.10 0.10 stdev =  0.000
   TYR-1A0103_005 0.00 0.00 0.00 0.00 0.00 0.00 stdev =  0.000
   GLN01A0104_001 1.00 1.00 1.00 1.00 1.00 1.00 stdev =  0.000
   THR01A0105_001 0.51 0.51 0.51 0.51 0.51 0.51 stdev =  0.000
   THR01A0105_002 0.01 0.01 0.01 0.01 0.01 0.01 stdev =  0.000
   THR01A0105_003 0.48 0.48 0.48 0.48 0.48 0.48 stdev =  0.000
   PHE01A0106_001 1.00 1.00 1.00 1.00 1.00 1.00 stdev =  0.000
   THR01A0107_001 1.00 1.00 1.00 1.00 1.00 1.00 stdev =  0.000
   LYS01A0108_001 0.00 0.00 0.00 0.00 0.00 0.00 stdev =  0.000
   LYS+1A0108_002 1.00 1.00 1.00 1.00 1.00 1.00 stdev =  0.000
   ILE01A0109_001 1.00 1.00 1.00 1.00 1.00 1.00 stdev =  0.000
   ARG01A0110_001 0.00 0.00 0.00 0.00 0.00 0.00 stdev =  0.000
   ARG01A0110_002 0.00 0.00 0.00 0.00 0.00 0.00 stdev =  0.000
   ARG02A0110_003 0.00 0.00 0.00 0.00 0.00 0.00 stdev =  0.000
   ARG02A0110_004 0.00 0.00 0.00 0.00 0.00 0.00 stdev =  0.000
   ARG03A0110_005 0.00 0.00 0.00 0.00 0.00 0.00 stdev =  0.000
   ARG03A0110_006 0.00 0.00 0.00 0.00 0.00 0.00 stdev =  0.000
   ARG+1A0110_007 1.00 1.00 1.00 1.00 1.00 1.00 stdev =  0.000
   CTR01A0110_001 0.00 0.00 0.00 0.00 0.00 0.00 stdev =  0.000
   CTR01A0110_002 0.00 0.00 0.00 0.00 0.00 0.00 stdev =  0.000
   CTR02A0110_003 0.00 0.00 0.00 0.00 0.00 0.00 stdev =  0.000
   CTR02A0110_004 0.00 0.00 0.00 0.00 0.00 0.00 stdev =  0.000
   CTR02A0110_005 0.00 0.00 0.00 0.00 0.00 0.00 stdev =  0.000
   CTR-1A0110_006 1.00 1.00 1.00 1.00 1.00 1.00 stdev =  0.000
   _ZN01A0112_001 0.00 0.00 0.00 0.00 0.00 0.00 stdev =  0.000
   _ZN+2A0112_002 1.00 1.00 1.00 1.00 1.00 1.00 stdev =  0.000
