   Verifying conformers ...
      VAL01A0003_001 f 0.00 -> VAL01A0003_001 t  1.00 (single free conformer of the residue)
      ILE01A0004_001 f 0.00 -> ILE01A0004_001 t  1.00 (single free conformer of the residue)
      ASN01A0005_001 f 0.00 -> ASN01A0005_001 t  1.00 (single free conformer of the residue)
      PHE01A0007_001 f 0.00 -> PHE01A0007_001 t  1.00 (single free conformer of the residue)
      VAL01A0010_001 f 0.00 -> VAL01A0010_001 t  1.00 (single free conformer of the residue)
      ALA01A0011_001 f 0.00 -> ALA01A0011_001 t  1.00 (single free conformer of the residue)
      ASP01A0012_002 f 0.00 -> ASP01A0012_002 t  0.00 (fixed conformers already have occ 1.0)
      ASP02A0012_003 f 0.00 -> ASP02A0012_003 t  0.00 (fixed conformers already have occ 1.0)
      ASP-1A0012_004 f 0.00 -> ASP-1A0012_004 t  0.00 (fixed conformers already have occ 1.0)
      TYR01A0013_001 f 0.00 -> TYR01A0013_001 t  1.00 (single free conformer of the residue)
      LEU01A0014_001 f 0.00 -> LEU01A0014_001 t  1.00 (single free conformer of the residue)
      GLN01A0015_001 f 0.00 -> GLN01A0015_001 t  1.00 (single free conformer of the residue)
      THR01A0016_001 f 0.00 -> THR01A0016_001 t  1.00 (single free conformer of the residue)
      LEU01A0020_001 f 0.00 -> LEU01A0020_001 t  1.00 (single free conformer of the residue)
      PRO01A0021_001 f 0.00 -> PRO01A0021_001 t  1.00 (single free conformer of the residue)
      ASN01A0023_001 f 0.00 -> ASN01A0023_001 t  1.00 (single free conformer of the residue)
      ILE01A0025_001 f 0.00 -> ILE01A0025_001 t  1.00 (single free conformer of the residue)
      SER01A0028_001 f 0.00 -> SER01A0028_001 t  1.00 (single free conformer of the residue)
      ALA01A0030_001 f 0.00 -> ALA01A0030_001 t  1.00 (single free conformer of the residue)
      GLN01A0031_001 f 0.00 -> GLN01A0031_001 t  1.00 (single free conformer of the residue)
      ALA01A0032_001 f 0.00 -> ALA01A0032_001 t  1.00 (single free conformer of the residue)
      LEU01A0033_001 f 0.00 -> LEU01A0033_001 t  1.00 (single free conformer of the residue)
      TRP01A0035_001 f 0.00 -> TRP01A0035_001 t  1.00 (single free conformer of the residue)
      VAL01A0036_001 f 0.00 -> VAL01A0036_001 t  1.00 (single free conformer of the residue)
      ALA01A0037_001 f 0.00 -> ALA01A0037_001 t  1.00 (single free conformer of the residue)
      SER01A0038_001 f 0.00 -> SER01A0038_001 t  1.00 (single free conformer of the residue)
      ASN01A0041_001 f 0.00 -> ASN01A0041_001 t  1.00 (single free conformer of the residue)
      LEU01A0042_001 f 0.00 -> LEU01A0042_001 t  1.00 (single free conformer of the residue)
      ALA01A0043_001 f 0.00 -> ALA01A0043_001 t  1.00 (single free conformer of the residue)
      VAL01A0045_001 f 0.00 -> VAL01A0045_001 t  1.00 (single free conformer of the residue)
      ALA01A0046_001 f 0.00 -> ALA01A0046_001 t  1.00 (single free conformer of the residue)
      PRO01A0047_001 f 0.00 -> PRO01A0047_001 t  1.00 (single free conformer of the residue)
      SER01A0050_001 f 0.00 -> SER01A0050_001 t  1.00 (single free conformer of the residue)
      ILE01A0051_001 f 0.00 -> ILE01A0051_001 t  1.00 (single free conformer of the residue)
      ILE01A0055_001 f 0.00 -> ILE01A0055_001 t  1.00 (single free conformer of the residue)
      PHE01A0056_001 f 0.00 -> PHE01A0056_001 t  1.00 (single free conformer of the residue)
      SER01A0057_001 f 0.00 -> SER01A0057_001 t  1.00 (single free conformer of the residue)
      ASN01A0058_001 f 0.00 -> ASN01A0058_001 t  1.00 (single free conformer of the residue)
      LEU01A0063_001 f 0.00 -> LEU01A0063_001 t  1.00 (single free conformer of the residue)
      PRO01A0064_001 f 0.00 -> PRO01A0064_001 t  1.00 (single free conformer of the residue)
      SER01A0067_001 f 0.00 -> SER01A0067_001 t  1.00 (single free conformer of the residue)
      THR01A0070_001 f 0.00 -> THR01A0070_001 t  1.00 (single free conformer of the residue)
      TRP01A0071_001 f 0.00 -> TRP01A0071_001 t  1.00 (single free conformer of the residue)
      ALA01A0074_001 f 0.00 -> ALA01A0074_001 t  1.00 (single free conformer of the residue)
      ILE01A0076_001 f 0.00 -> ILE01A0076_001 t  1.00 (single free conformer of the residue)
      ASN01A0077_001 f 0.00 -> ASN01A0077_001 t  1.00 (single free conformer of the residue)
      THR01A0079_001 f 0.00 -> THR01A0079_001 t  1.00 (single free conformer of the residue)
      SER01A0080_001 f 0.00 -> SER01A0080_001 t  1.00 (single free conformer of the residue)
      PHE01A0082_001 f 0.00 -> PHE01A0082_001 t  1.00 (single free conformer of the residue)
      ASN01A0084_001 f 0.00 -> ASN01A0084_001 t  1.00 (single free conformer of the residue)
      ILE01A0088_001 f 0.00 -> ILE01A0088_001 t  1.00 (single free conformer of the residue)
      LEU01A0089_001 f 0.00 -> LEU01A0089_001 t  1.00 (single free conformer of the residue)
      TRP01A0094_001 f 0.00 -> TRP01A0094_001 t  1.00 (single free conformer of the residue)
      LEU01A0095_001 f 0.00 -> LEU01A0095_001 t  1.00 (single free conformer of the residue)
      ILE01A0096_001 f 0.00 -> ILE01A0096_001 t  1.00 (single free conformer of the residue)
      THR01A0100_001 f 0.00 -> THR01A0100_001 t  1.00 (single free conformer of the residue)
      GLN01A0104_001 f 0.00 -> GLN01A0104_001 t  1.00 (single free conformer of the residue)
      PHE01A0106_001 f 0.00 -> PHE01A0106_001 t  1.00 (single free conformer of the residue)
      THR01A0107_001 f 0.00 -> THR01A0107_001 t  1.00 (single free conformer of the residue)
      ILE01A0109_001 f 0.00 -> ILE01A0109_001 t  1.00 (single free conformer of the residue)

   Titration at pH = 0.0 and Eh = 0
NTR01A0003_001 0.000 0.000
NTR+1A0003_002 0.000 1.000
VAL01A0003_001 1.000 1.000
ILE01A0004_001 1.000 1.000
ASN01A0005_001 1.000 1.000
THR01A0006_001 0.000 0.199
THR01A0006_002 0.000 0.801
PHE01A0007_001 1.000 1.000
ASP01A0008_001 0.000 0.212
ASP01A0008_002 0.000 0.326
ASP01A0008_003 0.000 0.000
ASP02A0008_004 0.000 0.457
ASP-1A0008_005 0.000 0.005
VAL01A0010_001 1.000 1.000
ALA01A0011_001 1.000 1.000
ASP01A0012_001 1.000 1.000
ASP01A0012_002 0.000 0.000
ASP02A0012_003 0.000 0.000
ASP-1A0012_004 0.000 0.000
TYR01A0013_001 1.000 1.000
TYR01A0013_002 0.000 0.000
TYR-1A0013_003 0.000 0.000
LEU01A0014_001 1.000 1.000
GLN01A0015_001 1.000 1.000
THR01A0016_001 1.000 1.000
TYR01A0017_001 0.000 1.000
TYR-1A0017_002 0.000 0.000
HIS01A0018_001 0.000 1.000
HIS02A0018_002 0.000 0.000
HIS+1A0018_003 0.000 0.000
LYS01A0019_001 0.000 0.000
LYS+1A0019_002 0.000 1.000
LEU01A0020_001 1.000 1.000
PRO01A0021_001 1.000 1.000
ASP01A0022_001 0.000 0.381
ASP02A0022_002 0.000 0.617
ASP-1A0022_003 0.000 0.002
ASN01A0023_001 1.000 1.000
TYR01A0024_001 0.000 0.170
TYR01A0024_002 0.000 0.830
TYR-1A0024_003 0.000 0.000
ILE01A0025_001 1.000 1.000
THR01A0026_001 0.000 0.050
THR01A0026_002 0.000 0.867
THR01A0026_003 0.000 0.083
LYS01A0027_001 0.000 0.000
LYS+1A0027_002 0.000 1.000
SER01A0028_001 1.000 1.000
GLU01A0029_001 0.000 0.551
GLU01A0029_002 0.000 0.012
GLU02A0029_003 0.000 0.437
GLU-1A0029_004 0.000 0.000
ALA01A0030_001 1.000 1.000
GLN01A0031_001 1.000 1.000
ALA01A0032_001 1.000 1.000
LEU01A0033_001 1.000 1.000
TRP01A0035_001 1.000 1.000
VAL01A0036_001 1.000 1.000
ALA01A0037_001 1.000 1.000
SER01A0038_001 1.000 1.000
LYS01A0039_001 0.000 0.000
LYS+1A0039_002 0.000 1.000
ASN01A0041_001 1.000 1.000
LEU01A0042_001 1.000 1.000
ALA01A0043_001 1.000 1.000
ASP01A0044_001 0.000 0.651
ASP02A0044_002 0.000 0.348
ASP-1A0044_003 0.000 0.000
VAL01A0045_001 1.000 1.000
ALA01A0046_001 1.000 1.000
PRO01A0047_001 1.000 1.000
LYS01A0049_001 0.000 0.000
LYS+1A0049_002 0.000 1.000
SER01A0050_001 1.000 1.000
ILE01A0051_001 1.000 1.000
ASP01A0054_001 0.000 0.837
ASP02A0054_002 0.000 0.001
ASP02A0054_003 0.000 0.029
ASP02A0054_004 0.000 0.002
ASP02A0054_005 0.000 0.012
ASP-1A0054_006 0.000 0.118
ILE01A0055_001 1.000 1.000
PHE01A0056_001 1.000 1.000
SER01A0057_001 1.000 1.000
ASN01A0058_001 1.000 1.000
ARG01A0059_001 0.000 0.000
ARG02A0059_002 0.000 0.000
ARG03A0059_003 0.000 0.000
ARG+1A0059_004 0.000 1.000
GLU01A0060_001 0.000 0.070
GLU01A0060_002 0.000 0.106
GLU02A0060_003 0.000 0.821
GLU-1A0060_004 0.000 0.003
LYS01A0062_001 0.000 0.000
LYS01A0062_002 0.000 0.000
LYS+1A0062_003 0.000 1.000
LEU01A0063_001 1.000 1.000
PRO01A0064_001 1.000 1.000
LYS01A0066_001 0.000 0.000
LYS+1A0066_002 0.000 1.000
SER01A0067_001 1.000 1.000
ARG01A0069_001 0.000 0.000
ARG02A0069_002 0.000 0.000
ARG02A0069_003 0.000 0.000
ARG03A0069_004 0.000 0.000
ARG03A0069_005 0.000 0.000
ARG+1A0069_006 0.000 1.000
THR01A0070_001 1.000 1.000
TRP01A0071_001 1.000 1.000
ARG01A0072_001 0.000 0.000
ARG02A0072_002 0.000 0.000
ARG02A0072_003 0.000 0.000
ARG03A0072_004 0.000 0.000
ARG+1A0072_005 0.000 1.000
GLU01A0073_001 0.000 0.030
GLU01A0073_002 0.000 0.067
GLU01A0073_003 0.000 0.010
GLU02A0073_004 0.000 0.219
GLU02A0073_005 0.000 0.649
GLU-1A0073_006 0.000 0.025
ALA01A0074_001 1.000 1.000
ASP01A0075_001 0.000 0.001
ASP01A0075_002 0.000 0.010
ASP01A0075_003 0.000 0.000
ASP02A0075_004 0.000 0.000
ASP02A0075_005 0.000 0.010
ASP02A0075_006 0.000 0.001
ASP-1A0075_007 0.000 0.977
ILE01A0076_001 1.000 1.000
ASN01A0077_001 1.000 1.000
TYR01A0078_001 0.000 0.195
TYR01A0078_002 0.000 0.805
TYR-1A0078_003 0.000 0.000
THR01A0079_001 1.000 1.000
SER01A0080_001 1.000 1.000
PHE01A0082_001 1.000 1.000
ARG01A0083_001 0.000 0.000
ARG01A0083_002 0.000 0.000
ARG02A0083_003 0.000 0.000
ARG02A0083_004 0.000 0.000
ARG03A0083_005 0.000 0.000
ARG03A0083_006 0.000 0.001
ARG03A0083_007 0.000 0.000
ARG03A0083_008 0.000 0.000
ARG+1A0083_009 0.000 0.998
ASN01A0084_001 1.000 1.000
SER01A0085_001 0.000 0.242
SER01A0085_002 0.000 0.758
ASP01A0086_001 0.000 0.464
ASP02A0086_002 0.000 0.536
ASP-1A0086_003 0.000 0.001
ARG01A0087_001 0.000 0.000
ARG01A0087_002 0.000 0.000
ARG02A0087_003 0.000 0.000
ARG03A0087_004 0.000 0.000
ARG+1A0087_005 0.000 1.000
ILE01A0088_001 1.000 1.000
LEU01A0089_001 1.000 1.000
TYR01A0090_001 0.000 1.000
TYR-1A0090_002 0.000 0.000
SER01A0091_001 0.000 0.158
SER01A0091_002 0.000 0.484
SER01A0091_003 0.000 0.359
SER01A0092_001 0.000 0.954
SER01A0092_002 0.000 0.046
ASP01A0093_001 0.000 0.000
ASP01A0093_002 0.000 0.000
ASP02A0093_003 0.000 0.000
ASP02A0093_004 0.000 0.983
ASP02A0093_005 0.000 0.006
ASP-1A0093_006 0.000 0.011
TRP01A0094_001 1.000 1.000
LEU01A0095_001 1.000 1.000
ILE01A0096_001 1.000 1.000
TYR01A0097_001 0.000 1.000
TYR-1A0097_002 0.000 0.000
LYS01A0098_001 0.000 0.000
LYS+1A0098_002 0.000 1.000
THR01A0099_001 0.000 0.952
THR01A0099_002 0.000 0.036
THR01A0099_003 0.000 0.012
THR01A0100_001 1.000 1.000
ASP01A0101_001 0.000 0.078
ASP01A0101_002 0.000 0.013
ASP01A0101_003 0.000 0.008
ASP02A0101_004 0.000 0.893
ASP-1A0101_005 0.000 0.007
HIS01A0102_001 0.000 0.000
HIS02A0102_002 0.000 0.000
HIS+1A0102_003 0.000 1.000
TYR01A0103_001 0.000 0.374
TYR01A0103_002 0.000 0.075
TYR01A0103_003 0.000 0.008
TYR01A0103_004 0.000 0.543
TYR-1A0103_005 0.000 0.000
GLN01A0104_001 1.000 1.000
THR01A0105_001 0.000 0.886
THR01A0105_002 0.000 0.014
THR01A0105_003 0.000 0.101
PHE01A0106_001 1.000 1.000
THR01A0107_001 1.000 1.000
LYS01A0108_001 0.000 0.000
LYS+1A0108_002 0.000 1.000
ILE01A0109_001 1.000 1.000
ARG01A0110_001 0.000 0.000
ARG01A0110_002 0.000 0.000
ARG02A0110_003 0.000 0.000
ARG02A0110_004 0.000 0.000
ARG03A0110_005 0.000 0.000
ARG03A0110_006 0.000 0.000
ARG+1A0110_007 0.000 1.000
CTR01A0110_001 0.000 0.171
CTR01A0110_002 0.000 0.813
CTR02A0110_003 0.000 0.001
CTR02A0110_004 0.000 0.004
CTR02A0110_005 0.000 0.001
CTR-1A0110_006 0.000 0.011
_ZN01A0112_001 0.000 0.000
_ZN+2A0112_002 0.000 1.000
NTR01A0003_001 0.000 0.000
NTR+1A0003_002 1.000 1.000
VAL01A0003_001 1.000 1.000
ILE01A0004_001 1.000 1.000
ASN01A0005_001 1.000 1.000
THR01A0006_001 0.199 0.192
THR01A0006_002 0.801 0.808
PHE01A0007_001 1.000 1.000
ASP01A0008_001 0.212 0.212
ASP01A0008_002 0.326 0.326
ASP01A0008_003 0.000 0.000
ASP02A0008_004 0.457 0.457
ASP-1A0008_005 0.005 0.005
VAL01A0010_001 1.000 1.000
ALA01A0011_001 1.000 1.000
ASP01A0012_001 1.000 1.000
ASP01A0012_002 0.000 0.000
ASP02A0012_003 0.000 0.000
ASP-1A0012_004 0.000 0.000
TYR01A0013_001 1.000 1.000
TYR01A0013_002 0.000 0.000
TYR-1A0013_003 0.000 0.000
LEU01A0014_001 1.000 1.000
GLN01A0015_001 1.000 1.000
THR01A0016_001 1.000 1.000
TYR01A0017_001 1.000 1.000
TYR-1A0017_002 0.000 0.000
HIS01A0018_001 1.000 1.000
HIS02A0018_002 0.000 0.000
HIS+1A0018_003 0.000 0.000
LYS01A0019_001 0.000 0.000
LYS+1A0019_002 1.000 1.000
LEU01A0020_001 1.000 1.000
PRO01A0021_001 1.000 1.000
ASP01A0022_001 0.381 0.392
ASP02A0022_002 0.617 0.605
ASP-1A0022_003 0.002 0.003
ASN01A0023_001 1.000 1.000
TYR01A0024_001 0.170 0.180
TYR01A0024_002 0.830 0.820
TYR-1A0024_003 0.000 0.000
ILE01A0025_001 1.000 1.000
THR01A0026_001 0.050 0.035
THR01A0026_002 0.867 0.882
THR01A0026_003 0.083 0.083
LYS01A0027_001 0.000 0.000
LYS+1A0027_002 1.000 1.000
SER01A0028_001 1.000 1.000
GLU01A0029_001 0.551 0.508
GLU01A0029_002 0.012 0.011
GLU02A0029_003 0.437 0.481
GLU-1A0029_004 0.000 0.000
ALA01A0030_001 1.000 1.000
GLN01A0031_001 1.000 1.000
ALA01A0032_001 1.000 1.000
LEU01A0033_001 1.000 1.000
TRP01A0035_001 1.000 1.000
VAL01A0036_001 1.000 1.000
ALA01A0037_001 1.000 1.000
SER01A0038_001 1.000 1.000
LYS01A0039_001 0.000 0.000
LYS+1A0039_002 1.000 1.000
ASN01A0041_001 1.000 1.000
LEU01A0042_001 1.000 1.000
ALA01A0043_001 1.000 1.000
ASP01A0044_001 0.651 0.640
ASP02A0044_002 0.348 0.360
ASP-1A0044_003 0.000 0.000
VAL01A0045_001 1.000 1.000
ALA01A0046_001 1.000 1.000
PRO01A0047_001 1.000 1.000
LYS01A0049_001 0.000 0.000
LYS+1A0049_002 1.000 1.000
SER01A0050_001 1.000 1.000
ILE01A0051_001 1.000 1.000
ASP01A0054_001 0.837 0.828
ASP02A0054_002 0.001 0.001
ASP02A0054_003 0.029 0.034
ASP02A0054_004 0.002 0.001
ASP02A0054_005 0.012 0.012
ASP-1A0054_006 0.118 0.124
ILE01A0055_001 1.000 1.000
PHE01A0056_001 1.000 1.000
SER01A0057_001 1.000 1.000
ASN01A0058_001 1.000 1.000
ARG01A0059_001 0.000 0.000
ARG02A0059_002 0.000 0.000
ARG03A0059_003 0.000 0.000
ARG+1A0059_004 1.000 1.000
GLU01A0060_001 0.070 0.068
GLU01A0060_002 0.106 0.102
GLU02A0060_003 0.821 0.823
GLU-1A0060_004 0.003 0.008
LYS01A0062_001 0.000 0.000
LYS01A0062_002 0.000 0.000
LYS+1A0062_003 1.000 1.000
LEU01A0063_001 1.000 1.000
PRO01A0064_001 1.000 1.000
LYS01A0066_001 0.000 0.000
LYS+1A0066_002 1.000 1.000
SER01A0067_001 1.000 1.000
ARG01A0069_001 0.000 0.000
ARG02A0069_002 0.000 0.000
ARG02A0069_003 0.000 0.000
ARG03A0069_004 0.000 0.000
ARG03A0069_005 0.000 0.000
ARG+1A0069_006 1.000 1.000
THR01A0070_001 1.000 1.000
TRP01A0071_001 1.000 1.000
ARG01A0072_001 0.000 0.000
ARG02A0072_002 0.000 0.000
ARG02A0072_003 0.000 0.000
ARG03A0072_004 0.000 0.000
ARG+1A0072_005 1.000 1.000
GLU01A0073_001 0.030 0.026
GLU01A0073_002 0.067 0.079
GLU01A0073_003 0.010 0.015
GLU02A0073_004 0.219 0.177
GLU02A0073_005 0.649 0.670
GLU-1A0073_006 0.025 0.034
ALA01A0074_001 1.000 1.000
ASP01A0075_001 0.001 0.000
ASP01A0075_002 0.010 0.008
ASP01A0075_003 0.000 0.001
ASP02A0075_004 0.000 0.000
ASP02A0075_005 0.010 0.008
ASP02A0075_006 0.001 0.000
ASP-1A0075_007 0.977 0.982
ILE01A0076_001 1.000 1.000
ASN01A0077_001 1.000 1.000
TYR01A0078_001 0.195 0.207
TYR01A0078_002 0.805 0.793
TYR-1A0078_003 0.000 0.000
THR01A0079_001 1.000 1.000
SER01A0080_001 1.000 1.000
PHE01A0082_001 1.000 1.000
ARG01A0083_001 0.000 0.000
ARG01A0083_002 0.000 0.000
ARG02A0083_003 0.000 0.000
ARG02A0083_004 0.000 0.000
ARG03A0083_005 0.000 0.000
ARG03A0083_006 0.001 0.000
ARG03A0083_007 0.000 0.000
ARG03A0083_008 0.000 0.000
ARG+1A0083_009 0.998 1.000
ASN01A0084_001 1.000 1.000
SER01A0085_001 0.242 0.243
SER01A0085_002 0.758 0.757
ASP01A0086_001 0.464 0.469
ASP02A0086_002 0.536 0.531
ASP-1A0086_003 0.001 0.000
ARG01A0087_001 0.000 0.000
ARG01A0087_002 0.000 0.000
ARG02A0087_003 0.000 0.000
ARG03A0087_004 0.000 0.000
ARG+1A0087_005 1.000 1.000
ILE01A0088_001 1.000 1.000
LEU01A0089_001 1.000 1.000
TYR01A0090_001 1.000 1.000
TYR-1A0090_002 0.000 0.000
SER01A0091_001 0.158 0.159
SER01A0091_002 0.484 0.416
SER01A0091_003 0.359 0.425
SER01A0092_001 0.954 0.949
SER01A0092_002 0.046 0.051
ASP01A0093_001 0.000 0.000
ASP01A0093_002 0.000 0.000
ASP02A0093_003 0.000 0.000
ASP02A0093_004 0.983 0.947
ASP02A0093_005 0.006 0.005
ASP-1A0093_006 0.011 0.047
TRP01A0094_001 1.000 1.000
LEU01A0095_001 1.000 1.000
ILE01A0096_001 1.000 1.000
TYR01A0097_001 1.000 1.000
TYR-1A0097_002 0.000 0.000
LYS01A0098_001 0.000 0.000
LYS+1A0098_002 1.000 1.000
THR01A0099_001 0.952 0.966
THR01A0099_002 0.036 0.025
THR01A0099_003 0.012 0.009
THR01A0100_001 1.000 1.000
ASP01A0101_001 0.078 0.028
ASP01A0101_002 0.013 0.007
ASP01A0101_003 0.008 0.005
ASP02A0101_004 0.893 0.938
ASP-1A0101_005 0.007 0.022
HIS01A0102_001 0.000 0.001
HIS02A0102_002 0.000 0.001
HIS+1A0102_003 1.000 0.999
TYR01A0103_001 0.374 0.346
TYR01A0103_002 0.075 0.078
TYR01A0103_003 0.008 0.007
TYR01A0103_004 0.543 0.569
TYR-1A0103_005 0.000 0.000
GLN01A0104_001 1.000 1.000
THR01A0105_001 0.886 0.878
THR01A0105_002 0.014 0.021
THR01A0105_003 0.101 0.101
PHE01A0106_001 1.000 1.000
THR01A0107_001 1.000 1.000
LYS01A0108_001 0.000 0.000
LYS+1A0108_002 1.000 1.000
ILE01A0109_001 1.000 1.000
ARG01A0110_001 0.000 0.000
ARG01A0110_002 0.000 0.000
ARG02A0110_003 0.000 0.000
ARG02A0110_004 0.000 0.000
ARG03A0110_005 0.000 0.000
ARG03A0110_006 0.000 0.000
ARG+1A0110_007 1.000 1.000
CTR01A0110_001 0.171 0.171
CTR01A0110_002 0.813 0.813
CTR02A0110_003 0.001 0.001
CTR02A0110_004 0.004 0.004
CTR02A0110_005 0.001 0.001
CTR-1A0110_006 0.011 0.011
_ZN01A0112_001 0.000 0.000
_ZN+2A0112_002 1.000 1.000
NTR01A0003_001 0.000 0.000
NTR+1A0003_002 1.000 1.000
VAL01A0003_001 1.000 1.000
ILE01A0004_001 1.000 1.000
ASN01A0005_001 1.000 1.000
THR01A0006_001 0.192 0.194
THR01A0006_002 0.808 0.806
PHE01A0007_001 1.000 1.000
ASP01A0008_001 0.212 0.212
ASP01A0008_002 0.326 0.326
ASP01A0008_003 0.000 0.000
ASP02A0008_004 0.457 0.457
ASP-1A0008_005 0.005 0.005
VAL01A0010_001 1.000 1.000
ALA01A0011_001 1.000 1.000
ASP01A0012_001 1.000 1.000
ASP01A0012_002 0.000 0.000
ASP02A0012_003 0.000 0.000
ASP-1A0012_004 0.000 0.000
TYR01A0013_001 1.000 1.000
TYR01A0013_002 0.000 0.000
TYR-1A0013_003 0.000 0.000
LEU01A0014_001 1.000 1.000
GLN01A0015_001 1.000 1.000
THR01A0016_001 1.000 1.000
TYR01A0017_001 1.000 1.000
TYR-1A0017_002 0.000 0.000
HIS01A0018_001 1.000 1.000
HIS02A0018_002 0.000 0.000
HIS+1A0018_003 0.000 0.000
LYS01A0019_001 0.000 0.000
LYS+1A0019_002 1.000 1.000
LEU01A0020_001 1.000 1.000
PRO01A0021_001 1.000 1.000
ASP01A0022_001 0.392 0.392
ASP02A0022_002 0.605 0.605
ASP-1A0022_003 0.003 0.003
ASN01A0023_001 1.000 1.000
TYR01A0024_001 0.180 0.177
TYR01A0024_002 0.820 0.823
TYR-1A0024_003 0.000 0.000
ILE01A0025_001 1.000 1.000
THR01A0026_001 0.035 0.034
THR01A0026_002 0.882 0.882
THR01A0026_003 0.083 0.084
LYS01A0027_001 0.000 0.000
LYS+1A0027_002 1.000 1.000
SER01A0028_001 1.000 1.000
GLU01A0029_001 0.508 0.508
GLU01A0029_002 0.011 0.011
GLU02A0029_003 0.481 0.481
GLU-1A0029_004 0.000 0.000
ALA01A0030_001 1.000 1.000
GLN01A0031_001 1.000 1.000
ALA01A0032_001 1.000 1.000
LEU01A0033_001 1.000 1.000
TRP01A0035_001 1.000 1.000
VAL01A0036_001 1.000 1.000
ALA01A0037_001 1.000 1.000
SER01A0038_001 1.000 1.000
LYS01A0039_001 0.000 0.000
LYS+1A0039_002 1.000 1.000
ASN01A0041_001 1.000 1.000
LEU01A0042_001 1.000 1.000
ALA01A0043_001 1.000 1.000
ASP01A0044_001 0.640 0.641
ASP02A0044_002 0.360 0.359
ASP-1A0044_003 0.000 0.000
VAL01A0045_001 1.000 1.000
ALA01A0046_001 1.000 1.000
PRO01A0047_001 1.000 1.000
LYS01A0049_001 0.000 0.000
LYS+1A0049_002 1.000 1.000
SER01A0050_001 1.000 1.000
ILE01A0051_001 1.000 1.000
ASP01A0054_001 0.828 0.847
ASP02A0054_002 0.001 0.000
ASP02A0054_003 0.034 0.035
ASP02A0054_004 0.001 0.001
ASP02A0054_005 0.012 0.011
ASP-1A0054_006 0.124 0.105
ILE01A0055_001 1.000 1.000
PHE01A0056_001 1.000 1.000
SER01A0057_001 1.000 1.000
ASN01A0058_001 1.000 1.000
ARG01A0059_001 0.000 0.000
ARG02A0059_002 0.000 0.000
ARG03A0059_003 0.000 0.000
ARG+1A0059_004 1.000 1.000
GLU01A0060_001 0.068 0.068
GLU01A0060_002 0.102 0.102
GLU02A0060_003 0.823 0.823
GLU-1A0060_004 0.008 0.008
LYS01A0062_001 0.000 0.000
LYS01A0062_002 0.000 0.000
LYS+1A0062_003 1.000 1.000
LEU01A0063_001 1.000 1.000
PRO01A0064_001 1.000 1.000
LYS01A0066_001 0.000 0.000
LYS+1A0066_002 1.000 1.000
SER01A0067_001 1.000 1.000
ARG01A0069_001 0.000 0.000
ARG02A0069_002 0.000 0.000
ARG02A0069_003 0.000 0.000
ARG03A0069_004 0.000 0.000
ARG03A0069_005 0.000 0.000
ARG+1A0069_006 1.000 1.000
THR01A0070_001 1.000 1.000
TRP01A0071_001 1.000 1.000
ARG01A0072_001 0.000 0.000
ARG02A0072_002 0.000 0.000
ARG02A0072_003 0.000 0.000
ARG03A0072_004 0.000 0.000
ARG+1A0072_005 1.000 1.000
GLU01A0073_001 0.026 0.023
GLU01A0073_002 0.079 0.078
GLU01A0073_003 0.015 0.013
GLU02A0073_004 0.177 0.193
GLU02A0073_005 0.670 0.663
GLU-1A0073_006 0.034 0.031
ALA01A0074_001 1.000 1.000
ASP01A0075_001 0.000 0.000
ASP01A0075_002 0.008 0.009
ASP01A0075_003 0.001 0.001
ASP02A0075_004 0.000 0.000
ASP02A0075_005 0.008 0.010
ASP02A0075_006 0.000 0.000
ASP-1A0075_007 0.982 0.980
ILE01A0076_001 1.000 1.000
ASN01A0077_001 1.000 1.000
TYR01A0078_001 0.207 0.182
TYR01A0078_002 0.793 0.818
TYR-1A0078_003 0.000 0.000
THR01A0079_001 1.000 1.000
SER01A0080_001 1.000 1.000
PHE01A0082_001 1.000 1.000
ARG01A0083_001 0.000 0.000
ARG01A0083_002 0.000 0.000
ARG02A0083_003 0.000 0.000
ARG02A0083_004 0.000 0.000
ARG03A0083_005 0.000 0.000
ARG03A0083_006 0.000 0.000
ARG03A0083_007 0.000 0.000
ARG03A0083_008 0.000 0.000
ARG+1A0083_009 1.000 1.000
ASN01A0084_001 1.000 1.000
SER01A0085_001 0.243 0.244
SER01A0085_002 0.757 0.756
ASP01A0086_001 0.469 0.458
ASP02A0086_002 0.531 0.542
ASP-1A0086_003 0.000 0.000
ARG01A0087_001 0.000 0.000
ARG01A0087_002 0.000 0.000
ARG02A0087_003 0.000 0.000
ARG03A0087_004 0.000 0.000
ARG+1A0087_005 1.000 1.000
ILE01A0088_001 1.000 1.000
LEU01A0089_001 1.000 1.000
TYR01A0090_001 1.000 1.000
TYR-1A0090_002 0.000 0.000
SER01A0091_001 0.159 0.159
SER01A0091_002 0.416 0.416
SER01A0091_003 0.425 0.425
SER01A0092_001 0.949 0.949
SER01A0092_002 0.051 0.051
ASP01A0093_001 0.000 0.000
ASP01A0093_002 0.000 0.000
ASP02A0093_003 0.000 0.000
ASP02A0093_004 0.947 0.947
ASP02A0093_005 0.005 0.005
ASP-1A0093_006 0.047 0.047
TRP01A0094_001 1.000 1.000
LEU01A0095_001 1.000 1.000
ILE01A0096_001 1.000 1.000
TYR01A0097_001 1.000 1.000
TYR-1A0097_002 0.000 0.000
LYS01A0098_001 0.000 0.000
LYS+1A0098_002 1.000 1.000
THR01A0099_001 0.966 0.966
THR01A0099_002 0.025 0.025
THR01A0099_003 0.009 0.009
THR01A0100_001 1.000 1.000
ASP01A0101_001 0.028 0.028
ASP01A0101_002 0.007 0.007
ASP01A0101_003 0.005 0.005
ASP02A0101_004 0.938 0.938
ASP-1A0101_005 0.022 0.022
HIS01A0102_001 0.001 0.000
HIS02A0102_002 0.001 0.000
HIS+1A0102_003 0.999 0.999
TYR01A0103_001 0.346 0.360
TYR01A0103_002 0.078 0.085
TYR01A0103_003 0.007 0.008
TYR01A0103_004 0.569 0.547
TYR-1A0103_005 0.000 0.000
GLN01A0104_001 1.000 1.000
THR01A0105_001 0.878 0.878
THR01A0105_002 0.021 0.020
THR01A0105_003 0.101 0.101
PHE01A0106_001 1.000 1.000
THR01A0107_001 1.000 1.000
LYS01A0108_001 0.000 0.000
LYS+1A0108_002 1.000 1.000
ILE01A0109_001 1.000 1.000
ARG01A0110_001 0.000 0.000
ARG01A0110_002 0.000 0.000
ARG02A0110_003 0.000 0.000
ARG02A0110_004 0.000 0.000
ARG03A0110_005 0.000 0.000
ARG03A0110_006 0.000 0.000
ARG+1A0110_007 1.000 1.000
CTR01A0110_001 0.171 0.171
CTR01A0110_002 0.813 0.812
CTR02A0110_003 0.001 0.001
CTR02A0110_004 0.004 0.004
CTR02A0110_005 0.001 0.001
CTR-1A0110_006 0.011 0.011
_ZN01A0112_001 0.000 0.000
_ZN+2A0112_002 1.000 1.000
